<?xml version="1.0" encoding="UTF-8"?>
<testsuites name="Sucessful test" time="18.982" tests="1" failures="0" errors="0">
   <testsuite name="Sucessful test" tests="1" failures="0" errors="0" time="18.982" skipped="0" timestamp="2022-11-16 17:20:59" hostname="Mohd Azwan - LAPTOP-GE4K8KER" id="Test Suites/Sucessful test">
      <properties>
         <property name="deviceName" value=""/>
         <property name="devicePlatform" value=""/>
         <property name="logFolder" value="C:\\Users\\azwan\\git\\Toyotsu\\Reports\\20221116_172042\\Sucessful test\\20221116_172042"/>
         <property name="logFiles" value="C:\\Users\\azwan\\git\\Toyotsu\\Reports\\20221116_172042\\Sucessful test\\20221116_172042\\execution0.log"/>
         <property name="attachments" value=""/>
         <property name="hostName" value="Mohd Azwan - LAPTOP-GE4K8KER"/>
         <property name="os" value="Windows 10 64bit"/>
         <property name="katalonVersion" value="8.5.1.208"/>
         <property name="browser" value="Chrome 107.0.0.0"/>
         <property name="hostAddress" value="192.168.137.1"/>
         <property name="sessionId" value="00bd5b23a5c0dd6a9e00cb82b2ed4bed"/>
         <property name="seleniumVersion" value="3.141.59"/>
         <property name="proxyInformation" value="ProxyInformation { proxyOption=NO_PROXY, proxyServerType=HTTP, username=, password=********, proxyServerAddress=, proxyServerPort=0, executionList=&quot;&quot;, isApplyToDesiredCapabilities=true }"/>
         <property name="platform" value="Windows 10"/>
      </properties>
      <testcase name="Test Cases/common/Login - Successful" time="18.467" classname="Test Cases/common/Login - Successful" status="PASSED">
         <system-out><![CDATA[2022-11-16 17:21:00 - [TEST_CASE][PASSED] - Test Cases/common/Login - Successful: Test Cases/common/Login - Successful

2022-11-16 17:21:01 - [TEST_STEP][PASSED] - openBrowser(""): Browser is opened with url: ''

2022-11-16 17:21:02 - [MESSAGE][INFO] - Starting 'Chrome' driver

2022-11-16 17:21:02 - [MESSAGE][INFO] - User set preference: ['prefs', '{download.default_directory=C:\Katalon_downloaded_file}']

2022-11-16 17:21:02 - [MESSAGE][INFO] - Action delay is set to 0 milliseconds

2022-11-16 17:21:05 - [MESSAGE][PASSED] - Browser is opened with url: ''

2022-11-16 17:21:05 - [TEST_STEP][PASSED] - maximizeWindow(): Current window maximized

2022-11-16 17:21:05 - [MESSAGE][PASSED] - Current window maximized

2022-11-16 17:21:05 - [TEST_STEP][PASSED] - navigateToUrl("https://test.brivge.com/home"): Navigate to 'https://test.brivge.com/home' successfully

2022-11-16 17:21:08 - [MESSAGE][PASSED] - Navigate to 'https://test.brivge.com/home' successfully

2022-11-16 17:21:08 - [TEST_STEP][PASSED] - waitForElementVisible(findTestObject("Object Repository/Login/input_Sign In_username"), 0): Object 'Object Repository/Login/input_Sign In_username' is visible

2022-11-16 17:21:08 - [MESSAGE][WARNING] - Timeout '0' is invalid. Using default page load timeout: '30'

2022-11-16 17:21:10 - [MESSAGE][PASSED] - Object 'Object Repository/Login/input_Sign In_username' is visible

2022-11-16 17:21:10 - [TEST_STEP][PASSED] - setText(findTestObject("Object Repository/Login/input_Sign In_username"), usernameAzwan): Text 'Azwan' is set on object 'Object Repository/Login/input_Sign In_username'

2022-11-16 17:21:11 - [MESSAGE][PASSED] - Text 'Azwan' is set on object 'Object Repository/Login/input_Sign In_username'

2022-11-16 17:21:11 - [TEST_STEP][PASSED] - setText(findTestObject("Object Repository/Login/input_Sign In_password"), passwordAzwan): Text 'Azwan-123' is set on object 'Object Repository/Login/input_Sign In_password'

2022-11-16 17:21:12 - [MESSAGE][PASSED] - Text 'Azwan-123' is set on object 'Object Repository/Login/input_Sign In_password'

2022-11-16 17:21:12 - [TEST_STEP][PASSED] - click(findTestObject("Object Repository/Login/span_Sign In")): Object: 'Object Repository/Login/span_Sign In' is clicked on

2022-11-16 17:21:13 - [MESSAGE][PASSED] - Object: 'Object Repository/Login/span_Sign In' is clicked on

2022-11-16 17:21:13 - [TEST_STEP][PASSED] - setText(findTestObject("Object Repository/Login/input_Verify_verificationCode"), verificationAzwan): Text '707501' is set on object 'Object Repository/Login/input_Verify_verificationCode'

2022-11-16 17:21:14 - [MESSAGE][PASSED] - Text '707501' is set on object 'Object Repository/Login/input_Verify_verificationCode'

2022-11-16 17:21:14 - [TEST_STEP][PASSED] - click(findTestObject("Object Repository/Login/span_Verify")): Object: 'Object Repository/Login/span_Verify' is clicked on

2022-11-16 17:21:15 - [MESSAGE][PASSED] - Object: 'Object Repository/Login/span_Verify' is clicked on

2022-11-16 17:21:15 - [TEST_STEP][PASSED] - click(findTestObject("TC003/button_aazwanSGDC-Azwan")): Object: 'Object Repository/TC003/button_aazwanSGDC-Azwan' is clicked on

2022-11-16 17:21:18 - [MESSAGE][PASSED] - Object: 'Object Repository/TC003/button_aazwanSGDC-Azwan' is clicked on]]></system-out>
         <system-err><![CDATA[]]></system-err>
      </testcase>
      <system-out><![CDATA[2022-11-16 17:20:59 - [TEST_SUITE][PASSED] - Sucessful test: Test Cases/common/Login - Successful]]></system-out>
      <system-err><![CDATA[]]></system-err>
   </testsuite>
</testsuites>
