<?xml version="1.0" encoding="UTF-8"?>
<testsuites name="test" time="1.939" tests="2" failures="0" errors="0">
   <testsuite name="test" tests="2" failures="0" errors="0" time="1.939" skipped="0" timestamp="2022-11-15 10:49:53" hostname="Mohd Azwan - LAPTOP-GE4K8KER" id="Test Suites/test">
      <properties>
         <property name="deviceName" value=""/>
         <property name="devicePlatform" value=""/>
         <property name="logFolder" value="C:\\Users\\azwan\\git\\Toyotsu\\Reports\\20221115_104936\\test\\20221115_104936"/>
         <property name="logFiles" value="C:\\Users\\azwan\\git\\Toyotsu\\Reports\\20221115_104936\\test\\20221115_104936\\execution0.log"/>
         <property name="attachments" value=""/>
         <property name="hostName" value="Mohd Azwan - LAPTOP-GE4K8KER"/>
         <property name="hostAddress" value="192.168.137.1"/>
         <property name="os" value="Windows 10 64bit"/>
         <property name="katalonVersion" value="8.5.1.208"/>
      </properties>
      <testcase name="Test Cases/testing/New Test Case (1)" time="1.125" classname="Test Cases/testing/New Test Case (1)" status="PASSED">
         <system-out><![CDATA[2022-11-15 10:49:53 - [TEST_CASE][PASSED] - Test Cases/testing/New Test Case (1): Test Cases/testing/New Test Case (1)

2022-11-15 10:49:54 - [TEST_STEP][PASSED] - y = util.generateTime.dateTimeGenerator(): util.generateTime.dateTimeGenerator is PASSED

2022-11-15 10:49:54 - [MESSAGE][PASSED] - util.generateTime.dateTimeGenerator is PASSED

2022-11-15 10:49:54 - [TEST_STEP][PASSED] - test1 = y: null]]></system-out>
         <system-err><![CDATA[]]></system-err>
      </testcase>
      <testcase name="Test Cases/testing/New Test Case" time="0.423" classname="Test Cases/testing/New Test Case" status="PASSED">
         <system-out><![CDATA[2022-11-15 10:49:54 - [TEST_CASE][PASSED] - Test Cases/testing/New Test Case: Test Cases/testing/New Test Case

2022-11-15 10:49:55 - [TEST_STEP][PASSED] - out.println(test1): null]]></system-out>
         <system-err><![CDATA[]]></system-err>
      </testcase>
      <system-out><![CDATA[2022-11-15 10:49:53 - [TEST_SUITE][PASSED] - test: Test Cases/testing/New Test Case]]></system-out>
      <system-err><![CDATA[]]></system-err>
   </testsuite>
</testsuites>
