<?xml version="1.0" encoding="UTF-8"?>
<testsuites name="Successful Test Case" time="20.804" tests="1" failures="0" errors="0">
   <testsuite name="Successful Test Case" tests="1" failures="0" errors="0" time="20.804" skipped="0" timestamp="2022-11-16 23:28:15" hostname="Mohd Azwan - LAPTOP-GE4K8KER" id="Test Suites/Successful Test Case">
      <properties>
         <property name="deviceName" value=""/>
         <property name="devicePlatform" value=""/>
         <property name="logFolder" value="C:\\Users\\azwan\\git\\Toyotsu\\Reports\\20221116_232756\\Successful Test Case\\20221116_232756"/>
         <property name="logFiles" value="C:\\Users\\azwan\\git\\Toyotsu\\Reports\\20221116_232756\\Successful Test Case\\20221116_232756\\execution0.log"/>
         <property name="attachments" value=""/>
         <property name="hostName" value="Mohd Azwan - LAPTOP-GE4K8KER"/>
         <property name="os" value="Windows 10 64bit"/>
         <property name="katalonVersion" value="8.5.1.208"/>
         <property name="browser" value="Chrome 107.0.0.0"/>
         <property name="hostAddress" value="192.168.137.1"/>
         <property name="sessionId" value="e96553619731aaa904bea3643ca51c22"/>
         <property name="seleniumVersion" value="3.141.59"/>
         <property name="proxyInformation" value="ProxyInformation { proxyOption=NO_PROXY, proxyServerType=HTTP, username=, password=********, proxyServerAddress=, proxyServerPort=0, executionList=&quot;&quot;, isApplyToDesiredCapabilities=true }"/>
         <property name="platform" value="Windows 10"/>
      </properties>
      <testcase name="Test Cases/common/Login - Successful" time="20.408" classname="Test Cases/common/Login - Successful" status="PASSED">
         <system-out><![CDATA[2022-11-16 23:28:15 - [TEST_CASE][PASSED] - Test Cases/common/Login - Successful: Test Cases/common/Login - Successful

2022-11-16 23:28:16 - [TEST_STEP][PASSED] - openBrowser(""): Browser is opened with url: ''

2022-11-16 23:28:16 - [MESSAGE][INFO] - Starting 'Chrome' driver

2022-11-16 23:28:16 - [MESSAGE][INFO] - User set preference: ['prefs', '{download.default_directory=C:\Katalon_downloaded_file}']

2022-11-16 23:28:17 - [MESSAGE][INFO] - Action delay is set to 0 milliseconds

2022-11-16 23:28:19 - [MESSAGE][PASSED] - Browser is opened with url: ''

2022-11-16 23:28:19 - [TEST_STEP][PASSED] - maximizeWindow(): Current window maximized

2022-11-16 23:28:19 - [MESSAGE][PASSED] - Current window maximized

2022-11-16 23:28:19 - [TEST_STEP][PASSED] - navigateToUrl("https://test.brivge.com/home"): Navigate to 'https://test.brivge.com/home' successfully

2022-11-16 23:28:27 - [MESSAGE][PASSED] - Navigate to 'https://test.brivge.com/home' successfully

2022-11-16 23:28:27 - [TEST_STEP][PASSED] - waitForElementVisible(findTestObject("Object Repository/Login/input_Sign In_username"), 0): Object 'Object Repository/Login/input_Sign In_username' is visible

2022-11-16 23:28:27 - [MESSAGE][WARNING] - Timeout '0' is invalid. Using default page load timeout: '10'

2022-11-16 23:28:27 - [MESSAGE][PASSED] - Object 'Object Repository/Login/input_Sign In_username' is visible

2022-11-16 23:28:27 - [TEST_STEP][PASSED] - setText(findTestObject("Object Repository/Login/input_Sign In_username"), usernameAzwan): Text 'Azwan' is set on object 'Object Repository/Login/input_Sign In_username'

2022-11-16 23:28:29 - [MESSAGE][PASSED] - Text 'Azwan' is set on object 'Object Repository/Login/input_Sign In_username'

2022-11-16 23:28:29 - [TEST_STEP][PASSED] - setText(findTestObject("Object Repository/Login/input_Sign In_password"), passwordAzwan): Text 'Azwan-123' is set on object 'Object Repository/Login/input_Sign In_password'

2022-11-16 23:28:30 - [MESSAGE][PASSED] - Text 'Azwan-123' is set on object 'Object Repository/Login/input_Sign In_password'

2022-11-16 23:28:30 - [TEST_STEP][PASSED] - click(findTestObject("Object Repository/Login/span_Sign In")): Object: 'Object Repository/Login/span_Sign In' is clicked on

2022-11-16 23:28:30 - [MESSAGE][PASSED] - Object: 'Object Repository/Login/span_Sign In' is clicked on

2022-11-16 23:28:30 - [TEST_STEP][PASSED] - setText(findTestObject("Object Repository/Login/input_Verify_verificationCode"), verificationAzwan): Text '707501' is set on object 'Object Repository/Login/input_Verify_verificationCode'

2022-11-16 23:28:31 - [MESSAGE][PASSED] - Text '707501' is set on object 'Object Repository/Login/input_Verify_verificationCode'

2022-11-16 23:28:31 - [TEST_STEP][PASSED] - click(findTestObject("Object Repository/Login/span_Verify")): Object: 'Object Repository/Login/span_Verify' is clicked on

2022-11-16 23:28:32 - [MESSAGE][PASSED] - Object: 'Object Repository/Login/span_Verify' is clicked on

2022-11-16 23:28:32 - [TEST_STEP][PASSED] - click(findTestObject("TC003/button_aazwanSGDC-Azwan")): Object: 'Object Repository/TC003/button_aazwanSGDC-Azwan' is clicked on

2022-11-16 23:28:36 - [MESSAGE][PASSED] - Object: 'Object Repository/TC003/button_aazwanSGDC-Azwan' is clicked on]]></system-out>
         <system-err><![CDATA[]]></system-err>
      </testcase>
      <system-out><![CDATA[2022-11-16 23:28:15 - [TEST_SUITE][PASSED] - Successful Test Case: Test Cases/common/Login - Successful]]></system-out>
      <system-err><![CDATA[]]></system-err>
   </testsuite>
</testsuites>
