<?xml version="1.0" encoding="UTF-8"?>
<testsuites name="Flow" time="795.436" tests="15" failures="0" errors="0">
   <testsuite name="Flow" tests="15" failures="0" errors="0" time="795.436" skipped="0" timestamp="2022-11-16 10:23:47" hostname="Mohd Azwan - LAPTOP-GE4K8KER" id="Test Suites/Flow">
      <properties>
         <property name="deviceName" value=""/>
         <property name="devicePlatform" value=""/>
         <property name="logFolder" value="C:\\Users\\azwan\\git\\Toyotsu\\Reports\\20221116_102330\\Flow\\20221116_102330"/>
         <property name="logFiles" value="C:\\Users\\azwan\\git\\Toyotsu\\Reports\\20221116_102330\\Flow\\20221116_102330\\execution0.log"/>
         <property name="attachments" value="C:\\Users\\azwan\\git\\Toyotsu\\Reports\\20221116_102330\\Flow\\20221116_102330\\1668565841082.png, C:\\Users\\azwan\\git\\Toyotsu\\Reports\\20221116_102330\\Flow\\20221116_102330\\1668565842968.png, keyes\keyes-Invoice Detail.png, C:\\Users\\azwan\\git\\Toyotsu\\Reports\\20221116_102330\\Flow\\20221116_102330\\1668566122715.png"/>
         <property name="hostName" value="Mohd Azwan - LAPTOP-GE4K8KER"/>
         <property name="os" value="Windows 10 64bit"/>
         <property name="katalonVersion" value="8.5.1.208"/>
         <property name="browser" value="Chrome 107.0.0.0"/>
         <property name="hostAddress" value="192.168.137.1"/>
         <property name="sessionId" value="67b8b757fab2c6b729a22ea27a11de67"/>
         <property name="seleniumVersion" value="3.141.59"/>
         <property name="proxyInformation" value="ProxyInformation { proxyOption=NO_PROXY, proxyServerType=HTTP, username=, password=********, proxyServerAddress=, proxyServerPort=0, executionList=&quot;&quot;, isApplyToDesiredCapabilities=true }"/>
         <property name="platform" value="Windows 10"/>
      </properties>
      <testcase name="Test Cases/TC001 - Customer Place Order for Contract (Customer)" time="89.095" classname="Test Cases/TC001 - Customer Place Order for Contract (Customer)" status="PASSED">
         <system-out><![CDATA[2022-11-16 10:23:47 - [TEST_CASE][PASSED] - Test Cases/TC001 - Customer Place Order for Contract (Customer): Test Cases/TC001 - Customer Place Order for Contract (Customer)

2022-11-16 10:23:48 - [TEST_STEP][PASSED] - callTestCase(findTestCase("common/Login"), ["username":usernameLuqman, "password":passwordLuqman, "verification":verificationLuqman, "company":vnttvn], STOP_ON_FAILURE): Call Test Case 'Test Cases/common/Login' successfully

2022-11-16 10:23:49 - [TEST_CASE][PASSED] - Test Cases/common/Login: Test Cases/common/Login

2022-11-16 10:23:49 - [TEST_STEP][PASSED] - openBrowser(""): Browser is opened with url: ''

2022-11-16 10:23:50 - [MESSAGE][INFO] - Starting 'Chrome' driver

2022-11-16 10:23:50 - [MESSAGE][INFO] - User set preference: ['prefs', '{download.default_directory=C:\Katalon_downloaded_file}']

2022-11-16 10:23:50 - [MESSAGE][INFO] - Action delay is set to 0 milliseconds

2022-11-16 10:23:53 - [MESSAGE][PASSED] - Browser is opened with url: ''

2022-11-16 10:23:53 - [TEST_STEP][PASSED] - maximizeWindow(): Current window maximized

2022-11-16 10:23:53 - [MESSAGE][PASSED] - Current window maximized

2022-11-16 10:23:53 - [TEST_STEP][PASSED] - navigateToUrl("https://test.brivge.com/home"): Navigate to 'https://test.brivge.com/home' successfully

2022-11-16 10:23:56 - [MESSAGE][PASSED] - Navigate to 'https://test.brivge.com/home' successfully

2022-11-16 10:23:56 - [TEST_STEP][PASSED] - waitForElementVisible(findTestObject("Object Repository/Login/input_Sign In_username"), 0): Object 'Object Repository/Login/input_Sign In_username' is visible

2022-11-16 10:23:56 - [MESSAGE][WARNING] - Timeout '0' is invalid. Using default page load timeout: '10'

2022-11-16 10:23:59 - [MESSAGE][PASSED] - Object 'Object Repository/Login/input_Sign In_username' is visible

2022-11-16 10:23:59 - [TEST_STEP][PASSED] - setText(findTestObject("Object Repository/Login/input_Sign In_username"), username): Text 'Luqman' is set on object 'Object Repository/Login/input_Sign In_username'

2022-11-16 10:23:59 - [MESSAGE][PASSED] - Text 'Luqman' is set on object 'Object Repository/Login/input_Sign In_username'

2022-11-16 10:23:59 - [TEST_STEP][PASSED] - setText(findTestObject("Object Repository/Login/input_Sign In_password"), password): Text 'Luqman-123' is set on object 'Object Repository/Login/input_Sign In_password'

2022-11-16 10:24:00 - [MESSAGE][PASSED] - Text 'Luqman-123' is set on object 'Object Repository/Login/input_Sign In_password'

2022-11-16 10:24:00 - [TEST_STEP][PASSED] - click(findTestObject("Object Repository/Login/span_Sign In")): Object: 'Object Repository/Login/span_Sign In' is clicked on

2022-11-16 10:24:01 - [MESSAGE][PASSED] - Object: 'Object Repository/Login/span_Sign In' is clicked on

2022-11-16 10:24:01 - [TEST_STEP][PASSED] - setText(findTestObject("Object Repository/Login/input_Verify_verificationCode"), verification): Text '961818' is set on object 'Object Repository/Login/input_Verify_verificationCode'

2022-11-16 10:24:02 - [MESSAGE][PASSED] - Text '961818' is set on object 'Object Repository/Login/input_Verify_verificationCode'

2022-11-16 10:24:02 - [TEST_STEP][PASSED] - click(findTestObject("Object Repository/Login/span_Verify")): Object: 'Object Repository/Login/span_Verify' is clicked on

2022-11-16 10:24:03 - [MESSAGE][PASSED] - Object: 'Object Repository/Login/span_Verify' is clicked on

2022-11-16 10:24:03 - [TEST_STEP][PASSED] - click(findTestObject("TC003/button_aazwanSGDC-Azwan")): Object: 'Object Repository/TC003/button_aazwanSGDC-Azwan' is clicked on

2022-11-16 10:24:12 - [MESSAGE][PASSED] - Object: 'Object Repository/TC003/button_aazwanSGDC-Azwan' is clicked on

2022-11-16 10:24:12 - [TEST_STEP][PASSED] - click(findTestObject("TC003/button_company")): Object: 'Object Repository/TC003/button_company' is clicked on

2022-11-16 10:24:13 - [MESSAGE][PASSED] - Object: 'Object Repository/TC003/button_company' is clicked on

2022-11-16 10:24:13 - [TEST_STEP][PASSED] - click(findTestObject("Login/li_Company", ["company":company])): Object: 'Object Repository/Login/li_Company' is clicked on

2022-11-16 10:24:15 - [MESSAGE][PASSED] - Object: 'Object Repository/Login/li_Company' is clicked on

2022-11-16 10:24:15 - [MESSAGE][PASSED] - Call Test Case 'Test Cases/common/Login' successfully

2022-11-16 10:24:15 - [TEST_STEP][PASSED] - click(findTestObject("TC001/h6_Order")): Object: 'Object Repository/TC001/h6_Order' is clicked on

2022-11-16 10:24:19 - [MESSAGE][PASSED] - Object: 'Object Repository/TC001/h6_Order' is clicked on

2022-11-16 10:24:19 - [TEST_STEP][PASSED] - click(findTestObject("TC001/p_Place Order")): Object: 'Object Repository/TC001/p_Place Order' is clicked on

2022-11-16 10:24:20 - [MESSAGE][PASSED] - Object: 'Object Repository/TC001/p_Place Order' is clicked on

2022-11-16 10:24:20 - [TEST_STEP][PASSED] - waitForElementVisible(findTestObject("TC001/input_Spot Order Without Contract_lcbm-MuiInputBase-input lcbm-MuiFilledInput-input lcbm-lcbm231 lcbm-MuiInputBase-inputAdornedEnd lcbm-MuiFilledInput-inputAdornedEnd"), 0): Object 'Object Repository/TC001/input_Spot Order Without Contract_lcbm-MuiInputBase-input lcbm-MuiFilledInput-input lcbm-lcbm231 lcbm-MuiInputBase-inputAdornedEnd lcbm-MuiFilledInput-inputAdornedEnd' is visible

2022-11-16 10:24:21 - [MESSAGE][WARNING] - Timeout '0' is invalid. Using default page load timeout: '10'

2022-11-16 10:24:22 - [MESSAGE][PASSED] - Object 'Object Repository/TC001/input_Spot Order Without Contract_lcbm-MuiInputBase-input lcbm-MuiFilledInput-input lcbm-lcbm231 lcbm-MuiInputBase-inputAdornedEnd lcbm-MuiFilledInput-inputAdornedEnd' is visible

2022-11-16 10:24:22 - [TEST_STEP][PASSED] - setText(findTestObject("TC001/input_Spot Order Without Contract_lcbm-MuiInputBase-input lcbm-MuiFilledInput-input lcbm-lcbm231 lcbm-MuiInputBase-inputAdornedEnd lcbm-MuiFilledInput-inputAdornedEnd"), custContractNo): Text 'SGTTAP TO VNTTVN 1103008' is set on object 'Object Repository/TC001/input_Spot Order Without Contract_lcbm-MuiInputBase-input lcbm-MuiFilledInput-input lcbm-lcbm231 lcbm-MuiInputBase-inputAdornedEnd lcbm-MuiFilledInput-inputAdornedEnd'

2022-11-16 10:24:25 - [MESSAGE][PASSED] - Text 'SGTTAP TO VNTTVN 1103008' is set on object 'Object Repository/TC001/input_Spot Order Without Contract_lcbm-MuiInputBase-input lcbm-MuiFilledInput-input lcbm-lcbm231 lcbm-MuiInputBase-inputAdornedEnd lcbm-MuiFilledInput-inputAdornedEnd'

2022-11-16 10:24:25 - [TEST_STEP][PASSED] - verifyElementText(findTestObject("TC001/verify_div_SGTTAP TO VNTTVN 1028002"), custContractNo, OPTIONAL): Actual text and expected text of test object 'Object Repository/TC001/verify_div_SGTTAP TO VNTTVN 1028002' are matched.

2022-11-16 10:24:26 - [MESSAGE][PASSED] - Actual text and expected text of test object 'Object Repository/TC001/verify_div_SGTTAP TO VNTTVN 1028002' are matched.

2022-11-16 10:24:26 - [TEST_STEP][PASSED] - y = getText(findTestObject("TC003/div_CR-VN-TTVN-2210020")): Text of object 'Object Repository/TC003/div_CR-VN-TTVN-2210020' is: 'CR-VN-TTVN-2211009'

2022-11-16 10:24:26 - [MESSAGE][PASSED] - Text of object 'Object Repository/TC003/div_CR-VN-TTVN-2210020' is: 'CR-VN-TTVN-2211009'

2022-11-16 10:24:26 - [TEST_STEP][PASSED] - util.copyToExcel.exel(y, 1, 0): util.copyToExcel.exel is PASSED

2022-11-16 10:24:28 - [MESSAGE][PASSED] - util.copyToExcel.exel is PASSED

2022-11-16 10:24:28 - [TEST_STEP][PASSED] - click(findTestObject("TC001/button_AND_lcbm-MuiButtonBase-root lcbm-MuiIconButton-root")): Object: 'Object Repository/TC001/button_AND_lcbm-MuiButtonBase-root lcbm-MuiIconButton-root' is clicked on

2022-11-16 10:24:29 - [MESSAGE][PASSED] - Object: 'Object Repository/TC001/button_AND_lcbm-MuiButtonBase-root lcbm-MuiIconButton-root' is clicked on

2022-11-16 10:24:29 - [TEST_STEP][PASSED] - click(findTestObject("TC001/button_Input OrderFC QTY for each PN_lcbm-MuiButtonBase-root lcbm-MuiIconButton-root")): Object: 'Object Repository/TC001/button_Input OrderFC QTY for each PN_lcbm-MuiButtonBase-root lcbm-MuiIconButton-root' is clicked on

2022-11-16 10:24:30 - [MESSAGE][PASSED] - Object: 'Object Repository/TC001/button_Input OrderFC QTY for each PN_lcbm-MuiButtonBase-root lcbm-MuiIconButton-root' is clicked on

2022-11-16 10:24:30 - [TEST_STEP][PASSED] - doubleClick(findTestObject("TC001/input number 1")): Object: 'Object Repository/TC001/input number 1' is double clicked on

2022-11-16 10:24:40 - [MESSAGE][PASSED] - Object: 'Object Repository/TC001/input number 1' is double clicked on

2022-11-16 10:24:40 - [TEST_STEP][PASSED] - sendKeys(findTestObject("TC001/input number 1"), "1000", STOP_ON_FAILURE): Keys '1000' sent to object: 'Object Repository/TC001/input number 1'

2022-11-16 10:24:41 - [MESSAGE][PASSED] - Keys '1000' sent to object: 'Object Repository/TC001/input number 1'

2022-11-16 10:24:41 - [TEST_STEP][PASSED] - doubleClick(findTestObject("TC001/input number 2"), STOP_ON_FAILURE): Object: 'Object Repository/TC001/input number 2' is double clicked on

2022-11-16 10:24:41 - [MESSAGE][PASSED] - Object: 'Object Repository/TC001/input number 2' is double clicked on

2022-11-16 10:24:41 - [TEST_STEP][PASSED] - sendKeys(findTestObject("TC001/input number 2"), "1000"): Keys '1000' sent to object: 'Object Repository/TC001/input number 2'

2022-11-16 10:24:42 - [MESSAGE][PASSED] - Keys '1000' sent to object: 'Object Repository/TC001/input number 2'

2022-11-16 10:24:42 - [TEST_STEP][PASSED] - doubleClick(findTestObject("TC001/input number 3"), STOP_ON_FAILURE): Object: 'Object Repository/TC001/input number 3' is double clicked on

2022-11-16 10:24:43 - [MESSAGE][PASSED] - Object: 'Object Repository/TC001/input number 3' is double clicked on

2022-11-16 10:24:43 - [TEST_STEP][PASSED] - sendKeys(findTestObject("TC001/input number 3"), "1000"): Keys '1000' sent to object: 'Object Repository/TC001/input number 3'

2022-11-16 10:24:43 - [MESSAGE][PASSED] - Keys '1000' sent to object: 'Object Repository/TC001/input number 3'

2022-11-16 10:24:43 - [TEST_STEP][PASSED] - doubleClick(findTestObject("TC001/input number 4"), STOP_ON_FAILURE): Object: 'Object Repository/TC001/input number 4' is double clicked on

2022-11-16 10:24:44 - [MESSAGE][PASSED] - Object: 'Object Repository/TC001/input number 4' is double clicked on

2022-11-16 10:24:44 - [TEST_STEP][PASSED] - sendKeys(findTestObject("TC001/input number 4"), "1000"): Keys '1000' sent to object: 'Object Repository/TC001/input number 4'

2022-11-16 10:24:44 - [MESSAGE][PASSED] - Keys '1000' sent to object: 'Object Repository/TC001/input number 4'

2022-11-16 10:24:44 - [TEST_STEP][PASSED] - click(findTestObject("TC001/button_Input Shipping Plan_lcbm-MuiButtonBase-root lcbm-MuiIconButton-root"), STOP_ON_FAILURE): Object: 'Object Repository/TC001/button_Input Shipping Plan_lcbm-MuiButtonBase-root lcbm-MuiIconButton-root' is clicked on

2022-11-16 10:24:45 - [MESSAGE][PASSED] - Object: 'Object Repository/TC001/button_Input Shipping Plan_lcbm-MuiButtonBase-root lcbm-MuiIconButton-root' is clicked on

2022-11-16 10:24:45 - [TEST_STEP][PASSED] - click(findTestObject("TC001/button_AND_lcbm-MuiButtonBase-root lcbm-MuiButton-root lcbm-lcbm368 lcbm-MuiButton-text lcbm-lcbm383"), STOP_ON_FAILURE): Object: 'Object Repository/TC001/button_AND_lcbm-MuiButtonBase-root lcbm-MuiButton-root lcbm-lcbm368 lcbm-MuiButton-text lcbm-lcbm383' is clicked on

2022-11-16 10:24:46 - [MESSAGE][PASSED] - Object: 'Object Repository/TC001/button_AND_lcbm-MuiButtonBase-root lcbm-MuiButton-root lcbm-lcbm368 lcbm-MuiButton-text lcbm-lcbm383' is clicked on

2022-11-16 10:24:46 - [TEST_STEP][PASSED] - click(findTestObject("TC001/input__inboundPlanDate")): Object: 'Object Repository/TC001/input__inboundPlanDate' is clicked on

2022-11-16 10:24:46 - [MESSAGE][PASSED] - Object: 'Object Repository/TC001/input__inboundPlanDate' is clicked on

2022-11-16 10:24:46 - [TEST_STEP][PASSED] - click(findTestObject("TC001/button date")): Object: 'Object Repository/TC001/button date' is clicked on

2022-11-16 10:24:47 - [MESSAGE][PASSED] - Object: 'Object Repository/TC001/button date' is clicked on

2022-11-16 10:24:47 - [TEST_STEP][PASSED] - click(findTestObject("TC001/button date")): Object: 'Object Repository/TC001/button date' is clicked on

2022-11-16 10:24:48 - [MESSAGE][PASSED] - Object: 'Object Repository/TC001/button date' is clicked on

2022-11-16 10:24:48 - [TEST_STEP][PASSED] - click(findTestObject("TC001/button date")): Object: 'Object Repository/TC001/button date' is clicked on

2022-11-16 10:24:49 - [MESSAGE][PASSED] - Object: 'Object Repository/TC001/button date' is clicked on

2022-11-16 10:24:49 - [TEST_STEP][PASSED] - click(findTestObject("TC001/button date")): Object: 'Object Repository/TC001/button date' is clicked on

2022-11-16 10:24:50 - [MESSAGE][PASSED] - Object: 'Object Repository/TC001/button date' is clicked on

2022-11-16 10:24:50 - [TEST_STEP][PASSED] - click(findTestObject("TC001/button_17")): Object: 'Object Repository/TC001/button_17' is clicked on

2022-11-16 10:24:51 - [MESSAGE][PASSED] - Object: 'Object Repository/TC001/button_17' is clicked on

2022-11-16 10:24:51 - [TEST_STEP][PASSED] - click(findTestObject("TC001/button_Confirm")): Object: 'Object Repository/TC001/button_Confirm' is clicked on

2022-11-16 10:24:52 - [MESSAGE][PASSED] - Object: 'Object Repository/TC001/button_Confirm' is clicked on

2022-11-16 10:24:52 - [TEST_STEP][PASSED] - click(findTestObject("TC001/input number 5")): Object: 'Object Repository/TC001/input number 5' is clicked on

2022-11-16 10:24:53 - [MESSAGE][PASSED] - Object: 'Object Repository/TC001/input number 5' is clicked on

2022-11-16 10:24:53 - [TEST_STEP][PASSED] - sendKeys(findTestObject("TC001/input number 5"), "1000"): Keys '1000' sent to object: 'Object Repository/TC001/input number 5'

2022-11-16 10:24:54 - [MESSAGE][PASSED] - Keys '1000' sent to object: 'Object Repository/TC001/input number 5'

2022-11-16 10:24:54 - [TEST_STEP][PASSED] - click(findTestObject("TC001/input number 6"), STOP_ON_FAILURE): Object: 'Object Repository/TC001/input number 6' is clicked on

2022-11-16 10:24:55 - [MESSAGE][PASSED] - Object: 'Object Repository/TC001/input number 6' is clicked on

2022-11-16 10:24:55 - [TEST_STEP][PASSED] - sendKeys(findTestObject("TC001/input number 6"), "1000"): Keys '1000' sent to object: 'Object Repository/TC001/input number 6'

2022-11-16 10:24:55 - [MESSAGE][PASSED] - Keys '1000' sent to object: 'Object Repository/TC001/input number 6'

2022-11-16 10:24:55 - [TEST_STEP][PASSED] - click(findTestObject("TC001/button_Basic info (order summary)_lcbm-MuiButtonBase-root lcbm-MuiIconButton-root")): Object: 'Object Repository/TC001/button_Basic info (order summary)_lcbm-MuiButtonBase-root lcbm-MuiIconButton-root' is clicked on

2022-11-16 10:24:56 - [MESSAGE][PASSED] - Object: 'Object Repository/TC001/button_Basic info (order summary)_lcbm-MuiButtonBase-root lcbm-MuiIconButton-root' is clicked on

2022-11-16 10:24:56 - [TEST_STEP][PASSED] - currentTime = util.generateTime.dateTimeGenerator(): util.generateTime.dateTimeGenerator is PASSED

2022-11-16 10:24:56 - [MESSAGE][PASSED] - util.generateTime.dateTimeGenerator is PASSED

2022-11-16 10:24:56 - [TEST_STEP][PASSED] - util.copyToExcel.exel(currentTime, 1, 1): util.copyToExcel.exel is PASSED

2022-11-16 10:24:56 - [MESSAGE][PASSED] - util.copyToExcel.exel is PASSED

2022-11-16 10:24:56 - [TEST_STEP][PASSED] - setText(findTestObject("TC001/input_Basic info (order summary)_orderRefNo"), currentTime): Text '20221116102456' is set on object 'Object Repository/TC001/input_Basic info (order summary)_orderRefNo'

2022-11-16 10:24:57 - [MESSAGE][PASSED] - Text '20221116102456' is set on object 'Object Repository/TC001/input_Basic info (order summary)_orderRefNo'

2022-11-16 10:24:57 - [TEST_STEP][PASSED] - click(findTestObject("TC001/button_issue")): Object: 'Object Repository/TC001/button_issue' is clicked on

2022-11-16 10:25:09 - [MESSAGE][INFO] - Unable to find the element located by 'By.xpath: //*[@type = 'button' and (text() = 'issue' or . = 'issue')]'. Please recheck the objects properties to make sure the desired element is located. 

2022-11-16 10:25:09 - [MESSAGE][WARNING] - [SELF-HEALING] Failed to find element with id 'Object Repository/TC001/button_issue'. Try using Self-healing.

2022-11-16 10:25:11 - [MESSAGE][WARNING] - [SELF-HEALING] The current locator of test object 'Object Repository/TC001/button_issue' was broken. Propose an alternative one: '(//button[@type='button'])[6]'.

2022-11-16 10:25:11 - [MESSAGE][PASSED] - Object: 'Object Repository/TC001/button_issue' is clicked on

2022-11-16 10:25:11 - [TEST_STEP][PASSED] - click(findTestObject("TC001/button_CONFIRM (1)")): Object: 'Object Repository/TC001/button_CONFIRM (1)' is clicked on

2022-11-16 10:25:12 - [MESSAGE][PASSED] - Object: 'Object Repository/TC001/button_CONFIRM (1)' is clicked on

2022-11-16 10:25:12 - [TEST_STEP][PASSED] - verifyElementVisible(findTestObject("TC001/p_The operation was successful")): Object 'Object Repository/TC001/p_The operation was successful' is visible

2022-11-16 10:25:16 - [MESSAGE][PASSED] - Object 'Object Repository/TC001/p_The operation was successful' is visible]]></system-out>
         <system-err><![CDATA[]]></system-err>
      </testcase>
      <testcase name="Test Cases/TC002 - Run Combine Order Batch (Admin)" time="32.728" classname="Test Cases/TC002 - Run Combine Order Batch (Admin)" status="PASSED">
         <system-out><![CDATA[2022-11-16 10:25:16 - [TEST_CASE][PASSED] - Test Cases/TC002 - Run Combine Order Batch (Admin): Test Cases/TC002 - Run Combine Order Batch (Admin)

2022-11-16 10:25:17 - [TEST_STEP][PASSED] - callTestCase(findTestCase("common/Login"), ["username":usernameLuqman, "password":passwordLuqman, "verification":verificationLuqman, "company":sgttap], STOP_ON_FAILURE): Call Test Case 'Test Cases/common/Login' successfully

2022-11-16 10:25:17 - [TEST_CASE][PASSED] - Test Cases/common/Login: Test Cases/common/Login

2022-11-16 10:25:17 - [TEST_STEP][PASSED] - openBrowser(""): Browser is opened with url: ''

2022-11-16 10:25:17 - [MESSAGE][WARNING] - A browser is already opened. Closing browser and opening a new one

2022-11-16 10:25:18 - [MESSAGE][INFO] - Starting 'Chrome' driver

2022-11-16 10:25:18 - [MESSAGE][INFO] - User set preference: ['prefs', '{download.default_directory=C:\Katalon_downloaded_file}']

2022-11-16 10:25:18 - [MESSAGE][INFO] - Action delay is set to 0 milliseconds

2022-11-16 10:25:21 - [MESSAGE][PASSED] - Browser is opened with url: ''

2022-11-16 10:25:21 - [TEST_STEP][PASSED] - maximizeWindow(): Current window maximized

2022-11-16 10:25:21 - [MESSAGE][PASSED] - Current window maximized

2022-11-16 10:25:21 - [TEST_STEP][PASSED] - navigateToUrl("https://test.brivge.com/home"): Navigate to 'https://test.brivge.com/home' successfully

2022-11-16 10:25:24 - [MESSAGE][PASSED] - Navigate to 'https://test.brivge.com/home' successfully

2022-11-16 10:25:24 - [TEST_STEP][PASSED] - waitForElementVisible(findTestObject("Object Repository/Login/input_Sign In_username"), 0): Object 'Object Repository/Login/input_Sign In_username' is visible

2022-11-16 10:25:24 - [MESSAGE][WARNING] - Timeout '0' is invalid. Using default page load timeout: '10'

2022-11-16 10:25:26 - [MESSAGE][PASSED] - Object 'Object Repository/Login/input_Sign In_username' is visible

2022-11-16 10:25:26 - [TEST_STEP][PASSED] - setText(findTestObject("Object Repository/Login/input_Sign In_username"), username): Text 'Luqman' is set on object 'Object Repository/Login/input_Sign In_username'

2022-11-16 10:25:27 - [MESSAGE][PASSED] - Text 'Luqman' is set on object 'Object Repository/Login/input_Sign In_username'

2022-11-16 10:25:27 - [TEST_STEP][PASSED] - setText(findTestObject("Object Repository/Login/input_Sign In_password"), password): Text 'Luqman-123' is set on object 'Object Repository/Login/input_Sign In_password'

2022-11-16 10:25:28 - [MESSAGE][PASSED] - Text 'Luqman-123' is set on object 'Object Repository/Login/input_Sign In_password'

2022-11-16 10:25:28 - [TEST_STEP][PASSED] - click(findTestObject("Object Repository/Login/span_Sign In")): Object: 'Object Repository/Login/span_Sign In' is clicked on

2022-11-16 10:25:28 - [MESSAGE][PASSED] - Object: 'Object Repository/Login/span_Sign In' is clicked on

2022-11-16 10:25:28 - [TEST_STEP][PASSED] - setText(findTestObject("Object Repository/Login/input_Verify_verificationCode"), verification): Text '961818' is set on object 'Object Repository/Login/input_Verify_verificationCode'

2022-11-16 10:25:30 - [MESSAGE][PASSED] - Text '961818' is set on object 'Object Repository/Login/input_Verify_verificationCode'

2022-11-16 10:25:30 - [TEST_STEP][PASSED] - click(findTestObject("Object Repository/Login/span_Verify")): Object: 'Object Repository/Login/span_Verify' is clicked on

2022-11-16 10:25:30 - [MESSAGE][PASSED] - Object: 'Object Repository/Login/span_Verify' is clicked on

2022-11-16 10:25:30 - [TEST_STEP][PASSED] - click(findTestObject("TC003/button_aazwanSGDC-Azwan")): Object: 'Object Repository/TC003/button_aazwanSGDC-Azwan' is clicked on

2022-11-16 10:25:40 - [MESSAGE][PASSED] - Object: 'Object Repository/TC003/button_aazwanSGDC-Azwan' is clicked on

2022-11-16 10:25:40 - [TEST_STEP][PASSED] - click(findTestObject("TC003/button_company")): Object: 'Object Repository/TC003/button_company' is clicked on

2022-11-16 10:25:41 - [MESSAGE][PASSED] - Object: 'Object Repository/TC003/button_company' is clicked on

2022-11-16 10:25:41 - [TEST_STEP][PASSED] - click(findTestObject("Login/li_Company", ["company":company])): Object: 'Object Repository/Login/li_Company' is clicked on

2022-11-16 10:25:41 - [MESSAGE][PASSED] - Object: 'Object Repository/Login/li_Company' is clicked on

2022-11-16 10:25:41 - [MESSAGE][PASSED] - Call Test Case 'Test Cases/common/Login' successfully

2022-11-16 10:25:41 - [TEST_STEP][PASSED] - navigateToUrl("https://test.brivge.com/batch"): Navigate to 'https://test.brivge.com/batch' successfully

2022-11-16 10:25:43 - [MESSAGE][PASSED] - Navigate to 'https://test.brivge.com/batch' successfully

2022-11-16 10:25:43 - [TEST_STEP][PASSED] - click(findTestObject("TC002/button_Combine Order")): Object: 'Object Repository/TC002/button_Combine Order' is clicked on

2022-11-16 10:25:47 - [MESSAGE][PASSED] - Object: 'Object Repository/TC002/button_Combine Order' is clicked on

2022-11-16 10:25:47 - [TEST_STEP][PASSED] - verifyElementVisible(findTestObject("TC002/p_The operation was successful")): Object 'Object Repository/TC002/p_The operation was successful' is visible

2022-11-16 10:25:49 - [MESSAGE][PASSED] - Object 'Object Repository/TC002/p_The operation was successful' is visible]]></system-out>
         <system-err><![CDATA[]]></system-err>
      </testcase>
      <testcase name="Test Cases/TC003 - Confirm Supplier Order (Supplier)" time="40.004" classname="Test Cases/TC003 - Confirm Supplier Order (Supplier)" status="PASSED">
         <system-out><![CDATA[2022-11-16 10:25:49 - [TEST_CASE][PASSED] - Test Cases/TC003 - Confirm Supplier Order (Supplier): Test Cases/TC003 - Confirm Supplier Order (Supplier)

2022-11-16 10:25:50 - [TEST_STEP][PASSED] - callTestCase(findTestCase("common/Login"), ["username":usernameAzwan, "password":passwordAzwan, "verification":verificationAzwan, "company":sgbafco], STOP_ON_FAILURE): Call Test Case 'Test Cases/common/Login' successfully

2022-11-16 10:25:50 - [TEST_CASE][PASSED] - Test Cases/common/Login: Test Cases/common/Login

2022-11-16 10:25:50 - [TEST_STEP][PASSED] - openBrowser(""): Browser is opened with url: ''

2022-11-16 10:25:50 - [MESSAGE][WARNING] - A browser is already opened. Closing browser and opening a new one

2022-11-16 10:25:51 - [MESSAGE][INFO] - Starting 'Chrome' driver

2022-11-16 10:25:51 - [MESSAGE][INFO] - User set preference: ['prefs', '{download.default_directory=C:\Katalon_downloaded_file}']

2022-11-16 10:25:51 - [MESSAGE][INFO] - Action delay is set to 0 milliseconds

2022-11-16 10:25:53 - [MESSAGE][PASSED] - Browser is opened with url: ''

2022-11-16 10:25:53 - [TEST_STEP][PASSED] - maximizeWindow(): Current window maximized

2022-11-16 10:25:53 - [MESSAGE][PASSED] - Current window maximized

2022-11-16 10:25:53 - [TEST_STEP][PASSED] - navigateToUrl("https://test.brivge.com/home"): Navigate to 'https://test.brivge.com/home' successfully

2022-11-16 10:25:56 - [MESSAGE][PASSED] - Navigate to 'https://test.brivge.com/home' successfully

2022-11-16 10:25:56 - [TEST_STEP][PASSED] - waitForElementVisible(findTestObject("Object Repository/Login/input_Sign In_username"), 0): Object 'Object Repository/Login/input_Sign In_username' is visible

2022-11-16 10:25:56 - [MESSAGE][WARNING] - Timeout '0' is invalid. Using default page load timeout: '10'

2022-11-16 10:25:58 - [MESSAGE][PASSED] - Object 'Object Repository/Login/input_Sign In_username' is visible

2022-11-16 10:25:58 - [TEST_STEP][PASSED] - setText(findTestObject("Object Repository/Login/input_Sign In_username"), username): Text 'Azwan' is set on object 'Object Repository/Login/input_Sign In_username'

2022-11-16 10:25:59 - [MESSAGE][PASSED] - Text 'Azwan' is set on object 'Object Repository/Login/input_Sign In_username'

2022-11-16 10:25:59 - [TEST_STEP][PASSED] - setText(findTestObject("Object Repository/Login/input_Sign In_password"), password): Text 'Azwan-123' is set on object 'Object Repository/Login/input_Sign In_password'

2022-11-16 10:26:00 - [MESSAGE][PASSED] - Text 'Azwan-123' is set on object 'Object Repository/Login/input_Sign In_password'

2022-11-16 10:26:00 - [TEST_STEP][PASSED] - click(findTestObject("Object Repository/Login/span_Sign In")): Object: 'Object Repository/Login/span_Sign In' is clicked on

2022-11-16 10:26:00 - [MESSAGE][PASSED] - Object: 'Object Repository/Login/span_Sign In' is clicked on

2022-11-16 10:26:00 - [TEST_STEP][PASSED] - setText(findTestObject("Object Repository/Login/input_Verify_verificationCode"), verification): Text '707501' is set on object 'Object Repository/Login/input_Verify_verificationCode'

2022-11-16 10:26:02 - [MESSAGE][PASSED] - Text '707501' is set on object 'Object Repository/Login/input_Verify_verificationCode'

2022-11-16 10:26:02 - [TEST_STEP][PASSED] - click(findTestObject("Object Repository/Login/span_Verify")): Object: 'Object Repository/Login/span_Verify' is clicked on

2022-11-16 10:26:02 - [MESSAGE][PASSED] - Object: 'Object Repository/Login/span_Verify' is clicked on

2022-11-16 10:26:02 - [TEST_STEP][PASSED] - click(findTestObject("TC003/button_aazwanSGDC-Azwan")): Object: 'Object Repository/TC003/button_aazwanSGDC-Azwan' is clicked on

2022-11-16 10:26:07 - [MESSAGE][PASSED] - Object: 'Object Repository/TC003/button_aazwanSGDC-Azwan' is clicked on

2022-11-16 10:26:07 - [TEST_STEP][PASSED] - click(findTestObject("TC003/button_company")): Object: 'Object Repository/TC003/button_company' is clicked on

2022-11-16 10:26:07 - [MESSAGE][PASSED] - Object: 'Object Repository/TC003/button_company' is clicked on

2022-11-16 10:26:07 - [TEST_STEP][PASSED] - click(findTestObject("Login/li_Company", ["company":company])): Object: 'Object Repository/Login/li_Company' is clicked on

2022-11-16 10:26:08 - [MESSAGE][PASSED] - Object: 'Object Repository/Login/li_Company' is clicked on

2022-11-16 10:26:08 - [MESSAGE][PASSED] - Call Test Case 'Test Cases/common/Login' successfully

2022-11-16 10:26:08 - [TEST_STEP][PASSED] - click(findTestObject("TC001/h6_Order")): Object: 'Object Repository/TC001/h6_Order' is clicked on

2022-11-16 10:26:09 - [MESSAGE][PASSED] - Object: 'Object Repository/TC001/h6_Order' is clicked on

2022-11-16 10:26:09 - [TEST_STEP][PASSED] - click(findTestObject("TC003/li_SO Monitoring List")): Object: 'Object Repository/TC003/li_SO Monitoring List' is clicked on

2022-11-16 10:26:11 - [MESSAGE][PASSED] - Object: 'Object Repository/TC003/li_SO Monitoring List' is clicked on

2022-11-16 10:26:11 - [TEST_STEP][PASSED] - verifyElementVisible(findTestObject("TC003/div_what can you do in SO monitoring"), OPTIONAL): Object 'Object Repository/TC003/div_what can you do in SO monitoring' is visible

2022-11-16 10:26:15 - [MESSAGE][PASSED] - Object 'Object Repository/TC003/div_what can you do in SO monitoring' is visible

2022-11-16 10:26:15 - [TEST_STEP][PASSED] - if (verifyElementVisible(findTestObject("TC003/div_what can you do in SO monitoring"), OPTIONAL) == true): null

2022-11-16 10:26:15 - [MESSAGE][PASSED] - Object 'Object Repository/TC003/div_what can you do in SO monitoring' is visible

2022-11-16 10:26:15 - [TEST_STEP][PASSED] - click(findTestObject("TC003/span_closeModel")): Object: 'Object Repository/TC003/span_closeModel' is clicked on

2022-11-16 10:26:16 - [MESSAGE][PASSED] - Object: 'Object Repository/TC003/span_closeModel' is clicked on

2022-11-16 10:26:16 - [TEST_STEP][PASSED] - setText(findTestObject("TC003/input_SO Monitoring List Search"), supplContractNo): Text 'SGBAFCO TO SGTTAP 1103008' is set on object 'Object Repository/TC003/input_SO Monitoring List Search'

2022-11-16 10:26:17 - [MESSAGE][PASSED] - Text 'SGBAFCO TO SGTTAP 1103008' is set on object 'Object Repository/TC003/input_SO Monitoring List Search'

2022-11-16 10:26:17 - [TEST_STEP][PASSED] - click(findTestObject("TC003/filter button")): Object: 'Object Repository/TC003/filter button' is clicked on

2022-11-16 10:26:18 - [MESSAGE][PASSED] - Object: 'Object Repository/TC003/filter button' is clicked on

2022-11-16 10:26:18 - [TEST_STEP][PASSED] - click(findTestObject("TC003/input__statusList")): Object: 'Object Repository/TC003/input__statusList' is clicked on

2022-11-16 10:26:19 - [MESSAGE][PASSED] - Object: 'Object Repository/TC003/input__statusList' is clicked on

2022-11-16 10:26:19 - [TEST_STEP][PASSED] - click(findTestObject("TC003/li_Received")): Object: 'Object Repository/TC003/li_Received' is clicked on

2022-11-16 10:26:19 - [MESSAGE][PASSED] - Object: 'Object Repository/TC003/li_Received' is clicked on

2022-11-16 10:26:19 - [TEST_STEP][PASSED] - click(findTestObject("TC003/button_Search")): Object: 'Object Repository/TC003/button_Search' is clicked on

2022-11-16 10:26:20 - [MESSAGE][PASSED] - Object: 'Object Repository/TC003/button_Search' is clicked on

2022-11-16 10:26:20 - [TEST_STEP][PASSED] - click(findTestObject("TC003/button detail")): Object: 'Object Repository/TC003/button detail' is clicked on

2022-11-16 10:26:21 - [MESSAGE][PASSED] - Object: 'Object Repository/TC003/button detail' is clicked on

2022-11-16 10:26:21 - [TEST_STEP][PASSED] - salesOrderNo = getAttribute(findTestObject("TC003/Page_Brivge/input_Please input related basic information_orderNo"), "value"): Attribute 'value' of object 'Object Repository/TC003/Page_Brivge/input_Please input related basic information_orderNo' is: 's110318-2211001'

2022-11-16 10:26:22 - [MESSAGE][PASSED] - Attribute 'value' of object 'Object Repository/TC003/Page_Brivge/input_Please input related basic information_orderNo' is: 's110318-2211001'

2022-11-16 10:26:22 - [TEST_STEP][PASSED] - buyer = getAttribute(findTestObject("TC003/Page_Brivge/input_Please input related basic information_buyer"), "value"): Attribute 'value' of object 'Object Repository/TC003/Page_Brivge/input_Please input related basic information_buyer' is: 'SG-TTAP'

2022-11-16 10:26:25 - [MESSAGE][PASSED] - Attribute 'value' of object 'Object Repository/TC003/Page_Brivge/input_Please input related basic information_buyer' is: 'SG-TTAP'

2022-11-16 10:26:25 - [TEST_STEP][PASSED] - receiver = getAttribute(findTestObject("TC003/Page_Brivge/input_Please input related basic information_receiver"), "value"): Attribute 'value' of object 'Object Repository/TC003/Page_Brivge/input_Please input related basic information_receiver' is: 'SG-TTAP-DC'

2022-11-16 10:26:25 - [MESSAGE][PASSED] - Attribute 'value' of object 'Object Repository/TC003/Page_Brivge/input_Please input related basic information_receiver' is: 'SG-TTAP-DC'

2022-11-16 10:26:25 - [TEST_STEP][PASSED] - util.copyToExcel.exel(salesOrderNo, 1, 2): util.copyToExcel.exel is PASSED

2022-11-16 10:26:25 - [MESSAGE][PASSED] - util.copyToExcel.exel is PASSED

2022-11-16 10:26:25 - [TEST_STEP][PASSED] - util.copyToExcel.exel(buyer, 1, 3): util.copyToExcel.exel is PASSED

2022-11-16 10:26:25 - [MESSAGE][PASSED] - util.copyToExcel.exel is PASSED

2022-11-16 10:26:25 - [TEST_STEP][PASSED] - util.copyToExcel.exel(receiver, 1, 4): util.copyToExcel.exel is PASSED

2022-11-16 10:26:26 - [MESSAGE][PASSED] - util.copyToExcel.exel is PASSED

2022-11-16 10:26:26 - [TEST_STEP][PASSED] - verifyElementAttributeValue(findTestObject("TC003/input_Please input related basic information_status"), "value", "Received", 0): Object 'Object Repository/TC003/input_Please input related basic information_status' has attribute 'value' with value 'Received'

2022-11-16 10:26:26 - [MESSAGE][WARNING] - Timeout '0' is invalid. Using default page load timeout: '10'

2022-11-16 10:26:26 - [MESSAGE][PASSED] - Object 'Object Repository/TC003/input_Please input related basic information_status' has attribute 'value' with value 'Received'

2022-11-16 10:26:26 - [TEST_STEP][PASSED] - y = getAttribute(findTestObject("TC003/input_Please input related basic information_orderNo"), "value"): Attribute 'value' of object 'Object Repository/TC003/input_Please input related basic information_orderNo' is: 's110318-2211001'

2022-11-16 10:26:26 - [MESSAGE][PASSED] - Attribute 'value' of object 'Object Repository/TC003/input_Please input related basic information_orderNo' is: 's110318-2211001'

2022-11-16 10:26:26 - [TEST_STEP][PASSED] - out.println("sales order no: " + y): null

2022-11-16 10:26:26 - [TEST_STEP][PASSED] - click(findTestObject("TC003/button_Confirm")): Object: 'Object Repository/TC003/button_Confirm' is clicked on

2022-11-16 10:26:27 - [MESSAGE][PASSED] - Object: 'Object Repository/TC003/button_Confirm' is clicked on

2022-11-16 10:26:27 - [TEST_STEP][PASSED] - waitForElementVisible(findTestObject("TC003/p_Are you sure to do Confirm(c0001)"), 0): Object 'Object Repository/TC003/p_Are you sure to do Confirm(c0001)' is visible

2022-11-16 10:26:27 - [MESSAGE][WARNING] - Timeout '0' is invalid. Using default page load timeout: '10'

2022-11-16 10:26:27 - [MESSAGE][PASSED] - Object 'Object Repository/TC003/p_Are you sure to do Confirm(c0001)' is visible

2022-11-16 10:26:27 - [TEST_STEP][PASSED] - click(findTestObject("TC003/button_CONFIRM (1)")): Object: 'Object Repository/TC003/button_CONFIRM (1)' is clicked on

2022-11-16 10:26:28 - [MESSAGE][PASSED] - Object: 'Object Repository/TC003/button_CONFIRM (1)' is clicked on

2022-11-16 10:26:28 - [TEST_STEP][PASSED] - verifyElementVisible(findTestObject("TC003/p_The operation was successful")): Object 'Object Repository/TC003/p_The operation was successful' is visible

2022-11-16 10:26:29 - [MESSAGE][PASSED] - Object 'Object Repository/TC003/p_The operation was successful' is visible]]></system-out>
         <system-err><![CDATA[]]></system-err>
      </testcase>
      <testcase name="Test Cases/TC004 - Customer Change Order (Customer)" time="74.623" classname="Test Cases/TC004 - Customer Change Order (Customer)" status="PASSED">
         <system-out><![CDATA[2022-11-16 10:26:29 - [TEST_CASE][PASSED] - Test Cases/TC004 - Customer Change Order (Customer): Test Cases/TC004 - Customer Change Order (Customer)

2022-11-16 10:26:30 - [TEST_STEP][PASSED] - callTestCase(findTestCase("common/Login"), ["username":usernameLuqman, "password":passwordLuqman, "verification":verificationLuqman, "company":vnttvn], STOP_ON_FAILURE): Call Test Case 'Test Cases/common/Login' successfully

2022-11-16 10:26:30 - [TEST_CASE][PASSED] - Test Cases/common/Login: Test Cases/common/Login

2022-11-16 10:26:30 - [TEST_STEP][PASSED] - openBrowser(""): Browser is opened with url: ''

2022-11-16 10:26:30 - [MESSAGE][WARNING] - A browser is already opened. Closing browser and opening a new one

2022-11-16 10:26:31 - [MESSAGE][INFO] - Starting 'Chrome' driver

2022-11-16 10:26:31 - [MESSAGE][INFO] - User set preference: ['prefs', '{download.default_directory=C:\Katalon_downloaded_file}']

2022-11-16 10:26:31 - [MESSAGE][INFO] - Action delay is set to 0 milliseconds

2022-11-16 10:26:33 - [MESSAGE][PASSED] - Browser is opened with url: ''

2022-11-16 10:26:33 - [TEST_STEP][PASSED] - maximizeWindow(): Current window maximized

2022-11-16 10:26:33 - [MESSAGE][PASSED] - Current window maximized

2022-11-16 10:26:33 - [TEST_STEP][PASSED] - navigateToUrl("https://test.brivge.com/home"): Navigate to 'https://test.brivge.com/home' successfully

2022-11-16 10:26:36 - [MESSAGE][PASSED] - Navigate to 'https://test.brivge.com/home' successfully

2022-11-16 10:26:36 - [TEST_STEP][PASSED] - waitForElementVisible(findTestObject("Object Repository/Login/input_Sign In_username"), 0): Object 'Object Repository/Login/input_Sign In_username' is visible

2022-11-16 10:26:36 - [MESSAGE][WARNING] - Timeout '0' is invalid. Using default page load timeout: '10'

2022-11-16 10:26:38 - [MESSAGE][PASSED] - Object 'Object Repository/Login/input_Sign In_username' is visible

2022-11-16 10:26:38 - [TEST_STEP][PASSED] - setText(findTestObject("Object Repository/Login/input_Sign In_username"), username): Text 'Luqman' is set on object 'Object Repository/Login/input_Sign In_username'

2022-11-16 10:26:39 - [MESSAGE][PASSED] - Text 'Luqman' is set on object 'Object Repository/Login/input_Sign In_username'

2022-11-16 10:26:39 - [TEST_STEP][PASSED] - setText(findTestObject("Object Repository/Login/input_Sign In_password"), password): Text 'Luqman-123' is set on object 'Object Repository/Login/input_Sign In_password'

2022-11-16 10:26:39 - [MESSAGE][PASSED] - Text 'Luqman-123' is set on object 'Object Repository/Login/input_Sign In_password'

2022-11-16 10:26:39 - [TEST_STEP][PASSED] - click(findTestObject("Object Repository/Login/span_Sign In")): Object: 'Object Repository/Login/span_Sign In' is clicked on

2022-11-16 10:26:40 - [MESSAGE][PASSED] - Object: 'Object Repository/Login/span_Sign In' is clicked on

2022-11-16 10:26:40 - [TEST_STEP][PASSED] - setText(findTestObject("Object Repository/Login/input_Verify_verificationCode"), verification): Text '961818' is set on object 'Object Repository/Login/input_Verify_verificationCode'

2022-11-16 10:26:41 - [MESSAGE][PASSED] - Text '961818' is set on object 'Object Repository/Login/input_Verify_verificationCode'

2022-11-16 10:26:41 - [TEST_STEP][PASSED] - click(findTestObject("Object Repository/Login/span_Verify")): Object: 'Object Repository/Login/span_Verify' is clicked on

2022-11-16 10:26:42 - [MESSAGE][PASSED] - Object: 'Object Repository/Login/span_Verify' is clicked on

2022-11-16 10:26:42 - [TEST_STEP][PASSED] - click(findTestObject("TC003/button_aazwanSGDC-Azwan")): Object: 'Object Repository/TC003/button_aazwanSGDC-Azwan' is clicked on

2022-11-16 10:26:52 - [MESSAGE][PASSED] - Object: 'Object Repository/TC003/button_aazwanSGDC-Azwan' is clicked on

2022-11-16 10:26:52 - [TEST_STEP][PASSED] - click(findTestObject("TC003/button_company")): Object: 'Object Repository/TC003/button_company' is clicked on

2022-11-16 10:26:53 - [MESSAGE][PASSED] - Object: 'Object Repository/TC003/button_company' is clicked on

2022-11-16 10:26:53 - [TEST_STEP][PASSED] - click(findTestObject("Login/li_Company", ["company":company])): Object: 'Object Repository/Login/li_Company' is clicked on

2022-11-16 10:26:54 - [MESSAGE][PASSED] - Object: 'Object Repository/Login/li_Company' is clicked on

2022-11-16 10:26:54 - [MESSAGE][PASSED] - Call Test Case 'Test Cases/common/Login' successfully

2022-11-16 10:26:54 - [TEST_STEP][PASSED] - click(findTestObject("TC001/h6_Order")): Object: 'Object Repository/TC001/h6_Order' is clicked on

2022-11-16 10:26:59 - [MESSAGE][PASSED] - Object: 'Object Repository/TC001/h6_Order' is clicked on

2022-11-16 10:26:59 - [TEST_STEP][PASSED] - click(findTestObject("delete order summary/li_Place ChangeCancel")): Object: 'Object Repository/delete order summary/li_Place ChangeCancel' is clicked on

2022-11-16 10:27:00 - [MESSAGE][PASSED] - Object: 'Object Repository/delete order summary/li_Place ChangeCancel' is clicked on

2022-11-16 10:27:00 - [TEST_STEP][PASSED] - focus(findTestObject("delete order summary/input_Forecast Change_lcbm-MuiInputBase-input lcbm-MuiFilledInput-input lcbm-lcbm110 lcbm-MuiInputBase-inputAdornedEnd lcbm-MuiFilledInput-inputAdornedEnd"), STOP_ON_FAILURE): Object: 'Object Repository/delete order summary/input_Forecast Change_lcbm-MuiInputBase-input lcbm-MuiFilledInput-input lcbm-lcbm110 lcbm-MuiInputBase-inputAdornedEnd lcbm-MuiFilledInput-inputAdornedEnd' is focused

2022-11-16 10:27:01 - [MESSAGE][PASSED] - Object: 'Object Repository/delete order summary/input_Forecast Change_lcbm-MuiInputBase-input lcbm-MuiFilledInput-input lcbm-lcbm110 lcbm-MuiInputBase-inputAdornedEnd lcbm-MuiFilledInput-inputAdornedEnd' is focused

2022-11-16 10:27:01 - [TEST_STEP][PASSED] - setText(findTestObject("delete order summary/input_Forecast Change_lcbm-MuiInputBase-input lcbm-MuiFilledInput-input lcbm-lcbm110 lcbm-MuiInputBase-inputAdornedEnd lcbm-MuiFilledInput-inputAdornedEnd"), findTestData("Toyotsu-data").getValue(1, 2)): Text 'CR-VN-TTVN-2211009' is set on object 'Object Repository/delete order summary/input_Forecast Change_lcbm-MuiInputBase-input lcbm-MuiFilledInput-input lcbm-lcbm110 lcbm-MuiInputBase-inputAdornedEnd lcbm-MuiFilledInput-inputAdornedEnd'

2022-11-16 10:27:04 - [MESSAGE][PASSED] - Text 'CR-VN-TTVN-2211009' is set on object 'Object Repository/delete order summary/input_Forecast Change_lcbm-MuiInputBase-input lcbm-MuiFilledInput-input lcbm-lcbm110 lcbm-MuiInputBase-inputAdornedEnd lcbm-MuiFilledInput-inputAdornedEnd'

2022-11-16 10:27:04 - [TEST_STEP][PASSED] - delay(2): Delayed 2 second(s)

2022-11-16 10:27:06 - [MESSAGE][PASSED] - Delayed 2 second(s)

2022-11-16 10:27:06 - [TEST_STEP][PASSED] - click(findTestObject("TC004/create button")): Object: 'Object Repository/TC004/create button' is clicked on

2022-11-16 10:27:07 - [MESSAGE][PASSED] - Object: 'Object Repository/TC004/create button' is clicked on

2022-11-16 10:27:07 - [TEST_STEP][PASSED] - doubleClick(findTestObject("TC004/input 1")): Object: 'Object Repository/TC004/input 1' is double clicked on

2022-11-16 10:27:09 - [MESSAGE][PASSED] - Object: 'Object Repository/TC004/input 1' is double clicked on

2022-11-16 10:27:09 - [TEST_STEP][PASSED] - sendKeys(findTestObject("TC004/input 1"), "1500"): Keys '1500' sent to object: 'Object Repository/TC004/input 1'

2022-11-16 10:27:13 - [MESSAGE][PASSED] - Keys '1500' sent to object: 'Object Repository/TC004/input 1'

2022-11-16 10:27:13 - [TEST_STEP][PASSED] - doubleClick(findTestObject("TC004/input 2")): Object: 'Object Repository/TC004/input 2' is double clicked on

2022-11-16 10:27:14 - [MESSAGE][PASSED] - Object: 'Object Repository/TC004/input 2' is double clicked on

2022-11-16 10:27:14 - [TEST_STEP][PASSED] - sendKeys(findTestObject("TC004/input 2"), "1500"): Keys '1500' sent to object: 'Object Repository/TC004/input 2'

2022-11-16 10:27:15 - [MESSAGE][PASSED] - Keys '1500' sent to object: 'Object Repository/TC004/input 2'

2022-11-16 10:27:15 - [TEST_STEP][PASSED] - click(findTestObject("TC004/button input shipping plan")): Object: 'Object Repository/TC004/button input shipping plan' is clicked on

2022-11-16 10:27:17 - [MESSAGE][PASSED] - Object: 'Object Repository/TC004/button input shipping plan' is clicked on

2022-11-16 10:27:17 - [TEST_STEP][PASSED] - click(findTestObject("TC004/input__newInboundPlanDate")): Object: 'Object Repository/TC004/input__newInboundPlanDate' is clicked on

2022-11-16 10:27:18 - [MESSAGE][PASSED] - Object: 'Object Repository/TC004/input__newInboundPlanDate' is clicked on

2022-11-16 10:27:18 - [TEST_STEP][PASSED] - doubleClick(findTestObject("TC004/button next calendar")): Object: 'Object Repository/TC004/button next calendar' is double clicked on

2022-11-16 10:27:19 - [MESSAGE][PASSED] - Object: 'Object Repository/TC004/button next calendar' is double clicked on

2022-11-16 10:27:19 - [TEST_STEP][PASSED] - doubleClick(findTestObject("TC004/button next calendar")): Object: 'Object Repository/TC004/button next calendar' is double clicked on

2022-11-16 10:27:20 - [MESSAGE][PASSED] - Object: 'Object Repository/TC004/button next calendar' is double clicked on

2022-11-16 10:27:20 - [TEST_STEP][PASSED] - doubleClick(findTestObject("TC004/button next calendar")): Object: 'Object Repository/TC004/button next calendar' is double clicked on

2022-11-16 10:27:21 - [MESSAGE][PASSED] - Object: 'Object Repository/TC004/button next calendar' is double clicked on

2022-11-16 10:27:21 - [TEST_STEP][PASSED] - click(findTestObject("TC004/button_17")): Object: 'Object Repository/TC004/button_17' is clicked on

2022-11-16 10:27:22 - [MESSAGE][PASSED] - Object: 'Object Repository/TC004/button_17' is clicked on

2022-11-16 10:27:22 - [TEST_STEP][PASSED] - click(findTestObject("TC004/button_Confirm input plan")): Object: 'Object Repository/TC004/button_Confirm input plan' is clicked on

2022-11-16 10:27:23 - [MESSAGE][PASSED] - Object: 'Object Repository/TC004/button_Confirm input plan' is clicked on

2022-11-16 10:27:23 - [TEST_STEP][PASSED] - doubleClick(findTestObject("TC004/input 3")): Object: 'Object Repository/TC004/input 3' is double clicked on

2022-11-16 10:27:24 - [MESSAGE][PASSED] - Object: 'Object Repository/TC004/input 3' is double clicked on

2022-11-16 10:27:24 - [TEST_STEP][PASSED] - sendKeys(findTestObject("TC004/input 3"), "1500"): Keys '1500' sent to object: 'Object Repository/TC004/input 3'

2022-11-16 10:27:25 - [MESSAGE][PASSED] - Keys '1500' sent to object: 'Object Repository/TC004/input 3'

2022-11-16 10:27:25 - [TEST_STEP][PASSED] - doubleClick(findTestObject("TC004/input 4")): Object: 'Object Repository/TC004/input 4' is double clicked on

2022-11-16 10:27:25 - [MESSAGE][PASSED] - Object: 'Object Repository/TC004/input 4' is double clicked on

2022-11-16 10:27:25 - [TEST_STEP][PASSED] - sendKeys(findTestObject("TC004/input 4"), "1500"): Keys '1500' sent to object: 'Object Repository/TC004/input 4'

2022-11-16 10:27:26 - [MESSAGE][PASSED] - Keys '1500' sent to object: 'Object Repository/TC004/input 4'

2022-11-16 10:27:26 - [TEST_STEP][PASSED] - y = util.generateTime.dateTimeGenerator(): util.generateTime.dateTimeGenerator is PASSED

2022-11-16 10:27:26 - [MESSAGE][PASSED] - util.generateTime.dateTimeGenerator is PASSED

2022-11-16 10:27:26 - [TEST_STEP][PASSED] - util.copyToExcel.exel(y, 1, 1): util.copyToExcel.exel is PASSED

2022-11-16 10:27:26 - [MESSAGE][PASSED] - util.copyToExcel.exel is PASSED

2022-11-16 10:27:26 - [TEST_STEP][PASSED] - doubleClick(findTestObject("TC004/input_Basic info (order summary)_customerRefNo"), STOP_ON_FAILURE): Object: 'Object Repository/TC004/input_Basic info (order summary)_customerRefNo' is double clicked on

2022-11-16 10:27:27 - [MESSAGE][PASSED] - Object: 'Object Repository/TC004/input_Basic info (order summary)_customerRefNo' is double clicked on

2022-11-16 10:27:27 - [TEST_STEP][PASSED] - sendKeys(findTestObject("TC004/input_Basic info (order summary)_customerRefNo"), y): Keys '20221116102726' sent to object: 'Object Repository/TC004/input_Basic info (order summary)_customerRefNo'

2022-11-16 10:27:28 - [MESSAGE][PASSED] - Keys '20221116102726' sent to object: 'Object Repository/TC004/input_Basic info (order summary)_customerRefNo'

2022-11-16 10:27:28 - [TEST_STEP][PASSED] - click(findTestObject("TC004/div_scroll"), STOP_ON_FAILURE): Object: 'Object Repository/TC004/div_scroll' is clicked on

2022-11-16 10:27:28 - [MESSAGE][PASSED] - Object: 'Object Repository/TC004/div_scroll' is clicked on

2022-11-16 10:27:28 - [TEST_STEP][PASSED] - sendKeys(findTestObject(null), Keys.chord(HOME)): Keys 'HOME + ' sent to object: 'tempBody'

2022-11-16 10:27:28 - [MESSAGE][WARNING] - Test object id is null

2022-11-16 10:27:28 - [MESSAGE][WARNING] - Test object with id 'Object Repository/' does not exist

2022-11-16 10:27:29 - [MESSAGE][PASSED] - Keys 'HOME + ' sent to object: 'tempBody'

2022-11-16 10:27:29 - [TEST_STEP][PASSED] - click(findTestObject("TC004/button_issue")): Object: 'Object Repository/TC004/button_issue' is clicked on

2022-11-16 10:27:40 - [MESSAGE][INFO] - Unable to find the element located by 'By.xpath: //button[@type = 'button' and (text() = 'issue' or . = 'issue')]'. Please recheck the objects properties to make sure the desired element is located. 

2022-11-16 10:27:40 - [MESSAGE][WARNING] - [SELF-HEALING] Failed to find element with id 'Object Repository/TC004/button_issue'. Try using Self-healing.

2022-11-16 10:27:41 - [MESSAGE][INFO] - [SELF-HEALING] Working Locator: '(//button[@type='button'])[2]'.

2022-11-16 10:27:41 - [MESSAGE][INFO] - [SELF-HEALING] Screenshot: C:/Users/azwan/git/Toyotsu/Reports/Self-healing/Object Repository/TC004/button_issue_attributes.png

2022-11-16 10:27:41 - [MESSAGE][WARNING] - [SELF-HEALING] The current locator of test object 'Object Repository/TC004/button_issue' was broken. Propose an alternative one: '(//button[@type='button'])[2]'.

2022-11-16 10:27:41 - [MESSAGE][PASSED] - Object: 'Object Repository/TC004/button_issue' is clicked on

2022-11-16 10:27:41 - [TEST_STEP][PASSED] - click(findTestObject("TC004/button_CONFIRM")): Object: 'Object Repository/TC004/button_CONFIRM' is clicked on

2022-11-16 10:27:42 - [MESSAGE][PASSED] - Object: 'Object Repository/TC004/button_CONFIRM' is clicked on

2022-11-16 10:27:42 - [TEST_STEP][PASSED] - verifyElementPresent(findTestObject("TC003/p_The operation was successful"), 0): Object 'Object Repository/TC003/p_The operation was successful' is present

2022-11-16 10:27:42 - [MESSAGE][WARNING] - Timeout '0' is invalid. Using default page load timeout: '10'

2022-11-16 10:27:44 - [MESSAGE][PASSED] - Object 'Object Repository/TC003/p_The operation was successful' is present]]></system-out>
         <system-err><![CDATA[]]></system-err>
      </testcase>
      <testcase name="Test Cases/TC005 - Approve Change Cancel Request (Supplier)" time="31.789" classname="Test Cases/TC005 - Approve Change Cancel Request (Supplier)" status="PASSED">
         <system-out><![CDATA[2022-11-16 10:27:44 - [TEST_CASE][PASSED] - Test Cases/TC005 - Approve Change Cancel Request (Supplier): Test Cases/TC005 - Approve Change Cancel Request (Supplier)

2022-11-16 10:27:44 - [TEST_STEP][PASSED] - callTestCase(findTestCase("common/Login"), ["username":usernameAzwan, "password":passwordAzwan, "verification":verificationAzwan, "company":sgbafco], STOP_ON_FAILURE): Call Test Case 'Test Cases/common/Login' successfully

2022-11-16 10:27:44 - [TEST_CASE][PASSED] - Test Cases/common/Login: Test Cases/common/Login

2022-11-16 10:27:44 - [TEST_STEP][PASSED] - openBrowser(""): Browser is opened with url: ''

2022-11-16 10:27:44 - [MESSAGE][WARNING] - A browser is already opened. Closing browser and opening a new one

2022-11-16 10:27:45 - [MESSAGE][INFO] - Starting 'Chrome' driver

2022-11-16 10:27:45 - [MESSAGE][INFO] - User set preference: ['prefs', '{download.default_directory=C:\Katalon_downloaded_file}']

2022-11-16 10:27:45 - [MESSAGE][INFO] - Action delay is set to 0 milliseconds

2022-11-16 10:27:48 - [MESSAGE][PASSED] - Browser is opened with url: ''

2022-11-16 10:27:48 - [TEST_STEP][PASSED] - maximizeWindow(): Current window maximized

2022-11-16 10:27:48 - [MESSAGE][PASSED] - Current window maximized

2022-11-16 10:27:48 - [TEST_STEP][PASSED] - navigateToUrl("https://test.brivge.com/home"): Navigate to 'https://test.brivge.com/home' successfully

2022-11-16 10:27:51 - [MESSAGE][PASSED] - Navigate to 'https://test.brivge.com/home' successfully

2022-11-16 10:27:51 - [TEST_STEP][PASSED] - waitForElementVisible(findTestObject("Object Repository/Login/input_Sign In_username"), 0): Object 'Object Repository/Login/input_Sign In_username' is visible

2022-11-16 10:27:51 - [MESSAGE][WARNING] - Timeout '0' is invalid. Using default page load timeout: '10'

2022-11-16 10:27:52 - [MESSAGE][PASSED] - Object 'Object Repository/Login/input_Sign In_username' is visible

2022-11-16 10:27:52 - [TEST_STEP][PASSED] - setText(findTestObject("Object Repository/Login/input_Sign In_username"), username): Text 'Azwan' is set on object 'Object Repository/Login/input_Sign In_username'

2022-11-16 10:27:53 - [MESSAGE][PASSED] - Text 'Azwan' is set on object 'Object Repository/Login/input_Sign In_username'

2022-11-16 10:27:53 - [TEST_STEP][PASSED] - setText(findTestObject("Object Repository/Login/input_Sign In_password"), password): Text 'Azwan-123' is set on object 'Object Repository/Login/input_Sign In_password'

2022-11-16 10:27:54 - [MESSAGE][PASSED] - Text 'Azwan-123' is set on object 'Object Repository/Login/input_Sign In_password'

2022-11-16 10:27:54 - [TEST_STEP][PASSED] - click(findTestObject("Object Repository/Login/span_Sign In")): Object: 'Object Repository/Login/span_Sign In' is clicked on

2022-11-16 10:27:55 - [MESSAGE][PASSED] - Object: 'Object Repository/Login/span_Sign In' is clicked on

2022-11-16 10:27:55 - [TEST_STEP][PASSED] - setText(findTestObject("Object Repository/Login/input_Verify_verificationCode"), verification): Text '707501' is set on object 'Object Repository/Login/input_Verify_verificationCode'

2022-11-16 10:27:56 - [MESSAGE][PASSED] - Text '707501' is set on object 'Object Repository/Login/input_Verify_verificationCode'

2022-11-16 10:27:56 - [TEST_STEP][PASSED] - click(findTestObject("Object Repository/Login/span_Verify")): Object: 'Object Repository/Login/span_Verify' is clicked on

2022-11-16 10:27:56 - [MESSAGE][PASSED] - Object: 'Object Repository/Login/span_Verify' is clicked on

2022-11-16 10:27:56 - [TEST_STEP][PASSED] - click(findTestObject("TC003/button_aazwanSGDC-Azwan")): Object: 'Object Repository/TC003/button_aazwanSGDC-Azwan' is clicked on

2022-11-16 10:28:00 - [MESSAGE][PASSED] - Object: 'Object Repository/TC003/button_aazwanSGDC-Azwan' is clicked on

2022-11-16 10:28:00 - [TEST_STEP][PASSED] - click(findTestObject("TC003/button_company")): Object: 'Object Repository/TC003/button_company' is clicked on

2022-11-16 10:28:01 - [MESSAGE][PASSED] - Object: 'Object Repository/TC003/button_company' is clicked on

2022-11-16 10:28:01 - [TEST_STEP][PASSED] - click(findTestObject("Login/li_Company", ["company":company])): Object: 'Object Repository/Login/li_Company' is clicked on

2022-11-16 10:28:02 - [MESSAGE][PASSED] - Object: 'Object Repository/Login/li_Company' is clicked on

2022-11-16 10:28:02 - [MESSAGE][PASSED] - Call Test Case 'Test Cases/common/Login' successfully

2022-11-16 10:28:02 - [TEST_STEP][PASSED] - click(findTestObject("TC005/h6_Order")): Object: 'Object Repository/TC005/h6_Order' is clicked on

2022-11-16 10:28:03 - [MESSAGE][PASSED] - Object: 'Object Repository/TC005/h6_Order' is clicked on

2022-11-16 10:28:03 - [TEST_STEP][PASSED] - click(findTestObject("TC005/li_ChangeCancel Request List")): Object: 'Object Repository/TC005/li_ChangeCancel Request List' is clicked on

2022-11-16 10:28:05 - [MESSAGE][PASSED] - Object: 'Object Repository/TC005/li_ChangeCancel Request List' is clicked on

2022-11-16 10:28:05 - [TEST_STEP][PASSED] - if (verifyElementVisible(findTestObject("TC005/h1_What can you do in Change or Cancel Request List")) == true): null

2022-11-16 10:28:06 - [MESSAGE][PASSED] - Object 'Object Repository/TC005/h1_What can you do in Change or Cancel Request List' is visible

2022-11-16 10:28:07 - [TEST_STEP][PASSED] - click(findTestObject("TC005/span_X")): Object: 'Object Repository/TC005/span_X' is clicked on

2022-11-16 10:28:08 - [MESSAGE][PASSED] - Object: 'Object Repository/TC005/span_X' is clicked on

2022-11-16 10:28:08 - [TEST_STEP][PASSED] - setText(findTestObject("TC005/input Search"), findTestData("Toyotsu-data").getValue(1, 2)): Text 'CR-VN-TTVN-2211009' is set on object 'Object Repository/TC005/input Search'

2022-11-16 10:28:09 - [MESSAGE][PASSED] - Text 'CR-VN-TTVN-2211009' is set on object 'Object Repository/TC005/input Search'

2022-11-16 10:28:09 - [TEST_STEP][PASSED] - click(findTestObject("TC005/button filter")): Object: 'Object Repository/TC005/button filter' is clicked on

2022-11-16 10:28:10 - [MESSAGE][PASSED] - Object: 'Object Repository/TC005/button filter' is clicked on

2022-11-16 10:28:10 - [TEST_STEP][PASSED] - click(findTestObject("TC005/input__requestStatusList")): Object: 'Object Repository/TC005/input__requestStatusList' is clicked on

2022-11-16 10:28:11 - [MESSAGE][PASSED] - Object: 'Object Repository/TC005/input__requestStatusList' is clicked on

2022-11-16 10:28:11 - [TEST_STEP][PASSED] - click(findTestObject("TC005/li_New")): Object: 'Object Repository/TC005/li_New' is clicked on

2022-11-16 10:28:12 - [MESSAGE][PASSED] - Object: 'Object Repository/TC005/li_New' is clicked on

2022-11-16 10:28:12 - [TEST_STEP][PASSED] - click(findTestObject("TC005/button_Search")): Object: 'Object Repository/TC005/button_Search' is clicked on

2022-11-16 10:28:12 - [MESSAGE][PASSED] - Object: 'Object Repository/TC005/button_Search' is clicked on

2022-11-16 10:28:12 - [TEST_STEP][PASSED] - click(findTestObject("TC005/button detail")): Object: 'Object Repository/TC005/button detail' is clicked on

2022-11-16 10:28:13 - [MESSAGE][PASSED] - Object: 'Object Repository/TC005/button detail' is clicked on

2022-11-16 10:28:13 - [TEST_STEP][PASSED] - click(findTestObject("TC005/button_Approve")): Object: 'Object Repository/TC005/button_Approve' is clicked on

2022-11-16 10:28:14 - [MESSAGE][PASSED] - Object: 'Object Repository/TC005/button_Approve' is clicked on

2022-11-16 10:28:14 - [TEST_STEP][PASSED] - verifyElementVisible(findTestObject("TC005/p_The operation was successful")): Object 'Object Repository/TC005/p_The operation was successful' is visible

2022-11-16 10:28:16 - [MESSAGE][PASSED] - Object 'Object Repository/TC005/p_The operation was successful' is visible]]></system-out>
         <system-err><![CDATA[]]></system-err>
      </testcase>
      <testcase name="Test Cases/TC006 - Supplier Outbound Details (Supplier)" time="75.227" classname="Test Cases/TC006 - Supplier Outbound Details (Supplier)" status="PASSED">
         <system-out><![CDATA[2022-11-16 10:28:16 - [TEST_CASE][PASSED] - Test Cases/TC006 - Supplier Outbound Details (Supplier): Test Cases/TC006 - Supplier Outbound Details (Supplier)

2022-11-16 10:28:16 - [TEST_STEP][PASSED] - callTestCase(findTestCase("common/Login"), ["username":usernameAzwan, "password":passwordAzwan, "verification":verificationAzwan, "company":sgbafco], STOP_ON_FAILURE): Call Test Case 'Test Cases/common/Login' successfully

2022-11-16 10:28:16 - [TEST_CASE][PASSED] - Test Cases/common/Login: Test Cases/common/Login

2022-11-16 10:28:16 - [TEST_STEP][PASSED] - openBrowser(""): Browser is opened with url: ''

2022-11-16 10:28:16 - [MESSAGE][WARNING] - A browser is already opened. Closing browser and opening a new one

2022-11-16 10:28:17 - [MESSAGE][INFO] - Starting 'Chrome' driver

2022-11-16 10:28:17 - [MESSAGE][INFO] - User set preference: ['prefs', '{download.default_directory=C:\Katalon_downloaded_file}']

2022-11-16 10:28:17 - [MESSAGE][INFO] - Action delay is set to 0 milliseconds

2022-11-16 10:28:19 - [MESSAGE][PASSED] - Browser is opened with url: ''

2022-11-16 10:28:19 - [TEST_STEP][PASSED] - maximizeWindow(): Current window maximized

2022-11-16 10:28:19 - [MESSAGE][PASSED] - Current window maximized

2022-11-16 10:28:19 - [TEST_STEP][PASSED] - navigateToUrl("https://test.brivge.com/home"): Navigate to 'https://test.brivge.com/home' successfully

2022-11-16 10:28:22 - [MESSAGE][PASSED] - Navigate to 'https://test.brivge.com/home' successfully

2022-11-16 10:28:22 - [TEST_STEP][PASSED] - waitForElementVisible(findTestObject("Object Repository/Login/input_Sign In_username"), 0): Object 'Object Repository/Login/input_Sign In_username' is visible

2022-11-16 10:28:22 - [MESSAGE][WARNING] - Timeout '0' is invalid. Using default page load timeout: '10'

2022-11-16 10:28:24 - [MESSAGE][PASSED] - Object 'Object Repository/Login/input_Sign In_username' is visible

2022-11-16 10:28:24 - [TEST_STEP][PASSED] - setText(findTestObject("Object Repository/Login/input_Sign In_username"), username): Text 'Azwan' is set on object 'Object Repository/Login/input_Sign In_username'

2022-11-16 10:28:24 - [MESSAGE][PASSED] - Text 'Azwan' is set on object 'Object Repository/Login/input_Sign In_username'

2022-11-16 10:28:24 - [TEST_STEP][PASSED] - setText(findTestObject("Object Repository/Login/input_Sign In_password"), password): Text 'Azwan-123' is set on object 'Object Repository/Login/input_Sign In_password'

2022-11-16 10:28:25 - [MESSAGE][PASSED] - Text 'Azwan-123' is set on object 'Object Repository/Login/input_Sign In_password'

2022-11-16 10:28:25 - [TEST_STEP][PASSED] - click(findTestObject("Object Repository/Login/span_Sign In")): Object: 'Object Repository/Login/span_Sign In' is clicked on

2022-11-16 10:28:26 - [MESSAGE][PASSED] - Object: 'Object Repository/Login/span_Sign In' is clicked on

2022-11-16 10:28:26 - [TEST_STEP][PASSED] - setText(findTestObject("Object Repository/Login/input_Verify_verificationCode"), verification): Text '707501' is set on object 'Object Repository/Login/input_Verify_verificationCode'

2022-11-16 10:28:27 - [MESSAGE][PASSED] - Text '707501' is set on object 'Object Repository/Login/input_Verify_verificationCode'

2022-11-16 10:28:27 - [TEST_STEP][PASSED] - click(findTestObject("Object Repository/Login/span_Verify")): Object: 'Object Repository/Login/span_Verify' is clicked on

2022-11-16 10:28:28 - [MESSAGE][PASSED] - Object: 'Object Repository/Login/span_Verify' is clicked on

2022-11-16 10:28:28 - [TEST_STEP][PASSED] - click(findTestObject("TC003/button_aazwanSGDC-Azwan")): Object: 'Object Repository/TC003/button_aazwanSGDC-Azwan' is clicked on

2022-11-16 10:28:31 - [MESSAGE][PASSED] - Object: 'Object Repository/TC003/button_aazwanSGDC-Azwan' is clicked on

2022-11-16 10:28:31 - [TEST_STEP][PASSED] - click(findTestObject("TC003/button_company")): Object: 'Object Repository/TC003/button_company' is clicked on

2022-11-16 10:28:32 - [MESSAGE][PASSED] - Object: 'Object Repository/TC003/button_company' is clicked on

2022-11-16 10:28:32 - [TEST_STEP][PASSED] - click(findTestObject("Login/li_Company", ["company":company])): Object: 'Object Repository/Login/li_Company' is clicked on

2022-11-16 10:28:33 - [MESSAGE][PASSED] - Object: 'Object Repository/Login/li_Company' is clicked on

2022-11-16 10:28:33 - [MESSAGE][PASSED] - Call Test Case 'Test Cases/common/Login' successfully

2022-11-16 10:28:33 - [TEST_STEP][PASSED] - click(findTestObject("TC006/Page_Brivge/h6_Logistics")): Object: 'Object Repository/TC006/Page_Brivge/h6_Logistics' is clicked on

2022-11-16 10:28:34 - [MESSAGE][PASSED] - Object: 'Object Repository/TC006/Page_Brivge/h6_Logistics' is clicked on

2022-11-16 10:28:34 - [TEST_STEP][PASSED] - click(findTestObject("TC006/Page_Brivge/li_Outbound Monitoring List")): Object: 'Object Repository/TC006/Page_Brivge/li_Outbound Monitoring List' is clicked on

2022-11-16 10:28:36 - [MESSAGE][PASSED] - Object: 'Object Repository/TC006/Page_Brivge/li_Outbound Monitoring List' is clicked on

2022-11-16 10:28:36 - [TEST_STEP][PASSED] - click(findTestObject("TC006/Page_Brivge/button create")): Object: 'Object Repository/TC006/Page_Brivge/button create' is clicked on

2022-11-16 10:28:39 - [MESSAGE][PASSED] - Object: 'Object Repository/TC006/Page_Brivge/button create' is clicked on

2022-11-16 10:28:39 - [TEST_STEP][PASSED] - callTestCase(findTestCase("common/Long Form/6_1 - input basic info"), [:], STOP_ON_FAILURE): Call Test Case 'Test Cases/common/Long Form/6_1 - input basic info' successfully

2022-11-16 10:28:39 - [TEST_CASE][PASSED] - Test Cases/common/Long Form/6_1 - input basic info: Test Cases/common/Long Form/6_1 - input basic info

2022-11-16 10:28:39 - [TEST_STEP][PASSED] - click(findTestObject("TC006/Page_Brivge/input__buyer")): Object: 'Object Repository/TC006/Page_Brivge/input__buyer' is clicked on

2022-11-16 10:28:42 - [MESSAGE][PASSED] - Object: 'Object Repository/TC006/Page_Brivge/input__buyer' is clicked on

2022-11-16 10:28:42 - [TEST_STEP][PASSED] - setText(findTestObject("TC006/Page_Brivge/input__buyer"), findTestData("Toyotsu-data").getValue(4, 2)): Text 'SG-TTAP' is set on object 'Object Repository/TC006/Page_Brivge/input__buyer'

2022-11-16 10:28:43 - [MESSAGE][PASSED] - Text 'SG-TTAP' is set on object 'Object Repository/TC006/Page_Brivge/input__buyer'

2022-11-16 10:28:43 - [TEST_STEP][PASSED] - sendKeys(findTestObject("TC006/Page_Brivge/input__buyer"), Keys.chord(ENTER)): Keys 'ENTER + ' sent to object: 'Object Repository/TC006/Page_Brivge/input__buyer'

2022-11-16 10:28:44 - [MESSAGE][PASSED] - Keys 'ENTER + ' sent to object: 'Object Repository/TC006/Page_Brivge/input__buyer'

2022-11-16 10:28:44 - [TEST_STEP][PASSED] - click(findTestObject("TC006/Page_Brivge/input__receiver"), STOP_ON_FAILURE): Object: 'Object Repository/TC006/Page_Brivge/input__receiver' is clicked on

2022-11-16 10:28:45 - [MESSAGE][PASSED] - Object: 'Object Repository/TC006/Page_Brivge/input__receiver' is clicked on

2022-11-16 10:28:45 - [TEST_STEP][PASSED] - setText(findTestObject("TC006/Page_Brivge/input__receiver"), findTestData("Toyotsu-data").getValue(5, 2)): Text 'SG-TTAP-DC' is set on object 'Object Repository/TC006/Page_Brivge/input__receiver'

2022-11-16 10:28:46 - [MESSAGE][PASSED] - Text 'SG-TTAP-DC' is set on object 'Object Repository/TC006/Page_Brivge/input__receiver'

2022-11-16 10:28:46 - [TEST_STEP][PASSED] - sendKeys(findTestObject("TC006/Page_Brivge/input__receiver"), Keys.chord(ENTER)): Keys 'ENTER + ' sent to object: 'Object Repository/TC006/Page_Brivge/input__receiver'

2022-11-16 10:28:46 - [MESSAGE][PASSED] - Keys 'ENTER + ' sent to object: 'Object Repository/TC006/Page_Brivge/input__receiver'

2022-11-16 10:28:46 - [TEST_STEP][PASSED] - y = util.generateTime.dateTimeGenerator(): util.generateTime.dateTimeGenerator is PASSED

2022-11-16 10:28:46 - [MESSAGE][PASSED] - util.generateTime.dateTimeGenerator is PASSED

2022-11-16 10:28:46 - [TEST_STEP][PASSED] - outBoundRefNo = "o-" + y: null

2022-11-16 10:28:46 - [TEST_STEP][PASSED] - util.copyToExcel.exel(outBoundRefNo, 1, 5): util.copyToExcel.exel is PASSED

2022-11-16 10:28:46 - [MESSAGE][PASSED] - util.copyToExcel.exel is PASSED

2022-11-16 10:28:46 - [TEST_STEP][PASSED] - setText(findTestObject("TC006/Page_Brivge/input__outboundRefNo"), outBoundRefNo): Text 'o-20221116102846' is set on object 'Object Repository/TC006/Page_Brivge/input__outboundRefNo'

2022-11-16 10:28:48 - [MESSAGE][PASSED] - Text 'o-20221116102846' is set on object 'Object Repository/TC006/Page_Brivge/input__outboundRefNo'

2022-11-16 10:28:48 - [TEST_STEP][PASSED] - bookingNo = "BN" + y: null

2022-11-16 10:28:48 - [TEST_STEP][PASSED] - setText(findTestObject("TC006/Page_Brivge/input__bookingNo"), bookingNo): Text 'BN20221116102846' is set on object 'Object Repository/TC006/Page_Brivge/input__bookingNo'

2022-11-16 10:28:49 - [MESSAGE][PASSED] - Text 'BN20221116102846' is set on object 'Object Repository/TC006/Page_Brivge/input__bookingNo'

2022-11-16 10:28:49 - [TEST_STEP][PASSED] - util.copyToExcel.exel(bookingNo, 1, 7): util.copyToExcel.exel is PASSED

2022-11-16 10:28:49 - [MESSAGE][PASSED] - util.copyToExcel.exel is PASSED

2022-11-16 10:28:49 - [TEST_STEP][PASSED] - click(findTestObject("TC006/Page_Brivge/input__etd")): Object: 'Object Repository/TC006/Page_Brivge/input__etd' is clicked on

2022-11-16 10:28:49 - [MESSAGE][PASSED] - Object: 'Object Repository/TC006/Page_Brivge/input__etd' is clicked on

2022-11-16 10:28:49 - [TEST_STEP][PASSED] - util.handlePicker.handleCalendar(findTestObject("TC006/TC006_1/Page_Brivge/div_calendar header"), findTestObject("TC006/Page_Brivge/button next calendar"), 1, 2): util.handlePicker.handleCalendar is PASSED

2022-11-16 10:28:54 - [MESSAGE][PASSED] - util.handlePicker.handleCalendar is PASSED

2022-11-16 10:28:54 - [TEST_STEP][PASSED] - delay(2): Delayed 2 second(s)

2022-11-16 10:28:56 - [MESSAGE][PASSED] - Delayed 2 second(s)

2022-11-16 10:28:56 - [TEST_STEP][PASSED] - click(findTestObject("TC006/Page_Brivge/input__eta")): Object: 'Object Repository/TC006/Page_Brivge/input__eta' is clicked on

2022-11-16 10:28:57 - [MESSAGE][PASSED] - Object: 'Object Repository/TC006/Page_Brivge/input__eta' is clicked on

2022-11-16 10:28:57 - [TEST_STEP][PASSED] - util.handlePicker.handleCalendar(findTestObject("TC006/TC006_1/Page_Brivge/div_calendar header"), findTestObject("TC006/Page_Brivge/button next calendar"), 15, 2): util.handlePicker.handleCalendar is PASSED

2022-11-16 10:29:02 - [MESSAGE][PASSED] - util.handlePicker.handleCalendar is PASSED

2022-11-16 10:29:02 - [MESSAGE][PASSED] - Call Test Case 'Test Cases/common/Long Form/6_1 - input basic info' successfully

2022-11-16 10:29:02 - [TEST_STEP][PASSED] - callTestCase(findTestCase("common/Long Form/6_2 - input container info"), [:], STOP_ON_FAILURE): Call Test Case 'Test Cases/common/Long Form/6_2 - input container info' successfully

2022-11-16 10:29:02 - [TEST_CASE][PASSED] - Test Cases/common/Long Form/6_2 - input container info: Test Cases/common/Long Form/6_2 - input container info

2022-11-16 10:29:02 - [TEST_STEP][PASSED] - click(findTestObject("TC006/Page_Brivge/input_ADD CONTAINER_containerType")): Object: 'Object Repository/TC006/Page_Brivge/input_ADD CONTAINER_containerType' is clicked on

2022-11-16 10:29:03 - [MESSAGE][PASSED] - Object: 'Object Repository/TC006/Page_Brivge/input_ADD CONTAINER_containerType' is clicked on

2022-11-16 10:29:03 - [TEST_STEP][PASSED] - click(findTestObject("TC006/Page_Brivge/li_20FT")): Object: 'Object Repository/TC006/Page_Brivge/li_20FT' is clicked on

2022-11-16 10:29:04 - [MESSAGE][PASSED] - Object: 'Object Repository/TC006/Page_Brivge/li_20FT' is clicked on

2022-11-16 10:29:04 - [TEST_STEP][PASSED] - setText(findTestObject("TC006/Page_Brivge/input_ADD CONTAINER_containerNo"), "C-221028001"): Text 'C-221028001' is set on object 'Object Repository/TC006/Page_Brivge/input_ADD CONTAINER_containerNo'

2022-11-16 10:29:05 - [MESSAGE][PASSED] - Text 'C-221028001' is set on object 'Object Repository/TC006/Page_Brivge/input_ADD CONTAINER_containerNo'

2022-11-16 10:29:05 - [TEST_STEP][PASSED] - setText(findTestObject("TC006/Page_Brivge/input_ADD CONTAINER_sealNo"), "C-221028001"): Text 'C-221028001' is set on object 'Object Repository/TC006/Page_Brivge/input_ADD CONTAINER_sealNo'

2022-11-16 10:29:06 - [MESSAGE][PASSED] - Text 'C-221028001' is set on object 'Object Repository/TC006/Page_Brivge/input_ADD CONTAINER_sealNo'

2022-11-16 10:29:06 - [TEST_STEP][PASSED] - setText(findTestObject("TC006/Page_Brivge/input_ADD CONTAINER_m3"), "1000"): Text '1000' is set on object 'Object Repository/TC006/Page_Brivge/input_ADD CONTAINER_m3'

2022-11-16 10:29:07 - [MESSAGE][PASSED] - Text '1000' is set on object 'Object Repository/TC006/Page_Brivge/input_ADD CONTAINER_m3'

2022-11-16 10:29:07 - [TEST_STEP][PASSED] - setText(findTestObject("TC006/Page_Brivge/input_ADD CONTAINER_netWeight"), "1000"): Text '1000' is set on object 'Object Repository/TC006/Page_Brivge/input_ADD CONTAINER_netWeight'

2022-11-16 10:29:08 - [MESSAGE][PASSED] - Text '1000' is set on object 'Object Repository/TC006/Page_Brivge/input_ADD CONTAINER_netWeight'

2022-11-16 10:29:08 - [TEST_STEP][PASSED] - setText(findTestObject("TC006/Page_Brivge/input_ADD CONTAINER_grossWeight"), "1000"): Text '1000' is set on object 'Object Repository/TC006/Page_Brivge/input_ADD CONTAINER_grossWeight'

2022-11-16 10:29:09 - [MESSAGE][PASSED] - Text '1000' is set on object 'Object Repository/TC006/Page_Brivge/input_ADD CONTAINER_grossWeight'

2022-11-16 10:29:09 - [MESSAGE][PASSED] - Call Test Case 'Test Cases/common/Long Form/6_2 - input container info' successfully

2022-11-16 10:29:09 - [TEST_STEP][PASSED] - callTestCase(findTestCase("common/Long Form/6_3 - input outer package"), [:], STOP_ON_FAILURE): Call Test Case 'Test Cases/common/Long Form/6_3 - input outer package' successfully

2022-11-16 10:29:10 - [TEST_CASE][PASSED] - Test Cases/common/Long Form/6_3 - input outer package: Test Cases/common/Long Form/6_3 - input outer package

2022-11-16 10:29:10 - [TEST_STEP][PASSED] - click(findTestObject("TC006/Page_Brivge/button_ADD OUTER PACKAGE")): Object: 'Object Repository/TC006/Page_Brivge/button_ADD OUTER PACKAGE' is clicked on

2022-11-16 10:29:10 - [MESSAGE][PASSED] - Object: 'Object Repository/TC006/Page_Brivge/button_ADD OUTER PACKAGE' is clicked on

2022-11-16 10:29:10 - [TEST_STEP][PASSED] - setText(findTestObject("TC006/Page_Brivge/input_Outer Package 1_outerPackageNo"), "O-221028001"): Text 'O-221028001' is set on object 'Object Repository/TC006/Page_Brivge/input_Outer Package 1_outerPackageNo'

2022-11-16 10:29:12 - [MESSAGE][PASSED] - Text 'O-221028001' is set on object 'Object Repository/TC006/Page_Brivge/input_Outer Package 1_outerPackageNo'

2022-11-16 10:29:12 - [TEST_STEP][PASSED] - click(findTestObject("TC006/Page_Brivge/input_Outer Package 1_outerPackageType")): Object: 'Object Repository/TC006/Page_Brivge/input_Outer Package 1_outerPackageType' is clicked on

2022-11-16 10:29:13 - [MESSAGE][PASSED] - Object: 'Object Repository/TC006/Page_Brivge/input_Outer Package 1_outerPackageType' is clicked on

2022-11-16 10:29:13 - [TEST_STEP][PASSED] - click(findTestObject("TC006/Page_Brivge/li_CARTONBOX")): Object: 'Object Repository/TC006/Page_Brivge/li_CARTONBOX' is clicked on

2022-11-16 10:29:13 - [MESSAGE][PASSED] - Object: 'Object Repository/TC006/Page_Brivge/li_CARTONBOX' is clicked on

2022-11-16 10:29:13 - [TEST_STEP][PASSED] - setText(findTestObject("TC006/Page_Brivge/input_Outer Package 1_m3"), "10.0"): Text '10.0' is set on object 'Object Repository/TC006/Page_Brivge/input_Outer Package 1_m3'

2022-11-16 10:29:14 - [MESSAGE][PASSED] - Text '10.0' is set on object 'Object Repository/TC006/Page_Brivge/input_Outer Package 1_m3'

2022-11-16 10:29:14 - [TEST_STEP][PASSED] - setText(findTestObject("TC006/Page_Brivge/input_Outer Package 1_netWeight"), "10.0"): Text '10.0' is set on object 'Object Repository/TC006/Page_Brivge/input_Outer Package 1_netWeight'

2022-11-16 10:29:15 - [MESSAGE][PASSED] - Text '10.0' is set on object 'Object Repository/TC006/Page_Brivge/input_Outer Package 1_netWeight'

2022-11-16 10:29:15 - [TEST_STEP][PASSED] - setText(findTestObject("TC006/Page_Brivge/input_Outer Package 1_grossWeight"), "10.0"): Text '10.0' is set on object 'Object Repository/TC006/Page_Brivge/input_Outer Package 1_grossWeight'

2022-11-16 10:29:16 - [MESSAGE][PASSED] - Text '10.0' is set on object 'Object Repository/TC006/Page_Brivge/input_Outer Package 1_grossWeight'

2022-11-16 10:29:16 - [MESSAGE][PASSED] - Call Test Case 'Test Cases/common/Long Form/6_3 - input outer package' successfully

2022-11-16 10:29:16 - [TEST_STEP][PASSED] - callTestCase(findTestCase("common/Long Form/6_4 - input add parts"), [:], STOP_ON_FAILURE): Call Test Case 'Test Cases/common/Long Form/6_4 - input add parts' successfully

2022-11-16 10:29:16 - [TEST_CASE][PASSED] - Test Cases/common/Long Form/6_4 - input add parts: Test Cases/common/Long Form/6_4 - input add parts

2022-11-16 10:29:17 - [TEST_STEP][PASSED] - click(findTestObject("TC006/Page_Brivge/button_ADD PARTS")): Object: 'Object Repository/TC006/Page_Brivge/button_ADD PARTS' is clicked on

2022-11-16 10:29:18 - [MESSAGE][PASSED] - Object: 'Object Repository/TC006/Page_Brivge/button_ADD PARTS' is clicked on

2022-11-16 10:29:18 - [TEST_STEP][PASSED] - setText(findTestObject("TC006/TC006_4/input_inner_part_list_search"), findTestData("Toyotsu-data").getValue(3, 2)): Text 's110318-2211001' is set on object 'Object Repository/TC006/TC006_4/input_inner_part_list_search'

2022-11-16 10:29:19 - [MESSAGE][PASSED] - Text 's110318-2211001' is set on object 'Object Repository/TC006/TC006_4/input_inner_part_list_search'

2022-11-16 10:29:19 - [TEST_STEP][PASSED] - check(findTestObject("TC006/TC006_4/input_checkboxAll")): Object 'Object Repository/TC006/TC006_4/input_checkboxAll' is checked

2022-11-16 10:29:20 - [MESSAGE][PASSED] - Object 'Object Repository/TC006/TC006_4/input_checkboxAll' is checked

2022-11-16 10:29:20 - [TEST_STEP][PASSED] - click(findTestObject("TC006/TC006_4/button_OK")): Object: 'Object Repository/TC006/TC006_4/button_OK' is clicked on

2022-11-16 10:29:21 - [MESSAGE][PASSED] - Object: 'Object Repository/TC006/TC006_4/button_OK' is clicked on

2022-11-16 10:29:21 - [TEST_STEP][PASSED] - a = getText(findTestObject("TC006/TC006_4/not yet delivery price 1")): Text of object 'Object Repository/TC006/TC006_4/not yet delivery price 1' is: '1,500'

2022-11-16 10:29:22 - [MESSAGE][PASSED] - Text of object 'Object Repository/TC006/TC006_4/not yet delivery price 1' is: '1,500'

2022-11-16 10:29:22 - [TEST_STEP][PASSED] - b = getText(findTestObject("TC006/TC006_4/not yet delivery price 2")): Text of object 'Object Repository/TC006/TC006_4/not yet delivery price 2' is: '1,500'

2022-11-16 10:29:22 - [MESSAGE][PASSED] - Text of object 'Object Repository/TC006/TC006_4/not yet delivery price 2' is: '1,500'

2022-11-16 10:29:22 - [TEST_STEP][PASSED] - click(findTestObject("TC006/TC006_4/input_ADD PARTS_1"), STOP_ON_FAILURE): Object: 'Object Repository/TC006/TC006_4/input_ADD PARTS_1' is clicked on

2022-11-16 10:29:22 - [MESSAGE][PASSED] - Object: 'Object Repository/TC006/TC006_4/input_ADD PARTS_1' is clicked on

2022-11-16 10:29:22 - [TEST_STEP][PASSED] - setText(findTestObject("TC006/TC006_4/input_ADD PARTS_1"), a): Text '1,500' is set on object 'Object Repository/TC006/TC006_4/input_ADD PARTS_1'

2022-11-16 10:29:23 - [MESSAGE][PASSED] - Text '1,500' is set on object 'Object Repository/TC006/TC006_4/input_ADD PARTS_1'

2022-11-16 10:29:23 - [TEST_STEP][PASSED] - click(findTestObject("TC006/TC006_4/input_ADD PARTS_2"), STOP_ON_FAILURE): Object: 'Object Repository/TC006/TC006_4/input_ADD PARTS_2' is clicked on

2022-11-16 10:29:24 - [MESSAGE][PASSED] - Object: 'Object Repository/TC006/TC006_4/input_ADD PARTS_2' is clicked on

2022-11-16 10:29:24 - [TEST_STEP][PASSED] - setText(findTestObject("TC006/TC006_4/input_ADD PARTS_2"), b): Text '1,500' is set on object 'Object Repository/TC006/TC006_4/input_ADD PARTS_2'

2022-11-16 10:29:25 - [MESSAGE][PASSED] - Text '1,500' is set on object 'Object Repository/TC006/TC006_4/input_ADD PARTS_2'

2022-11-16 10:29:25 - [MESSAGE][PASSED] - Call Test Case 'Test Cases/common/Long Form/6_4 - input add parts' successfully

2022-11-16 10:29:25 - [TEST_STEP][PASSED] - click(findTestObject("TC006/TC006_4/click before scroll up")): Object: 'Object Repository/TC006/TC006_4/click before scroll up' is clicked on

2022-11-16 10:29:25 - [MESSAGE][PASSED] - Object: 'Object Repository/TC006/TC006_4/click before scroll up' is clicked on

2022-11-16 10:29:25 - [TEST_STEP][PASSED] - sendKeys(findTestObject(null), Keys.chord(HOME)): Keys 'HOME + ' sent to object: 'tempBody'

2022-11-16 10:29:25 - [MESSAGE][WARNING] - Test object id is null

2022-11-16 10:29:25 - [MESSAGE][WARNING] - Test object with id 'Object Repository/' does not exist

2022-11-16 10:29:26 - [MESSAGE][PASSED] - Keys 'HOME + ' sent to object: 'tempBody'

2022-11-16 10:29:26 - [TEST_STEP][PASSED] - click(findTestObject("TC006/TC006_4/button_Submit")): Object: 'Object Repository/TC006/TC006_4/button_Submit' is clicked on

2022-11-16 10:29:27 - [MESSAGE][PASSED] - Object: 'Object Repository/TC006/TC006_4/button_Submit' is clicked on

2022-11-16 10:29:27 - [TEST_STEP][PASSED] - click(findTestObject("TC006/Page_Brivge/button_CONFIRM")): Object: 'Object Repository/TC006/Page_Brivge/button_CONFIRM' is clicked on

2022-11-16 10:29:28 - [MESSAGE][PASSED] - Object: 'Object Repository/TC006/Page_Brivge/button_CONFIRM' is clicked on

2022-11-16 10:29:28 - [TEST_STEP][PASSED] - verifyElementVisible(findTestObject("TC006/Page_Brivge/p_The operation was successful")): Object 'Object Repository/TC006/Page_Brivge/p_The operation was successful' is visible

2022-11-16 10:29:31 - [MESSAGE][PASSED] - Object 'Object Repository/TC006/Page_Brivge/p_The operation was successful' is visible]]></system-out>
         <system-err><![CDATA[]]></system-err>
      </testcase>
      <testcase name="Test Cases/TC007 - Supplier Approve Release Seller GI Invoice (Supplier)" time="37.668" classname="Test Cases/TC007 - Supplier Approve Release Seller GI Invoice (Supplier)" status="PASSED">
         <system-out><![CDATA[2022-11-16 10:29:31 - [TEST_CASE][PASSED] - Test Cases/TC007 - Supplier Approve Release Seller GI Invoice (Supplier): Test Cases/TC007 - Supplier Approve Release Seller GI Invoice (Supplier)

2022-11-16 10:29:31 - [TEST_STEP][PASSED] - callTestCase(findTestCase("common/Login"), ["username":usernameAzwan, "password":passwordAzwan, "verification":verificationAzwan, "company":sgbafco], STOP_ON_FAILURE): Call Test Case 'Test Cases/common/Login' successfully

2022-11-16 10:29:32 - [TEST_CASE][PASSED] - Test Cases/common/Login: Test Cases/common/Login

2022-11-16 10:29:32 - [TEST_STEP][PASSED] - openBrowser(""): Browser is opened with url: ''

2022-11-16 10:29:32 - [MESSAGE][WARNING] - A browser is already opened. Closing browser and opening a new one

2022-11-16 10:29:32 - [MESSAGE][INFO] - Starting 'Chrome' driver

2022-11-16 10:29:32 - [MESSAGE][INFO] - User set preference: ['prefs', '{download.default_directory=C:\Katalon_downloaded_file}']

2022-11-16 10:29:32 - [MESSAGE][INFO] - Action delay is set to 0 milliseconds

2022-11-16 10:29:35 - [MESSAGE][PASSED] - Browser is opened with url: ''

2022-11-16 10:29:35 - [TEST_STEP][PASSED] - maximizeWindow(): Current window maximized

2022-11-16 10:29:35 - [MESSAGE][PASSED] - Current window maximized

2022-11-16 10:29:35 - [TEST_STEP][PASSED] - navigateToUrl("https://test.brivge.com/home"): Navigate to 'https://test.brivge.com/home' successfully

2022-11-16 10:29:38 - [MESSAGE][PASSED] - Navigate to 'https://test.brivge.com/home' successfully

2022-11-16 10:29:38 - [TEST_STEP][PASSED] - waitForElementVisible(findTestObject("Object Repository/Login/input_Sign In_username"), 0): Object 'Object Repository/Login/input_Sign In_username' is visible

2022-11-16 10:29:38 - [MESSAGE][WARNING] - Timeout '0' is invalid. Using default page load timeout: '10'

2022-11-16 10:29:40 - [MESSAGE][PASSED] - Object 'Object Repository/Login/input_Sign In_username' is visible

2022-11-16 10:29:40 - [TEST_STEP][PASSED] - setText(findTestObject("Object Repository/Login/input_Sign In_username"), username): Text 'Azwan' is set on object 'Object Repository/Login/input_Sign In_username'

2022-11-16 10:29:41 - [MESSAGE][PASSED] - Text 'Azwan' is set on object 'Object Repository/Login/input_Sign In_username'

2022-11-16 10:29:41 - [TEST_STEP][PASSED] - setText(findTestObject("Object Repository/Login/input_Sign In_password"), password): Text 'Azwan-123' is set on object 'Object Repository/Login/input_Sign In_password'

2022-11-16 10:29:41 - [MESSAGE][PASSED] - Text 'Azwan-123' is set on object 'Object Repository/Login/input_Sign In_password'

2022-11-16 10:29:41 - [TEST_STEP][PASSED] - click(findTestObject("Object Repository/Login/span_Sign In")): Object: 'Object Repository/Login/span_Sign In' is clicked on

2022-11-16 10:29:42 - [MESSAGE][PASSED] - Object: 'Object Repository/Login/span_Sign In' is clicked on

2022-11-16 10:29:42 - [TEST_STEP][PASSED] - setText(findTestObject("Object Repository/Login/input_Verify_verificationCode"), verification): Text '707501' is set on object 'Object Repository/Login/input_Verify_verificationCode'

2022-11-16 10:29:43 - [MESSAGE][PASSED] - Text '707501' is set on object 'Object Repository/Login/input_Verify_verificationCode'

2022-11-16 10:29:43 - [TEST_STEP][PASSED] - click(findTestObject("Object Repository/Login/span_Verify")): Object: 'Object Repository/Login/span_Verify' is clicked on

2022-11-16 10:29:44 - [MESSAGE][PASSED] - Object: 'Object Repository/Login/span_Verify' is clicked on

2022-11-16 10:29:44 - [TEST_STEP][PASSED] - click(findTestObject("TC003/button_aazwanSGDC-Azwan")): Object: 'Object Repository/TC003/button_aazwanSGDC-Azwan' is clicked on

2022-11-16 10:29:47 - [MESSAGE][PASSED] - Object: 'Object Repository/TC003/button_aazwanSGDC-Azwan' is clicked on

2022-11-16 10:29:47 - [TEST_STEP][PASSED] - click(findTestObject("TC003/button_company")): Object: 'Object Repository/TC003/button_company' is clicked on

2022-11-16 10:29:48 - [MESSAGE][PASSED] - Object: 'Object Repository/TC003/button_company' is clicked on

2022-11-16 10:29:48 - [TEST_STEP][PASSED] - click(findTestObject("Login/li_Company", ["company":company])): Object: 'Object Repository/Login/li_Company' is clicked on

2022-11-16 10:29:49 - [MESSAGE][PASSED] - Object: 'Object Repository/Login/li_Company' is clicked on

2022-11-16 10:29:49 - [MESSAGE][PASSED] - Call Test Case 'Test Cases/common/Login' successfully

2022-11-16 10:29:49 - [TEST_STEP][PASSED] - click(findTestObject("TC007/Page_Brivge/h6_Accounting")): Object: 'Object Repository/TC007/Page_Brivge/h6_Accounting' is clicked on

2022-11-16 10:29:49 - [MESSAGE][PASSED] - Object: 'Object Repository/TC007/Page_Brivge/h6_Accounting' is clicked on

2022-11-16 10:29:49 - [TEST_STEP][PASSED] - click(findTestObject("TC007/Page_Brivge/li_Seller(GI) Invoice List")): Object: 'Object Repository/TC007/Page_Brivge/li_Seller(GI) Invoice List' is clicked on

2022-11-16 10:29:52 - [MESSAGE][PASSED] - Object: 'Object Repository/TC007/Page_Brivge/li_Seller(GI) Invoice List' is clicked on

2022-11-16 10:29:52 - [TEST_STEP][PASSED] - setText(findTestObject("TC007/Page_Brivge/input_contract no list"), supplContractNo): Text 'SGBAFCO TO SGTTAP 1103008' is set on object 'Object Repository/TC007/Page_Brivge/input_contract no list'

2022-11-16 10:29:57 - [MESSAGE][PASSED] - Text 'SGBAFCO TO SGTTAP 1103008' is set on object 'Object Repository/TC007/Page_Brivge/input_contract no list'

2022-11-16 10:29:57 - [TEST_STEP][PASSED] - click(findTestObject("TC007/Page_Brivge/button filter")): Object: 'Object Repository/TC007/Page_Brivge/button filter' is clicked on

2022-11-16 10:29:57 - [MESSAGE][PASSED] - Object: 'Object Repository/TC007/Page_Brivge/button filter' is clicked on

2022-11-16 10:29:57 - [TEST_STEP][PASSED] - click(findTestObject("TC007/Page_Brivge/input__statusList")): Object: 'Object Repository/TC007/Page_Brivge/input__statusList' is clicked on

2022-11-16 10:29:58 - [MESSAGE][PASSED] - Object: 'Object Repository/TC007/Page_Brivge/input__statusList' is clicked on

2022-11-16 10:29:58 - [TEST_STEP][PASSED] - click(findTestObject("TC007/Page_Brivge/li_New")): Object: 'Object Repository/TC007/Page_Brivge/li_New' is clicked on

2022-11-16 10:29:59 - [MESSAGE][PASSED] - Object: 'Object Repository/TC007/Page_Brivge/li_New' is clicked on

2022-11-16 10:29:59 - [TEST_STEP][PASSED] - click(findTestObject("TC007/Page_Brivge/button_Search")): Object: 'Object Repository/TC007/Page_Brivge/button_Search' is clicked on

2022-11-16 10:29:59 - [MESSAGE][PASSED] - Object: 'Object Repository/TC007/Page_Brivge/button_Search' is clicked on

2022-11-16 10:29:59 - [TEST_STEP][PASSED] - y = getText(findTestObject("TC007/Page_Brivge/div_invoice No")): Text of object 'Object Repository/TC007/Page_Brivge/div_invoice No' is: 'BA2211014'

2022-11-16 10:30:00 - [MESSAGE][PASSED] - Text of object 'Object Repository/TC007/Page_Brivge/div_invoice No' is: 'BA2211014'

2022-11-16 10:30:00 - [TEST_STEP][PASSED] - util.copyToExcel.exel(y, 1, 6): util.copyToExcel.exel is PASSED

2022-11-16 10:30:00 - [MESSAGE][PASSED] - util.copyToExcel.exel is PASSED

2022-11-16 10:30:00 - [TEST_STEP][PASSED] - click(findTestObject("TC007/Page_Brivge/button approve")): Object: 'Object Repository/TC007/Page_Brivge/button approve' is clicked on

2022-11-16 10:30:01 - [MESSAGE][PASSED] - Object: 'Object Repository/TC007/Page_Brivge/button approve' is clicked on

2022-11-16 10:30:01 - [TEST_STEP][PASSED] - click(findTestObject("TC007/Page_Brivge/button_CONFIRM")): Object: 'Object Repository/TC007/Page_Brivge/button_CONFIRM' is clicked on

2022-11-16 10:30:01 - [MESSAGE][PASSED] - Object: 'Object Repository/TC007/Page_Brivge/button_CONFIRM' is clicked on

2022-11-16 10:30:01 - [TEST_STEP][PASSED] - verifyElementVisible(findTestObject("TC007/Page_Brivge/p_The operation was successful")): Object 'Object Repository/TC007/Page_Brivge/p_The operation was successful' is visible

2022-11-16 10:30:02 - [MESSAGE][PASSED] - Object 'Object Repository/TC007/Page_Brivge/p_The operation was successful' is visible

2022-11-16 10:30:02 - [TEST_STEP][PASSED] - click(findTestObject("TC007/Page_Brivge/button filter")): Object: 'Object Repository/TC007/Page_Brivge/button filter' is clicked on

2022-11-16 10:30:03 - [MESSAGE][PASSED] - Object: 'Object Repository/TC007/Page_Brivge/button filter' is clicked on

2022-11-16 10:30:03 - [TEST_STEP][PASSED] - click(findTestObject("TC007/Page_Brivge/button_clear")): Object: 'Object Repository/TC007/Page_Brivge/button_clear' is clicked on

2022-11-16 10:30:03 - [MESSAGE][PASSED] - Object: 'Object Repository/TC007/Page_Brivge/button_clear' is clicked on

2022-11-16 10:30:03 - [TEST_STEP][PASSED] - click(findTestObject("TC007/Page_Brivge/button_Search")): Object: 'Object Repository/TC007/Page_Brivge/button_Search' is clicked on

2022-11-16 10:30:04 - [MESSAGE][PASSED] - Object: 'Object Repository/TC007/Page_Brivge/button_Search' is clicked on

2022-11-16 10:30:04 - [TEST_STEP][PASSED] - verifyElementText(findTestObject("TC007/Page_Brivge/div_Approved"), "Approved"): Actual text and expected text of test object 'Object Repository/TC007/Page_Brivge/div_Approved' are matched.

2022-11-16 10:30:04 - [MESSAGE][PASSED] - Actual text and expected text of test object 'Object Repository/TC007/Page_Brivge/div_Approved' are matched.

2022-11-16 10:30:04 - [TEST_STEP][PASSED] - click(findTestObject("TC007/Page_Brivge/button release")): Object: 'Object Repository/TC007/Page_Brivge/button release' is clicked on

2022-11-16 10:30:05 - [MESSAGE][PASSED] - Object: 'Object Repository/TC007/Page_Brivge/button release' is clicked on

2022-11-16 10:30:05 - [TEST_STEP][PASSED] - click(findTestObject("TC007/Page_Brivge/button_CONFIRM")): Object: 'Object Repository/TC007/Page_Brivge/button_CONFIRM' is clicked on

2022-11-16 10:30:05 - [MESSAGE][PASSED] - Object: 'Object Repository/TC007/Page_Brivge/button_CONFIRM' is clicked on

2022-11-16 10:30:05 - [TEST_STEP][PASSED] - verifyElementVisible(findTestObject("TC007/Page_Brivge/p_The operation was successful")): Object 'Object Repository/TC007/Page_Brivge/p_The operation was successful' is visible

2022-11-16 10:30:06 - [MESSAGE][PASSED] - Object 'Object Repository/TC007/Page_Brivge/p_The operation was successful' is visible

2022-11-16 10:30:06 - [TEST_STEP][PASSED] - click(findTestObject("TC007/Page_Brivge/button filter")): Object: 'Object Repository/TC007/Page_Brivge/button filter' is clicked on

2022-11-16 10:30:07 - [MESSAGE][PASSED] - Object: 'Object Repository/TC007/Page_Brivge/button filter' is clicked on

2022-11-16 10:30:07 - [TEST_STEP][PASSED] - click(findTestObject("TC007/Page_Brivge/button_clear")): Object: 'Object Repository/TC007/Page_Brivge/button_clear' is clicked on

2022-11-16 10:30:07 - [MESSAGE][PASSED] - Object: 'Object Repository/TC007/Page_Brivge/button_clear' is clicked on

2022-11-16 10:30:07 - [TEST_STEP][PASSED] - click(findTestObject("TC007/Page_Brivge/button_Search")): Object: 'Object Repository/TC007/Page_Brivge/button_Search' is clicked on

2022-11-16 10:30:08 - [MESSAGE][PASSED] - Object: 'Object Repository/TC007/Page_Brivge/button_Search' is clicked on

2022-11-16 10:30:08 - [TEST_STEP][PASSED] - verifyElementText(findTestObject("TC007/Page_Brivge/div_Released"), "Released"): Actual text and expected text of test object 'Object Repository/TC007/Page_Brivge/div_Released' are matched.

2022-11-16 10:30:09 - [MESSAGE][PASSED] - Actual text and expected text of test object 'Object Repository/TC007/Page_Brivge/div_Released' are matched.]]></system-out>
         <system-err><![CDATA[]]></system-err>
      </testcase>
      <testcase name="Test Cases/TC008 - Auto Generate Buyer GR Invoice (BU)" time="36.283" classname="Test Cases/TC008 - Auto Generate Buyer GR Invoice (BU)" status="PASSED">
         <system-out><![CDATA[2022-11-16 10:30:09 - [TEST_CASE][PASSED] - Test Cases/TC008 - Auto Generate Buyer GR Invoice (BU): Test Cases/TC008 - Auto Generate Buyer GR Invoice (BU)

2022-11-16 10:30:09 - [TEST_STEP][PASSED] - callTestCase(findTestCase("common/Login"), ["username":usernameLuqman, "password":passwordLuqman, "verification":verificationLuqman, "company":sgttap], STOP_ON_FAILURE): Call Test Case 'Test Cases/common/Login' successfully

2022-11-16 10:30:09 - [TEST_CASE][PASSED] - Test Cases/common/Login: Test Cases/common/Login

2022-11-16 10:30:09 - [TEST_STEP][PASSED] - openBrowser(""): Browser is opened with url: ''

2022-11-16 10:30:09 - [MESSAGE][WARNING] - A browser is already opened. Closing browser and opening a new one

2022-11-16 10:30:10 - [MESSAGE][INFO] - Starting 'Chrome' driver

2022-11-16 10:30:10 - [MESSAGE][INFO] - User set preference: ['prefs', '{download.default_directory=C:\Katalon_downloaded_file}']

2022-11-16 10:30:10 - [MESSAGE][INFO] - Action delay is set to 0 milliseconds

2022-11-16 10:30:12 - [MESSAGE][PASSED] - Browser is opened with url: ''

2022-11-16 10:30:12 - [TEST_STEP][PASSED] - maximizeWindow(): Current window maximized

2022-11-16 10:30:12 - [MESSAGE][PASSED] - Current window maximized

2022-11-16 10:30:12 - [TEST_STEP][PASSED] - navigateToUrl("https://test.brivge.com/home"): Navigate to 'https://test.brivge.com/home' successfully

2022-11-16 10:30:15 - [MESSAGE][PASSED] - Navigate to 'https://test.brivge.com/home' successfully

2022-11-16 10:30:15 - [TEST_STEP][PASSED] - waitForElementVisible(findTestObject("Object Repository/Login/input_Sign In_username"), 0): Object 'Object Repository/Login/input_Sign In_username' is visible

2022-11-16 10:30:15 - [MESSAGE][WARNING] - Timeout '0' is invalid. Using default page load timeout: '10'

2022-11-16 10:30:17 - [MESSAGE][PASSED] - Object 'Object Repository/Login/input_Sign In_username' is visible

2022-11-16 10:30:17 - [TEST_STEP][PASSED] - setText(findTestObject("Object Repository/Login/input_Sign In_username"), username): Text 'Luqman' is set on object 'Object Repository/Login/input_Sign In_username'

2022-11-16 10:30:18 - [MESSAGE][PASSED] - Text 'Luqman' is set on object 'Object Repository/Login/input_Sign In_username'

2022-11-16 10:30:18 - [TEST_STEP][PASSED] - setText(findTestObject("Object Repository/Login/input_Sign In_password"), password): Text 'Luqman-123' is set on object 'Object Repository/Login/input_Sign In_password'

2022-11-16 10:30:19 - [MESSAGE][PASSED] - Text 'Luqman-123' is set on object 'Object Repository/Login/input_Sign In_password'

2022-11-16 10:30:19 - [TEST_STEP][PASSED] - click(findTestObject("Object Repository/Login/span_Sign In")): Object: 'Object Repository/Login/span_Sign In' is clicked on

2022-11-16 10:30:19 - [MESSAGE][PASSED] - Object: 'Object Repository/Login/span_Sign In' is clicked on

2022-11-16 10:30:19 - [TEST_STEP][PASSED] - setText(findTestObject("Object Repository/Login/input_Verify_verificationCode"), verification): Text '961818' is set on object 'Object Repository/Login/input_Verify_verificationCode'

2022-11-16 10:30:20 - [MESSAGE][PASSED] - Text '961818' is set on object 'Object Repository/Login/input_Verify_verificationCode'

2022-11-16 10:30:20 - [TEST_STEP][PASSED] - click(findTestObject("Object Repository/Login/span_Verify")): Object: 'Object Repository/Login/span_Verify' is clicked on

2022-11-16 10:30:21 - [MESSAGE][PASSED] - Object: 'Object Repository/Login/span_Verify' is clicked on

2022-11-16 10:30:21 - [TEST_STEP][PASSED] - click(findTestObject("TC003/button_aazwanSGDC-Azwan")): Object: 'Object Repository/TC003/button_aazwanSGDC-Azwan' is clicked on

2022-11-16 10:30:31 - [MESSAGE][PASSED] - Object: 'Object Repository/TC003/button_aazwanSGDC-Azwan' is clicked on

2022-11-16 10:30:31 - [TEST_STEP][PASSED] - click(findTestObject("TC003/button_company")): Object: 'Object Repository/TC003/button_company' is clicked on

2022-11-16 10:30:32 - [MESSAGE][PASSED] - Object: 'Object Repository/TC003/button_company' is clicked on

2022-11-16 10:30:32 - [TEST_STEP][PASSED] - click(findTestObject("Login/li_Company", ["company":company])): Object: 'Object Repository/Login/li_Company' is clicked on

2022-11-16 10:30:34 - [MESSAGE][PASSED] - Object: 'Object Repository/Login/li_Company' is clicked on

2022-11-16 10:30:34 - [MESSAGE][PASSED] - Call Test Case 'Test Cases/common/Login' successfully

2022-11-16 10:30:34 - [TEST_STEP][PASSED] - click(findTestObject("TC007/Page_Brivge/h6_Accounting")): Object: 'Object Repository/TC007/Page_Brivge/h6_Accounting' is clicked on

2022-11-16 10:30:34 - [MESSAGE][PASSED] - Object: 'Object Repository/TC007/Page_Brivge/h6_Accounting' is clicked on

2022-11-16 10:30:34 - [TEST_STEP][PASSED] - click(findTestObject("TC008/Page_Brivge/li_Buyer(GR) Invoice List")): Object: 'Object Repository/TC008/Page_Brivge/li_Buyer(GR) Invoice List' is clicked on

2022-11-16 10:30:36 - [MESSAGE][PASSED] - Object: 'Object Repository/TC008/Page_Brivge/li_Buyer(GR) Invoice List' is clicked on

2022-11-16 10:30:36 - [TEST_STEP][PASSED] - setText(findTestObject("TC008/Page_Brivge/input_Buyer(GR) Invoice List"), findTestData("Toyotsu-data").getValue(7, 2)): Text 'BA2211014' is set on object 'Object Repository/TC008/Page_Brivge/input_Buyer(GR) Invoice List'

2022-11-16 10:30:40 - [MESSAGE][PASSED] - Text 'BA2211014' is set on object 'Object Repository/TC008/Page_Brivge/input_Buyer(GR) Invoice List'

2022-11-16 10:30:40 - [TEST_STEP][PASSED] - verifyElementText(findTestObject("TC008/Page_Brivge/div_Released"), "Released"): Actual text and expected text of test object 'Object Repository/TC008/Page_Brivge/div_Released' are matched.

2022-11-16 10:30:40 - [MESSAGE][PASSED] - Actual text and expected text of test object 'Object Repository/TC008/Page_Brivge/div_Released' are matched.

2022-11-16 10:30:40 - [TEST_STEP][PASSED] - takeScreenshot(): Taking screenshot successfully

2022-11-16 10:30:41 - [MESSAGE][PASSED] - Taking screenshot successfully
[[ATTACHMENT|C:\\Users\\azwan\\git\\Toyotsu\\Reports\\20221116_102330\\Flow\\20221116_102330\\1668565841082.png]]

2022-11-16 10:30:41 - [TEST_STEP][PASSED] - click(findTestObject("TC008/Page_Brivge/button view")): Object: 'Object Repository/TC008/Page_Brivge/button view' is clicked on

2022-11-16 10:30:42 - [MESSAGE][PASSED] - Object: 'Object Repository/TC008/Page_Brivge/button view' is clicked on

2022-11-16 10:30:42 - [TEST_STEP][PASSED] - verifyElementVisible(findTestObject("TC008/Page_Brivge/h3_Buyer(GR) Invoice Detail")): Object 'Object Repository/TC008/Page_Brivge/h3_Buyer(GR) Invoice Detail' is visible

2022-11-16 10:30:42 - [MESSAGE][PASSED] - Object 'Object Repository/TC008/Page_Brivge/h3_Buyer(GR) Invoice Detail' is visible

2022-11-16 10:30:42 - [TEST_STEP][PASSED] - takeFullPageScreenshot(): Taking screenshot successfully

2022-11-16 10:30:43 - [MESSAGE][INFO] - 0 hidden object(s)

2022-11-16 10:30:44 - [MESSAGE][PASSED] - Taking screenshot successfully
[[ATTACHMENT|C:\\Users\\azwan\\git\\Toyotsu\\Reports\\20221116_102330\\Flow\\20221116_102330\\1668565842968.png]]

2022-11-16 10:30:44 - [TEST_STEP][PASSED] - takeFullPageScreenshotAsCheckpoint("Invoice Detail"): Taking screenshot successfully

2022-11-16 10:30:44 - [MESSAGE][INFO] - 0 hidden object(s)

2022-11-16 10:30:45 - [MESSAGE][PASSED] - Taking screenshot successfully
[[ATTACHMENT|keyes\keyes-Invoice Detail.png]]]]></system-out>
         <system-err><![CDATA[]]></system-err>
      </testcase>
      <testcase name="Test Cases/TC009 - Supplier Revise and Confirm Shipment (Supplier)" time="38.246" classname="Test Cases/TC009 - Supplier Revise and Confirm Shipment (Supplier)" status="PASSED">
         <system-out><![CDATA[2022-11-16 10:30:45 - [TEST_CASE][PASSED] - Test Cases/TC009 - Supplier Revise and Confirm Shipment (Supplier): Test Cases/TC009 - Supplier Revise and Confirm Shipment (Supplier)

2022-11-16 10:30:45 - [TEST_STEP][PASSED] - callTestCase(findTestCase("common/Login"), ["username":usernameAzwan, "password":passwordAzwan, "verification":verificationAzwan, "company":sgbafco], STOP_ON_FAILURE): Call Test Case 'Test Cases/common/Login' successfully

2022-11-16 10:30:45 - [TEST_CASE][PASSED] - Test Cases/common/Login: Test Cases/common/Login

2022-11-16 10:30:45 - [TEST_STEP][PASSED] - openBrowser(""): Browser is opened with url: ''

2022-11-16 10:30:45 - [MESSAGE][WARNING] - A browser is already opened. Closing browser and opening a new one

2022-11-16 10:30:46 - [MESSAGE][INFO] - Starting 'Chrome' driver

2022-11-16 10:30:46 - [MESSAGE][INFO] - User set preference: ['prefs', '{download.default_directory=C:\Katalon_downloaded_file}']

2022-11-16 10:30:46 - [MESSAGE][INFO] - Action delay is set to 0 milliseconds

2022-11-16 10:30:49 - [MESSAGE][PASSED] - Browser is opened with url: ''

2022-11-16 10:30:49 - [TEST_STEP][PASSED] - maximizeWindow(): Current window maximized

2022-11-16 10:30:49 - [MESSAGE][PASSED] - Current window maximized

2022-11-16 10:30:49 - [TEST_STEP][PASSED] - navigateToUrl("https://test.brivge.com/home"): Navigate to 'https://test.brivge.com/home' successfully

2022-11-16 10:30:51 - [MESSAGE][PASSED] - Navigate to 'https://test.brivge.com/home' successfully

2022-11-16 10:30:51 - [TEST_STEP][PASSED] - waitForElementVisible(findTestObject("Object Repository/Login/input_Sign In_username"), 0): Object 'Object Repository/Login/input_Sign In_username' is visible

2022-11-16 10:30:52 - [MESSAGE][WARNING] - Timeout '0' is invalid. Using default page load timeout: '10'

2022-11-16 10:30:53 - [MESSAGE][PASSED] - Object 'Object Repository/Login/input_Sign In_username' is visible

2022-11-16 10:30:53 - [TEST_STEP][PASSED] - setText(findTestObject("Object Repository/Login/input_Sign In_username"), username): Text 'Azwan' is set on object 'Object Repository/Login/input_Sign In_username'

2022-11-16 10:30:54 - [MESSAGE][PASSED] - Text 'Azwan' is set on object 'Object Repository/Login/input_Sign In_username'

2022-11-16 10:30:54 - [TEST_STEP][PASSED] - setText(findTestObject("Object Repository/Login/input_Sign In_password"), password): Text 'Azwan-123' is set on object 'Object Repository/Login/input_Sign In_password'

2022-11-16 10:30:55 - [MESSAGE][PASSED] - Text 'Azwan-123' is set on object 'Object Repository/Login/input_Sign In_password'

2022-11-16 10:30:55 - [TEST_STEP][PASSED] - click(findTestObject("Object Repository/Login/span_Sign In")): Object: 'Object Repository/Login/span_Sign In' is clicked on

2022-11-16 10:30:56 - [MESSAGE][PASSED] - Object: 'Object Repository/Login/span_Sign In' is clicked on

2022-11-16 10:30:56 - [TEST_STEP][PASSED] - setText(findTestObject("Object Repository/Login/input_Verify_verificationCode"), verification): Text '707501' is set on object 'Object Repository/Login/input_Verify_verificationCode'

2022-11-16 10:30:57 - [MESSAGE][PASSED] - Text '707501' is set on object 'Object Repository/Login/input_Verify_verificationCode'

2022-11-16 10:30:57 - [TEST_STEP][PASSED] - click(findTestObject("Object Repository/Login/span_Verify")): Object: 'Object Repository/Login/span_Verify' is clicked on

2022-11-16 10:30:57 - [MESSAGE][PASSED] - Object: 'Object Repository/Login/span_Verify' is clicked on

2022-11-16 10:30:57 - [TEST_STEP][PASSED] - click(findTestObject("TC003/button_aazwanSGDC-Azwan")): Object: 'Object Repository/TC003/button_aazwanSGDC-Azwan' is clicked on

2022-11-16 10:31:01 - [MESSAGE][PASSED] - Object: 'Object Repository/TC003/button_aazwanSGDC-Azwan' is clicked on

2022-11-16 10:31:01 - [TEST_STEP][PASSED] - click(findTestObject("TC003/button_company")): Object: 'Object Repository/TC003/button_company' is clicked on

2022-11-16 10:31:02 - [MESSAGE][PASSED] - Object: 'Object Repository/TC003/button_company' is clicked on

2022-11-16 10:31:02 - [TEST_STEP][PASSED] - click(findTestObject("Login/li_Company", ["company":company])): Object: 'Object Repository/Login/li_Company' is clicked on

2022-11-16 10:31:02 - [MESSAGE][PASSED] - Object: 'Object Repository/Login/li_Company' is clicked on

2022-11-16 10:31:02 - [MESSAGE][PASSED] - Call Test Case 'Test Cases/common/Login' successfully

2022-11-16 10:31:02 - [TEST_STEP][PASSED] - click(findTestObject("TC009/Page_Brivge/h6_Logistics")): Object: 'Object Repository/TC009/Page_Brivge/h6_Logistics' is clicked on

2022-11-16 10:31:03 - [MESSAGE][PASSED] - Object: 'Object Repository/TC009/Page_Brivge/h6_Logistics' is clicked on

2022-11-16 10:31:03 - [TEST_STEP][PASSED] - click(findTestObject("TC009/Page_Brivge/li_Shipping Detail List")): Object: 'Object Repository/TC009/Page_Brivge/li_Shipping Detail List' is clicked on

2022-11-16 10:31:06 - [MESSAGE][PASSED] - Object: 'Object Repository/TC009/Page_Brivge/li_Shipping Detail List' is clicked on

2022-11-16 10:31:06 - [TEST_STEP][PASSED] - setText(findTestObject("TC009/Page_Brivge/input_Shipping Detail List"), findTestData("Toyotsu-data").getValue(8, 2)): Text 'BN20221116102846' is set on object 'Object Repository/TC009/Page_Brivge/input_Shipping Detail List'

2022-11-16 10:31:09 - [MESSAGE][PASSED] - Text 'BN20221116102846' is set on object 'Object Repository/TC009/Page_Brivge/input_Shipping Detail List'

2022-11-16 10:31:09 - [TEST_STEP][PASSED] - click(findTestObject("TC009/Page_Brivge/button_edit")): Object: 'Object Repository/TC009/Page_Brivge/button_edit' is clicked on

2022-11-16 10:31:10 - [MESSAGE][PASSED] - Object: 'Object Repository/TC009/Page_Brivge/button_edit' is clicked on

2022-11-16 10:31:10 - [TEST_STEP][PASSED] - y = util.generateTime.dateTimeGenerator(): util.generateTime.dateTimeGenerator is PASSED

2022-11-16 10:31:10 - [MESSAGE][PASSED] - util.generateTime.dateTimeGenerator is PASSED

2022-11-16 10:31:10 - [TEST_STEP][PASSED] - click(findTestObject("TC009/Page_Brivge/input__atd")): Object: 'Object Repository/TC009/Page_Brivge/input__atd' is clicked on

2022-11-16 10:31:11 - [MESSAGE][PASSED] - Object: 'Object Repository/TC009/Page_Brivge/input__atd' is clicked on

2022-11-16 10:31:11 - [TEST_STEP][PASSED] - click(findTestObject("TC009/Page_Brivge/button next atd calendar")): Object: 'Object Repository/TC009/Page_Brivge/button next atd calendar' is clicked on

2022-11-16 10:31:12 - [MESSAGE][PASSED] - Object: 'Object Repository/TC009/Page_Brivge/button next atd calendar' is clicked on

2022-11-16 10:31:12 - [TEST_STEP][PASSED] - click(findTestObject("TC009/Page_Brivge/button_1")): Object: 'Object Repository/TC009/Page_Brivge/button_1' is clicked on

2022-11-16 10:31:14 - [MESSAGE][PASSED] - Object: 'Object Repository/TC009/Page_Brivge/button_1' is clicked on

2022-11-16 10:31:14 - [TEST_STEP][PASSED] - click(findTestObject("TC009/Page_Brivge/input__blDate")): Object: 'Object Repository/TC009/Page_Brivge/input__blDate' is clicked on

2022-11-16 10:31:14 - [MESSAGE][PASSED] - Object: 'Object Repository/TC009/Page_Brivge/input__blDate' is clicked on

2022-11-16 10:31:14 - [TEST_STEP][PASSED] - click(findTestObject("TC009/Page_Brivge/button next bl calendar")): Object: 'Object Repository/TC009/Page_Brivge/button next bl calendar' is clicked on

2022-11-16 10:31:15 - [MESSAGE][PASSED] - Object: 'Object Repository/TC009/Page_Brivge/button next bl calendar' is clicked on

2022-11-16 10:31:15 - [TEST_STEP][PASSED] - click(findTestObject("TC009/Page_Brivge/button_15")): Object: 'Object Repository/TC009/Page_Brivge/button_15' is clicked on

2022-11-16 10:31:16 - [MESSAGE][PASSED] - Object: 'Object Repository/TC009/Page_Brivge/button_15' is clicked on

2022-11-16 10:31:16 - [TEST_STEP][PASSED] - setText(findTestObject("TC009/Page_Brivge/input__blNo"), "BL No " + y): Text 'BL No 20221116103110' is set on object 'Object Repository/TC009/Page_Brivge/input__blNo'

2022-11-16 10:31:18 - [MESSAGE][PASSED] - Text 'BL No 20221116103110' is set on object 'Object Repository/TC009/Page_Brivge/input__blNo'

2022-11-16 10:31:18 - [TEST_STEP][PASSED] - setText(findTestObject("TC009/Page_Brivge/input__voyageNo"), "voyage " + y): Text 'voyage 20221116103110' is set on object 'Object Repository/TC009/Page_Brivge/input__voyageNo'

2022-11-16 10:31:19 - [MESSAGE][PASSED] - Text 'voyage 20221116103110' is set on object 'Object Repository/TC009/Page_Brivge/input__voyageNo'

2022-11-16 10:31:19 - [TEST_STEP][PASSED] - setText(findTestObject("TC009/Page_Brivge/input__vesselName"), "Vessel A"): Text 'Vessel A' is set on object 'Object Repository/TC009/Page_Brivge/input__vesselName'

2022-11-16 10:31:19 - [MESSAGE][PASSED] - Text 'Vessel A' is set on object 'Object Repository/TC009/Page_Brivge/input__vesselName'

2022-11-16 10:31:19 - [TEST_STEP][PASSED] - click(findTestObject("TC009/Page_Brivge/input__cargoStatus")): Object: 'Object Repository/TC009/Page_Brivge/input__cargoStatus' is clicked on

2022-11-16 10:31:20 - [MESSAGE][PASSED] - Object: 'Object Repository/TC009/Page_Brivge/input__cargoStatus' is clicked on

2022-11-16 10:31:20 - [TEST_STEP][PASSED] - click(findTestObject("TC009/Page_Brivge/li_Cargo Outbound")): Object: 'Object Repository/TC009/Page_Brivge/li_Cargo Outbound' is clicked on

2022-11-16 10:31:20 - [MESSAGE][PASSED] - Object: 'Object Repository/TC009/Page_Brivge/li_Cargo Outbound' is clicked on

2022-11-16 10:31:20 - [TEST_STEP][PASSED] - click(findTestObject("TC009/Page_Brivge/button_Confirm")): Object: 'Object Repository/TC009/Page_Brivge/button_Confirm' is clicked on

2022-11-16 10:31:21 - [MESSAGE][PASSED] - Object: 'Object Repository/TC009/Page_Brivge/button_Confirm' is clicked on

2022-11-16 10:31:21 - [TEST_STEP][PASSED] - verifyElementVisible(findTestObject("TC009/Page_Brivge/p_Are you sure to do Confirm(c0001)")): Object 'Object Repository/TC009/Page_Brivge/p_Are you sure to do Confirm(c0001)' is visible

2022-11-16 10:31:21 - [MESSAGE][PASSED] - Object 'Object Repository/TC009/Page_Brivge/p_Are you sure to do Confirm(c0001)' is visible

2022-11-16 10:31:21 - [TEST_STEP][PASSED] - click(findTestObject("TC009/Page_Brivge/button_CONFIRM 2")): Object: 'Object Repository/TC009/Page_Brivge/button_CONFIRM 2' is clicked on

2022-11-16 10:31:22 - [MESSAGE][PASSED] - Object: 'Object Repository/TC009/Page_Brivge/button_CONFIRM 2' is clicked on

2022-11-16 10:31:22 - [TEST_STEP][PASSED] - verifyElementVisible(findTestObject("TC007/Page_Brivge/p_The operation was successful")): Object 'Object Repository/TC007/Page_Brivge/p_The operation was successful' is visible

2022-11-16 10:31:23 - [MESSAGE][PASSED] - Object 'Object Repository/TC007/Page_Brivge/p_The operation was successful' is visible]]></system-out>
         <system-err><![CDATA[]]></system-err>
      </testcase>
      <testcase name="Test Cases/TC010 - DC Inbound Details (DC)" time="38.354" classname="Test Cases/TC010 - DC Inbound Details (DC)" status="PASSED">
         <system-out><![CDATA[2022-11-16 10:31:23 - [TEST_CASE][PASSED] - Test Cases/TC010 - DC Inbound Details (DC): Test Cases/TC010 - DC Inbound Details (DC)

2022-11-16 10:31:24 - [TEST_STEP][PASSED] - callTestCase(findTestCase("common/Login"), ["username":usernameAzwan, "password":passwordAzwan, "verification":verificationAzwan, "company":sgttapdc], STOP_ON_FAILURE): Call Test Case 'Test Cases/common/Login' successfully

2022-11-16 10:31:24 - [TEST_CASE][PASSED] - Test Cases/common/Login: Test Cases/common/Login

2022-11-16 10:31:24 - [TEST_STEP][PASSED] - openBrowser(""): Browser is opened with url: ''

2022-11-16 10:31:24 - [MESSAGE][WARNING] - A browser is already opened. Closing browser and opening a new one

2022-11-16 10:31:24 - [MESSAGE][INFO] - Starting 'Chrome' driver

2022-11-16 10:31:24 - [MESSAGE][INFO] - User set preference: ['prefs', '{download.default_directory=C:\Katalon_downloaded_file}']

2022-11-16 10:31:24 - [MESSAGE][INFO] - Action delay is set to 0 milliseconds

2022-11-16 10:31:26 - [MESSAGE][PASSED] - Browser is opened with url: ''

2022-11-16 10:31:26 - [TEST_STEP][PASSED] - maximizeWindow(): Current window maximized

2022-11-16 10:31:27 - [MESSAGE][PASSED] - Current window maximized

2022-11-16 10:31:27 - [TEST_STEP][PASSED] - navigateToUrl("https://test.brivge.com/home"): Navigate to 'https://test.brivge.com/home' successfully

2022-11-16 10:31:30 - [MESSAGE][PASSED] - Navigate to 'https://test.brivge.com/home' successfully

2022-11-16 10:31:30 - [TEST_STEP][PASSED] - waitForElementVisible(findTestObject("Object Repository/Login/input_Sign In_username"), 0): Object 'Object Repository/Login/input_Sign In_username' is visible

2022-11-16 10:31:30 - [MESSAGE][WARNING] - Timeout '0' is invalid. Using default page load timeout: '10'

2022-11-16 10:31:31 - [MESSAGE][PASSED] - Object 'Object Repository/Login/input_Sign In_username' is visible

2022-11-16 10:31:31 - [TEST_STEP][PASSED] - setText(findTestObject("Object Repository/Login/input_Sign In_username"), username): Text 'Azwan' is set on object 'Object Repository/Login/input_Sign In_username'

2022-11-16 10:31:32 - [MESSAGE][PASSED] - Text 'Azwan' is set on object 'Object Repository/Login/input_Sign In_username'

2022-11-16 10:31:32 - [TEST_STEP][PASSED] - setText(findTestObject("Object Repository/Login/input_Sign In_password"), password): Text 'Azwan-123' is set on object 'Object Repository/Login/input_Sign In_password'

2022-11-16 10:31:33 - [MESSAGE][PASSED] - Text 'Azwan-123' is set on object 'Object Repository/Login/input_Sign In_password'

2022-11-16 10:31:33 - [TEST_STEP][PASSED] - click(findTestObject("Object Repository/Login/span_Sign In")): Object: 'Object Repository/Login/span_Sign In' is clicked on

2022-11-16 10:31:34 - [MESSAGE][PASSED] - Object: 'Object Repository/Login/span_Sign In' is clicked on

2022-11-16 10:31:34 - [TEST_STEP][PASSED] - setText(findTestObject("Object Repository/Login/input_Verify_verificationCode"), verification): Text '707501' is set on object 'Object Repository/Login/input_Verify_verificationCode'

2022-11-16 10:31:35 - [MESSAGE][PASSED] - Text '707501' is set on object 'Object Repository/Login/input_Verify_verificationCode'

2022-11-16 10:31:35 - [TEST_STEP][PASSED] - click(findTestObject("Object Repository/Login/span_Verify")): Object: 'Object Repository/Login/span_Verify' is clicked on

2022-11-16 10:31:35 - [MESSAGE][PASSED] - Object: 'Object Repository/Login/span_Verify' is clicked on

2022-11-16 10:31:35 - [TEST_STEP][PASSED] - click(findTestObject("TC003/button_aazwanSGDC-Azwan")): Object: 'Object Repository/TC003/button_aazwanSGDC-Azwan' is clicked on

2022-11-16 10:31:38 - [MESSAGE][PASSED] - Object: 'Object Repository/TC003/button_aazwanSGDC-Azwan' is clicked on

2022-11-16 10:31:38 - [TEST_STEP][PASSED] - click(findTestObject("TC003/button_company")): Object: 'Object Repository/TC003/button_company' is clicked on

2022-11-16 10:31:40 - [MESSAGE][PASSED] - Object: 'Object Repository/TC003/button_company' is clicked on

2022-11-16 10:31:40 - [TEST_STEP][PASSED] - click(findTestObject("Login/li_Company", ["company":company])): Object: 'Object Repository/Login/li_Company' is clicked on

2022-11-16 10:31:40 - [MESSAGE][PASSED] - Object: 'Object Repository/Login/li_Company' is clicked on

2022-11-16 10:31:40 - [MESSAGE][PASSED] - Call Test Case 'Test Cases/common/Login' successfully

2022-11-16 10:31:40 - [TEST_STEP][PASSED] - click(findTestObject("TC010/Page_Brivge/span_Logistics")): Object: 'Object Repository/TC010/Page_Brivge/span_Logistics' is clicked on

2022-11-16 10:31:41 - [MESSAGE][PASSED] - Object: 'Object Repository/TC010/Page_Brivge/span_Logistics' is clicked on

2022-11-16 10:31:41 - [TEST_STEP][PASSED] - click(findTestObject("TC010/Page_Brivge/li_Inbound Monitoring List")): Object: 'Object Repository/TC010/Page_Brivge/li_Inbound Monitoring List' is clicked on

2022-11-16 10:31:42 - [MESSAGE][PASSED] - Object: 'Object Repository/TC010/Page_Brivge/li_Inbound Monitoring List' is clicked on

2022-11-16 10:31:42 - [TEST_STEP][PASSED] - setText(findTestObject("TC010/Page_Brivge/input_inbound list"), findTestData("Toyotsu-data").getValue(6, 2)): Text 'o-20221116102846' is set on object 'Object Repository/TC010/Page_Brivge/input_inbound list'

2022-11-16 10:31:46 - [MESSAGE][PASSED] - Text 'o-20221116102846' is set on object 'Object Repository/TC010/Page_Brivge/input_inbound list'

2022-11-16 10:31:46 - [TEST_STEP][PASSED] - click(findTestObject("TC010/Page_Brivge/checkbox")): Object: 'Object Repository/TC010/Page_Brivge/checkbox' is clicked on

2022-11-16 10:31:46 - [MESSAGE][PASSED] - Object: 'Object Repository/TC010/Page_Brivge/checkbox' is clicked on

2022-11-16 10:31:46 - [TEST_STEP][PASSED] - click(findTestObject("TC010/Page_Brivge/button download")): Object: 'Object Repository/TC010/Page_Brivge/button download' is clicked on

2022-11-16 10:31:47 - [MESSAGE][PASSED] - Object: 'Object Repository/TC010/Page_Brivge/button download' is clicked on

2022-11-16 10:31:47 - [TEST_STEP][PASSED] - click(findTestObject("TC010/Page_Brivge/li_Download Inbound Plan")): Object: 'Object Repository/TC010/Page_Brivge/li_Download Inbound Plan' is clicked on

2022-11-16 10:31:47 - [MESSAGE][PASSED] - Object: 'Object Repository/TC010/Page_Brivge/li_Download Inbound Plan' is clicked on

2022-11-16 10:31:47 - [TEST_STEP][PASSED] - verifyElementVisible(findTestObject("TC010/Page_Brivge/p_The operation was successful"), CONTINUE_ON_FAILURE): Object 'Object Repository/TC010/Page_Brivge/p_The operation was successful' is visible

2022-11-16 10:31:49 - [MESSAGE][PASSED] - Object 'Object Repository/TC010/Page_Brivge/p_The operation was successful' is visible

2022-11-16 10:31:49 - [TEST_STEP][PASSED] - delay(5): Delayed 5 second(s)

2022-11-16 10:31:54 - [MESSAGE][PASSED] - Delayed 5 second(s)

2022-11-16 10:31:54 - [TEST_STEP][PASSED] - filename = util.getDownloadedFile.getLatestFileFromDirectory(): util.getDownloadedFile.getLatestFileFromDirectory is PASSED

2022-11-16 10:31:54 - [MESSAGE][PASSED] - util.getDownloadedFile.getLatestFileFromDirectory is PASSED

2022-11-16 10:31:54 - [TEST_STEP][PASSED] - logInfo("Last file received is " + filename): Last file received is C:\Katalon_downloaded_file\Inbound Plan.20221116103148.xlsx

2022-11-16 10:31:54 - [MESSAGE][INFO] - Last file received is C:\Katalon_downloaded_file\Inbound Plan.20221116103148.xlsx

2022-11-16 10:31:54 - [TEST_STEP][PASSED] - click(findTestObject("TC010/Page_Brivge/button confirm")): Object: 'Object Repository/TC010/Page_Brivge/button confirm' is clicked on

2022-11-16 10:31:54 - [MESSAGE][PASSED] - Object: 'Object Repository/TC010/Page_Brivge/button confirm' is clicked on

2022-11-16 10:31:54 - [TEST_STEP][PASSED] - timestamp = util.generateTime.dateTimeGenerator(): util.generateTime.dateTimeGenerator is PASSED

2022-11-16 10:31:54 - [MESSAGE][PASSED] - util.generateTime.dateTimeGenerator is PASSED

2022-11-16 10:31:54 - [TEST_STEP][PASSED] - inboundRefNo = "inbound" + timestamp: null

2022-11-16 10:31:54 - [TEST_STEP][PASSED] - util.copyToExcel.exel(inboundRefNo, 1, 8): util.copyToExcel.exel is PASSED

2022-11-16 10:31:54 - [MESSAGE][PASSED] - util.copyToExcel.exel is PASSED

2022-11-16 10:31:54 - [TEST_STEP][PASSED] - setText(findTestObject("TC010/Page_Brivge/input__inboundRefNo"), inboundRefNo): Text 'inbound20221116103154' is set on object 'Object Repository/TC010/Page_Brivge/input__inboundRefNo'

2022-11-16 10:31:56 - [MESSAGE][PASSED] - Text 'inbound20221116103154' is set on object 'Object Repository/TC010/Page_Brivge/input__inboundRefNo'

2022-11-16 10:31:56 - [TEST_STEP][PASSED] - click(findTestObject("TC010/Page_Brivge/input__inboundDate")): Object: 'Object Repository/TC010/Page_Brivge/input__inboundDate' is clicked on

2022-11-16 10:31:56 - [MESSAGE][PASSED] - Object: 'Object Repository/TC010/Page_Brivge/input__inboundDate' is clicked on

2022-11-16 10:31:56 - [TEST_STEP][PASSED] - day = util.generateTime.currentDateDay(): util.generateTime.currentDateDay is PASSED

2022-11-16 10:31:56 - [MESSAGE][PASSED] - util.generateTime.currentDateDay is PASSED

2022-11-16 10:31:56 - [TEST_STEP][PASSED] - month = util.generateTime.currentMonth(): util.generateTime.currentMonth is PASSED

2022-11-16 10:31:56 - [MESSAGE][PASSED] - util.generateTime.currentMonth is PASSED

2022-11-16 10:31:56 - [TEST_STEP][PASSED] - util.handlePicker.handleCalendar(findTestObject("TC010/Page_Brivge/currentmonth"), findTestObject("TC010/Page_Brivge/button next calendar"), day, month): util.handlePicker.handleCalendar is PASSED

2022-11-16 10:31:57 - [MESSAGE][PASSED] - util.handlePicker.handleCalendar is PASSED

2022-11-16 10:31:57 - [TEST_STEP][PASSED] - util.parseValue.parseAValueToWebObject(findTestObject("TC010/Page_Brivge/input__inboundTime"), "12:00:00"): util.parseValue.parseAValueToWebObject is PASSED

2022-11-16 10:31:59 - [MESSAGE][PASSED] - Execute JavaScript 'arguments[0].value='12:00:00'' successfully

2022-11-16 10:31:59 - [MESSAGE][PASSED] - util.parseValue.parseAValueToWebObject is PASSED

2022-11-16 10:31:59 - [TEST_STEP][PASSED] - click(findTestObject("TC010/Page_Brivge/button_Confirm 2")): Object: 'Object Repository/TC010/Page_Brivge/button_Confirm 2' is clicked on

2022-11-16 10:31:59 - [MESSAGE][PASSED] - Object: 'Object Repository/TC010/Page_Brivge/button_Confirm 2' is clicked on

2022-11-16 10:31:59 - [TEST_STEP][PASSED] - click(findTestObject("TC010/Page_Brivge/button_CONFIRM 3")): Object: 'Object Repository/TC010/Page_Brivge/button_CONFIRM 3' is clicked on

2022-11-16 10:32:00 - [MESSAGE][PASSED] - Object: 'Object Repository/TC010/Page_Brivge/button_CONFIRM 3' is clicked on

2022-11-16 10:32:00 - [TEST_STEP][PASSED] - verifyElementVisible(findTestObject("TC010/Page_Brivge/p_The operation was successful")): Object 'Object Repository/TC010/Page_Brivge/p_The operation was successful' is visible

2022-11-16 10:32:01 - [MESSAGE][PASSED] - Object 'Object Repository/TC010/Page_Brivge/p_The operation was successful' is visible]]></system-out>
         <system-err><![CDATA[]]></system-err>
      </testcase>
      <testcase name="Test Cases/TC011 - DC Outbound Details (DC)" time="113.729" classname="Test Cases/TC011 - DC Outbound Details (DC)" status="PASSED">
         <system-out><![CDATA[2022-11-16 10:32:01 - [TEST_CASE][PASSED] - Test Cases/TC011 - DC Outbound Details (DC): Test Cases/TC011 - DC Outbound Details (DC)

2022-11-16 10:32:02 - [TEST_STEP][PASSED] - callTestCase(findTestCase("common/Login"), ["username":usernameLuqman, "password":passwordLuqman, "verification":verificationLuqman, "company":sgttap], STOP_ON_FAILURE): Call Test Case 'Test Cases/common/Login' successfully

2022-11-16 10:32:02 - [TEST_CASE][PASSED] - Test Cases/common/Login: Test Cases/common/Login

2022-11-16 10:32:02 - [TEST_STEP][PASSED] - openBrowser(""): Browser is opened with url: ''

2022-11-16 10:32:02 - [MESSAGE][WARNING] - A browser is already opened. Closing browser and opening a new one

2022-11-16 10:32:03 - [MESSAGE][INFO] - Starting 'Chrome' driver

2022-11-16 10:32:03 - [MESSAGE][INFO] - User set preference: ['prefs', '{download.default_directory=C:\Katalon_downloaded_file}']

2022-11-16 10:32:03 - [MESSAGE][INFO] - Action delay is set to 0 milliseconds

2022-11-16 10:32:05 - [MESSAGE][PASSED] - Browser is opened with url: ''

2022-11-16 10:32:05 - [TEST_STEP][PASSED] - maximizeWindow(): Current window maximized

2022-11-16 10:32:06 - [MESSAGE][PASSED] - Current window maximized

2022-11-16 10:32:06 - [TEST_STEP][PASSED] - navigateToUrl("https://test.brivge.com/home"): Navigate to 'https://test.brivge.com/home' successfully

2022-11-16 10:32:09 - [MESSAGE][PASSED] - Navigate to 'https://test.brivge.com/home' successfully

2022-11-16 10:32:09 - [TEST_STEP][PASSED] - waitForElementVisible(findTestObject("Object Repository/Login/input_Sign In_username"), 0): Object 'Object Repository/Login/input_Sign In_username' is visible

2022-11-16 10:32:10 - [MESSAGE][WARNING] - Timeout '0' is invalid. Using default page load timeout: '10'

2022-11-16 10:32:11 - [MESSAGE][PASSED] - Object 'Object Repository/Login/input_Sign In_username' is visible

2022-11-16 10:32:11 - [TEST_STEP][PASSED] - setText(findTestObject("Object Repository/Login/input_Sign In_username"), username): Text 'Luqman' is set on object 'Object Repository/Login/input_Sign In_username'

2022-11-16 10:32:12 - [MESSAGE][PASSED] - Text 'Luqman' is set on object 'Object Repository/Login/input_Sign In_username'

2022-11-16 10:32:12 - [TEST_STEP][PASSED] - setText(findTestObject("Object Repository/Login/input_Sign In_password"), password): Text 'Luqman-123' is set on object 'Object Repository/Login/input_Sign In_password'

2022-11-16 10:32:13 - [MESSAGE][PASSED] - Text 'Luqman-123' is set on object 'Object Repository/Login/input_Sign In_password'

2022-11-16 10:32:13 - [TEST_STEP][PASSED] - click(findTestObject("Object Repository/Login/span_Sign In")): Object: 'Object Repository/Login/span_Sign In' is clicked on

2022-11-16 10:32:14 - [MESSAGE][PASSED] - Object: 'Object Repository/Login/span_Sign In' is clicked on

2022-11-16 10:32:14 - [TEST_STEP][PASSED] - setText(findTestObject("Object Repository/Login/input_Verify_verificationCode"), verification): Text '961818' is set on object 'Object Repository/Login/input_Verify_verificationCode'

2022-11-16 10:32:15 - [MESSAGE][PASSED] - Text '961818' is set on object 'Object Repository/Login/input_Verify_verificationCode'

2022-11-16 10:32:15 - [TEST_STEP][PASSED] - click(findTestObject("Object Repository/Login/span_Verify")): Object: 'Object Repository/Login/span_Verify' is clicked on

2022-11-16 10:32:15 - [MESSAGE][PASSED] - Object: 'Object Repository/Login/span_Verify' is clicked on

2022-11-16 10:32:15 - [TEST_STEP][PASSED] - click(findTestObject("TC003/button_aazwanSGDC-Azwan")): Object: 'Object Repository/TC003/button_aazwanSGDC-Azwan' is clicked on

2022-11-16 10:32:26 - [MESSAGE][PASSED] - Object: 'Object Repository/TC003/button_aazwanSGDC-Azwan' is clicked on

2022-11-16 10:32:26 - [TEST_STEP][PASSED] - click(findTestObject("TC003/button_company")): Object: 'Object Repository/TC003/button_company' is clicked on

2022-11-16 10:32:27 - [MESSAGE][PASSED] - Object: 'Object Repository/TC003/button_company' is clicked on

2022-11-16 10:32:27 - [TEST_STEP][PASSED] - click(findTestObject("Login/li_Company", ["company":company])): Object: 'Object Repository/Login/li_Company' is clicked on

2022-11-16 10:32:28 - [MESSAGE][PASSED] - Object: 'Object Repository/Login/li_Company' is clicked on

2022-11-16 10:32:28 - [MESSAGE][PASSED] - Call Test Case 'Test Cases/common/Login' successfully

2022-11-16 10:32:28 - [TEST_STEP][PASSED] - click(findTestObject("TC011/Page_Brivge/button_Order")): Object: 'Object Repository/TC011/Page_Brivge/button_Order' is clicked on

2022-11-16 10:32:29 - [MESSAGE][PASSED] - Object: 'Object Repository/TC011/Page_Brivge/button_Order' is clicked on

2022-11-16 10:32:29 - [TEST_STEP][PASSED] - click(findTestObject("TC011/Page_Brivge/li_SO Monitoring List")): Object: 'Object Repository/TC011/Page_Brivge/li_SO Monitoring List' is clicked on

2022-11-16 10:32:30 - [MESSAGE][PASSED] - Object: 'Object Repository/TC011/Page_Brivge/li_SO Monitoring List' is clicked on

2022-11-16 10:32:30 - [TEST_STEP][PASSED] - setText(findTestObject("TC011/Page_Brivge/input_SO Monitoring List"), custContractNo): Text 'SGTTAP TO VNTTVN 1103008' is set on object 'Object Repository/TC011/Page_Brivge/input_SO Monitoring List'

2022-11-16 10:32:35 - [MESSAGE][PASSED] - Text 'SGTTAP TO VNTTVN 1103008' is set on object 'Object Repository/TC011/Page_Brivge/input_SO Monitoring List'

2022-11-16 10:32:35 - [TEST_STEP][PASSED] - y = getText(findTestObject("TC011/Page_Brivge/div_orderNo")): Text of object 'Object Repository/TC011/Page_Brivge/div_orderNo' is: 's110308-2211001'

2022-11-16 10:32:36 - [MESSAGE][PASSED] - Text of object 'Object Repository/TC011/Page_Brivge/div_orderNo' is: 's110308-2211001'

2022-11-16 10:32:36 - [TEST_STEP][PASSED] - util.copyToExcel.exel(y, 1, 12): util.copyToExcel.exel is PASSED

2022-11-16 10:32:36 - [MESSAGE][PASSED] - util.copyToExcel.exel is PASSED

2022-11-16 10:32:36 - [TEST_STEP][PASSED] - callTestCase(findTestCase("common/Login"), ["username":usernameAzwan, "password":passwordAzwan, "verification":verificationAzwan, "company":sgttapdc], STOP_ON_FAILURE): Call Test Case 'Test Cases/common/Login' successfully

2022-11-16 10:32:36 - [TEST_CASE][PASSED] - Test Cases/common/Login: Test Cases/common/Login

2022-11-16 10:32:36 - [TEST_STEP][PASSED] - openBrowser(""): Browser is opened with url: ''

2022-11-16 10:32:36 - [MESSAGE][WARNING] - A browser is already opened. Closing browser and opening a new one

2022-11-16 10:32:39 - [MESSAGE][INFO] - Starting 'Chrome' driver

2022-11-16 10:32:39 - [MESSAGE][INFO] - User set preference: ['prefs', '{download.default_directory=C:\Katalon_downloaded_file}']

2022-11-16 10:32:39 - [MESSAGE][INFO] - Action delay is set to 0 milliseconds

2022-11-16 10:32:41 - [MESSAGE][PASSED] - Browser is opened with url: ''

2022-11-16 10:32:41 - [TEST_STEP][PASSED] - maximizeWindow(): Current window maximized

2022-11-16 10:32:41 - [MESSAGE][PASSED] - Current window maximized

2022-11-16 10:32:41 - [TEST_STEP][PASSED] - navigateToUrl("https://test.brivge.com/home"): Navigate to 'https://test.brivge.com/home' successfully

2022-11-16 10:32:45 - [MESSAGE][PASSED] - Navigate to 'https://test.brivge.com/home' successfully

2022-11-16 10:32:45 - [TEST_STEP][PASSED] - waitForElementVisible(findTestObject("Object Repository/Login/input_Sign In_username"), 0): Object 'Object Repository/Login/input_Sign In_username' is visible

2022-11-16 10:32:45 - [MESSAGE][WARNING] - Timeout '0' is invalid. Using default page load timeout: '10'

2022-11-16 10:32:47 - [MESSAGE][PASSED] - Object 'Object Repository/Login/input_Sign In_username' is visible

2022-11-16 10:32:47 - [TEST_STEP][PASSED] - setText(findTestObject("Object Repository/Login/input_Sign In_username"), username): Text 'Azwan' is set on object 'Object Repository/Login/input_Sign In_username'

2022-11-16 10:32:47 - [MESSAGE][PASSED] - Text 'Azwan' is set on object 'Object Repository/Login/input_Sign In_username'

2022-11-16 10:32:47 - [TEST_STEP][PASSED] - setText(findTestObject("Object Repository/Login/input_Sign In_password"), password): Text 'Azwan-123' is set on object 'Object Repository/Login/input_Sign In_password'

2022-11-16 10:32:48 - [MESSAGE][PASSED] - Text 'Azwan-123' is set on object 'Object Repository/Login/input_Sign In_password'

2022-11-16 10:32:48 - [TEST_STEP][PASSED] - click(findTestObject("Object Repository/Login/span_Sign In")): Object: 'Object Repository/Login/span_Sign In' is clicked on

2022-11-16 10:32:49 - [MESSAGE][PASSED] - Object: 'Object Repository/Login/span_Sign In' is clicked on

2022-11-16 10:32:49 - [TEST_STEP][PASSED] - setText(findTestObject("Object Repository/Login/input_Verify_verificationCode"), verification): Text '707501' is set on object 'Object Repository/Login/input_Verify_verificationCode'

2022-11-16 10:32:50 - [MESSAGE][PASSED] - Text '707501' is set on object 'Object Repository/Login/input_Verify_verificationCode'

2022-11-16 10:32:50 - [TEST_STEP][PASSED] - click(findTestObject("Object Repository/Login/span_Verify")): Object: 'Object Repository/Login/span_Verify' is clicked on

2022-11-16 10:32:51 - [MESSAGE][PASSED] - Object: 'Object Repository/Login/span_Verify' is clicked on

2022-11-16 10:32:51 - [TEST_STEP][PASSED] - click(findTestObject("TC003/button_aazwanSGDC-Azwan")): Object: 'Object Repository/TC003/button_aazwanSGDC-Azwan' is clicked on

2022-11-16 10:32:54 - [MESSAGE][PASSED] - Object: 'Object Repository/TC003/button_aazwanSGDC-Azwan' is clicked on

2022-11-16 10:32:54 - [TEST_STEP][PASSED] - click(findTestObject("TC003/button_company")): Object: 'Object Repository/TC003/button_company' is clicked on

2022-11-16 10:32:55 - [MESSAGE][PASSED] - Object: 'Object Repository/TC003/button_company' is clicked on

2022-11-16 10:32:55 - [TEST_STEP][PASSED] - click(findTestObject("Login/li_Company", ["company":company])): Object: 'Object Repository/Login/li_Company' is clicked on

2022-11-16 10:32:56 - [MESSAGE][PASSED] - Object: 'Object Repository/Login/li_Company' is clicked on

2022-11-16 10:32:56 - [MESSAGE][PASSED] - Call Test Case 'Test Cases/common/Login' successfully

2022-11-16 10:32:56 - [TEST_STEP][PASSED] - click(findTestObject("TC006/Page_Brivge/h6_Logistics")): Object: 'Object Repository/TC006/Page_Brivge/h6_Logistics' is clicked on

2022-11-16 10:32:56 - [MESSAGE][PASSED] - Object: 'Object Repository/TC006/Page_Brivge/h6_Logistics' is clicked on

2022-11-16 10:32:56 - [TEST_STEP][PASSED] - click(findTestObject("TC006/Page_Brivge/li_Outbound Monitoring List")): Object: 'Object Repository/TC006/Page_Brivge/li_Outbound Monitoring List' is clicked on

2022-11-16 10:32:58 - [MESSAGE][PASSED] - Object: 'Object Repository/TC006/Page_Brivge/li_Outbound Monitoring List' is clicked on

2022-11-16 10:32:58 - [TEST_STEP][PASSED] - click(findTestObject("TC006/Page_Brivge/button create")): Object: 'Object Repository/TC006/Page_Brivge/button create' is clicked on

2022-11-16 10:33:00 - [MESSAGE][PASSED] - Object: 'Object Repository/TC006/Page_Brivge/button create' is clicked on

2022-11-16 10:33:00 - [TEST_STEP][PASSED] - callTestCase(findTestCase("common/Long Form/11_1 - input basic info"), [:], STOP_ON_FAILURE): Call Test Case 'Test Cases/common/Long Form/11_1 - input basic info' successfully

2022-11-16 10:33:00 - [TEST_CASE][PASSED] - Test Cases/common/Long Form/11_1 - input basic info: Test Cases/common/Long Form/11_1 - input basic info

2022-11-16 10:33:01 - [TEST_STEP][PASSED] - click(findTestObject("TC006/Page_Brivge/input__buyer")): Object: 'Object Repository/TC006/Page_Brivge/input__buyer' is clicked on

2022-11-16 10:33:03 - [MESSAGE][PASSED] - Object: 'Object Repository/TC006/Page_Brivge/input__buyer' is clicked on

2022-11-16 10:33:03 - [TEST_STEP][PASSED] - setText(findTestObject("TC006/Page_Brivge/input__buyer"), "VN-TTVN"): Text 'VN-TTVN' is set on object 'Object Repository/TC006/Page_Brivge/input__buyer'

2022-11-16 10:33:04 - [MESSAGE][PASSED] - Text 'VN-TTVN' is set on object 'Object Repository/TC006/Page_Brivge/input__buyer'

2022-11-16 10:33:04 - [TEST_STEP][PASSED] - sendKeys(findTestObject("TC006/Page_Brivge/input__buyer"), Keys.chord(ENTER)): Keys 'ENTER + ' sent to object: 'Object Repository/TC006/Page_Brivge/input__buyer'

2022-11-16 10:33:04 - [MESSAGE][PASSED] - Keys 'ENTER + ' sent to object: 'Object Repository/TC006/Page_Brivge/input__buyer'

2022-11-16 10:33:04 - [TEST_STEP][PASSED] - click(findTestObject("TC006/Page_Brivge/input__receiver"), STOP_ON_FAILURE): Object: 'Object Repository/TC006/Page_Brivge/input__receiver' is clicked on

2022-11-16 10:33:05 - [MESSAGE][PASSED] - Object: 'Object Repository/TC006/Page_Brivge/input__receiver' is clicked on

2022-11-16 10:33:05 - [TEST_STEP][PASSED] - setText(findTestObject("TC006/Page_Brivge/input__receiver"), "VN-TTVN"): Text 'VN-TTVN' is set on object 'Object Repository/TC006/Page_Brivge/input__receiver'

2022-11-16 10:33:07 - [MESSAGE][PASSED] - Text 'VN-TTVN' is set on object 'Object Repository/TC006/Page_Brivge/input__receiver'

2022-11-16 10:33:07 - [TEST_STEP][PASSED] - sendKeys(findTestObject("TC006/Page_Brivge/input__receiver"), Keys.chord(ENTER)): Keys 'ENTER + ' sent to object: 'Object Repository/TC006/Page_Brivge/input__receiver'

2022-11-16 10:33:07 - [MESSAGE][PASSED] - Keys 'ENTER + ' sent to object: 'Object Repository/TC006/Page_Brivge/input__receiver'

2022-11-16 10:33:07 - [TEST_STEP][PASSED] - y = util.generateTime.dateTimeGenerator(): util.generateTime.dateTimeGenerator is PASSED

2022-11-16 10:33:07 - [MESSAGE][PASSED] - util.generateTime.dateTimeGenerator is PASSED

2022-11-16 10:33:07 - [TEST_STEP][PASSED] - outBoundRefNo = "o-" + y: null

2022-11-16 10:33:07 - [TEST_STEP][PASSED] - util.copyToExcel.exel(outBoundRefNo, 1, 9): util.copyToExcel.exel is PASSED

2022-11-16 10:33:07 - [MESSAGE][PASSED] - util.copyToExcel.exel is PASSED

2022-11-16 10:33:07 - [TEST_STEP][PASSED] - setText(findTestObject("TC006/Page_Brivge/input__outboundRefNo"), outBoundRefNo): Text 'o-20221116103307' is set on object 'Object Repository/TC006/Page_Brivge/input__outboundRefNo'

2022-11-16 10:33:08 - [MESSAGE][PASSED] - Text 'o-20221116103307' is set on object 'Object Repository/TC006/Page_Brivge/input__outboundRefNo'

2022-11-16 10:33:08 - [TEST_STEP][PASSED] - bookingNo = "BN" + y: null

2022-11-16 10:33:08 - [TEST_STEP][PASSED] - setText(findTestObject("TC006/Page_Brivge/input__bookingNo"), bookingNo): Text 'BN20221116103307' is set on object 'Object Repository/TC006/Page_Brivge/input__bookingNo'

2022-11-16 10:33:10 - [MESSAGE][PASSED] - Text 'BN20221116103307' is set on object 'Object Repository/TC006/Page_Brivge/input__bookingNo'

2022-11-16 10:33:10 - [TEST_STEP][PASSED] - util.copyToExcel.exel(bookingNo, 1, 10): util.copyToExcel.exel is PASSED

2022-11-16 10:33:10 - [MESSAGE][PASSED] - util.copyToExcel.exel is PASSED

2022-11-16 10:33:10 - [TEST_STEP][PASSED] - click(findTestObject("TC006/Page_Brivge/input__etd")): Object: 'Object Repository/TC006/Page_Brivge/input__etd' is clicked on

2022-11-16 10:33:10 - [MESSAGE][PASSED] - Object: 'Object Repository/TC006/Page_Brivge/input__etd' is clicked on

2022-11-16 10:33:10 - [TEST_STEP][PASSED] - util.handlePicker.handleCalendar(findTestObject("TC006/TC006_1/Page_Brivge/div_calendar header"), findTestObject("TC006/Page_Brivge/button next calendar"), 1, 2): util.handlePicker.handleCalendar is PASSED

2022-11-16 10:33:15 - [MESSAGE][PASSED] - util.handlePicker.handleCalendar is PASSED

2022-11-16 10:33:15 - [TEST_STEP][PASSED] - delay(2): Delayed 2 second(s)

2022-11-16 10:33:17 - [MESSAGE][PASSED] - Delayed 2 second(s)

2022-11-16 10:33:17 - [TEST_STEP][PASSED] - click(findTestObject("TC006/Page_Brivge/input__eta")): Object: 'Object Repository/TC006/Page_Brivge/input__eta' is clicked on

2022-11-16 10:33:17 - [MESSAGE][PASSED] - Object: 'Object Repository/TC006/Page_Brivge/input__eta' is clicked on

2022-11-16 10:33:17 - [TEST_STEP][PASSED] - util.handlePicker.handleCalendar(findTestObject("TC006/TC006_1/Page_Brivge/div_calendar header"), findTestObject("TC006/Page_Brivge/button next calendar"), 15, 2): util.handlePicker.handleCalendar is PASSED

2022-11-16 10:33:22 - [MESSAGE][PASSED] - util.handlePicker.handleCalendar is PASSED

2022-11-16 10:33:22 - [MESSAGE][PASSED] - Call Test Case 'Test Cases/common/Long Form/11_1 - input basic info' successfully

2022-11-16 10:33:22 - [TEST_STEP][PASSED] - callTestCase(findTestCase("common/Long Form/11_2 - input container info"), [:], STOP_ON_FAILURE): Call Test Case 'Test Cases/common/Long Form/11_2 - input container info' successfully

2022-11-16 10:33:22 - [TEST_CASE][PASSED] - Test Cases/common/Long Form/11_2 - input container info: Test Cases/common/Long Form/11_2 - input container info

2022-11-16 10:33:23 - [TEST_STEP][PASSED] - click(findTestObject("TC006/Page_Brivge/input_ADD CONTAINER_containerType")): Object: 'Object Repository/TC006/Page_Brivge/input_ADD CONTAINER_containerType' is clicked on

2022-11-16 10:33:24 - [MESSAGE][PASSED] - Object: 'Object Repository/TC006/Page_Brivge/input_ADD CONTAINER_containerType' is clicked on

2022-11-16 10:33:24 - [TEST_STEP][PASSED] - click(findTestObject("TC006/Page_Brivge/li_20FT")): Object: 'Object Repository/TC006/Page_Brivge/li_20FT' is clicked on

2022-11-16 10:33:25 - [MESSAGE][PASSED] - Object: 'Object Repository/TC006/Page_Brivge/li_20FT' is clicked on

2022-11-16 10:33:25 - [TEST_STEP][PASSED] - setText(findTestObject("TC006/Page_Brivge/input_ADD CONTAINER_containerNo"), "C-221028001"): Text 'C-221028001' is set on object 'Object Repository/TC006/Page_Brivge/input_ADD CONTAINER_containerNo'

2022-11-16 10:33:26 - [MESSAGE][PASSED] - Text 'C-221028001' is set on object 'Object Repository/TC006/Page_Brivge/input_ADD CONTAINER_containerNo'

2022-11-16 10:33:26 - [TEST_STEP][PASSED] - setText(findTestObject("TC006/Page_Brivge/input_ADD CONTAINER_sealNo"), "C-221028001"): Text 'C-221028001' is set on object 'Object Repository/TC006/Page_Brivge/input_ADD CONTAINER_sealNo'

2022-11-16 10:33:27 - [MESSAGE][PASSED] - Text 'C-221028001' is set on object 'Object Repository/TC006/Page_Brivge/input_ADD CONTAINER_sealNo'

2022-11-16 10:33:27 - [TEST_STEP][PASSED] - setText(findTestObject("TC006/Page_Brivge/input_ADD CONTAINER_m3"), "1000"): Text '1000' is set on object 'Object Repository/TC006/Page_Brivge/input_ADD CONTAINER_m3'

2022-11-16 10:33:29 - [MESSAGE][PASSED] - Text '1000' is set on object 'Object Repository/TC006/Page_Brivge/input_ADD CONTAINER_m3'

2022-11-16 10:33:29 - [TEST_STEP][PASSED] - setText(findTestObject("TC006/Page_Brivge/input_ADD CONTAINER_netWeight"), "1000"): Text '1000' is set on object 'Object Repository/TC006/Page_Brivge/input_ADD CONTAINER_netWeight'

2022-11-16 10:33:30 - [MESSAGE][PASSED] - Text '1000' is set on object 'Object Repository/TC006/Page_Brivge/input_ADD CONTAINER_netWeight'

2022-11-16 10:33:30 - [TEST_STEP][PASSED] - setText(findTestObject("TC006/Page_Brivge/input_ADD CONTAINER_grossWeight"), "1000"): Text '1000' is set on object 'Object Repository/TC006/Page_Brivge/input_ADD CONTAINER_grossWeight'

2022-11-16 10:33:31 - [MESSAGE][PASSED] - Text '1000' is set on object 'Object Repository/TC006/Page_Brivge/input_ADD CONTAINER_grossWeight'

2022-11-16 10:33:31 - [MESSAGE][PASSED] - Call Test Case 'Test Cases/common/Long Form/11_2 - input container info' successfully

2022-11-16 10:33:31 - [TEST_STEP][PASSED] - callTestCase(findTestCase("common/Long Form/11_3 - input outer package"), [:], STOP_ON_FAILURE): Call Test Case 'Test Cases/common/Long Form/11_3 - input outer package' successfully

2022-11-16 10:33:31 - [TEST_CASE][PASSED] - Test Cases/common/Long Form/11_3 - input outer package: Test Cases/common/Long Form/11_3 - input outer package

2022-11-16 10:33:31 - [TEST_STEP][PASSED] - click(findTestObject("TC006/Page_Brivge/button_ADD OUTER PACKAGE")): Object: 'Object Repository/TC006/Page_Brivge/button_ADD OUTER PACKAGE' is clicked on

2022-11-16 10:33:32 - [MESSAGE][PASSED] - Object: 'Object Repository/TC006/Page_Brivge/button_ADD OUTER PACKAGE' is clicked on

2022-11-16 10:33:32 - [TEST_STEP][PASSED] - setText(findTestObject("TC006/Page_Brivge/input_Outer Package 1_outerPackageNo"), "O-221028001"): Text 'O-221028001' is set on object 'Object Repository/TC006/Page_Brivge/input_Outer Package 1_outerPackageNo'

2022-11-16 10:33:34 - [MESSAGE][PASSED] - Text 'O-221028001' is set on object 'Object Repository/TC006/Page_Brivge/input_Outer Package 1_outerPackageNo'

2022-11-16 10:33:34 - [TEST_STEP][PASSED] - click(findTestObject("TC006/Page_Brivge/input_Outer Package 1_outerPackageType")): Object: 'Object Repository/TC006/Page_Brivge/input_Outer Package 1_outerPackageType' is clicked on

2022-11-16 10:33:34 - [MESSAGE][PASSED] - Object: 'Object Repository/TC006/Page_Brivge/input_Outer Package 1_outerPackageType' is clicked on

2022-11-16 10:33:34 - [TEST_STEP][PASSED] - click(findTestObject("TC006/Page_Brivge/li_CARTONBOX")): Object: 'Object Repository/TC006/Page_Brivge/li_CARTONBOX' is clicked on

2022-11-16 10:33:35 - [MESSAGE][PASSED] - Object: 'Object Repository/TC006/Page_Brivge/li_CARTONBOX' is clicked on

2022-11-16 10:33:35 - [TEST_STEP][PASSED] - setText(findTestObject("TC006/Page_Brivge/input_Outer Package 1_m3"), "10.0"): Text '10.0' is set on object 'Object Repository/TC006/Page_Brivge/input_Outer Package 1_m3'

2022-11-16 10:33:36 - [MESSAGE][PASSED] - Text '10.0' is set on object 'Object Repository/TC006/Page_Brivge/input_Outer Package 1_m3'

2022-11-16 10:33:36 - [TEST_STEP][PASSED] - setText(findTestObject("TC006/Page_Brivge/input_Outer Package 1_netWeight"), "10.0"): Text '10.0' is set on object 'Object Repository/TC006/Page_Brivge/input_Outer Package 1_netWeight'

2022-11-16 10:33:37 - [MESSAGE][PASSED] - Text '10.0' is set on object 'Object Repository/TC006/Page_Brivge/input_Outer Package 1_netWeight'

2022-11-16 10:33:37 - [TEST_STEP][PASSED] - setText(findTestObject("TC006/Page_Brivge/input_Outer Package 1_grossWeight"), "10.0"): Text '10.0' is set on object 'Object Repository/TC006/Page_Brivge/input_Outer Package 1_grossWeight'

2022-11-16 10:33:38 - [MESSAGE][PASSED] - Text '10.0' is set on object 'Object Repository/TC006/Page_Brivge/input_Outer Package 1_grossWeight'

2022-11-16 10:33:38 - [MESSAGE][PASSED] - Call Test Case 'Test Cases/common/Long Form/11_3 - input outer package' successfully

2022-11-16 10:33:38 - [TEST_STEP][PASSED] - callTestCase(findTestCase("common/Long Form/11_4 - input add parts"), [:], STOP_ON_FAILURE): Call Test Case 'Test Cases/common/Long Form/11_4 - input add parts' successfully

2022-11-16 10:33:38 - [TEST_CASE][PASSED] - Test Cases/common/Long Form/11_4 - input add parts: Test Cases/common/Long Form/11_4 - input add parts

2022-11-16 10:33:39 - [TEST_STEP][PASSED] - click(findTestObject("TC006/Page_Brivge/button_ADD PARTS")): Object: 'Object Repository/TC006/Page_Brivge/button_ADD PARTS' is clicked on

2022-11-16 10:33:40 - [MESSAGE][PASSED] - Object: 'Object Repository/TC006/Page_Brivge/button_ADD PARTS' is clicked on

2022-11-16 10:33:40 - [TEST_STEP][PASSED] - setText(findTestObject("TC006/TC006_4/input_inner_part_list_search"), findTestData("Toyotsu-data").getValue(13, 2)): Text 's110308-2211001' is set on object 'Object Repository/TC006/TC006_4/input_inner_part_list_search'

2022-11-16 10:33:41 - [MESSAGE][PASSED] - Text 's110308-2211001' is set on object 'Object Repository/TC006/TC006_4/input_inner_part_list_search'

2022-11-16 10:33:41 - [TEST_STEP][PASSED] - check(findTestObject("TC006/TC006_4/input_checkboxAll")): Object 'Object Repository/TC006/TC006_4/input_checkboxAll' is checked

2022-11-16 10:33:42 - [MESSAGE][PASSED] - Object 'Object Repository/TC006/TC006_4/input_checkboxAll' is checked

2022-11-16 10:33:42 - [TEST_STEP][PASSED] - click(findTestObject("TC006/TC006_4/button_OK")): Object: 'Object Repository/TC006/TC006_4/button_OK' is clicked on

2022-11-16 10:33:43 - [MESSAGE][PASSED] - Object: 'Object Repository/TC006/TC006_4/button_OK' is clicked on

2022-11-16 10:33:43 - [TEST_STEP][PASSED] - a = getText(findTestObject("TC006/TC006_4/not yet delivery price 1")): Text of object 'Object Repository/TC006/TC006_4/not yet delivery price 1' is: '1,500'

2022-11-16 10:33:44 - [MESSAGE][PASSED] - Text of object 'Object Repository/TC006/TC006_4/not yet delivery price 1' is: '1,500'

2022-11-16 10:33:44 - [TEST_STEP][PASSED] - b = getText(findTestObject("TC006/TC006_4/not yet delivery price 2")): Text of object 'Object Repository/TC006/TC006_4/not yet delivery price 2' is: '1,500'

2022-11-16 10:33:44 - [MESSAGE][PASSED] - Text of object 'Object Repository/TC006/TC006_4/not yet delivery price 2' is: '1,500'

2022-11-16 10:33:44 - [TEST_STEP][PASSED] - click(findTestObject("TC006/TC006_4/input_ADD PARTS_1"), STOP_ON_FAILURE): Object: 'Object Repository/TC006/TC006_4/input_ADD PARTS_1' is clicked on

2022-11-16 10:33:45 - [MESSAGE][PASSED] - Object: 'Object Repository/TC006/TC006_4/input_ADD PARTS_1' is clicked on

2022-11-16 10:33:45 - [TEST_STEP][PASSED] - setText(findTestObject("TC006/TC006_4/input_ADD PARTS_1"), a): Text '1,500' is set on object 'Object Repository/TC006/TC006_4/input_ADD PARTS_1'

2022-11-16 10:33:46 - [MESSAGE][PASSED] - Text '1,500' is set on object 'Object Repository/TC006/TC006_4/input_ADD PARTS_1'

2022-11-16 10:33:46 - [TEST_STEP][PASSED] - click(findTestObject("TC006/TC006_4/input_ADD PARTS_2"), STOP_ON_FAILURE): Object: 'Object Repository/TC006/TC006_4/input_ADD PARTS_2' is clicked on

2022-11-16 10:33:46 - [MESSAGE][PASSED] - Object: 'Object Repository/TC006/TC006_4/input_ADD PARTS_2' is clicked on

2022-11-16 10:33:46 - [TEST_STEP][PASSED] - setText(findTestObject("TC006/TC006_4/input_ADD PARTS_2"), b): Text '1,500' is set on object 'Object Repository/TC006/TC006_4/input_ADD PARTS_2'

2022-11-16 10:33:47 - [MESSAGE][PASSED] - Text '1,500' is set on object 'Object Repository/TC006/TC006_4/input_ADD PARTS_2'

2022-11-16 10:33:47 - [MESSAGE][PASSED] - Call Test Case 'Test Cases/common/Long Form/11_4 - input add parts' successfully

2022-11-16 10:33:47 - [TEST_STEP][PASSED] - click(findTestObject("TC006/TC006_4/click before scroll up")): Object: 'Object Repository/TC006/TC006_4/click before scroll up' is clicked on

2022-11-16 10:33:48 - [MESSAGE][PASSED] - Object: 'Object Repository/TC006/TC006_4/click before scroll up' is clicked on

2022-11-16 10:33:48 - [TEST_STEP][PASSED] - sendKeys(findTestObject(null), Keys.chord(HOME)): Keys 'HOME + ' sent to object: 'tempBody'

2022-11-16 10:33:48 - [MESSAGE][WARNING] - Test object id is null

2022-11-16 10:33:48 - [MESSAGE][WARNING] - Test object with id 'Object Repository/' does not exist

2022-11-16 10:33:48 - [MESSAGE][PASSED] - Keys 'HOME + ' sent to object: 'tempBody'

2022-11-16 10:33:48 - [TEST_STEP][PASSED] - click(findTestObject("TC006/TC006_4/button_Submit")): Object: 'Object Repository/TC006/TC006_4/button_Submit' is clicked on

2022-11-16 10:33:50 - [MESSAGE][PASSED] - Object: 'Object Repository/TC006/TC006_4/button_Submit' is clicked on

2022-11-16 10:33:50 - [TEST_STEP][PASSED] - click(findTestObject("TC006/Page_Brivge/button_CONFIRM")): Object: 'Object Repository/TC006/Page_Brivge/button_CONFIRM' is clicked on

2022-11-16 10:33:51 - [MESSAGE][PASSED] - Object: 'Object Repository/TC006/Page_Brivge/button_CONFIRM' is clicked on

2022-11-16 10:33:51 - [TEST_STEP][PASSED] - verifyElementVisible(findTestObject("TC006/Page_Brivge/p_The operation was successful")): Object 'Object Repository/TC006/Page_Brivge/p_The operation was successful' is visible

2022-11-16 10:33:55 - [MESSAGE][PASSED] - Object 'Object Repository/TC006/Page_Brivge/p_The operation was successful' is visible]]></system-out>
         <system-err><![CDATA[]]></system-err>
      </testcase>
      <testcase name="Test Cases/TC012 - Revise and Approve Seller Invoice (BU)" time="37.943" classname="Test Cases/TC012 - Revise and Approve Seller Invoice (BU)" status="PASSED">
         <system-out><![CDATA[2022-11-16 10:33:55 - [TEST_CASE][PASSED] - Test Cases/TC012 - Revise and Approve Seller Invoice (BU): Test Cases/TC012 - Revise and Approve Seller Invoice (BU)

2022-11-16 10:33:56 - [TEST_STEP][PASSED] - callTestCase(findTestCase("common/Login"), ["username":usernameLuqman, "password":passwordLuqman, "verification":verificationLuqman, "company":sgttap], STOP_ON_FAILURE): Call Test Case 'Test Cases/common/Login' successfully

2022-11-16 10:33:56 - [TEST_CASE][PASSED] - Test Cases/common/Login: Test Cases/common/Login

2022-11-16 10:33:56 - [TEST_STEP][PASSED] - openBrowser(""): Browser is opened with url: ''

2022-11-16 10:33:56 - [MESSAGE][WARNING] - A browser is already opened. Closing browser and opening a new one

2022-11-16 10:33:57 - [MESSAGE][INFO] - Starting 'Chrome' driver

2022-11-16 10:33:57 - [MESSAGE][INFO] - User set preference: ['prefs', '{download.default_directory=C:\Katalon_downloaded_file}']

2022-11-16 10:33:57 - [MESSAGE][INFO] - Action delay is set to 0 milliseconds

2022-11-16 10:33:59 - [MESSAGE][PASSED] - Browser is opened with url: ''

2022-11-16 10:33:59 - [TEST_STEP][PASSED] - maximizeWindow(): Current window maximized

2022-11-16 10:33:59 - [MESSAGE][PASSED] - Current window maximized

2022-11-16 10:33:59 - [TEST_STEP][PASSED] - navigateToUrl("https://test.brivge.com/home"): Navigate to 'https://test.brivge.com/home' successfully

2022-11-16 10:34:03 - [MESSAGE][PASSED] - Navigate to 'https://test.brivge.com/home' successfully

2022-11-16 10:34:03 - [TEST_STEP][PASSED] - waitForElementVisible(findTestObject("Object Repository/Login/input_Sign In_username"), 0): Object 'Object Repository/Login/input_Sign In_username' is visible

2022-11-16 10:34:03 - [MESSAGE][WARNING] - Timeout '0' is invalid. Using default page load timeout: '10'

2022-11-16 10:34:05 - [MESSAGE][PASSED] - Object 'Object Repository/Login/input_Sign In_username' is visible

2022-11-16 10:34:05 - [TEST_STEP][PASSED] - setText(findTestObject("Object Repository/Login/input_Sign In_username"), username): Text 'Luqman' is set on object 'Object Repository/Login/input_Sign In_username'

2022-11-16 10:34:05 - [MESSAGE][PASSED] - Text 'Luqman' is set on object 'Object Repository/Login/input_Sign In_username'

2022-11-16 10:34:05 - [TEST_STEP][PASSED] - setText(findTestObject("Object Repository/Login/input_Sign In_password"), password): Text 'Luqman-123' is set on object 'Object Repository/Login/input_Sign In_password'

2022-11-16 10:34:06 - [MESSAGE][PASSED] - Text 'Luqman-123' is set on object 'Object Repository/Login/input_Sign In_password'

2022-11-16 10:34:06 - [TEST_STEP][PASSED] - click(findTestObject("Object Repository/Login/span_Sign In")): Object: 'Object Repository/Login/span_Sign In' is clicked on

2022-11-16 10:34:07 - [MESSAGE][PASSED] - Object: 'Object Repository/Login/span_Sign In' is clicked on

2022-11-16 10:34:07 - [TEST_STEP][PASSED] - setText(findTestObject("Object Repository/Login/input_Verify_verificationCode"), verification): Text '961818' is set on object 'Object Repository/Login/input_Verify_verificationCode'

2022-11-16 10:34:08 - [MESSAGE][PASSED] - Text '961818' is set on object 'Object Repository/Login/input_Verify_verificationCode'

2022-11-16 10:34:08 - [TEST_STEP][PASSED] - click(findTestObject("Object Repository/Login/span_Verify")): Object: 'Object Repository/Login/span_Verify' is clicked on

2022-11-16 10:34:09 - [MESSAGE][PASSED] - Object: 'Object Repository/Login/span_Verify' is clicked on

2022-11-16 10:34:09 - [TEST_STEP][PASSED] - click(findTestObject("TC003/button_aazwanSGDC-Azwan")): Object: 'Object Repository/TC003/button_aazwanSGDC-Azwan' is clicked on

2022-11-16 10:34:19 - [MESSAGE][PASSED] - Object: 'Object Repository/TC003/button_aazwanSGDC-Azwan' is clicked on

2022-11-16 10:34:19 - [TEST_STEP][PASSED] - click(findTestObject("TC003/button_company")): Object: 'Object Repository/TC003/button_company' is clicked on

2022-11-16 10:34:21 - [MESSAGE][PASSED] - Object: 'Object Repository/TC003/button_company' is clicked on

2022-11-16 10:34:21 - [TEST_STEP][PASSED] - click(findTestObject("Login/li_Company", ["company":company])): Object: 'Object Repository/Login/li_Company' is clicked on

2022-11-16 10:34:22 - [MESSAGE][PASSED] - Object: 'Object Repository/Login/li_Company' is clicked on

2022-11-16 10:34:22 - [MESSAGE][PASSED] - Call Test Case 'Test Cases/common/Login' successfully

2022-11-16 10:34:22 - [TEST_STEP][PASSED] - click(findTestObject("TC012/button_Accounting")): Object: 'Object Repository/TC012/button_Accounting' is clicked on

2022-11-16 10:34:23 - [MESSAGE][PASSED] - Object: 'Object Repository/TC012/button_Accounting' is clicked on

2022-11-16 10:34:23 - [TEST_STEP][PASSED] - click(findTestObject("TC012/li_Seller(GI) Invoice List")): Object: 'Object Repository/TC012/li_Seller(GI) Invoice List' is clicked on

2022-11-16 10:34:24 - [MESSAGE][PASSED] - Object: 'Object Repository/TC012/li_Seller(GI) Invoice List' is clicked on

2022-11-16 10:34:24 - [TEST_STEP][PASSED] - click(findTestObject("TC012/input_Seller(GI) Invoice List")): Object: 'Object Repository/TC012/input_Seller(GI) Invoice List' is clicked on

2022-11-16 10:34:25 - [MESSAGE][PASSED] - Object: 'Object Repository/TC012/input_Seller(GI) Invoice List' is clicked on

2022-11-16 10:34:25 - [TEST_STEP][PASSED] - setText(findTestObject("TC012/input_Seller(GI) Invoice List"), custContractNo): Text 'SGTTAP TO VNTTVN 1103008' is set on object 'Object Repository/TC012/input_Seller(GI) Invoice List'

2022-11-16 10:34:30 - [MESSAGE][PASSED] - Text 'SGTTAP TO VNTTVN 1103008' is set on object 'Object Repository/TC012/input_Seller(GI) Invoice List'

2022-11-16 10:34:30 - [TEST_STEP][PASSED] - invoiceNo = getText(findTestObject("TC012/p_invoiceNo")): Text of object 'Object Repository/TC012/p_invoiceNo' is: 'TTA2211010'

2022-11-16 10:34:30 - [MESSAGE][PASSED] - Text of object 'Object Repository/TC012/p_invoiceNo' is: 'TTA2211010'

2022-11-16 10:34:30 - [TEST_STEP][PASSED] - util.copyToExcel.exel(invoiceNo, 1, 11): util.copyToExcel.exel is PASSED

2022-11-16 10:34:30 - [MESSAGE][PASSED] - util.copyToExcel.exel is PASSED

2022-11-16 10:34:30 - [TEST_STEP][PASSED] - check(findTestObject("TC012/input_SGTTAP TO VNTTVN 1103010")): Object 'Object Repository/TC012/input_SGTTAP TO VNTTVN 1103010' is checked

2022-11-16 10:34:30 - [MESSAGE][PASSED] - Object 'Object Repository/TC012/input_SGTTAP TO VNTTVN 1103010' is checked

2022-11-16 10:34:30 - [TEST_STEP][PASSED] - scrollToElement(findTestObject("TC012/div_Status"), 0): Scroll to object 'Object Repository/TC012/div_Status' successfully

2022-11-16 10:34:31 - [MESSAGE][WARNING] - Timeout '0' is invalid. Using default page load timeout: '10'

2022-11-16 10:34:31 - [MESSAGE][PASSED] - Scroll to object 'Object Repository/TC012/div_Status' successfully

2022-11-16 10:34:31 - [TEST_STEP][PASSED] - click(findTestObject("TC012/button_Approve")): Object: 'Object Repository/TC012/button_Approve' is clicked on

2022-11-16 10:34:32 - [MESSAGE][PASSED] - Object: 'Object Repository/TC012/button_Approve' is clicked on

2022-11-16 10:34:32 - [TEST_STEP][PASSED] - waitForElementPresent(findTestObject("TC012/div_ApproveAre you sure to do Approve"), 0): Object 'Object Repository/TC012/div_ApproveAre you sure to do Approve' is present

2022-11-16 10:34:32 - [MESSAGE][WARNING] - Timeout '0' is invalid. Using default page load timeout: '10'

2022-11-16 10:34:33 - [MESSAGE][PASSED] - Object 'Object Repository/TC012/div_ApproveAre you sure to do Approve' is present

2022-11-16 10:34:33 - [TEST_STEP][PASSED] - click(findTestObject("TC012/button_CONFIRM")): Object: 'Object Repository/TC012/button_CONFIRM' is clicked on

2022-11-16 10:34:33 - [MESSAGE][PASSED] - Object: 'Object Repository/TC012/button_CONFIRM' is clicked on]]></system-out>
         <system-err><![CDATA[]]></system-err>
      </testcase>
      <testcase name="Test Cases/TC013 - BU Complete Export Customs Invoice (BU)" time="50.344" classname="Test Cases/TC013 - BU Complete Export Customs Invoice (BU)" status="PASSED">
         <system-out><![CDATA[2022-11-16 10:34:33 - [TEST_CASE][PASSED] - Test Cases/TC013 - BU Complete Export Customs Invoice (BU): Test Cases/TC013 - BU Complete Export Customs Invoice (BU)

2022-11-16 10:34:34 - [TEST_STEP][PASSED] - callTestCase(findTestCase("common/Login"), ["username":usernameLuqman, "password":passwordLuqman, "verification":verificationLuqman, "company":sgttap], STOP_ON_FAILURE): Call Test Case 'Test Cases/common/Login' successfully

2022-11-16 10:34:34 - [TEST_CASE][PASSED] - Test Cases/common/Login: Test Cases/common/Login

2022-11-16 10:34:34 - [TEST_STEP][PASSED] - openBrowser(""): Browser is opened with url: ''

2022-11-16 10:34:34 - [MESSAGE][WARNING] - A browser is already opened. Closing browser and opening a new one

2022-11-16 10:34:35 - [MESSAGE][INFO] - Starting 'Chrome' driver

2022-11-16 10:34:35 - [MESSAGE][INFO] - User set preference: ['prefs', '{download.default_directory=C:\Katalon_downloaded_file}']

2022-11-16 10:34:35 - [MESSAGE][INFO] - Action delay is set to 0 milliseconds

2022-11-16 10:34:37 - [MESSAGE][PASSED] - Browser is opened with url: ''

2022-11-16 10:34:37 - [TEST_STEP][PASSED] - maximizeWindow(): Current window maximized

2022-11-16 10:34:37 - [MESSAGE][PASSED] - Current window maximized

2022-11-16 10:34:37 - [TEST_STEP][PASSED] - navigateToUrl("https://test.brivge.com/home"): Navigate to 'https://test.brivge.com/home' successfully

2022-11-16 10:34:40 - [MESSAGE][PASSED] - Navigate to 'https://test.brivge.com/home' successfully

2022-11-16 10:34:40 - [TEST_STEP][PASSED] - waitForElementVisible(findTestObject("Object Repository/Login/input_Sign In_username"), 0): Object 'Object Repository/Login/input_Sign In_username' is visible

2022-11-16 10:34:41 - [MESSAGE][WARNING] - Timeout '0' is invalid. Using default page load timeout: '10'

2022-11-16 10:34:42 - [MESSAGE][PASSED] - Object 'Object Repository/Login/input_Sign In_username' is visible

2022-11-16 10:34:42 - [TEST_STEP][PASSED] - setText(findTestObject("Object Repository/Login/input_Sign In_username"), username): Text 'Luqman' is set on object 'Object Repository/Login/input_Sign In_username'

2022-11-16 10:34:43 - [MESSAGE][PASSED] - Text 'Luqman' is set on object 'Object Repository/Login/input_Sign In_username'

2022-11-16 10:34:43 - [TEST_STEP][PASSED] - setText(findTestObject("Object Repository/Login/input_Sign In_password"), password): Text 'Luqman-123' is set on object 'Object Repository/Login/input_Sign In_password'

2022-11-16 10:34:44 - [MESSAGE][PASSED] - Text 'Luqman-123' is set on object 'Object Repository/Login/input_Sign In_password'

2022-11-16 10:34:44 - [TEST_STEP][PASSED] - click(findTestObject("Object Repository/Login/span_Sign In")): Object: 'Object Repository/Login/span_Sign In' is clicked on

2022-11-16 10:34:45 - [MESSAGE][PASSED] - Object: 'Object Repository/Login/span_Sign In' is clicked on

2022-11-16 10:34:45 - [TEST_STEP][PASSED] - setText(findTestObject("Object Repository/Login/input_Verify_verificationCode"), verification): Text '961818' is set on object 'Object Repository/Login/input_Verify_verificationCode'

2022-11-16 10:34:46 - [MESSAGE][PASSED] - Text '961818' is set on object 'Object Repository/Login/input_Verify_verificationCode'

2022-11-16 10:34:46 - [TEST_STEP][PASSED] - click(findTestObject("Object Repository/Login/span_Verify")): Object: 'Object Repository/Login/span_Verify' is clicked on

2022-11-16 10:34:46 - [MESSAGE][PASSED] - Object: 'Object Repository/Login/span_Verify' is clicked on

2022-11-16 10:34:46 - [TEST_STEP][PASSED] - click(findTestObject("TC003/button_aazwanSGDC-Azwan")): Object: 'Object Repository/TC003/button_aazwanSGDC-Azwan' is clicked on

2022-11-16 10:34:57 - [MESSAGE][PASSED] - Object: 'Object Repository/TC003/button_aazwanSGDC-Azwan' is clicked on

2022-11-16 10:34:57 - [TEST_STEP][PASSED] - click(findTestObject("TC003/button_company")): Object: 'Object Repository/TC003/button_company' is clicked on

2022-11-16 10:34:58 - [MESSAGE][PASSED] - Object: 'Object Repository/TC003/button_company' is clicked on

2022-11-16 10:34:58 - [TEST_STEP][PASSED] - click(findTestObject("Login/li_Company", ["company":company])): Object: 'Object Repository/Login/li_Company' is clicked on

2022-11-16 10:34:59 - [MESSAGE][PASSED] - Object: 'Object Repository/Login/li_Company' is clicked on

2022-11-16 10:34:59 - [MESSAGE][PASSED] - Call Test Case 'Test Cases/common/Login' successfully

2022-11-16 10:34:59 - [TEST_STEP][PASSED] - click(findTestObject("TC013/Page_Brivge/button_Logistics")): Object: 'Object Repository/TC013/Page_Brivge/button_Logistics' is clicked on

2022-11-16 10:34:59 - [MESSAGE][PASSED] - Object: 'Object Repository/TC013/Page_Brivge/button_Logistics' is clicked on

2022-11-16 10:34:59 - [TEST_STEP][PASSED] - click(findTestObject("TC013/Page_Brivge/li_Customs Invoice List(Export)")): Object: 'Object Repository/TC013/Page_Brivge/li_Customs Invoice List(Export)' is clicked on

2022-11-16 10:35:01 - [MESSAGE][PASSED] - Object: 'Object Repository/TC013/Page_Brivge/li_Customs Invoice List(Export)' is clicked on

2022-11-16 10:35:01 - [TEST_STEP][PASSED] - setText(findTestObject("TC013/Page_Brivge/input_Customs Invoice(Export)"), findTestData("Toyotsu-data").getValue(12, 2)): Text 'TTA2211010' is set on object 'Object Repository/TC013/Page_Brivge/input_Customs Invoice(Export)'

2022-11-16 10:35:06 - [MESSAGE][PASSED] - Text 'TTA2211010' is set on object 'Object Repository/TC013/Page_Brivge/input_Customs Invoice(Export)'

2022-11-16 10:35:06 - [TEST_STEP][PASSED] - click(findTestObject("TC013/Page_Brivge/checkbox")): Object: 'Object Repository/TC013/Page_Brivge/checkbox' is clicked on

2022-11-16 10:35:07 - [MESSAGE][PASSED] - Object: 'Object Repository/TC013/Page_Brivge/checkbox' is clicked on

2022-11-16 10:35:07 - [TEST_STEP][PASSED] - click(findTestObject("TC013/Page_Brivge/button_update 1")): Object: 'Object Repository/TC013/Page_Brivge/button_update 1' is clicked on

2022-11-16 10:35:07 - [MESSAGE][PASSED] - Object: 'Object Repository/TC013/Page_Brivge/button_update 1' is clicked on

2022-11-16 10:35:07 - [TEST_STEP][PASSED] - click(findTestObject("TC013/Page_Brivge/input_Input Cargo Status_cargoStatus")): Object: 'Object Repository/TC013/Page_Brivge/input_Input Cargo Status_cargoStatus' is clicked on

2022-11-16 10:35:08 - [MESSAGE][PASSED] - Object: 'Object Repository/TC013/Page_Brivge/input_Input Cargo Status_cargoStatus' is clicked on

2022-11-16 10:35:08 - [TEST_STEP][PASSED] - click(findTestObject("TC013/Page_Brivge/li_Exp clearance in progress")): Object: 'Object Repository/TC013/Page_Brivge/li_Exp clearance in progress' is clicked on

2022-11-16 10:35:09 - [MESSAGE][PASSED] - Object: 'Object Repository/TC013/Page_Brivge/li_Exp clearance in progress' is clicked on

2022-11-16 10:35:09 - [TEST_STEP][PASSED] - click(findTestObject("TC013/Page_Brivge/button_update 2")): Object: 'Object Repository/TC013/Page_Brivge/button_update 2' is clicked on

2022-11-16 10:35:10 - [MESSAGE][PASSED] - Object: 'Object Repository/TC013/Page_Brivge/button_update 2' is clicked on

2022-11-16 10:35:10 - [TEST_STEP][PASSED] - verifyElementVisible(findTestObject("TC013/Page_Brivge/p_The operation was successful")): Object 'Object Repository/TC013/Page_Brivge/p_The operation was successful' is visible

2022-11-16 10:35:11 - [MESSAGE][PASSED] - Object 'Object Repository/TC013/Page_Brivge/p_The operation was successful' is visible

2022-11-16 10:35:11 - [TEST_STEP][PASSED] - delay(5): Delayed 5 second(s)

2022-11-16 10:35:16 - [MESSAGE][PASSED] - Delayed 5 second(s)

2022-11-16 10:35:16 - [TEST_STEP][PASSED] - click(findTestObject("TC013/Page_Brivge/button_completed")): Object: 'Object Repository/TC013/Page_Brivge/button_completed' is clicked on

2022-11-16 10:35:16 - [MESSAGE][PASSED] - Object: 'Object Repository/TC013/Page_Brivge/button_completed' is clicked on

2022-11-16 10:35:16 - [TEST_STEP][PASSED] - click(findTestObject("TC013/Page_Brivge/button_CONFIRM")): Object: 'Object Repository/TC013/Page_Brivge/button_CONFIRM' is clicked on

2022-11-16 10:35:17 - [MESSAGE][PASSED] - Object: 'Object Repository/TC013/Page_Brivge/button_CONFIRM' is clicked on

2022-11-16 10:35:17 - [TEST_STEP][PASSED] - verifyElementVisible(findTestObject("TC013/Page_Brivge/p_The operation was successful")): Object 'Object Repository/TC013/Page_Brivge/p_The operation was successful' is visible

2022-11-16 10:35:18 - [MESSAGE][PASSED] - Object 'Object Repository/TC013/Page_Brivge/p_The operation was successful' is visible

2022-11-16 10:35:18 - [TEST_STEP][PASSED] - click(findTestObject("TC013/Page_Brivge/button_print 1")): Object: 'Object Repository/TC013/Page_Brivge/button_print 1' is clicked on

2022-11-16 10:35:19 - [MESSAGE][PASSED] - Object: 'Object Repository/TC013/Page_Brivge/button_print 1' is clicked on

2022-11-16 10:35:19 - [TEST_STEP][PASSED] - click(findTestObject("TC013/Page_Brivge/div_Print Invoice")): Object: 'Object Repository/TC013/Page_Brivge/div_Print Invoice' is clicked on

2022-11-16 10:35:19 - [MESSAGE][PASSED] - Object: 'Object Repository/TC013/Page_Brivge/div_Print Invoice' is clicked on

2022-11-16 10:35:19 - [TEST_STEP][PASSED] - click(findTestObject("TC013/Page_Brivge/button_Print 2")): Object: 'Object Repository/TC013/Page_Brivge/button_Print 2' is clicked on

2022-11-16 10:35:20 - [MESSAGE][PASSED] - Object: 'Object Repository/TC013/Page_Brivge/button_Print 2' is clicked on

2022-11-16 10:35:20 - [TEST_STEP][PASSED] - verifyElementVisible(findTestObject("TC013/Page_Brivge/p_The operation was successful")): Object 'Object Repository/TC013/Page_Brivge/p_The operation was successful' is visible

2022-11-16 10:35:22 - [MESSAGE][PASSED] - Object 'Object Repository/TC013/Page_Brivge/p_The operation was successful' is visible

2022-11-16 10:35:22 - [TEST_STEP][PASSED] - takeFullPageScreenshot(): Taking screenshot successfully

2022-11-16 10:35:23 - [MESSAGE][INFO] - 0 hidden object(s)

2022-11-16 10:35:23 - [MESSAGE][PASSED] - Taking screenshot successfully
[[ATTACHMENT|C:\\Users\\azwan\\git\\Toyotsu\\Reports\\20221116_102330\\Flow\\20221116_102330\\1668566122715.png]]]]></system-out>
         <system-err><![CDATA[]]></system-err>
      </testcase>
      <testcase name="Test Cases/TC014 - Customer Complete Import Customs Invoice (Customer)" time="50.572" classname="Test Cases/TC014 - Customer Complete Import Customs Invoice (Customer)" status="PASSED">
         <system-out><![CDATA[2022-11-16 10:35:23 - [TEST_CASE][PASSED] - Test Cases/TC014 - Customer Complete Import Customs Invoice (Customer): Test Cases/TC014 - Customer Complete Import Customs Invoice (Customer)

2022-11-16 10:35:24 - [TEST_STEP][PASSED] - callTestCase(findTestCase("common/Login"), ["username":usernameLuqman, "password":passwordLuqman, "verification":verificationLuqman, "company":vnttvn], STOP_ON_FAILURE): Call Test Case 'Test Cases/common/Login' successfully

2022-11-16 10:35:24 - [TEST_CASE][PASSED] - Test Cases/common/Login: Test Cases/common/Login

2022-11-16 10:35:24 - [TEST_STEP][PASSED] - openBrowser(""): Browser is opened with url: ''

2022-11-16 10:35:24 - [MESSAGE][WARNING] - A browser is already opened. Closing browser and opening a new one

2022-11-16 10:35:25 - [MESSAGE][INFO] - Starting 'Chrome' driver

2022-11-16 10:35:25 - [MESSAGE][INFO] - User set preference: ['prefs', '{download.default_directory=C:\Katalon_downloaded_file}']

2022-11-16 10:35:25 - [MESSAGE][INFO] - Action delay is set to 0 milliseconds

2022-11-16 10:35:27 - [MESSAGE][PASSED] - Browser is opened with url: ''

2022-11-16 10:35:27 - [TEST_STEP][PASSED] - maximizeWindow(): Current window maximized

2022-11-16 10:35:28 - [MESSAGE][PASSED] - Current window maximized

2022-11-16 10:35:28 - [TEST_STEP][PASSED] - navigateToUrl("https://test.brivge.com/home"): Navigate to 'https://test.brivge.com/home' successfully

2022-11-16 10:35:31 - [MESSAGE][PASSED] - Navigate to 'https://test.brivge.com/home' successfully

2022-11-16 10:35:31 - [TEST_STEP][PASSED] - waitForElementVisible(findTestObject("Object Repository/Login/input_Sign In_username"), 0): Object 'Object Repository/Login/input_Sign In_username' is visible

2022-11-16 10:35:31 - [MESSAGE][WARNING] - Timeout '0' is invalid. Using default page load timeout: '10'

2022-11-16 10:35:33 - [MESSAGE][PASSED] - Object 'Object Repository/Login/input_Sign In_username' is visible

2022-11-16 10:35:33 - [TEST_STEP][PASSED] - setText(findTestObject("Object Repository/Login/input_Sign In_username"), username): Text 'Luqman' is set on object 'Object Repository/Login/input_Sign In_username'

2022-11-16 10:35:34 - [MESSAGE][PASSED] - Text 'Luqman' is set on object 'Object Repository/Login/input_Sign In_username'

2022-11-16 10:35:34 - [TEST_STEP][PASSED] - setText(findTestObject("Object Repository/Login/input_Sign In_password"), password): Text 'Luqman-123' is set on object 'Object Repository/Login/input_Sign In_password'

2022-11-16 10:35:35 - [MESSAGE][PASSED] - Text 'Luqman-123' is set on object 'Object Repository/Login/input_Sign In_password'

2022-11-16 10:35:35 - [TEST_STEP][PASSED] - click(findTestObject("Object Repository/Login/span_Sign In")): Object: 'Object Repository/Login/span_Sign In' is clicked on

2022-11-16 10:35:36 - [MESSAGE][PASSED] - Object: 'Object Repository/Login/span_Sign In' is clicked on

2022-11-16 10:35:36 - [TEST_STEP][PASSED] - setText(findTestObject("Object Repository/Login/input_Verify_verificationCode"), verification): Text '961818' is set on object 'Object Repository/Login/input_Verify_verificationCode'

2022-11-16 10:35:37 - [MESSAGE][PASSED] - Text '961818' is set on object 'Object Repository/Login/input_Verify_verificationCode'

2022-11-16 10:35:37 - [TEST_STEP][PASSED] - click(findTestObject("Object Repository/Login/span_Verify")): Object: 'Object Repository/Login/span_Verify' is clicked on

2022-11-16 10:35:38 - [MESSAGE][PASSED] - Object: 'Object Repository/Login/span_Verify' is clicked on

2022-11-16 10:35:38 - [TEST_STEP][PASSED] - click(findTestObject("TC003/button_aazwanSGDC-Azwan")): Object: 'Object Repository/TC003/button_aazwanSGDC-Azwan' is clicked on

2022-11-16 10:35:48 - [MESSAGE][PASSED] - Object: 'Object Repository/TC003/button_aazwanSGDC-Azwan' is clicked on

2022-11-16 10:35:48 - [TEST_STEP][PASSED] - click(findTestObject("TC003/button_company")): Object: 'Object Repository/TC003/button_company' is clicked on

2022-11-16 10:35:48 - [MESSAGE][PASSED] - Object: 'Object Repository/TC003/button_company' is clicked on

2022-11-16 10:35:48 - [TEST_STEP][PASSED] - click(findTestObject("Login/li_Company", ["company":company])): Object: 'Object Repository/Login/li_Company' is clicked on

2022-11-16 10:35:51 - [MESSAGE][PASSED] - Object: 'Object Repository/Login/li_Company' is clicked on

2022-11-16 10:35:51 - [MESSAGE][PASSED] - Call Test Case 'Test Cases/common/Login' successfully

2022-11-16 10:35:51 - [TEST_STEP][PASSED] - click(findTestObject("TC014/Page_Brivge/button_Logistics")): Object: 'Object Repository/TC014/Page_Brivge/button_Logistics' is clicked on

2022-11-16 10:35:55 - [MESSAGE][PASSED] - Object: 'Object Repository/TC014/Page_Brivge/button_Logistics' is clicked on

2022-11-16 10:35:55 - [TEST_STEP][PASSED] - click(findTestObject("TC014/Page_Brivge/li_Customs Invoice List(Import)")): Object: 'Object Repository/TC014/Page_Brivge/li_Customs Invoice List(Import)' is clicked on

2022-11-16 10:35:56 - [MESSAGE][PASSED] - Object: 'Object Repository/TC014/Page_Brivge/li_Customs Invoice List(Import)' is clicked on

2022-11-16 10:35:56 - [TEST_STEP][PASSED] - setText(findTestObject("TC014/Page_Brivge/input_Customs Invoice(Import)"), findTestData("Toyotsu-data").getValue(12, 2)): Text 'TTA2211010' is set on object 'Object Repository/TC014/Page_Brivge/input_Customs Invoice(Import)'

2022-11-16 10:36:01 - [MESSAGE][PASSED] - Text 'TTA2211010' is set on object 'Object Repository/TC014/Page_Brivge/input_Customs Invoice(Import)'

2022-11-16 10:36:01 - [TEST_STEP][PASSED] - click(findTestObject("TC014/Page_Brivge/input_checkbox")): Object: 'Object Repository/TC014/Page_Brivge/input_checkbox' is clicked on

2022-11-16 10:36:02 - [MESSAGE][PASSED] - Object: 'Object Repository/TC014/Page_Brivge/input_checkbox' is clicked on

2022-11-16 10:36:02 - [TEST_STEP][PASSED] - click(findTestObject("TC014/Page_Brivge/button_input cargo status")): Object: 'Object Repository/TC014/Page_Brivge/button_input cargo status' is clicked on

2022-11-16 10:36:02 - [MESSAGE][PASSED] - Object: 'Object Repository/TC014/Page_Brivge/button_input cargo status' is clicked on

2022-11-16 10:36:02 - [TEST_STEP][PASSED] - click(findTestObject("TC014/Page_Brivge/input_Input Cargo Status_cargoStatus")): Object: 'Object Repository/TC014/Page_Brivge/input_Input Cargo Status_cargoStatus' is clicked on

2022-11-16 10:36:03 - [MESSAGE][PASSED] - Object: 'Object Repository/TC014/Page_Brivge/input_Input Cargo Status_cargoStatus' is clicked on

2022-11-16 10:36:03 - [TEST_STEP][PASSED] - click(findTestObject("TC014/Page_Brivge/li_Imp clearance in progress")): Object: 'Object Repository/TC014/Page_Brivge/li_Imp clearance in progress' is clicked on

2022-11-16 10:36:04 - [MESSAGE][PASSED] - Object: 'Object Repository/TC014/Page_Brivge/li_Imp clearance in progress' is clicked on

2022-11-16 10:36:04 - [TEST_STEP][PASSED] - click(findTestObject("TC014/Page_Brivge/button_update")): Object: 'Object Repository/TC014/Page_Brivge/button_update' is clicked on

2022-11-16 10:36:05 - [MESSAGE][PASSED] - Object: 'Object Repository/TC014/Page_Brivge/button_update' is clicked on

2022-11-16 10:36:05 - [TEST_STEP][PASSED] - verifyElementVisible(findTestObject("TC014/Page_Brivge/p_The operation was successful")): Object 'Object Repository/TC014/Page_Brivge/p_The operation was successful' is visible

2022-11-16 10:36:06 - [MESSAGE][PASSED] - Object 'Object Repository/TC014/Page_Brivge/p_The operation was successful' is visible

2022-11-16 10:36:06 - [TEST_STEP][PASSED] - delay(5): Delayed 5 second(s)

2022-11-16 10:36:11 - [MESSAGE][PASSED] - Delayed 5 second(s)

2022-11-16 10:36:11 - [TEST_STEP][PASSED] - click(findTestObject("TC014/Page_Brivge/button_complete")): Object: 'Object Repository/TC014/Page_Brivge/button_complete' is clicked on

2022-11-16 10:36:11 - [MESSAGE][PASSED] - Object: 'Object Repository/TC014/Page_Brivge/button_complete' is clicked on

2022-11-16 10:36:11 - [TEST_STEP][PASSED] - click(findTestObject("TC014/Page_Brivge/button_CONFIRM")): Object: 'Object Repository/TC014/Page_Brivge/button_CONFIRM' is clicked on

2022-11-16 10:36:12 - [MESSAGE][PASSED] - Object: 'Object Repository/TC014/Page_Brivge/button_CONFIRM' is clicked on

2022-11-16 10:36:12 - [TEST_STEP][PASSED] - verifyElementVisible(findTestObject("TC014/Page_Brivge/p_The operation was successful")): Object 'Object Repository/TC014/Page_Brivge/p_The operation was successful' is visible

2022-11-16 10:36:13 - [MESSAGE][PASSED] - Object 'Object Repository/TC014/Page_Brivge/p_The operation was successful' is visible

2022-11-16 10:36:13 - [TEST_STEP][PASSED] - verifyElementText(findTestObject("TC014/Page_Brivge/div_Imp clearance in progress"), "Imp clearance in progress"): Actual text and expected text of test object 'Object Repository/TC014/Page_Brivge/div_Imp clearance in progress' are matched.

2022-11-16 10:36:14 - [MESSAGE][PASSED] - Actual text and expected text of test object 'Object Repository/TC014/Page_Brivge/div_Imp clearance in progress' are matched.

2022-11-16 10:36:14 - [TEST_STEP][PASSED] - verifyElementText(findTestObject("TC014/Page_Brivge/div_Customs Clearance Completed"), "Customs Clearance Completed"): Actual text and expected text of test object 'Object Repository/TC014/Page_Brivge/div_Customs Clearance Completed' are matched.

2022-11-16 10:36:14 - [MESSAGE][PASSED] - Actual text and expected text of test object 'Object Repository/TC014/Page_Brivge/div_Customs Clearance Completed' are matched.]]></system-out>
         <system-err><![CDATA[]]></system-err>
      </testcase>
      <testcase name="Test Cases/TC015 - Customer Inbound Details (Customer)" time="48.32" classname="Test Cases/TC015 - Customer Inbound Details (Customer)" status="PASSED">
         <system-out><![CDATA[2022-11-16 10:36:14 - [TEST_CASE][PASSED] - Test Cases/TC015 - Customer Inbound Details (Customer): Test Cases/TC015 - Customer Inbound Details (Customer)

2022-11-16 10:36:15 - [TEST_STEP][PASSED] - callTestCase(findTestCase("common/Login"), ["username":usernameLuqman, "password":passwordLuqman, "verification":verificationLuqman, "company":vnttvn], STOP_ON_FAILURE): Call Test Case 'Test Cases/common/Login' successfully

2022-11-16 10:36:15 - [TEST_CASE][PASSED] - Test Cases/common/Login: Test Cases/common/Login

2022-11-16 10:36:15 - [TEST_STEP][PASSED] - openBrowser(""): Browser is opened with url: ''

2022-11-16 10:36:15 - [MESSAGE][WARNING] - A browser is already opened. Closing browser and opening a new one

2022-11-16 10:36:17 - [MESSAGE][INFO] - Starting 'Chrome' driver

2022-11-16 10:36:17 - [MESSAGE][INFO] - User set preference: ['prefs', '{download.default_directory=C:\Katalon_downloaded_file}']

2022-11-16 10:36:17 - [MESSAGE][INFO] - Action delay is set to 0 milliseconds

2022-11-16 10:36:19 - [MESSAGE][PASSED] - Browser is opened with url: ''

2022-11-16 10:36:19 - [TEST_STEP][PASSED] - maximizeWindow(): Current window maximized

2022-11-16 10:36:20 - [MESSAGE][PASSED] - Current window maximized

2022-11-16 10:36:20 - [TEST_STEP][PASSED] - navigateToUrl("https://test.brivge.com/home"): Navigate to 'https://test.brivge.com/home' successfully

2022-11-16 10:36:23 - [MESSAGE][PASSED] - Navigate to 'https://test.brivge.com/home' successfully

2022-11-16 10:36:23 - [TEST_STEP][PASSED] - waitForElementVisible(findTestObject("Object Repository/Login/input_Sign In_username"), 0): Object 'Object Repository/Login/input_Sign In_username' is visible

2022-11-16 10:36:23 - [MESSAGE][WARNING] - Timeout '0' is invalid. Using default page load timeout: '10'

2022-11-16 10:36:25 - [MESSAGE][PASSED] - Object 'Object Repository/Login/input_Sign In_username' is visible

2022-11-16 10:36:25 - [TEST_STEP][PASSED] - setText(findTestObject("Object Repository/Login/input_Sign In_username"), username): Text 'Luqman' is set on object 'Object Repository/Login/input_Sign In_username'

2022-11-16 10:36:26 - [MESSAGE][PASSED] - Text 'Luqman' is set on object 'Object Repository/Login/input_Sign In_username'

2022-11-16 10:36:26 - [TEST_STEP][PASSED] - setText(findTestObject("Object Repository/Login/input_Sign In_password"), password): Text 'Luqman-123' is set on object 'Object Repository/Login/input_Sign In_password'

2022-11-16 10:36:27 - [MESSAGE][PASSED] - Text 'Luqman-123' is set on object 'Object Repository/Login/input_Sign In_password'

2022-11-16 10:36:27 - [TEST_STEP][PASSED] - click(findTestObject("Object Repository/Login/span_Sign In")): Object: 'Object Repository/Login/span_Sign In' is clicked on

2022-11-16 10:36:27 - [MESSAGE][PASSED] - Object: 'Object Repository/Login/span_Sign In' is clicked on

2022-11-16 10:36:27 - [TEST_STEP][PASSED] - setText(findTestObject("Object Repository/Login/input_Verify_verificationCode"), verification): Text '961818' is set on object 'Object Repository/Login/input_Verify_verificationCode'

2022-11-16 10:36:28 - [MESSAGE][PASSED] - Text '961818' is set on object 'Object Repository/Login/input_Verify_verificationCode'

2022-11-16 10:36:28 - [TEST_STEP][PASSED] - click(findTestObject("Object Repository/Login/span_Verify")): Object: 'Object Repository/Login/span_Verify' is clicked on

2022-11-16 10:36:29 - [MESSAGE][PASSED] - Object: 'Object Repository/Login/span_Verify' is clicked on

2022-11-16 10:36:29 - [TEST_STEP][PASSED] - click(findTestObject("TC003/button_aazwanSGDC-Azwan")): Object: 'Object Repository/TC003/button_aazwanSGDC-Azwan' is clicked on

2022-11-16 10:36:41 - [MESSAGE][PASSED] - Object: 'Object Repository/TC003/button_aazwanSGDC-Azwan' is clicked on

2022-11-16 10:36:41 - [TEST_STEP][PASSED] - click(findTestObject("TC003/button_company")): Object: 'Object Repository/TC003/button_company' is clicked on

2022-11-16 10:36:43 - [MESSAGE][PASSED] - Object: 'Object Repository/TC003/button_company' is clicked on

2022-11-16 10:36:43 - [TEST_STEP][PASSED] - click(findTestObject("Login/li_Company", ["company":company])): Object: 'Object Repository/Login/li_Company' is clicked on

2022-11-16 10:36:45 - [MESSAGE][PASSED] - Object: 'Object Repository/Login/li_Company' is clicked on

2022-11-16 10:36:45 - [MESSAGE][PASSED] - Call Test Case 'Test Cases/common/Login' successfully

2022-11-16 10:36:45 - [TEST_STEP][PASSED] - click(findTestObject("TC015/Page_Brivge/button_Logistics")): Object: 'Object Repository/TC015/Page_Brivge/button_Logistics' is clicked on

2022-11-16 10:36:49 - [MESSAGE][PASSED] - Object: 'Object Repository/TC015/Page_Brivge/button_Logistics' is clicked on

2022-11-16 10:36:49 - [TEST_STEP][PASSED] - click(findTestObject("TC015/Page_Brivge/li_Inbound Monitoring List")): Object: 'Object Repository/TC015/Page_Brivge/li_Inbound Monitoring List' is clicked on

2022-11-16 10:36:50 - [MESSAGE][PASSED] - Object: 'Object Repository/TC015/Page_Brivge/li_Inbound Monitoring List' is clicked on

2022-11-16 10:36:50 - [TEST_STEP][PASSED] - click(findTestObject("TC015/Page_Brivge/button_create")): Object: 'Object Repository/TC015/Page_Brivge/button_create' is clicked on

2022-11-16 10:36:52 - [MESSAGE][PASSED] - Object: 'Object Repository/TC015/Page_Brivge/button_create' is clicked on

2022-11-16 10:36:52 - [TEST_STEP][PASSED] - click(findTestObject("TC015/Page_Brivge/button_Download")): Object: 'Object Repository/TC015/Page_Brivge/button_Download' is clicked on

2022-11-16 10:36:54 - [MESSAGE][PASSED] - Object: 'Object Repository/TC015/Page_Brivge/button_Download' is clicked on

2022-11-16 10:36:54 - [TEST_STEP][PASSED] - verifyElementVisible(findTestObject("TC015/Page_Brivge/p_The operation was successful")): Object 'Object Repository/TC015/Page_Brivge/p_The operation was successful' is visible

2022-11-16 10:36:55 - [MESSAGE][PASSED] - Object 'Object Repository/TC015/Page_Brivge/p_The operation was successful' is visible

2022-11-16 10:36:55 - [TEST_STEP][PASSED] - delay(5): Delayed 5 second(s)

2022-11-16 10:37:00 - [MESSAGE][PASSED] - Delayed 5 second(s)

2022-11-16 10:37:00 - [TEST_STEP][PASSED] - y = util.getDownloadedFile.getLatestFileFromDirectory(): util.getDownloadedFile.getLatestFileFromDirectory is PASSED

2022-11-16 10:37:00 - [MESSAGE][PASSED] - util.getDownloadedFile.getLatestFileFromDirectory is PASSED

2022-11-16 10:37:00 - [TEST_STEP][PASSED] - out.println(y): null

2022-11-16 10:37:00 - [TEST_STEP][PASSED] - file = util.copyToExcel.exelInboundPlan2(y, "test1", 4, 9): util.copyToExcel.exelInboundPlan2 is PASSED

2022-11-16 10:37:00 - [MESSAGE][PASSED] - util.copyToExcel.exelInboundPlan2 is PASSED

2022-11-16 10:37:00 - [TEST_STEP][PASSED] - file = util.copyToExcel.exelInboundPlan(y, "test2", 4, 2): util.copyToExcel.exelInboundPlan is PASSED

2022-11-16 10:37:01 - [MESSAGE][PASSED] - util.copyToExcel.exelInboundPlan is PASSED

2022-11-16 10:37:01 - [TEST_STEP][PASSED] - file = util.copyToExcel.exelInboundPlan(y, "test3", 4, 3): util.copyToExcel.exelInboundPlan is PASSED

2022-11-16 10:37:01 - [MESSAGE][PASSED] - util.copyToExcel.exelInboundPlan is PASSED

2022-11-16 10:37:01 - [TEST_STEP][PASSED] - file = util.copyToExcel.exelInboundPlan(y, "test4", 4, 4): util.copyToExcel.exelInboundPlan is PASSED

2022-11-16 10:37:01 - [MESSAGE][PASSED] - util.copyToExcel.exelInboundPlan is PASSED

2022-11-16 10:37:01 - [TEST_STEP][PASSED] - file = util.copyToExcel.exelInboundPlan(y, "test5", 4, 6): util.copyToExcel.exelInboundPlan is PASSED

2022-11-16 10:37:01 - [MESSAGE][PASSED] - util.copyToExcel.exelInboundPlan is PASSED

2022-11-16 10:37:01 - [TEST_STEP][PASSED] - file = util.copyToExcel.exelInboundPlan(y, "test6", 4, 7): util.copyToExcel.exelInboundPlan is PASSED

2022-11-16 10:37:01 - [MESSAGE][PASSED] - util.copyToExcel.exelInboundPlan is PASSED

2022-11-16 10:37:01 - [TEST_STEP][PASSED] - file = util.copyToExcel.exelInboundPlan(y, "test7", 4, 8): util.copyToExcel.exelInboundPlan is PASSED

2022-11-16 10:37:01 - [MESSAGE][PASSED] - util.copyToExcel.exelInboundPlan is PASSED

2022-11-16 10:37:01 - [TEST_STEP][PASSED] - file = util.copyToExcel.exelInboundPlan(y, "test8", 4, 16): util.copyToExcel.exelInboundPlan is PASSED

2022-11-16 10:37:01 - [MESSAGE][PASSED] - util.copyToExcel.exelInboundPlan is PASSED

2022-11-16 10:37:01 - [TEST_STEP][PASSED] - file = util.copyToExcel.exelInboundPlan(y, "test9", 4, 17): util.copyToExcel.exelInboundPlan is PASSED

2022-11-16 10:37:01 - [MESSAGE][PASSED] - util.copyToExcel.exelInboundPlan is PASSED

2022-11-16 10:37:01 - [TEST_STEP][PASSED] - file = util.copyToExcel.exelInboundPlan(y, "test10", 4, 26): util.copyToExcel.exelInboundPlan is PASSED

2022-11-16 10:37:01 - [MESSAGE][PASSED] - util.copyToExcel.exelInboundPlan is PASSED

2022-11-16 10:37:01 - [TEST_STEP][PASSED] - file = util.copyToExcel.exelInboundPlan(y, "test11", 4, 27): util.copyToExcel.exelInboundPlan is PASSED

2022-11-16 10:37:02 - [MESSAGE][PASSED] - util.copyToExcel.exelInboundPlan is PASSED

2022-11-16 10:37:02 - [TEST_STEP][PASSED] - file = util.copyToExcel.exelInboundPlan(y, "test12", 4, 32): util.copyToExcel.exelInboundPlan is PASSED

2022-11-16 10:37:02 - [MESSAGE][PASSED] - util.copyToExcel.exelInboundPlan is PASSED

2022-11-16 10:37:02 - [TEST_STEP][PASSED] - file = util.copyToExcel.exelInboundPlan(y, "test13", 4, 33): util.copyToExcel.exelInboundPlan is PASSED

2022-11-16 10:37:02 - [MESSAGE][PASSED] - util.copyToExcel.exelInboundPlan is PASSED

2022-11-16 10:37:02 - [TEST_STEP][PASSED] - file = util.copyToExcel.exelInboundPlan(y, "test14", 4, 34): util.copyToExcel.exelInboundPlan is PASSED

2022-11-16 10:37:02 - [MESSAGE][PASSED] - util.copyToExcel.exelInboundPlan is PASSED

2022-11-16 10:37:02 - [TEST_STEP][PASSED] - file = util.copyToExcel.exelInboundPlan(y, "test15", 4, 38): util.copyToExcel.exelInboundPlan is PASSED

2022-11-16 10:37:02 - [MESSAGE][PASSED] - util.copyToExcel.exelInboundPlan is PASSED

2022-11-16 10:37:02 - [TEST_STEP][PASSED] - logInfo("Last file received is " + y): Last file received is C:\Katalon_downloaded_file\Pending Inbound.20221116103654.xlsx

2022-11-16 10:37:02 - [MESSAGE][INFO] - Last file received is C:\Katalon_downloaded_file\Pending Inbound.20221116103654.xlsx

2022-11-16 10:37:02 - [TEST_STEP][PASSED] - uploadFile(findTestObject("TC015/Page_Brivge/button_Upload"), file): File 'C:\\Katalon_downloaded_file\\Pending Inbound.20221116103654.xlsx' sent to object: 'Object Repository/TC015/Page_Brivge/button_Upload'

2022-11-16 10:37:02 - [MESSAGE][PASSED] - File 'C:\\Katalon_downloaded_file\\Pending Inbound.20221116103654.xlsx' sent to object: 'Object Repository/TC015/Page_Brivge/button_Upload']]></system-out>
         <system-err><![CDATA[]]></system-err>
      </testcase>
      <system-out><![CDATA[2022-11-16 10:23:47 - [TEST_SUITE][PASSED] - Flow: Test Cases/TC015 - Customer Inbound Details (Customer)]]></system-out>
      <system-err><![CDATA[]]></system-err>
   </testsuite>
</testsuites>
