<?xml version="1.0" encoding="UTF-8"?>
<testsuites name="Flow" time="682.086" tests="14" failures="0" errors="0">
   <testsuite name="Flow" tests="14" failures="0" errors="0" time="682.086" skipped="0" timestamp="2022-11-15 16:37:31" hostname="Mohd Azwan - LAPTOP-GE4K8KER" id="Test Suites/Flow">
      <properties>
         <property name="deviceName" value=""/>
         <property name="devicePlatform" value=""/>
         <property name="logFolder" value="C:\\Users\\azwan\\git\\Toyotsu\\Reports\\20221115_163709\\Flow\\20221115_163709"/>
         <property name="logFiles" value="C:\\Users\\azwan\\git\\Toyotsu\\Reports\\20221115_163709\\Flow\\20221115_163709\\execution0.log"/>
         <property name="attachments" value="C:\\Users\\azwan\\git\\Toyotsu\\Reports\\20221115_163709\\Flow\\20221115_163709\\1668501821482.png, C:\\Users\\azwan\\git\\Toyotsu\\Reports\\20221115_163709\\Flow\\20221115_163709\\1668501823563.png, C:\\Users\\azwan\\git\\Toyotsu\\Reports\\20221115_163709\\Flow\\20221115_163709\\1668502079564.png"/>
         <property name="hostName" value="Mohd Azwan - LAPTOP-GE4K8KER"/>
         <property name="os" value="Windows 10 64bit"/>
         <property name="katalonVersion" value="8.5.1.208"/>
         <property name="browser" value="Chrome 107.0.0.0"/>
         <property name="hostAddress" value="192.168.137.1"/>
         <property name="sessionId" value="2be8a9f385fd1b0d799fa31c7097c89f"/>
         <property name="seleniumVersion" value="3.141.59"/>
         <property name="proxyInformation" value="ProxyInformation { proxyOption=NO_PROXY, proxyServerType=HTTP, username=, password=********, proxyServerAddress=, proxyServerPort=0, executionList=&quot;&quot;, isApplyToDesiredCapabilities=true }"/>
         <property name="platform" value="Windows 10"/>
      </properties>
      <testcase name="Test Cases/TC001 - Customer Place Order for Contract (Customer)" time="72.798" classname="Test Cases/TC001 - Customer Place Order for Contract (Customer)" status="PASSED">
         <system-out><![CDATA[2022-11-15 16:37:32 - [TEST_CASE][PASSED] - Test Cases/TC001 - Customer Place Order for Contract (Customer): Test Cases/TC001 - Customer Place Order for Contract (Customer)

2022-11-15 16:37:33 - [TEST_STEP][PASSED] - callTestCase(findTestCase("common/Login"), ["username":usernameLuqman, "password":passwordLuqman, "verification":verificationLuqman, "company":vnttvn], STOP_ON_FAILURE): Call Test Case 'Test Cases/common/Login' successfully

2022-11-15 16:37:34 - [TEST_CASE][PASSED] - Test Cases/common/Login: Test Cases/common/Login

2022-11-15 16:37:35 - [TEST_STEP][PASSED] - openBrowser(""): Browser is opened with url: ''

2022-11-15 16:37:36 - [MESSAGE][INFO] - Starting 'Chrome' driver

2022-11-15 16:37:36 - [MESSAGE][INFO] - User set preference: ['prefs', '{download.default_directory=C:\Katalon_downloaded_file}']

2022-11-15 16:37:36 - [MESSAGE][INFO] - Action delay is set to 0 milliseconds

2022-11-15 16:37:40 - [MESSAGE][PASSED] - Browser is opened with url: ''

2022-11-15 16:37:40 - [TEST_STEP][PASSED] - maximizeWindow(): Current window maximized

2022-11-15 16:37:40 - [MESSAGE][PASSED] - Current window maximized

2022-11-15 16:37:40 - [TEST_STEP][PASSED] - navigateToUrl("https://test.brivge.com/home"): Navigate to 'https://test.brivge.com/home' successfully

2022-11-15 16:37:44 - [MESSAGE][PASSED] - Navigate to 'https://test.brivge.com/home' successfully

2022-11-15 16:37:44 - [TEST_STEP][PASSED] - waitForElementVisible(findTestObject("Object Repository/Login/input_Sign In_username"), 0): Object 'Object Repository/Login/input_Sign In_username' is visible

2022-11-15 16:37:44 - [MESSAGE][WARNING] - Timeout '0' is invalid. Using default page load timeout: '10'

2022-11-15 16:37:46 - [MESSAGE][PASSED] - Object 'Object Repository/Login/input_Sign In_username' is visible

2022-11-15 16:37:46 - [TEST_STEP][PASSED] - setText(findTestObject("Object Repository/Login/input_Sign In_username"), username): Text 'Luqman' is set on object 'Object Repository/Login/input_Sign In_username'

2022-11-15 16:37:47 - [MESSAGE][PASSED] - Text 'Luqman' is set on object 'Object Repository/Login/input_Sign In_username'

2022-11-15 16:37:47 - [TEST_STEP][PASSED] - setText(findTestObject("Object Repository/Login/input_Sign In_password"), password): Text 'Luqman-123' is set on object 'Object Repository/Login/input_Sign In_password'

2022-11-15 16:37:48 - [MESSAGE][PASSED] - Text 'Luqman-123' is set on object 'Object Repository/Login/input_Sign In_password'

2022-11-15 16:37:48 - [TEST_STEP][PASSED] - click(findTestObject("Object Repository/Login/span_Sign In")): Object: 'Object Repository/Login/span_Sign In' is clicked on

2022-11-15 16:37:49 - [MESSAGE][PASSED] - Object: 'Object Repository/Login/span_Sign In' is clicked on

2022-11-15 16:37:49 - [TEST_STEP][PASSED] - setText(findTestObject("Object Repository/Login/input_Verify_verificationCode"), verification): Text '575615' is set on object 'Object Repository/Login/input_Verify_verificationCode'

2022-11-15 16:37:50 - [MESSAGE][PASSED] - Text '575615' is set on object 'Object Repository/Login/input_Verify_verificationCode'

2022-11-15 16:37:50 - [TEST_STEP][PASSED] - click(findTestObject("Object Repository/Login/span_Verify")): Object: 'Object Repository/Login/span_Verify' is clicked on

2022-11-15 16:37:51 - [MESSAGE][PASSED] - Object: 'Object Repository/Login/span_Verify' is clicked on

2022-11-15 16:37:51 - [TEST_STEP][PASSED] - click(findTestObject("TC003/button_aazwanSGDC-Azwan")): Object: 'Object Repository/TC003/button_aazwanSGDC-Azwan' is clicked on

2022-11-15 16:38:01 - [MESSAGE][PASSED] - Object: 'Object Repository/TC003/button_aazwanSGDC-Azwan' is clicked on

2022-11-15 16:38:01 - [TEST_STEP][PASSED] - click(findTestObject("TC003/button_company")): Object: 'Object Repository/TC003/button_company' is clicked on

2022-11-15 16:38:02 - [MESSAGE][PASSED] - Object: 'Object Repository/TC003/button_company' is clicked on

2022-11-15 16:38:02 - [TEST_STEP][PASSED] - click(findTestObject("Login/li_Company", ["company":company])): Object: 'Object Repository/Login/li_Company' is clicked on

2022-11-15 16:38:04 - [MESSAGE][PASSED] - Object: 'Object Repository/Login/li_Company' is clicked on

2022-11-15 16:38:04 - [MESSAGE][PASSED] - Call Test Case 'Test Cases/common/Login' successfully

2022-11-15 16:38:04 - [TEST_STEP][PASSED] - click(findTestObject("TC001/h6_Order")): Object: 'Object Repository/TC001/h6_Order' is clicked on

2022-11-15 16:38:10 - [MESSAGE][PASSED] - Object: 'Object Repository/TC001/h6_Order' is clicked on

2022-11-15 16:38:10 - [TEST_STEP][PASSED] - click(findTestObject("TC001/p_Place Order")): Object: 'Object Repository/TC001/p_Place Order' is clicked on

2022-11-15 16:38:12 - [MESSAGE][PASSED] - Object: 'Object Repository/TC001/p_Place Order' is clicked on

2022-11-15 16:38:12 - [TEST_STEP][PASSED] - waitForElementVisible(findTestObject("TC001/input_Spot Order Without Contract_lcbm-MuiInputBase-input lcbm-MuiFilledInput-input lcbm-lcbm231 lcbm-MuiInputBase-inputAdornedEnd lcbm-MuiFilledInput-inputAdornedEnd"), 0): Object 'Object Repository/TC001/input_Spot Order Without Contract_lcbm-MuiInputBase-input lcbm-MuiFilledInput-input lcbm-lcbm231 lcbm-MuiInputBase-inputAdornedEnd lcbm-MuiFilledInput-inputAdornedEnd' is visible

2022-11-15 16:38:12 - [MESSAGE][WARNING] - Timeout '0' is invalid. Using default page load timeout: '10'

2022-11-15 16:38:13 - [MESSAGE][PASSED] - Object 'Object Repository/TC001/input_Spot Order Without Contract_lcbm-MuiInputBase-input lcbm-MuiFilledInput-input lcbm-lcbm231 lcbm-MuiInputBase-inputAdornedEnd lcbm-MuiFilledInput-inputAdornedEnd' is visible

2022-11-15 16:38:13 - [TEST_STEP][PASSED] - setText(findTestObject("TC001/input_Spot Order Without Contract_lcbm-MuiInputBase-input lcbm-MuiFilledInput-input lcbm-lcbm231 lcbm-MuiInputBase-inputAdornedEnd lcbm-MuiFilledInput-inputAdornedEnd"), custContractNo): Text 'SGTTAP TO VNTTVN 1103004' is set on object 'Object Repository/TC001/input_Spot Order Without Contract_lcbm-MuiInputBase-input lcbm-MuiFilledInput-input lcbm-lcbm231 lcbm-MuiInputBase-inputAdornedEnd lcbm-MuiFilledInput-inputAdornedEnd'

2022-11-15 16:38:16 - [MESSAGE][PASSED] - Text 'SGTTAP TO VNTTVN 1103004' is set on object 'Object Repository/TC001/input_Spot Order Without Contract_lcbm-MuiInputBase-input lcbm-MuiFilledInput-input lcbm-lcbm231 lcbm-MuiInputBase-inputAdornedEnd lcbm-MuiFilledInput-inputAdornedEnd'

2022-11-15 16:38:16 - [TEST_STEP][PASSED] - verifyElementText(findTestObject("TC001/verify_div_SGTTAP TO VNTTVN 1028002"), custContractNo, OPTIONAL): Actual text and expected text of test object 'Object Repository/TC001/verify_div_SGTTAP TO VNTTVN 1028002' are matched.

2022-11-15 16:38:16 - [MESSAGE][PASSED] - Actual text and expected text of test object 'Object Repository/TC001/verify_div_SGTTAP TO VNTTVN 1028002' are matched.

2022-11-15 16:38:16 - [TEST_STEP][PASSED] - y = getText(findTestObject("TC003/div_CR-VN-TTVN-2210020")): Text of object 'Object Repository/TC003/div_CR-VN-TTVN-2210020' is: 'CR-VN-TTVN-2211005'

2022-11-15 16:38:17 - [MESSAGE][PASSED] - Text of object 'Object Repository/TC003/div_CR-VN-TTVN-2210020' is: 'CR-VN-TTVN-2211005'

2022-11-15 16:38:17 - [TEST_STEP][PASSED] - util.copyToExcel.exel(y, 1, 0): util.copyToExcel.exel is PASSED

2022-11-15 16:38:18 - [MESSAGE][PASSED] - util.copyToExcel.exel is PASSED

2022-11-15 16:38:18 - [TEST_STEP][PASSED] - click(findTestObject("TC001/button_AND_lcbm-MuiButtonBase-root lcbm-MuiIconButton-root")): Object: 'Object Repository/TC001/button_AND_lcbm-MuiButtonBase-root lcbm-MuiIconButton-root' is clicked on

2022-11-15 16:38:19 - [MESSAGE][PASSED] - Object: 'Object Repository/TC001/button_AND_lcbm-MuiButtonBase-root lcbm-MuiIconButton-root' is clicked on

2022-11-15 16:38:19 - [TEST_STEP][PASSED] - click(findTestObject("TC001/button_Input OrderFC QTY for each PN_lcbm-MuiButtonBase-root lcbm-MuiIconButton-root")): Object: 'Object Repository/TC001/button_Input OrderFC QTY for each PN_lcbm-MuiButtonBase-root lcbm-MuiIconButton-root' is clicked on

2022-11-15 16:38:20 - [MESSAGE][PASSED] - Object: 'Object Repository/TC001/button_Input OrderFC QTY for each PN_lcbm-MuiButtonBase-root lcbm-MuiIconButton-root' is clicked on

2022-11-15 16:38:20 - [TEST_STEP][PASSED] - doubleClick(findTestObject("TC001/input number 1")): Object: 'Object Repository/TC001/input number 1' is double clicked on

2022-11-15 16:38:24 - [MESSAGE][PASSED] - Object: 'Object Repository/TC001/input number 1' is double clicked on

2022-11-15 16:38:24 - [TEST_STEP][PASSED] - sendKeys(findTestObject("TC001/input number 1"), "1000", STOP_ON_FAILURE): Keys '1000' sent to object: 'Object Repository/TC001/input number 1'

2022-11-15 16:38:25 - [MESSAGE][PASSED] - Keys '1000' sent to object: 'Object Repository/TC001/input number 1'

2022-11-15 16:38:25 - [TEST_STEP][PASSED] - doubleClick(findTestObject("TC001/input number 2"), STOP_ON_FAILURE): Object: 'Object Repository/TC001/input number 2' is double clicked on

2022-11-15 16:38:26 - [MESSAGE][PASSED] - Object: 'Object Repository/TC001/input number 2' is double clicked on

2022-11-15 16:38:26 - [TEST_STEP][PASSED] - sendKeys(findTestObject("TC001/input number 2"), "1000"): Keys '1000' sent to object: 'Object Repository/TC001/input number 2'

2022-11-15 16:38:26 - [MESSAGE][PASSED] - Keys '1000' sent to object: 'Object Repository/TC001/input number 2'

2022-11-15 16:38:26 - [TEST_STEP][PASSED] - doubleClick(findTestObject("TC001/input number 3"), STOP_ON_FAILURE): Object: 'Object Repository/TC001/input number 3' is double clicked on

2022-11-15 16:38:27 - [MESSAGE][PASSED] - Object: 'Object Repository/TC001/input number 3' is double clicked on

2022-11-15 16:38:27 - [TEST_STEP][PASSED] - sendKeys(findTestObject("TC001/input number 3"), "1000"): Keys '1000' sent to object: 'Object Repository/TC001/input number 3'

2022-11-15 16:38:28 - [MESSAGE][PASSED] - Keys '1000' sent to object: 'Object Repository/TC001/input number 3'

2022-11-15 16:38:28 - [TEST_STEP][PASSED] - doubleClick(findTestObject("TC001/input number 4"), STOP_ON_FAILURE): Object: 'Object Repository/TC001/input number 4' is double clicked on

2022-11-15 16:38:28 - [MESSAGE][PASSED] - Object: 'Object Repository/TC001/input number 4' is double clicked on

2022-11-15 16:38:28 - [TEST_STEP][PASSED] - sendKeys(findTestObject("TC001/input number 4"), "1000"): Keys '1000' sent to object: 'Object Repository/TC001/input number 4'

2022-11-15 16:38:29 - [MESSAGE][PASSED] - Keys '1000' sent to object: 'Object Repository/TC001/input number 4'

2022-11-15 16:38:29 - [TEST_STEP][PASSED] - click(findTestObject("TC001/button_Input Shipping Plan_lcbm-MuiButtonBase-root lcbm-MuiIconButton-root"), STOP_ON_FAILURE): Object: 'Object Repository/TC001/button_Input Shipping Plan_lcbm-MuiButtonBase-root lcbm-MuiIconButton-root' is clicked on

2022-11-15 16:38:29 - [MESSAGE][PASSED] - Object: 'Object Repository/TC001/button_Input Shipping Plan_lcbm-MuiButtonBase-root lcbm-MuiIconButton-root' is clicked on

2022-11-15 16:38:29 - [TEST_STEP][PASSED] - click(findTestObject("TC001/button_AND_lcbm-MuiButtonBase-root lcbm-MuiButton-root lcbm-lcbm368 lcbm-MuiButton-text lcbm-lcbm383"), STOP_ON_FAILURE): Object: 'Object Repository/TC001/button_AND_lcbm-MuiButtonBase-root lcbm-MuiButton-root lcbm-lcbm368 lcbm-MuiButton-text lcbm-lcbm383' is clicked on

2022-11-15 16:38:30 - [MESSAGE][PASSED] - Object: 'Object Repository/TC001/button_AND_lcbm-MuiButtonBase-root lcbm-MuiButton-root lcbm-lcbm368 lcbm-MuiButton-text lcbm-lcbm383' is clicked on

2022-11-15 16:38:30 - [TEST_STEP][PASSED] - click(findTestObject("TC001/input__inboundPlanDate")): Object: 'Object Repository/TC001/input__inboundPlanDate' is clicked on

2022-11-15 16:38:31 - [MESSAGE][PASSED] - Object: 'Object Repository/TC001/input__inboundPlanDate' is clicked on

2022-11-15 16:38:31 - [TEST_STEP][PASSED] - click(findTestObject("TC001/button date")): Object: 'Object Repository/TC001/button date' is clicked on

2022-11-15 16:38:31 - [MESSAGE][PASSED] - Object: 'Object Repository/TC001/button date' is clicked on

2022-11-15 16:38:31 - [TEST_STEP][PASSED] - click(findTestObject("TC001/button date")): Object: 'Object Repository/TC001/button date' is clicked on

2022-11-15 16:38:32 - [MESSAGE][PASSED] - Object: 'Object Repository/TC001/button date' is clicked on

2022-11-15 16:38:32 - [TEST_STEP][PASSED] - click(findTestObject("TC001/button date")): Object: 'Object Repository/TC001/button date' is clicked on

2022-11-15 16:38:33 - [MESSAGE][PASSED] - Object: 'Object Repository/TC001/button date' is clicked on

2022-11-15 16:38:33 - [TEST_STEP][PASSED] - click(findTestObject("TC001/button date")): Object: 'Object Repository/TC001/button date' is clicked on

2022-11-15 16:38:34 - [MESSAGE][PASSED] - Object: 'Object Repository/TC001/button date' is clicked on

2022-11-15 16:38:34 - [TEST_STEP][PASSED] - click(findTestObject("TC001/button_17")): Object: 'Object Repository/TC001/button_17' is clicked on

2022-11-15 16:38:35 - [MESSAGE][PASSED] - Object: 'Object Repository/TC001/button_17' is clicked on

2022-11-15 16:38:35 - [TEST_STEP][PASSED] - click(findTestObject("TC001/button_Confirm")): Object: 'Object Repository/TC001/button_Confirm' is clicked on

2022-11-15 16:38:36 - [MESSAGE][PASSED] - Object: 'Object Repository/TC001/button_Confirm' is clicked on

2022-11-15 16:38:36 - [TEST_STEP][PASSED] - click(findTestObject("TC001/input number 5")): Object: 'Object Repository/TC001/input number 5' is clicked on

2022-11-15 16:38:37 - [MESSAGE][PASSED] - Object: 'Object Repository/TC001/input number 5' is clicked on

2022-11-15 16:38:37 - [TEST_STEP][PASSED] - sendKeys(findTestObject("TC001/input number 5"), "1000"): Keys '1000' sent to object: 'Object Repository/TC001/input number 5'

2022-11-15 16:38:37 - [MESSAGE][PASSED] - Keys '1000' sent to object: 'Object Repository/TC001/input number 5'

2022-11-15 16:38:37 - [TEST_STEP][PASSED] - click(findTestObject("TC001/input number 6"), STOP_ON_FAILURE): Object: 'Object Repository/TC001/input number 6' is clicked on

2022-11-15 16:38:38 - [MESSAGE][PASSED] - Object: 'Object Repository/TC001/input number 6' is clicked on

2022-11-15 16:38:38 - [TEST_STEP][PASSED] - sendKeys(findTestObject("TC001/input number 6"), "1000"): Keys '1000' sent to object: 'Object Repository/TC001/input number 6'

2022-11-15 16:38:39 - [MESSAGE][PASSED] - Keys '1000' sent to object: 'Object Repository/TC001/input number 6'

2022-11-15 16:38:39 - [TEST_STEP][PASSED] - click(findTestObject("TC001/button_Basic info (order summary)_lcbm-MuiButtonBase-root lcbm-MuiIconButton-root")): Object: 'Object Repository/TC001/button_Basic info (order summary)_lcbm-MuiButtonBase-root lcbm-MuiIconButton-root' is clicked on

2022-11-15 16:38:39 - [MESSAGE][PASSED] - Object: 'Object Repository/TC001/button_Basic info (order summary)_lcbm-MuiButtonBase-root lcbm-MuiIconButton-root' is clicked on

2022-11-15 16:38:39 - [TEST_STEP][PASSED] - currentTime = util.generateTime.dateTimeGenerator(): util.generateTime.dateTimeGenerator is PASSED

2022-11-15 16:38:39 - [MESSAGE][PASSED] - util.generateTime.dateTimeGenerator is PASSED

2022-11-15 16:38:39 - [TEST_STEP][PASSED] - util.copyToExcel.exel(currentTime, 1, 1): util.copyToExcel.exel is PASSED

2022-11-15 16:38:39 - [MESSAGE][PASSED] - util.copyToExcel.exel is PASSED

2022-11-15 16:38:39 - [TEST_STEP][PASSED] - setText(findTestObject("TC001/input_Basic info (order summary)_orderRefNo"), currentTime): Text '20221115163839' is set on object 'Object Repository/TC001/input_Basic info (order summary)_orderRefNo'

2022-11-15 16:38:41 - [MESSAGE][PASSED] - Text '20221115163839' is set on object 'Object Repository/TC001/input_Basic info (order summary)_orderRefNo'

2022-11-15 16:38:41 - [TEST_STEP][PASSED] - click(findTestObject("TC001/button_issue")): Object: 'Object Repository/TC001/button_issue' is clicked on

2022-11-15 16:38:42 - [MESSAGE][PASSED] - Object: 'Object Repository/TC001/button_issue' is clicked on

2022-11-15 16:38:42 - [TEST_STEP][PASSED] - click(findTestObject("TC001/button_CONFIRM (1)")): Object: 'Object Repository/TC001/button_CONFIRM (1)' is clicked on

2022-11-15 16:38:42 - [MESSAGE][PASSED] - Object: 'Object Repository/TC001/button_CONFIRM (1)' is clicked on

2022-11-15 16:38:42 - [TEST_STEP][PASSED] - verifyElementVisible(findTestObject("TC001/p_The operation was successful")): Object 'Object Repository/TC001/p_The operation was successful' is visible

2022-11-15 16:38:45 - [MESSAGE][PASSED] - Object 'Object Repository/TC001/p_The operation was successful' is visible]]></system-out>
         <system-err><![CDATA[]]></system-err>
      </testcase>
      <testcase name="Test Cases/TC002 - Run Combine Order Batch (Admin)" time="7.546" classname="Test Cases/TC002 - Run Combine Order Batch (Admin)" status="PASSED">
         <system-out><![CDATA[2022-11-15 16:38:45 - [TEST_CASE][PASSED] - Test Cases/TC002 - Run Combine Order Batch (Admin): Test Cases/TC002 - Run Combine Order Batch (Admin)

2022-11-15 16:38:45 - [TEST_STEP][PASSED] - navigateToUrl("https://test.brivge.com/batch"): Navigate to 'https://test.brivge.com/batch' successfully

2022-11-15 16:38:49 - [MESSAGE][PASSED] - Navigate to 'https://test.brivge.com/batch' successfully

2022-11-15 16:38:49 - [TEST_STEP][PASSED] - click(findTestObject("TC002/button_Combine Order")): Object: 'Object Repository/TC002/button_Combine Order' is clicked on

2022-11-15 16:38:51 - [MESSAGE][PASSED] - Object: 'Object Repository/TC002/button_Combine Order' is clicked on

2022-11-15 16:38:51 - [TEST_STEP][PASSED] - verifyElementVisible(findTestObject("TC002/p_The operation was successful")): Object 'Object Repository/TC002/p_The operation was successful' is visible

2022-11-15 16:38:52 - [MESSAGE][PASSED] - Object 'Object Repository/TC002/p_The operation was successful' is visible]]></system-out>
         <system-err><![CDATA[]]></system-err>
      </testcase>
      <testcase name="Test Cases/TC003 - Confirm Supplier Order (Supplier)" time="40.182" classname="Test Cases/TC003 - Confirm Supplier Order (Supplier)" status="PASSED">
         <system-out><![CDATA[2022-11-15 16:38:52 - [TEST_CASE][PASSED] - Test Cases/TC003 - Confirm Supplier Order (Supplier): Test Cases/TC003 - Confirm Supplier Order (Supplier)

2022-11-15 16:38:53 - [TEST_STEP][PASSED] - callTestCase(findTestCase("common/Login"), ["username":usernameAzwan, "password":passwordAzwan, "verification":verificationAzwan, "company":sgbafco], STOP_ON_FAILURE): Call Test Case 'Test Cases/common/Login' successfully

2022-11-15 16:38:53 - [TEST_CASE][PASSED] - Test Cases/common/Login: Test Cases/common/Login

2022-11-15 16:38:53 - [TEST_STEP][PASSED] - openBrowser(""): Browser is opened with url: ''

2022-11-15 16:38:53 - [MESSAGE][WARNING] - A browser is already opened. Closing browser and opening a new one

2022-11-15 16:38:54 - [MESSAGE][INFO] - Starting 'Chrome' driver

2022-11-15 16:38:54 - [MESSAGE][INFO] - User set preference: ['prefs', '{download.default_directory=C:\Katalon_downloaded_file}']

2022-11-15 16:38:54 - [MESSAGE][INFO] - Action delay is set to 0 milliseconds

2022-11-15 16:38:55 - [MESSAGE][PASSED] - Browser is opened with url: ''

2022-11-15 16:38:55 - [TEST_STEP][PASSED] - maximizeWindow(): Current window maximized

2022-11-15 16:38:56 - [MESSAGE][PASSED] - Current window maximized

2022-11-15 16:38:56 - [TEST_STEP][PASSED] - navigateToUrl("https://test.brivge.com/home"): Navigate to 'https://test.brivge.com/home' successfully

2022-11-15 16:38:59 - [MESSAGE][PASSED] - Navigate to 'https://test.brivge.com/home' successfully

2022-11-15 16:38:59 - [TEST_STEP][PASSED] - waitForElementVisible(findTestObject("Object Repository/Login/input_Sign In_username"), 0): Object 'Object Repository/Login/input_Sign In_username' is visible

2022-11-15 16:38:59 - [MESSAGE][WARNING] - Timeout '0' is invalid. Using default page load timeout: '10'

2022-11-15 16:39:00 - [MESSAGE][PASSED] - Object 'Object Repository/Login/input_Sign In_username' is visible

2022-11-15 16:39:00 - [TEST_STEP][PASSED] - setText(findTestObject("Object Repository/Login/input_Sign In_username"), username): Text 'Azwan' is set on object 'Object Repository/Login/input_Sign In_username'

2022-11-15 16:39:01 - [MESSAGE][PASSED] - Text 'Azwan' is set on object 'Object Repository/Login/input_Sign In_username'

2022-11-15 16:39:01 - [TEST_STEP][PASSED] - setText(findTestObject("Object Repository/Login/input_Sign In_password"), password): Text 'Azwan-123' is set on object 'Object Repository/Login/input_Sign In_password'

2022-11-15 16:39:03 - [MESSAGE][PASSED] - Text 'Azwan-123' is set on object 'Object Repository/Login/input_Sign In_password'

2022-11-15 16:39:03 - [TEST_STEP][PASSED] - click(findTestObject("Object Repository/Login/span_Sign In")): Object: 'Object Repository/Login/span_Sign In' is clicked on

2022-11-15 16:39:03 - [MESSAGE][PASSED] - Object: 'Object Repository/Login/span_Sign In' is clicked on

2022-11-15 16:39:03 - [TEST_STEP][PASSED] - setText(findTestObject("Object Repository/Login/input_Verify_verificationCode"), verification): Text '752809' is set on object 'Object Repository/Login/input_Verify_verificationCode'

2022-11-15 16:39:04 - [MESSAGE][PASSED] - Text '752809' is set on object 'Object Repository/Login/input_Verify_verificationCode'

2022-11-15 16:39:04 - [TEST_STEP][PASSED] - click(findTestObject("Object Repository/Login/span_Verify")): Object: 'Object Repository/Login/span_Verify' is clicked on

2022-11-15 16:39:05 - [MESSAGE][PASSED] - Object: 'Object Repository/Login/span_Verify' is clicked on

2022-11-15 16:39:05 - [TEST_STEP][PASSED] - click(findTestObject("TC003/button_aazwanSGDC-Azwan")): Object: 'Object Repository/TC003/button_aazwanSGDC-Azwan' is clicked on

2022-11-15 16:39:08 - [MESSAGE][PASSED] - Object: 'Object Repository/TC003/button_aazwanSGDC-Azwan' is clicked on

2022-11-15 16:39:08 - [TEST_STEP][PASSED] - click(findTestObject("TC003/button_company")): Object: 'Object Repository/TC003/button_company' is clicked on

2022-11-15 16:39:10 - [MESSAGE][PASSED] - Object: 'Object Repository/TC003/button_company' is clicked on

2022-11-15 16:39:10 - [TEST_STEP][PASSED] - click(findTestObject("Login/li_Company", ["company":company])): Object: 'Object Repository/Login/li_Company' is clicked on

2022-11-15 16:39:11 - [MESSAGE][PASSED] - Object: 'Object Repository/Login/li_Company' is clicked on

2022-11-15 16:39:11 - [MESSAGE][PASSED] - Call Test Case 'Test Cases/common/Login' successfully

2022-11-15 16:39:11 - [TEST_STEP][PASSED] - click(findTestObject("TC001/h6_Order")): Object: 'Object Repository/TC001/h6_Order' is clicked on

2022-11-15 16:39:12 - [MESSAGE][PASSED] - Object: 'Object Repository/TC001/h6_Order' is clicked on

2022-11-15 16:39:12 - [TEST_STEP][PASSED] - click(findTestObject("TC003/li_SO Monitoring List")): Object: 'Object Repository/TC003/li_SO Monitoring List' is clicked on

2022-11-15 16:39:15 - [MESSAGE][PASSED] - Object: 'Object Repository/TC003/li_SO Monitoring List' is clicked on

2022-11-15 16:39:15 - [TEST_STEP][PASSED] - verifyElementVisible(findTestObject("TC003/div_what can you do in SO monitoring"), OPTIONAL): Object 'Object Repository/TC003/div_what can you do in SO monitoring' is visible

2022-11-15 16:39:16 - [MESSAGE][PASSED] - Object 'Object Repository/TC003/div_what can you do in SO monitoring' is visible

2022-11-15 16:39:16 - [TEST_STEP][PASSED] - if (verifyElementVisible(findTestObject("TC003/div_what can you do in SO monitoring"), OPTIONAL) == true): null

2022-11-15 16:39:18 - [MESSAGE][PASSED] - Object 'Object Repository/TC003/div_what can you do in SO monitoring' is visible

2022-11-15 16:39:18 - [TEST_STEP][PASSED] - click(findTestObject("TC003/span_closeModel")): Object: 'Object Repository/TC003/span_closeModel' is clicked on

2022-11-15 16:39:19 - [MESSAGE][PASSED] - Object: 'Object Repository/TC003/span_closeModel' is clicked on

2022-11-15 16:39:19 - [TEST_STEP][PASSED] - setText(findTestObject("TC003/input_SO Monitoring List Search"), supplContractNo): Text 'SGBAFCO TO SGTTAP 1103004' is set on object 'Object Repository/TC003/input_SO Monitoring List Search'

2022-11-15 16:39:20 - [MESSAGE][PASSED] - Text 'SGBAFCO TO SGTTAP 1103004' is set on object 'Object Repository/TC003/input_SO Monitoring List Search'

2022-11-15 16:39:20 - [TEST_STEP][PASSED] - click(findTestObject("TC003/filter button")): Object: 'Object Repository/TC003/filter button' is clicked on

2022-11-15 16:39:21 - [MESSAGE][PASSED] - Object: 'Object Repository/TC003/filter button' is clicked on

2022-11-15 16:39:21 - [TEST_STEP][PASSED] - click(findTestObject("TC003/input__statusList")): Object: 'Object Repository/TC003/input__statusList' is clicked on

2022-11-15 16:39:22 - [MESSAGE][PASSED] - Object: 'Object Repository/TC003/input__statusList' is clicked on

2022-11-15 16:39:22 - [TEST_STEP][PASSED] - click(findTestObject("TC003/li_Received")): Object: 'Object Repository/TC003/li_Received' is clicked on

2022-11-15 16:39:22 - [MESSAGE][PASSED] - Object: 'Object Repository/TC003/li_Received' is clicked on

2022-11-15 16:39:22 - [TEST_STEP][PASSED] - click(findTestObject("TC003/button_Search")): Object: 'Object Repository/TC003/button_Search' is clicked on

2022-11-15 16:39:23 - [MESSAGE][PASSED] - Object: 'Object Repository/TC003/button_Search' is clicked on

2022-11-15 16:39:23 - [TEST_STEP][PASSED] - click(findTestObject("TC003/button detail")): Object: 'Object Repository/TC003/button detail' is clicked on

2022-11-15 16:39:24 - [MESSAGE][PASSED] - Object: 'Object Repository/TC003/button detail' is clicked on

2022-11-15 16:39:24 - [TEST_STEP][PASSED] - salesOrderNo = getAttribute(findTestObject("TC003/Page_Brivge/input_Please input related basic information_orderNo"), "value"): Attribute 'value' of object 'Object Repository/TC003/Page_Brivge/input_Please input related basic information_orderNo' is: 's110314-2211001'

2022-11-15 16:39:25 - [MESSAGE][PASSED] - Attribute 'value' of object 'Object Repository/TC003/Page_Brivge/input_Please input related basic information_orderNo' is: 's110314-2211001'

2022-11-15 16:39:25 - [TEST_STEP][PASSED] - buyer = getAttribute(findTestObject("TC003/Page_Brivge/input_Please input related basic information_buyer"), "value"): Attribute 'value' of object 'Object Repository/TC003/Page_Brivge/input_Please input related basic information_buyer' is: 'SG-TTAP'

2022-11-15 16:39:28 - [MESSAGE][PASSED] - Attribute 'value' of object 'Object Repository/TC003/Page_Brivge/input_Please input related basic information_buyer' is: 'SG-TTAP'

2022-11-15 16:39:28 - [TEST_STEP][PASSED] - receiver = getAttribute(findTestObject("TC003/Page_Brivge/input_Please input related basic information_receiver"), "value"): Attribute 'value' of object 'Object Repository/TC003/Page_Brivge/input_Please input related basic information_receiver' is: 'SG-TTAP-DC'

2022-11-15 16:39:28 - [MESSAGE][PASSED] - Attribute 'value' of object 'Object Repository/TC003/Page_Brivge/input_Please input related basic information_receiver' is: 'SG-TTAP-DC'

2022-11-15 16:39:28 - [TEST_STEP][PASSED] - util.copyToExcel.exel(salesOrderNo, 1, 2): util.copyToExcel.exel is PASSED

2022-11-15 16:39:28 - [MESSAGE][PASSED] - util.copyToExcel.exel is PASSED

2022-11-15 16:39:28 - [TEST_STEP][PASSED] - util.copyToExcel.exel(buyer, 1, 3): util.copyToExcel.exel is PASSED

2022-11-15 16:39:28 - [MESSAGE][PASSED] - util.copyToExcel.exel is PASSED

2022-11-15 16:39:28 - [TEST_STEP][PASSED] - util.copyToExcel.exel(receiver, 1, 4): util.copyToExcel.exel is PASSED

2022-11-15 16:39:28 - [MESSAGE][PASSED] - util.copyToExcel.exel is PASSED

2022-11-15 16:39:28 - [TEST_STEP][PASSED] - verifyElementAttributeValue(findTestObject("TC003/input_Please input related basic information_status"), "value", "Received", 0): Object 'Object Repository/TC003/input_Please input related basic information_status' has attribute 'value' with value 'Received'

2022-11-15 16:39:28 - [MESSAGE][WARNING] - Timeout '0' is invalid. Using default page load timeout: '10'

2022-11-15 16:39:29 - [MESSAGE][PASSED] - Object 'Object Repository/TC003/input_Please input related basic information_status' has attribute 'value' with value 'Received'

2022-11-15 16:39:29 - [TEST_STEP][PASSED] - y = getAttribute(findTestObject("TC003/input_Please input related basic information_orderNo"), "value"): Attribute 'value' of object 'Object Repository/TC003/input_Please input related basic information_orderNo' is: 's110314-2211001'

2022-11-15 16:39:29 - [MESSAGE][PASSED] - Attribute 'value' of object 'Object Repository/TC003/input_Please input related basic information_orderNo' is: 's110314-2211001'

2022-11-15 16:39:29 - [TEST_STEP][PASSED] - out.println("sales order no: " + y): null

2022-11-15 16:39:29 - [TEST_STEP][PASSED] - click(findTestObject("TC003/button_Confirm")): Object: 'Object Repository/TC003/button_Confirm' is clicked on

2022-11-15 16:39:30 - [MESSAGE][PASSED] - Object: 'Object Repository/TC003/button_Confirm' is clicked on

2022-11-15 16:39:30 - [TEST_STEP][PASSED] - waitForElementVisible(findTestObject("TC003/p_Are you sure to do Confirm(c0001)"), 0): Object 'Object Repository/TC003/p_Are you sure to do Confirm(c0001)' is visible

2022-11-15 16:39:30 - [MESSAGE][WARNING] - Timeout '0' is invalid. Using default page load timeout: '10'

2022-11-15 16:39:30 - [MESSAGE][PASSED] - Object 'Object Repository/TC003/p_Are you sure to do Confirm(c0001)' is visible

2022-11-15 16:39:30 - [TEST_STEP][PASSED] - click(findTestObject("TC003/button_CONFIRM (1)")): Object: 'Object Repository/TC003/button_CONFIRM (1)' is clicked on

2022-11-15 16:39:31 - [MESSAGE][PASSED] - Object: 'Object Repository/TC003/button_CONFIRM (1)' is clicked on

2022-11-15 16:39:31 - [TEST_STEP][PASSED] - verifyElementVisible(findTestObject("TC003/p_The operation was successful")): Object 'Object Repository/TC003/p_The operation was successful' is visible

2022-11-15 16:39:32 - [MESSAGE][PASSED] - Object 'Object Repository/TC003/p_The operation was successful' is visible]]></system-out>
         <system-err><![CDATA[]]></system-err>
      </testcase>
      <testcase name="Test Cases/TC004 - Customer Change Order (Customer)" time="63.506" classname="Test Cases/TC004 - Customer Change Order (Customer)" status="PASSED">
         <system-out><![CDATA[2022-11-15 16:39:32 - [TEST_CASE][PASSED] - Test Cases/TC004 - Customer Change Order (Customer): Test Cases/TC004 - Customer Change Order (Customer)

2022-11-15 16:39:33 - [TEST_STEP][PASSED] - callTestCase(findTestCase("common/Login"), ["username":usernameLuqman, "password":passwordLuqman, "verification":verificationLuqman, "company":vnttvn], STOP_ON_FAILURE): Call Test Case 'Test Cases/common/Login' successfully

2022-11-15 16:39:33 - [TEST_CASE][PASSED] - Test Cases/common/Login: Test Cases/common/Login

2022-11-15 16:39:33 - [TEST_STEP][PASSED] - openBrowser(""): Browser is opened with url: ''

2022-11-15 16:39:33 - [MESSAGE][WARNING] - A browser is already opened. Closing browser and opening a new one

2022-11-15 16:39:34 - [MESSAGE][INFO] - Starting 'Chrome' driver

2022-11-15 16:39:34 - [MESSAGE][INFO] - User set preference: ['prefs', '{download.default_directory=C:\Katalon_downloaded_file}']

2022-11-15 16:39:34 - [MESSAGE][INFO] - Action delay is set to 0 milliseconds

2022-11-15 16:39:35 - [MESSAGE][PASSED] - Browser is opened with url: ''

2022-11-15 16:39:35 - [TEST_STEP][PASSED] - maximizeWindow(): Current window maximized

2022-11-15 16:39:36 - [MESSAGE][PASSED] - Current window maximized

2022-11-15 16:39:36 - [TEST_STEP][PASSED] - navigateToUrl("https://test.brivge.com/home"): Navigate to 'https://test.brivge.com/home' successfully

2022-11-15 16:39:41 - [MESSAGE][PASSED] - Navigate to 'https://test.brivge.com/home' successfully

2022-11-15 16:39:41 - [TEST_STEP][PASSED] - waitForElementVisible(findTestObject("Object Repository/Login/input_Sign In_username"), 0): Object 'Object Repository/Login/input_Sign In_username' is visible

2022-11-15 16:39:41 - [MESSAGE][WARNING] - Timeout '0' is invalid. Using default page load timeout: '10'

2022-11-15 16:39:44 - [MESSAGE][PASSED] - Object 'Object Repository/Login/input_Sign In_username' is visible

2022-11-15 16:39:44 - [TEST_STEP][PASSED] - setText(findTestObject("Object Repository/Login/input_Sign In_username"), username): Text 'Luqman' is set on object 'Object Repository/Login/input_Sign In_username'

2022-11-15 16:39:45 - [MESSAGE][PASSED] - Text 'Luqman' is set on object 'Object Repository/Login/input_Sign In_username'

2022-11-15 16:39:45 - [TEST_STEP][PASSED] - setText(findTestObject("Object Repository/Login/input_Sign In_password"), password): Text 'Luqman-123' is set on object 'Object Repository/Login/input_Sign In_password'

2022-11-15 16:39:45 - [MESSAGE][PASSED] - Text 'Luqman-123' is set on object 'Object Repository/Login/input_Sign In_password'

2022-11-15 16:39:45 - [TEST_STEP][PASSED] - click(findTestObject("Object Repository/Login/span_Sign In")): Object: 'Object Repository/Login/span_Sign In' is clicked on

2022-11-15 16:39:46 - [MESSAGE][PASSED] - Object: 'Object Repository/Login/span_Sign In' is clicked on

2022-11-15 16:39:46 - [TEST_STEP][PASSED] - setText(findTestObject("Object Repository/Login/input_Verify_verificationCode"), verification): Text '575615' is set on object 'Object Repository/Login/input_Verify_verificationCode'

2022-11-15 16:39:47 - [MESSAGE][PASSED] - Text '575615' is set on object 'Object Repository/Login/input_Verify_verificationCode'

2022-11-15 16:39:47 - [TEST_STEP][PASSED] - click(findTestObject("Object Repository/Login/span_Verify")): Object: 'Object Repository/Login/span_Verify' is clicked on

2022-11-15 16:39:48 - [MESSAGE][PASSED] - Object: 'Object Repository/Login/span_Verify' is clicked on

2022-11-15 16:39:48 - [TEST_STEP][PASSED] - click(findTestObject("TC003/button_aazwanSGDC-Azwan")): Object: 'Object Repository/TC003/button_aazwanSGDC-Azwan' is clicked on

2022-11-15 16:39:58 - [MESSAGE][PASSED] - Object: 'Object Repository/TC003/button_aazwanSGDC-Azwan' is clicked on

2022-11-15 16:39:58 - [TEST_STEP][PASSED] - click(findTestObject("TC003/button_company")): Object: 'Object Repository/TC003/button_company' is clicked on

2022-11-15 16:39:59 - [MESSAGE][PASSED] - Object: 'Object Repository/TC003/button_company' is clicked on

2022-11-15 16:39:59 - [TEST_STEP][PASSED] - click(findTestObject("Login/li_Company", ["company":company])): Object: 'Object Repository/Login/li_Company' is clicked on

2022-11-15 16:40:01 - [MESSAGE][PASSED] - Object: 'Object Repository/Login/li_Company' is clicked on

2022-11-15 16:40:01 - [MESSAGE][PASSED] - Call Test Case 'Test Cases/common/Login' successfully

2022-11-15 16:40:01 - [TEST_STEP][PASSED] - click(findTestObject("TC001/h6_Order")): Object: 'Object Repository/TC001/h6_Order' is clicked on

2022-11-15 16:40:05 - [MESSAGE][PASSED] - Object: 'Object Repository/TC001/h6_Order' is clicked on

2022-11-15 16:40:05 - [TEST_STEP][PASSED] - click(findTestObject("delete order summary/li_Place ChangeCancel")): Object: 'Object Repository/delete order summary/li_Place ChangeCancel' is clicked on

2022-11-15 16:40:06 - [MESSAGE][PASSED] - Object: 'Object Repository/delete order summary/li_Place ChangeCancel' is clicked on

2022-11-15 16:40:06 - [TEST_STEP][PASSED] - focus(findTestObject("delete order summary/input_Forecast Change_lcbm-MuiInputBase-input lcbm-MuiFilledInput-input lcbm-lcbm110 lcbm-MuiInputBase-inputAdornedEnd lcbm-MuiFilledInput-inputAdornedEnd"), STOP_ON_FAILURE): Object: 'Object Repository/delete order summary/input_Forecast Change_lcbm-MuiInputBase-input lcbm-MuiFilledInput-input lcbm-lcbm110 lcbm-MuiInputBase-inputAdornedEnd lcbm-MuiFilledInput-inputAdornedEnd' is focused

2022-11-15 16:40:07 - [MESSAGE][PASSED] - Object: 'Object Repository/delete order summary/input_Forecast Change_lcbm-MuiInputBase-input lcbm-MuiFilledInput-input lcbm-lcbm110 lcbm-MuiInputBase-inputAdornedEnd lcbm-MuiFilledInput-inputAdornedEnd' is focused

2022-11-15 16:40:07 - [TEST_STEP][PASSED] - setText(findTestObject("delete order summary/input_Forecast Change_lcbm-MuiInputBase-input lcbm-MuiFilledInput-input lcbm-lcbm110 lcbm-MuiInputBase-inputAdornedEnd lcbm-MuiFilledInput-inputAdornedEnd"), findTestData("Toyotsu-data").getValue(1, 2)): Text 'CR-VN-TTVN-2211005' is set on object 'Object Repository/delete order summary/input_Forecast Change_lcbm-MuiInputBase-input lcbm-MuiFilledInput-input lcbm-lcbm110 lcbm-MuiInputBase-inputAdornedEnd lcbm-MuiFilledInput-inputAdornedEnd'

2022-11-15 16:40:12 - [MESSAGE][PASSED] - Text 'CR-VN-TTVN-2211005' is set on object 'Object Repository/delete order summary/input_Forecast Change_lcbm-MuiInputBase-input lcbm-MuiFilledInput-input lcbm-lcbm110 lcbm-MuiInputBase-inputAdornedEnd lcbm-MuiFilledInput-inputAdornedEnd'

2022-11-15 16:40:12 - [TEST_STEP][PASSED] - delay(2): Delayed 2 second(s)

2022-11-15 16:40:14 - [MESSAGE][PASSED] - Delayed 2 second(s)

2022-11-15 16:40:14 - [TEST_STEP][PASSED] - click(findTestObject("TC004/create button")): Object: 'Object Repository/TC004/create button' is clicked on

2022-11-15 16:40:15 - [MESSAGE][PASSED] - Object: 'Object Repository/TC004/create button' is clicked on

2022-11-15 16:40:15 - [TEST_STEP][PASSED] - doubleClick(findTestObject("TC004/input 1")): Object: 'Object Repository/TC004/input 1' is double clicked on

2022-11-15 16:40:16 - [MESSAGE][PASSED] - Object: 'Object Repository/TC004/input 1' is double clicked on

2022-11-15 16:40:16 - [TEST_STEP][PASSED] - sendKeys(findTestObject("TC004/input 1"), "1500"): Keys '1500' sent to object: 'Object Repository/TC004/input 1'

2022-11-15 16:40:18 - [MESSAGE][PASSED] - Keys '1500' sent to object: 'Object Repository/TC004/input 1'

2022-11-15 16:40:18 - [TEST_STEP][PASSED] - doubleClick(findTestObject("TC004/input 2")): Object: 'Object Repository/TC004/input 2' is double clicked on

2022-11-15 16:40:19 - [MESSAGE][PASSED] - Object: 'Object Repository/TC004/input 2' is double clicked on

2022-11-15 16:40:19 - [TEST_STEP][PASSED] - sendKeys(findTestObject("TC004/input 2"), "1500"): Keys '1500' sent to object: 'Object Repository/TC004/input 2'

2022-11-15 16:40:20 - [MESSAGE][PASSED] - Keys '1500' sent to object: 'Object Repository/TC004/input 2'

2022-11-15 16:40:20 - [TEST_STEP][PASSED] - click(findTestObject("TC004/button input shipping plan")): Object: 'Object Repository/TC004/button input shipping plan' is clicked on

2022-11-15 16:40:20 - [MESSAGE][PASSED] - Object: 'Object Repository/TC004/button input shipping plan' is clicked on

2022-11-15 16:40:20 - [TEST_STEP][PASSED] - click(findTestObject("TC004/input__newInboundPlanDate")): Object: 'Object Repository/TC004/input__newInboundPlanDate' is clicked on

2022-11-15 16:40:21 - [MESSAGE][PASSED] - Object: 'Object Repository/TC004/input__newInboundPlanDate' is clicked on

2022-11-15 16:40:21 - [TEST_STEP][PASSED] - doubleClick(findTestObject("TC004/button next calendar")): Object: 'Object Repository/TC004/button next calendar' is double clicked on

2022-11-15 16:40:23 - [MESSAGE][PASSED] - Object: 'Object Repository/TC004/button next calendar' is double clicked on

2022-11-15 16:40:23 - [TEST_STEP][PASSED] - doubleClick(findTestObject("TC004/button next calendar")): Object: 'Object Repository/TC004/button next calendar' is double clicked on

2022-11-15 16:40:24 - [MESSAGE][PASSED] - Object: 'Object Repository/TC004/button next calendar' is double clicked on

2022-11-15 16:40:24 - [TEST_STEP][PASSED] - doubleClick(findTestObject("TC004/button next calendar")): Object: 'Object Repository/TC004/button next calendar' is double clicked on

2022-11-15 16:40:26 - [MESSAGE][PASSED] - Object: 'Object Repository/TC004/button next calendar' is double clicked on

2022-11-15 16:40:26 - [TEST_STEP][PASSED] - click(findTestObject("TC004/button_17")): Object: 'Object Repository/TC004/button_17' is clicked on

2022-11-15 16:40:27 - [MESSAGE][PASSED] - Object: 'Object Repository/TC004/button_17' is clicked on

2022-11-15 16:40:27 - [TEST_STEP][PASSED] - click(findTestObject("TC004/button_Confirm input plan")): Object: 'Object Repository/TC004/button_Confirm input plan' is clicked on

2022-11-15 16:40:28 - [MESSAGE][PASSED] - Object: 'Object Repository/TC004/button_Confirm input plan' is clicked on

2022-11-15 16:40:28 - [TEST_STEP][PASSED] - doubleClick(findTestObject("TC004/input 3")): Object: 'Object Repository/TC004/input 3' is double clicked on

2022-11-15 16:40:29 - [MESSAGE][PASSED] - Object: 'Object Repository/TC004/input 3' is double clicked on

2022-11-15 16:40:29 - [TEST_STEP][PASSED] - sendKeys(findTestObject("TC004/input 3"), "1500"): Keys '1500' sent to object: 'Object Repository/TC004/input 3'

2022-11-15 16:40:29 - [MESSAGE][PASSED] - Keys '1500' sent to object: 'Object Repository/TC004/input 3'

2022-11-15 16:40:29 - [TEST_STEP][PASSED] - doubleClick(findTestObject("TC004/input 4")): Object: 'Object Repository/TC004/input 4' is double clicked on

2022-11-15 16:40:30 - [MESSAGE][PASSED] - Object: 'Object Repository/TC004/input 4' is double clicked on

2022-11-15 16:40:30 - [TEST_STEP][PASSED] - sendKeys(findTestObject("TC004/input 4"), "1500"): Keys '1500' sent to object: 'Object Repository/TC004/input 4'

2022-11-15 16:40:30 - [MESSAGE][PASSED] - Keys '1500' sent to object: 'Object Repository/TC004/input 4'

2022-11-15 16:40:30 - [TEST_STEP][PASSED] - y = util.generateTime.dateTimeGenerator(): util.generateTime.dateTimeGenerator is PASSED

2022-11-15 16:40:30 - [MESSAGE][PASSED] - util.generateTime.dateTimeGenerator is PASSED

2022-11-15 16:40:30 - [TEST_STEP][PASSED] - util.copyToExcel.exel(y, 1, 1): util.copyToExcel.exel is PASSED

2022-11-15 16:40:30 - [MESSAGE][PASSED] - util.copyToExcel.exel is PASSED

2022-11-15 16:40:30 - [TEST_STEP][PASSED] - doubleClick(findTestObject("TC004/input_Basic info (order summary)_customerRefNo"), STOP_ON_FAILURE): Object: 'Object Repository/TC004/input_Basic info (order summary)_customerRefNo' is double clicked on

2022-11-15 16:40:31 - [MESSAGE][PASSED] - Object: 'Object Repository/TC004/input_Basic info (order summary)_customerRefNo' is double clicked on

2022-11-15 16:40:31 - [TEST_STEP][PASSED] - sendKeys(findTestObject("TC004/input_Basic info (order summary)_customerRefNo"), y): Keys '20221115164030' sent to object: 'Object Repository/TC004/input_Basic info (order summary)_customerRefNo'

2022-11-15 16:40:32 - [MESSAGE][PASSED] - Keys '20221115164030' sent to object: 'Object Repository/TC004/input_Basic info (order summary)_customerRefNo'

2022-11-15 16:40:32 - [TEST_STEP][PASSED] - click(findTestObject("TC004/div_scroll"), STOP_ON_FAILURE): Object: 'Object Repository/TC004/div_scroll' is clicked on

2022-11-15 16:40:32 - [MESSAGE][PASSED] - Object: 'Object Repository/TC004/div_scroll' is clicked on

2022-11-15 16:40:32 - [TEST_STEP][PASSED] - sendKeys(findTestObject(null), Keys.chord(HOME)): Keys 'HOME + ' sent to object: 'tempBody'

2022-11-15 16:40:32 - [MESSAGE][WARNING] - Test object id is null

2022-11-15 16:40:32 - [MESSAGE][WARNING] - Test object with id 'Object Repository/' does not exist

2022-11-15 16:40:33 - [MESSAGE][PASSED] - Keys 'HOME + ' sent to object: 'tempBody'

2022-11-15 16:40:33 - [TEST_STEP][PASSED] - click(findTestObject("TC004/button_issue")): Object: 'Object Repository/TC004/button_issue' is clicked on

2022-11-15 16:40:33 - [MESSAGE][PASSED] - Object: 'Object Repository/TC004/button_issue' is clicked on

2022-11-15 16:40:33 - [TEST_STEP][PASSED] - click(findTestObject("TC004/button_CONFIRM")): Object: 'Object Repository/TC004/button_CONFIRM' is clicked on

2022-11-15 16:40:34 - [MESSAGE][PASSED] - Object: 'Object Repository/TC004/button_CONFIRM' is clicked on

2022-11-15 16:40:34 - [TEST_STEP][PASSED] - verifyElementPresent(findTestObject("TC003/p_The operation was successful"), 0): Object 'Object Repository/TC003/p_The operation was successful' is present

2022-11-15 16:40:34 - [MESSAGE][WARNING] - Timeout '0' is invalid. Using default page load timeout: '10'

2022-11-15 16:40:36 - [MESSAGE][PASSED] - Object 'Object Repository/TC003/p_The operation was successful' is present]]></system-out>
         <system-err><![CDATA[]]></system-err>
      </testcase>
      <testcase name="Test Cases/TC005 - Approve Change Cancel Request (Supplier)" time="35.114" classname="Test Cases/TC005 - Approve Change Cancel Request (Supplier)" status="PASSED">
         <system-out><![CDATA[2022-11-15 16:40:36 - [TEST_CASE][PASSED] - Test Cases/TC005 - Approve Change Cancel Request (Supplier): Test Cases/TC005 - Approve Change Cancel Request (Supplier)

2022-11-15 16:40:36 - [TEST_STEP][PASSED] - callTestCase(findTestCase("common/Login"), ["username":usernameAzwan, "password":passwordAzwan, "verification":verificationAzwan, "company":sgbafco], STOP_ON_FAILURE): Call Test Case 'Test Cases/common/Login' successfully

2022-11-15 16:40:36 - [TEST_CASE][PASSED] - Test Cases/common/Login: Test Cases/common/Login

2022-11-15 16:40:36 - [TEST_STEP][PASSED] - openBrowser(""): Browser is opened with url: ''

2022-11-15 16:40:36 - [MESSAGE][WARNING] - A browser is already opened. Closing browser and opening a new one

2022-11-15 16:40:37 - [MESSAGE][INFO] - Starting 'Chrome' driver

2022-11-15 16:40:37 - [MESSAGE][INFO] - User set preference: ['prefs', '{download.default_directory=C:\Katalon_downloaded_file}']

2022-11-15 16:40:37 - [MESSAGE][INFO] - Action delay is set to 0 milliseconds

2022-11-15 16:40:39 - [MESSAGE][PASSED] - Browser is opened with url: ''

2022-11-15 16:40:39 - [TEST_STEP][PASSED] - maximizeWindow(): Current window maximized

2022-11-15 16:40:39 - [MESSAGE][PASSED] - Current window maximized

2022-11-15 16:40:39 - [TEST_STEP][PASSED] - navigateToUrl("https://test.brivge.com/home"): Navigate to 'https://test.brivge.com/home' successfully

2022-11-15 16:40:42 - [MESSAGE][PASSED] - Navigate to 'https://test.brivge.com/home' successfully

2022-11-15 16:40:42 - [TEST_STEP][PASSED] - waitForElementVisible(findTestObject("Object Repository/Login/input_Sign In_username"), 0): Object 'Object Repository/Login/input_Sign In_username' is visible

2022-11-15 16:40:42 - [MESSAGE][WARNING] - Timeout '0' is invalid. Using default page load timeout: '10'

2022-11-15 16:40:44 - [MESSAGE][PASSED] - Object 'Object Repository/Login/input_Sign In_username' is visible

2022-11-15 16:40:44 - [TEST_STEP][PASSED] - setText(findTestObject("Object Repository/Login/input_Sign In_username"), username): Text 'Azwan' is set on object 'Object Repository/Login/input_Sign In_username'

2022-11-15 16:40:45 - [MESSAGE][PASSED] - Text 'Azwan' is set on object 'Object Repository/Login/input_Sign In_username'

2022-11-15 16:40:45 - [TEST_STEP][PASSED] - setText(findTestObject("Object Repository/Login/input_Sign In_password"), password): Text 'Azwan-123' is set on object 'Object Repository/Login/input_Sign In_password'

2022-11-15 16:40:46 - [MESSAGE][PASSED] - Text 'Azwan-123' is set on object 'Object Repository/Login/input_Sign In_password'

2022-11-15 16:40:46 - [TEST_STEP][PASSED] - click(findTestObject("Object Repository/Login/span_Sign In")): Object: 'Object Repository/Login/span_Sign In' is clicked on

2022-11-15 16:40:46 - [MESSAGE][PASSED] - Object: 'Object Repository/Login/span_Sign In' is clicked on

2022-11-15 16:40:46 - [TEST_STEP][PASSED] - setText(findTestObject("Object Repository/Login/input_Verify_verificationCode"), verification): Text '752809' is set on object 'Object Repository/Login/input_Verify_verificationCode'

2022-11-15 16:40:47 - [MESSAGE][PASSED] - Text '752809' is set on object 'Object Repository/Login/input_Verify_verificationCode'

2022-11-15 16:40:47 - [TEST_STEP][PASSED] - click(findTestObject("Object Repository/Login/span_Verify")): Object: 'Object Repository/Login/span_Verify' is clicked on

2022-11-15 16:40:48 - [MESSAGE][PASSED] - Object: 'Object Repository/Login/span_Verify' is clicked on

2022-11-15 16:40:48 - [TEST_STEP][PASSED] - click(findTestObject("TC003/button_aazwanSGDC-Azwan")): Object: 'Object Repository/TC003/button_aazwanSGDC-Azwan' is clicked on

2022-11-15 16:40:52 - [MESSAGE][PASSED] - Object: 'Object Repository/TC003/button_aazwanSGDC-Azwan' is clicked on

2022-11-15 16:40:52 - [TEST_STEP][PASSED] - click(findTestObject("TC003/button_company")): Object: 'Object Repository/TC003/button_company' is clicked on

2022-11-15 16:40:53 - [MESSAGE][PASSED] - Object: 'Object Repository/TC003/button_company' is clicked on

2022-11-15 16:40:53 - [TEST_STEP][PASSED] - click(findTestObject("Login/li_Company", ["company":company])): Object: 'Object Repository/Login/li_Company' is clicked on

2022-11-15 16:40:53 - [MESSAGE][PASSED] - Object: 'Object Repository/Login/li_Company' is clicked on

2022-11-15 16:40:53 - [MESSAGE][PASSED] - Call Test Case 'Test Cases/common/Login' successfully

2022-11-15 16:40:53 - [TEST_STEP][PASSED] - click(findTestObject("TC005/h6_Order")): Object: 'Object Repository/TC005/h6_Order' is clicked on

2022-11-15 16:40:54 - [MESSAGE][PASSED] - Object: 'Object Repository/TC005/h6_Order' is clicked on

2022-11-15 16:40:54 - [TEST_STEP][PASSED] - click(findTestObject("TC005/li_ChangeCancel Request List")): Object: 'Object Repository/TC005/li_ChangeCancel Request List' is clicked on

2022-11-15 16:41:00 - [MESSAGE][PASSED] - Object: 'Object Repository/TC005/li_ChangeCancel Request List' is clicked on

2022-11-15 16:41:00 - [TEST_STEP][PASSED] - if (verifyElementVisible(findTestObject("TC005/h1_What can you do in Change or Cancel Request List")) == true): null

2022-11-15 16:41:02 - [MESSAGE][PASSED] - Object 'Object Repository/TC005/h1_What can you do in Change or Cancel Request List' is visible

2022-11-15 16:41:02 - [TEST_STEP][PASSED] - click(findTestObject("TC005/span_X")): Object: 'Object Repository/TC005/span_X' is clicked on

2022-11-15 16:41:03 - [MESSAGE][PASSED] - Object: 'Object Repository/TC005/span_X' is clicked on

2022-11-15 16:41:03 - [TEST_STEP][PASSED] - setText(findTestObject("TC005/input Search"), findTestData("Toyotsu-data").getValue(1, 2)): Text 'CR-VN-TTVN-2211005' is set on object 'Object Repository/TC005/input Search'

2022-11-15 16:41:05 - [MESSAGE][PASSED] - Text 'CR-VN-TTVN-2211005' is set on object 'Object Repository/TC005/input Search'

2022-11-15 16:41:05 - [TEST_STEP][PASSED] - click(findTestObject("TC005/button filter")): Object: 'Object Repository/TC005/button filter' is clicked on

2022-11-15 16:41:05 - [MESSAGE][PASSED] - Object: 'Object Repository/TC005/button filter' is clicked on

2022-11-15 16:41:05 - [TEST_STEP][PASSED] - click(findTestObject("TC005/input__requestStatusList")): Object: 'Object Repository/TC005/input__requestStatusList' is clicked on

2022-11-15 16:41:06 - [MESSAGE][PASSED] - Object: 'Object Repository/TC005/input__requestStatusList' is clicked on

2022-11-15 16:41:06 - [TEST_STEP][PASSED] - click(findTestObject("TC005/li_New")): Object: 'Object Repository/TC005/li_New' is clicked on

2022-11-15 16:41:07 - [MESSAGE][PASSED] - Object: 'Object Repository/TC005/li_New' is clicked on

2022-11-15 16:41:07 - [TEST_STEP][PASSED] - click(findTestObject("TC005/button_Search")): Object: 'Object Repository/TC005/button_Search' is clicked on

2022-11-15 16:41:08 - [MESSAGE][PASSED] - Object: 'Object Repository/TC005/button_Search' is clicked on

2022-11-15 16:41:08 - [TEST_STEP][PASSED] - click(findTestObject("TC005/button detail")): Object: 'Object Repository/TC005/button detail' is clicked on

2022-11-15 16:41:09 - [MESSAGE][PASSED] - Object: 'Object Repository/TC005/button detail' is clicked on

2022-11-15 16:41:09 - [TEST_STEP][PASSED] - click(findTestObject("TC005/button_Approve")): Object: 'Object Repository/TC005/button_Approve' is clicked on

2022-11-15 16:41:09 - [MESSAGE][PASSED] - Object: 'Object Repository/TC005/button_Approve' is clicked on

2022-11-15 16:41:09 - [TEST_STEP][PASSED] - verifyElementVisible(findTestObject("TC005/p_The operation was successful")): Object 'Object Repository/TC005/p_The operation was successful' is visible

2022-11-15 16:41:11 - [MESSAGE][PASSED] - Object 'Object Repository/TC005/p_The operation was successful' is visible]]></system-out>
         <system-err><![CDATA[]]></system-err>
      </testcase>
      <testcase name="Test Cases/TC006 - Supplier Outbound Details (Supplier)" time="76.835" classname="Test Cases/TC006 - Supplier Outbound Details (Supplier)" status="PASSED">
         <system-out><![CDATA[2022-11-15 16:41:11 - [TEST_CASE][PASSED] - Test Cases/TC006 - Supplier Outbound Details (Supplier): Test Cases/TC006 - Supplier Outbound Details (Supplier)

2022-11-15 16:41:12 - [TEST_STEP][PASSED] - callTestCase(findTestCase("common/Login"), ["username":usernameAzwan, "password":passwordAzwan, "verification":verificationAzwan, "company":sgbafco], STOP_ON_FAILURE): Call Test Case 'Test Cases/common/Login' successfully

2022-11-15 16:41:12 - [TEST_CASE][PASSED] - Test Cases/common/Login: Test Cases/common/Login

2022-11-15 16:41:12 - [TEST_STEP][PASSED] - openBrowser(""): Browser is opened with url: ''

2022-11-15 16:41:12 - [MESSAGE][WARNING] - A browser is already opened. Closing browser and opening a new one

2022-11-15 16:41:13 - [MESSAGE][INFO] - Starting 'Chrome' driver

2022-11-15 16:41:13 - [MESSAGE][INFO] - User set preference: ['prefs', '{download.default_directory=C:\Katalon_downloaded_file}']

2022-11-15 16:41:13 - [MESSAGE][INFO] - Action delay is set to 0 milliseconds

2022-11-15 16:41:14 - [MESSAGE][PASSED] - Browser is opened with url: ''

2022-11-15 16:41:14 - [TEST_STEP][PASSED] - maximizeWindow(): Current window maximized

2022-11-15 16:41:14 - [MESSAGE][PASSED] - Current window maximized

2022-11-15 16:41:14 - [TEST_STEP][PASSED] - navigateToUrl("https://test.brivge.com/home"): Navigate to 'https://test.brivge.com/home' successfully

2022-11-15 16:41:17 - [MESSAGE][PASSED] - Navigate to 'https://test.brivge.com/home' successfully

2022-11-15 16:41:17 - [TEST_STEP][PASSED] - waitForElementVisible(findTestObject("Object Repository/Login/input_Sign In_username"), 0): Object 'Object Repository/Login/input_Sign In_username' is visible

2022-11-15 16:41:17 - [MESSAGE][WARNING] - Timeout '0' is invalid. Using default page load timeout: '10'

2022-11-15 16:41:19 - [MESSAGE][PASSED] - Object 'Object Repository/Login/input_Sign In_username' is visible

2022-11-15 16:41:19 - [TEST_STEP][PASSED] - setText(findTestObject("Object Repository/Login/input_Sign In_username"), username): Text 'Azwan' is set on object 'Object Repository/Login/input_Sign In_username'

2022-11-15 16:41:20 - [MESSAGE][PASSED] - Text 'Azwan' is set on object 'Object Repository/Login/input_Sign In_username'

2022-11-15 16:41:20 - [TEST_STEP][PASSED] - setText(findTestObject("Object Repository/Login/input_Sign In_password"), password): Text 'Azwan-123' is set on object 'Object Repository/Login/input_Sign In_password'

2022-11-15 16:41:21 - [MESSAGE][PASSED] - Text 'Azwan-123' is set on object 'Object Repository/Login/input_Sign In_password'

2022-11-15 16:41:21 - [TEST_STEP][PASSED] - click(findTestObject("Object Repository/Login/span_Sign In")): Object: 'Object Repository/Login/span_Sign In' is clicked on

2022-11-15 16:41:21 - [MESSAGE][PASSED] - Object: 'Object Repository/Login/span_Sign In' is clicked on

2022-11-15 16:41:21 - [TEST_STEP][PASSED] - setText(findTestObject("Object Repository/Login/input_Verify_verificationCode"), verification): Text '752809' is set on object 'Object Repository/Login/input_Verify_verificationCode'

2022-11-15 16:41:22 - [MESSAGE][PASSED] - Text '752809' is set on object 'Object Repository/Login/input_Verify_verificationCode'

2022-11-15 16:41:22 - [TEST_STEP][PASSED] - click(findTestObject("Object Repository/Login/span_Verify")): Object: 'Object Repository/Login/span_Verify' is clicked on

2022-11-15 16:41:23 - [MESSAGE][PASSED] - Object: 'Object Repository/Login/span_Verify' is clicked on

2022-11-15 16:41:23 - [TEST_STEP][PASSED] - click(findTestObject("TC003/button_aazwanSGDC-Azwan")): Object: 'Object Repository/TC003/button_aazwanSGDC-Azwan' is clicked on

2022-11-15 16:41:28 - [MESSAGE][PASSED] - Object: 'Object Repository/TC003/button_aazwanSGDC-Azwan' is clicked on

2022-11-15 16:41:28 - [TEST_STEP][PASSED] - click(findTestObject("TC003/button_company")): Object: 'Object Repository/TC003/button_company' is clicked on

2022-11-15 16:41:29 - [MESSAGE][PASSED] - Object: 'Object Repository/TC003/button_company' is clicked on

2022-11-15 16:41:29 - [TEST_STEP][PASSED] - click(findTestObject("Login/li_Company", ["company":company])): Object: 'Object Repository/Login/li_Company' is clicked on

2022-11-15 16:41:29 - [MESSAGE][PASSED] - Object: 'Object Repository/Login/li_Company' is clicked on

2022-11-15 16:41:29 - [MESSAGE][PASSED] - Call Test Case 'Test Cases/common/Login' successfully

2022-11-15 16:41:29 - [TEST_STEP][PASSED] - click(findTestObject("TC006/Page_Brivge/h6_Logistics")): Object: 'Object Repository/TC006/Page_Brivge/h6_Logistics' is clicked on

2022-11-15 16:41:30 - [MESSAGE][PASSED] - Object: 'Object Repository/TC006/Page_Brivge/h6_Logistics' is clicked on

2022-11-15 16:41:30 - [TEST_STEP][PASSED] - click(findTestObject("TC006/Page_Brivge/li_Outbound Monitoring List")): Object: 'Object Repository/TC006/Page_Brivge/li_Outbound Monitoring List' is clicked on

2022-11-15 16:41:33 - [MESSAGE][PASSED] - Object: 'Object Repository/TC006/Page_Brivge/li_Outbound Monitoring List' is clicked on

2022-11-15 16:41:33 - [TEST_STEP][PASSED] - click(findTestObject("TC006/Page_Brivge/button create")): Object: 'Object Repository/TC006/Page_Brivge/button create' is clicked on

2022-11-15 16:41:35 - [MESSAGE][PASSED] - Object: 'Object Repository/TC006/Page_Brivge/button create' is clicked on

2022-11-15 16:41:35 - [TEST_STEP][PASSED] - callTestCase(findTestCase("common/Long Form/6_1 - input basic info"), [:], STOP_ON_FAILURE): Call Test Case 'Test Cases/common/Long Form/6_1 - input basic info' successfully

2022-11-15 16:41:35 - [TEST_CASE][PASSED] - Test Cases/common/Long Form/6_1 - input basic info: Test Cases/common/Long Form/6_1 - input basic info

2022-11-15 16:41:36 - [TEST_STEP][PASSED] - click(findTestObject("TC006/Page_Brivge/input__buyer")): Object: 'Object Repository/TC006/Page_Brivge/input__buyer' is clicked on

2022-11-15 16:41:39 - [MESSAGE][PASSED] - Object: 'Object Repository/TC006/Page_Brivge/input__buyer' is clicked on

2022-11-15 16:41:39 - [TEST_STEP][PASSED] - setText(findTestObject("TC006/Page_Brivge/input__buyer"), findTestData("Toyotsu-data").getValue(4, 2)): Text 'SG-TTAP' is set on object 'Object Repository/TC006/Page_Brivge/input__buyer'

2022-11-15 16:41:40 - [MESSAGE][PASSED] - Text 'SG-TTAP' is set on object 'Object Repository/TC006/Page_Brivge/input__buyer'

2022-11-15 16:41:40 - [TEST_STEP][PASSED] - sendKeys(findTestObject("TC006/Page_Brivge/input__buyer"), Keys.chord(ENTER)): Keys 'ENTER + ' sent to object: 'Object Repository/TC006/Page_Brivge/input__buyer'

2022-11-15 16:41:40 - [MESSAGE][PASSED] - Keys 'ENTER + ' sent to object: 'Object Repository/TC006/Page_Brivge/input__buyer'

2022-11-15 16:41:40 - [TEST_STEP][PASSED] - click(findTestObject("TC006/Page_Brivge/input__receiver"), STOP_ON_FAILURE): Object: 'Object Repository/TC006/Page_Brivge/input__receiver' is clicked on

2022-11-15 16:41:41 - [MESSAGE][PASSED] - Object: 'Object Repository/TC006/Page_Brivge/input__receiver' is clicked on

2022-11-15 16:41:41 - [TEST_STEP][PASSED] - setText(findTestObject("TC006/Page_Brivge/input__receiver"), findTestData("Toyotsu-data").getValue(5, 2)): Text 'SG-TTAP-DC' is set on object 'Object Repository/TC006/Page_Brivge/input__receiver'

2022-11-15 16:41:42 - [MESSAGE][PASSED] - Text 'SG-TTAP-DC' is set on object 'Object Repository/TC006/Page_Brivge/input__receiver'

2022-11-15 16:41:42 - [TEST_STEP][PASSED] - sendKeys(findTestObject("TC006/Page_Brivge/input__receiver"), Keys.chord(ENTER)): Keys 'ENTER + ' sent to object: 'Object Repository/TC006/Page_Brivge/input__receiver'

2022-11-15 16:41:43 - [MESSAGE][PASSED] - Keys 'ENTER + ' sent to object: 'Object Repository/TC006/Page_Brivge/input__receiver'

2022-11-15 16:41:43 - [TEST_STEP][PASSED] - y = util.generateTime.dateTimeGenerator(): util.generateTime.dateTimeGenerator is PASSED

2022-11-15 16:41:43 - [MESSAGE][PASSED] - util.generateTime.dateTimeGenerator is PASSED

2022-11-15 16:41:43 - [TEST_STEP][PASSED] - outBoundRefNo = "o-" + y: null

2022-11-15 16:41:43 - [TEST_STEP][PASSED] - util.copyToExcel.exel(outBoundRefNo, 1, 5): util.copyToExcel.exel is PASSED

2022-11-15 16:41:43 - [MESSAGE][PASSED] - util.copyToExcel.exel is PASSED

2022-11-15 16:41:43 - [TEST_STEP][PASSED] - setText(findTestObject("TC006/Page_Brivge/input__outboundRefNo"), outBoundRefNo): Text 'o-20221115164143' is set on object 'Object Repository/TC006/Page_Brivge/input__outboundRefNo'

2022-11-15 16:41:44 - [MESSAGE][PASSED] - Text 'o-20221115164143' is set on object 'Object Repository/TC006/Page_Brivge/input__outboundRefNo'

2022-11-15 16:41:44 - [TEST_STEP][PASSED] - bookingNo = "BN" + y: null

2022-11-15 16:41:44 - [TEST_STEP][PASSED] - setText(findTestObject("TC006/Page_Brivge/input__bookingNo"), bookingNo): Text 'BN20221115164143' is set on object 'Object Repository/TC006/Page_Brivge/input__bookingNo'

2022-11-15 16:41:45 - [MESSAGE][PASSED] - Text 'BN20221115164143' is set on object 'Object Repository/TC006/Page_Brivge/input__bookingNo'

2022-11-15 16:41:45 - [TEST_STEP][PASSED] - util.copyToExcel.exel(bookingNo, 1, 7): util.copyToExcel.exel is PASSED

2022-11-15 16:41:45 - [MESSAGE][PASSED] - util.copyToExcel.exel is PASSED

2022-11-15 16:41:45 - [TEST_STEP][PASSED] - click(findTestObject("TC006/Page_Brivge/input__etd")): Object: 'Object Repository/TC006/Page_Brivge/input__etd' is clicked on

2022-11-15 16:41:46 - [MESSAGE][PASSED] - Object: 'Object Repository/TC006/Page_Brivge/input__etd' is clicked on

2022-11-15 16:41:46 - [TEST_STEP][PASSED] - util.handlePicker.handleCalendar(findTestObject("TC006/TC006_1/Page_Brivge/div_calendar header"), findTestObject("TC006/Page_Brivge/button next calendar"), 1, 2): util.handlePicker.handleCalendar is PASSED

2022-11-15 16:41:50 - [MESSAGE][PASSED] - util.handlePicker.handleCalendar is PASSED

2022-11-15 16:41:50 - [TEST_STEP][PASSED] - delay(2): Delayed 2 second(s)

2022-11-15 16:41:52 - [MESSAGE][PASSED] - Delayed 2 second(s)

2022-11-15 16:41:52 - [TEST_STEP][PASSED] - click(findTestObject("TC006/Page_Brivge/input__eta")): Object: 'Object Repository/TC006/Page_Brivge/input__eta' is clicked on

2022-11-15 16:41:53 - [MESSAGE][PASSED] - Object: 'Object Repository/TC006/Page_Brivge/input__eta' is clicked on

2022-11-15 16:41:53 - [TEST_STEP][PASSED] - util.handlePicker.handleCalendar(findTestObject("TC006/TC006_1/Page_Brivge/div_calendar header"), findTestObject("TC006/Page_Brivge/button next calendar"), 15, 2): util.handlePicker.handleCalendar is PASSED

2022-11-15 16:41:58 - [MESSAGE][PASSED] - util.handlePicker.handleCalendar is PASSED

2022-11-15 16:41:58 - [MESSAGE][PASSED] - Call Test Case 'Test Cases/common/Long Form/6_1 - input basic info' successfully

2022-11-15 16:41:58 - [TEST_STEP][PASSED] - callTestCase(findTestCase("common/Long Form/6_2 - input container info"), [:], STOP_ON_FAILURE): Call Test Case 'Test Cases/common/Long Form/6_2 - input container info' successfully

2022-11-15 16:41:58 - [TEST_CASE][PASSED] - Test Cases/common/Long Form/6_2 - input container info: Test Cases/common/Long Form/6_2 - input container info

2022-11-15 16:41:58 - [TEST_STEP][PASSED] - click(findTestObject("TC006/Page_Brivge/input_ADD CONTAINER_containerType")): Object: 'Object Repository/TC006/Page_Brivge/input_ADD CONTAINER_containerType' is clicked on

2022-11-15 16:41:59 - [MESSAGE][PASSED] - Object: 'Object Repository/TC006/Page_Brivge/input_ADD CONTAINER_containerType' is clicked on

2022-11-15 16:41:59 - [TEST_STEP][PASSED] - click(findTestObject("TC006/Page_Brivge/li_20FT")): Object: 'Object Repository/TC006/Page_Brivge/li_20FT' is clicked on

2022-11-15 16:41:59 - [MESSAGE][PASSED] - Object: 'Object Repository/TC006/Page_Brivge/li_20FT' is clicked on

2022-11-15 16:41:59 - [TEST_STEP][PASSED] - setText(findTestObject("TC006/Page_Brivge/input_ADD CONTAINER_containerNo"), "C-221028001"): Text 'C-221028001' is set on object 'Object Repository/TC006/Page_Brivge/input_ADD CONTAINER_containerNo'

2022-11-15 16:42:01 - [MESSAGE][PASSED] - Text 'C-221028001' is set on object 'Object Repository/TC006/Page_Brivge/input_ADD CONTAINER_containerNo'

2022-11-15 16:42:01 - [TEST_STEP][PASSED] - setText(findTestObject("TC006/Page_Brivge/input_ADD CONTAINER_sealNo"), "C-221028001"): Text 'C-221028001' is set on object 'Object Repository/TC006/Page_Brivge/input_ADD CONTAINER_sealNo'

2022-11-15 16:42:02 - [MESSAGE][PASSED] - Text 'C-221028001' is set on object 'Object Repository/TC006/Page_Brivge/input_ADD CONTAINER_sealNo'

2022-11-15 16:42:02 - [TEST_STEP][PASSED] - setText(findTestObject("TC006/Page_Brivge/input_ADD CONTAINER_m3"), "1000"): Text '1000' is set on object 'Object Repository/TC006/Page_Brivge/input_ADD CONTAINER_m3'

2022-11-15 16:42:03 - [MESSAGE][PASSED] - Text '1000' is set on object 'Object Repository/TC006/Page_Brivge/input_ADD CONTAINER_m3'

2022-11-15 16:42:03 - [TEST_STEP][PASSED] - setText(findTestObject("TC006/Page_Brivge/input_ADD CONTAINER_netWeight"), "1000"): Text '1000' is set on object 'Object Repository/TC006/Page_Brivge/input_ADD CONTAINER_netWeight'

2022-11-15 16:42:04 - [MESSAGE][PASSED] - Text '1000' is set on object 'Object Repository/TC006/Page_Brivge/input_ADD CONTAINER_netWeight'

2022-11-15 16:42:04 - [TEST_STEP][PASSED] - setText(findTestObject("TC006/Page_Brivge/input_ADD CONTAINER_grossWeight"), "1000"): Text '1000' is set on object 'Object Repository/TC006/Page_Brivge/input_ADD CONTAINER_grossWeight'

2022-11-15 16:42:05 - [MESSAGE][PASSED] - Text '1000' is set on object 'Object Repository/TC006/Page_Brivge/input_ADD CONTAINER_grossWeight'

2022-11-15 16:42:05 - [MESSAGE][PASSED] - Call Test Case 'Test Cases/common/Long Form/6_2 - input container info' successfully

2022-11-15 16:42:05 - [TEST_STEP][PASSED] - callTestCase(findTestCase("common/Long Form/6_3 - input outer package"), [:], STOP_ON_FAILURE): Call Test Case 'Test Cases/common/Long Form/6_3 - input outer package' successfully

2022-11-15 16:42:05 - [TEST_CASE][PASSED] - Test Cases/common/Long Form/6_3 - input outer package: Test Cases/common/Long Form/6_3 - input outer package

2022-11-15 16:42:06 - [TEST_STEP][PASSED] - click(findTestObject("TC006/Page_Brivge/button_ADD OUTER PACKAGE")): Object: 'Object Repository/TC006/Page_Brivge/button_ADD OUTER PACKAGE' is clicked on

2022-11-15 16:42:06 - [MESSAGE][PASSED] - Object: 'Object Repository/TC006/Page_Brivge/button_ADD OUTER PACKAGE' is clicked on

2022-11-15 16:42:06 - [TEST_STEP][PASSED] - setText(findTestObject("TC006/Page_Brivge/input_Outer Package 1_outerPackageNo"), "O-221028001"): Text 'O-221028001' is set on object 'Object Repository/TC006/Page_Brivge/input_Outer Package 1_outerPackageNo'

2022-11-15 16:42:08 - [MESSAGE][PASSED] - Text 'O-221028001' is set on object 'Object Repository/TC006/Page_Brivge/input_Outer Package 1_outerPackageNo'

2022-11-15 16:42:08 - [TEST_STEP][PASSED] - click(findTestObject("TC006/Page_Brivge/input_Outer Package 1_outerPackageType")): Object: 'Object Repository/TC006/Page_Brivge/input_Outer Package 1_outerPackageType' is clicked on

2022-11-15 16:42:09 - [MESSAGE][PASSED] - Object: 'Object Repository/TC006/Page_Brivge/input_Outer Package 1_outerPackageType' is clicked on

2022-11-15 16:42:09 - [TEST_STEP][PASSED] - click(findTestObject("TC006/Page_Brivge/li_CARTONBOX")): Object: 'Object Repository/TC006/Page_Brivge/li_CARTONBOX' is clicked on

2022-11-15 16:42:09 - [MESSAGE][PASSED] - Object: 'Object Repository/TC006/Page_Brivge/li_CARTONBOX' is clicked on

2022-11-15 16:42:09 - [TEST_STEP][PASSED] - setText(findTestObject("TC006/Page_Brivge/input_Outer Package 1_m3"), "10.0"): Text '10.0' is set on object 'Object Repository/TC006/Page_Brivge/input_Outer Package 1_m3'

2022-11-15 16:42:11 - [MESSAGE][PASSED] - Text '10.0' is set on object 'Object Repository/TC006/Page_Brivge/input_Outer Package 1_m3'

2022-11-15 16:42:11 - [TEST_STEP][PASSED] - setText(findTestObject("TC006/Page_Brivge/input_Outer Package 1_netWeight"), "10.0"): Text '10.0' is set on object 'Object Repository/TC006/Page_Brivge/input_Outer Package 1_netWeight'

2022-11-15 16:42:11 - [MESSAGE][PASSED] - Text '10.0' is set on object 'Object Repository/TC006/Page_Brivge/input_Outer Package 1_netWeight'

2022-11-15 16:42:11 - [TEST_STEP][PASSED] - setText(findTestObject("TC006/Page_Brivge/input_Outer Package 1_grossWeight"), "10.0"): Text '10.0' is set on object 'Object Repository/TC006/Page_Brivge/input_Outer Package 1_grossWeight'

2022-11-15 16:42:13 - [MESSAGE][PASSED] - Text '10.0' is set on object 'Object Repository/TC006/Page_Brivge/input_Outer Package 1_grossWeight'

2022-11-15 16:42:13 - [MESSAGE][PASSED] - Call Test Case 'Test Cases/common/Long Form/6_3 - input outer package' successfully

2022-11-15 16:42:13 - [TEST_STEP][PASSED] - callTestCase(findTestCase("common/Long Form/6_4 - input add parts"), [:], STOP_ON_FAILURE): Call Test Case 'Test Cases/common/Long Form/6_4 - input add parts' successfully

2022-11-15 16:42:13 - [TEST_CASE][PASSED] - Test Cases/common/Long Form/6_4 - input add parts: Test Cases/common/Long Form/6_4 - input add parts

2022-11-15 16:42:13 - [TEST_STEP][PASSED] - click(findTestObject("TC006/Page_Brivge/button_ADD PARTS")): Object: 'Object Repository/TC006/Page_Brivge/button_ADD PARTS' is clicked on

2022-11-15 16:42:14 - [MESSAGE][PASSED] - Object: 'Object Repository/TC006/Page_Brivge/button_ADD PARTS' is clicked on

2022-11-15 16:42:14 - [TEST_STEP][PASSED] - setText(findTestObject("TC006/TC006_4/input_inner_part_list_search"), findTestData("Toyotsu-data").getValue(3, 2)): Text 's110314-2211001' is set on object 'Object Repository/TC006/TC006_4/input_inner_part_list_search'

2022-11-15 16:42:16 - [MESSAGE][PASSED] - Text 's110314-2211001' is set on object 'Object Repository/TC006/TC006_4/input_inner_part_list_search'

2022-11-15 16:42:16 - [TEST_STEP][PASSED] - check(findTestObject("TC006/TC006_4/input_checkboxAll")): Object 'Object Repository/TC006/TC006_4/input_checkboxAll' is checked

2022-11-15 16:42:16 - [MESSAGE][PASSED] - Object 'Object Repository/TC006/TC006_4/input_checkboxAll' is checked

2022-11-15 16:42:16 - [TEST_STEP][PASSED] - click(findTestObject("TC006/TC006_4/button_OK")): Object: 'Object Repository/TC006/TC006_4/button_OK' is clicked on

2022-11-15 16:42:17 - [MESSAGE][PASSED] - Object: 'Object Repository/TC006/TC006_4/button_OK' is clicked on

2022-11-15 16:42:17 - [TEST_STEP][PASSED] - a = getText(findTestObject("TC006/TC006_4/not yet delivery price 1")): Text of object 'Object Repository/TC006/TC006_4/not yet delivery price 1' is: '1,500'

2022-11-15 16:42:18 - [MESSAGE][PASSED] - Text of object 'Object Repository/TC006/TC006_4/not yet delivery price 1' is: '1,500'

2022-11-15 16:42:18 - [TEST_STEP][PASSED] - b = getText(findTestObject("TC006/TC006_4/not yet delivery price 2")): Text of object 'Object Repository/TC006/TC006_4/not yet delivery price 2' is: '1,500'

2022-11-15 16:42:18 - [MESSAGE][PASSED] - Text of object 'Object Repository/TC006/TC006_4/not yet delivery price 2' is: '1,500'

2022-11-15 16:42:18 - [TEST_STEP][PASSED] - click(findTestObject("TC006/TC006_4/input_ADD PARTS_1"), STOP_ON_FAILURE): Object: 'Object Repository/TC006/TC006_4/input_ADD PARTS_1' is clicked on

2022-11-15 16:42:19 - [MESSAGE][PASSED] - Object: 'Object Repository/TC006/TC006_4/input_ADD PARTS_1' is clicked on

2022-11-15 16:42:19 - [TEST_STEP][PASSED] - setText(findTestObject("TC006/TC006_4/input_ADD PARTS_1"), a): Text '1,500' is set on object 'Object Repository/TC006/TC006_4/input_ADD PARTS_1'

2022-11-15 16:42:20 - [MESSAGE][PASSED] - Text '1,500' is set on object 'Object Repository/TC006/TC006_4/input_ADD PARTS_1'

2022-11-15 16:42:20 - [TEST_STEP][PASSED] - click(findTestObject("TC006/TC006_4/input_ADD PARTS_2"), STOP_ON_FAILURE): Object: 'Object Repository/TC006/TC006_4/input_ADD PARTS_2' is clicked on

2022-11-15 16:42:20 - [MESSAGE][PASSED] - Object: 'Object Repository/TC006/TC006_4/input_ADD PARTS_2' is clicked on

2022-11-15 16:42:20 - [TEST_STEP][PASSED] - setText(findTestObject("TC006/TC006_4/input_ADD PARTS_2"), b): Text '1,500' is set on object 'Object Repository/TC006/TC006_4/input_ADD PARTS_2'

2022-11-15 16:42:21 - [MESSAGE][PASSED] - Text '1,500' is set on object 'Object Repository/TC006/TC006_4/input_ADD PARTS_2'

2022-11-15 16:42:21 - [MESSAGE][PASSED] - Call Test Case 'Test Cases/common/Long Form/6_4 - input add parts' successfully

2022-11-15 16:42:21 - [TEST_STEP][PASSED] - click(findTestObject("TC006/TC006_4/click before scroll up")): Object: 'Object Repository/TC006/TC006_4/click before scroll up' is clicked on

2022-11-15 16:42:22 - [MESSAGE][PASSED] - Object: 'Object Repository/TC006/TC006_4/click before scroll up' is clicked on

2022-11-15 16:42:22 - [TEST_STEP][PASSED] - sendKeys(findTestObject(null), Keys.chord(HOME)): Keys 'HOME + ' sent to object: 'tempBody'

2022-11-15 16:42:22 - [MESSAGE][WARNING] - Test object id is null

2022-11-15 16:42:22 - [MESSAGE][WARNING] - Test object with id 'Object Repository/' does not exist

2022-11-15 16:42:22 - [MESSAGE][PASSED] - Keys 'HOME + ' sent to object: 'tempBody'

2022-11-15 16:42:22 - [TEST_STEP][PASSED] - click(findTestObject("TC006/TC006_4/button_Submit")): Object: 'Object Repository/TC006/TC006_4/button_Submit' is clicked on

2022-11-15 16:42:23 - [MESSAGE][PASSED] - Object: 'Object Repository/TC006/TC006_4/button_Submit' is clicked on

2022-11-15 16:42:23 - [TEST_STEP][PASSED] - click(findTestObject("TC006/Page_Brivge/button_CONFIRM")): Object: 'Object Repository/TC006/Page_Brivge/button_CONFIRM' is clicked on

2022-11-15 16:42:24 - [MESSAGE][PASSED] - Object: 'Object Repository/TC006/Page_Brivge/button_CONFIRM' is clicked on

2022-11-15 16:42:24 - [TEST_STEP][PASSED] - verifyElementVisible(findTestObject("TC006/Page_Brivge/p_The operation was successful")): Object 'Object Repository/TC006/Page_Brivge/p_The operation was successful' is visible

2022-11-15 16:42:28 - [MESSAGE][PASSED] - Object 'Object Repository/TC006/Page_Brivge/p_The operation was successful' is visible]]></system-out>
         <system-err><![CDATA[]]></system-err>
      </testcase>
      <testcase name="Test Cases/TC007 - Supplier Approve Release Seller GI Invoice (Supplier)" time="39.848" classname="Test Cases/TC007 - Supplier Approve Release Seller GI Invoice (Supplier)" status="PASSED">
         <system-out><![CDATA[2022-11-15 16:42:28 - [TEST_CASE][PASSED] - Test Cases/TC007 - Supplier Approve Release Seller GI Invoice (Supplier): Test Cases/TC007 - Supplier Approve Release Seller GI Invoice (Supplier)

2022-11-15 16:42:28 - [TEST_STEP][PASSED] - callTestCase(findTestCase("common/Login"), ["username":usernameAzwan, "password":passwordAzwan, "verification":verificationAzwan, "company":sgbafco], STOP_ON_FAILURE): Call Test Case 'Test Cases/common/Login' successfully

2022-11-15 16:42:29 - [TEST_CASE][PASSED] - Test Cases/common/Login: Test Cases/common/Login

2022-11-15 16:42:29 - [TEST_STEP][PASSED] - openBrowser(""): Browser is opened with url: ''

2022-11-15 16:42:29 - [MESSAGE][WARNING] - A browser is already opened. Closing browser and opening a new one

2022-11-15 16:42:29 - [MESSAGE][INFO] - Starting 'Chrome' driver

2022-11-15 16:42:29 - [MESSAGE][INFO] - User set preference: ['prefs', '{download.default_directory=C:\Katalon_downloaded_file}']

2022-11-15 16:42:29 - [MESSAGE][INFO] - Action delay is set to 0 milliseconds

2022-11-15 16:42:31 - [MESSAGE][PASSED] - Browser is opened with url: ''

2022-11-15 16:42:31 - [TEST_STEP][PASSED] - maximizeWindow(): Current window maximized

2022-11-15 16:42:31 - [MESSAGE][PASSED] - Current window maximized

2022-11-15 16:42:31 - [TEST_STEP][PASSED] - navigateToUrl("https://test.brivge.com/home"): Navigate to 'https://test.brivge.com/home' successfully

2022-11-15 16:42:34 - [MESSAGE][PASSED] - Navigate to 'https://test.brivge.com/home' successfully

2022-11-15 16:42:34 - [TEST_STEP][PASSED] - waitForElementVisible(findTestObject("Object Repository/Login/input_Sign In_username"), 0): Object 'Object Repository/Login/input_Sign In_username' is visible

2022-11-15 16:42:34 - [MESSAGE][WARNING] - Timeout '0' is invalid. Using default page load timeout: '10'

2022-11-15 16:42:36 - [MESSAGE][PASSED] - Object 'Object Repository/Login/input_Sign In_username' is visible

2022-11-15 16:42:36 - [TEST_STEP][PASSED] - setText(findTestObject("Object Repository/Login/input_Sign In_username"), username): Text 'Azwan' is set on object 'Object Repository/Login/input_Sign In_username'

2022-11-15 16:42:37 - [MESSAGE][PASSED] - Text 'Azwan' is set on object 'Object Repository/Login/input_Sign In_username'

2022-11-15 16:42:37 - [TEST_STEP][PASSED] - setText(findTestObject("Object Repository/Login/input_Sign In_password"), password): Text 'Azwan-123' is set on object 'Object Repository/Login/input_Sign In_password'

2022-11-15 16:42:38 - [MESSAGE][PASSED] - Text 'Azwan-123' is set on object 'Object Repository/Login/input_Sign In_password'

2022-11-15 16:42:38 - [TEST_STEP][PASSED] - click(findTestObject("Object Repository/Login/span_Sign In")): Object: 'Object Repository/Login/span_Sign In' is clicked on

2022-11-15 16:42:39 - [MESSAGE][PASSED] - Object: 'Object Repository/Login/span_Sign In' is clicked on

2022-11-15 16:42:39 - [TEST_STEP][PASSED] - setText(findTestObject("Object Repository/Login/input_Verify_verificationCode"), verification): Text '752809' is set on object 'Object Repository/Login/input_Verify_verificationCode'

2022-11-15 16:42:40 - [MESSAGE][PASSED] - Text '752809' is set on object 'Object Repository/Login/input_Verify_verificationCode'

2022-11-15 16:42:40 - [TEST_STEP][PASSED] - click(findTestObject("Object Repository/Login/span_Verify")): Object: 'Object Repository/Login/span_Verify' is clicked on

2022-11-15 16:42:41 - [MESSAGE][PASSED] - Object: 'Object Repository/Login/span_Verify' is clicked on

2022-11-15 16:42:41 - [TEST_STEP][PASSED] - click(findTestObject("TC003/button_aazwanSGDC-Azwan")): Object: 'Object Repository/TC003/button_aazwanSGDC-Azwan' is clicked on

2022-11-15 16:42:44 - [MESSAGE][PASSED] - Object: 'Object Repository/TC003/button_aazwanSGDC-Azwan' is clicked on

2022-11-15 16:42:44 - [TEST_STEP][PASSED] - click(findTestObject("TC003/button_company")): Object: 'Object Repository/TC003/button_company' is clicked on

2022-11-15 16:42:45 - [MESSAGE][PASSED] - Object: 'Object Repository/TC003/button_company' is clicked on

2022-11-15 16:42:45 - [TEST_STEP][PASSED] - click(findTestObject("Login/li_Company", ["company":company])): Object: 'Object Repository/Login/li_Company' is clicked on

2022-11-15 16:42:46 - [MESSAGE][PASSED] - Object: 'Object Repository/Login/li_Company' is clicked on

2022-11-15 16:42:46 - [MESSAGE][PASSED] - Call Test Case 'Test Cases/common/Login' successfully

2022-11-15 16:42:46 - [TEST_STEP][PASSED] - click(findTestObject("TC007/Page_Brivge/h6_Accounting")): Object: 'Object Repository/TC007/Page_Brivge/h6_Accounting' is clicked on

2022-11-15 16:42:47 - [MESSAGE][PASSED] - Object: 'Object Repository/TC007/Page_Brivge/h6_Accounting' is clicked on

2022-11-15 16:42:47 - [TEST_STEP][PASSED] - click(findTestObject("TC007/Page_Brivge/li_Seller(GI) Invoice List")): Object: 'Object Repository/TC007/Page_Brivge/li_Seller(GI) Invoice List' is clicked on

2022-11-15 16:42:49 - [MESSAGE][PASSED] - Object: 'Object Repository/TC007/Page_Brivge/li_Seller(GI) Invoice List' is clicked on

2022-11-15 16:42:49 - [TEST_STEP][PASSED] - setText(findTestObject("TC007/Page_Brivge/input_contract no list"), supplContractNo): Text 'SGBAFCO TO SGTTAP 1103004' is set on object 'Object Repository/TC007/Page_Brivge/input_contract no list'

2022-11-15 16:42:54 - [MESSAGE][PASSED] - Text 'SGBAFCO TO SGTTAP 1103004' is set on object 'Object Repository/TC007/Page_Brivge/input_contract no list'

2022-11-15 16:42:54 - [TEST_STEP][PASSED] - click(findTestObject("TC007/Page_Brivge/button filter")): Object: 'Object Repository/TC007/Page_Brivge/button filter' is clicked on

2022-11-15 16:42:55 - [MESSAGE][PASSED] - Object: 'Object Repository/TC007/Page_Brivge/button filter' is clicked on

2022-11-15 16:42:55 - [TEST_STEP][PASSED] - click(findTestObject("TC007/Page_Brivge/input__statusList")): Object: 'Object Repository/TC007/Page_Brivge/input__statusList' is clicked on

2022-11-15 16:42:56 - [MESSAGE][PASSED] - Object: 'Object Repository/TC007/Page_Brivge/input__statusList' is clicked on

2022-11-15 16:42:56 - [TEST_STEP][PASSED] - click(findTestObject("TC007/Page_Brivge/li_New")): Object: 'Object Repository/TC007/Page_Brivge/li_New' is clicked on

2022-11-15 16:42:56 - [MESSAGE][PASSED] - Object: 'Object Repository/TC007/Page_Brivge/li_New' is clicked on

2022-11-15 16:42:56 - [TEST_STEP][PASSED] - click(findTestObject("TC007/Page_Brivge/button_Search")): Object: 'Object Repository/TC007/Page_Brivge/button_Search' is clicked on

2022-11-15 16:42:57 - [MESSAGE][PASSED] - Object: 'Object Repository/TC007/Page_Brivge/button_Search' is clicked on

2022-11-15 16:42:57 - [TEST_STEP][PASSED] - y = getText(findTestObject("TC007/Page_Brivge/div_invoice No")): Text of object 'Object Repository/TC007/Page_Brivge/div_invoice No' is: 'BA2211013'

2022-11-15 16:42:58 - [MESSAGE][PASSED] - Text of object 'Object Repository/TC007/Page_Brivge/div_invoice No' is: 'BA2211013'

2022-11-15 16:42:58 - [TEST_STEP][PASSED] - util.copyToExcel.exel(y, 1, 6): util.copyToExcel.exel is PASSED

2022-11-15 16:42:58 - [MESSAGE][PASSED] - util.copyToExcel.exel is PASSED

2022-11-15 16:42:58 - [TEST_STEP][PASSED] - click(findTestObject("TC007/Page_Brivge/button approve")): Object: 'Object Repository/TC007/Page_Brivge/button approve' is clicked on

2022-11-15 16:42:58 - [MESSAGE][PASSED] - Object: 'Object Repository/TC007/Page_Brivge/button approve' is clicked on

2022-11-15 16:42:58 - [TEST_STEP][PASSED] - click(findTestObject("TC007/Page_Brivge/button_CONFIRM")): Object: 'Object Repository/TC007/Page_Brivge/button_CONFIRM' is clicked on

2022-11-15 16:42:59 - [MESSAGE][PASSED] - Object: 'Object Repository/TC007/Page_Brivge/button_CONFIRM' is clicked on

2022-11-15 16:42:59 - [TEST_STEP][PASSED] - verifyElementVisible(findTestObject("TC007/Page_Brivge/p_The operation was successful")): Object 'Object Repository/TC007/Page_Brivge/p_The operation was successful' is visible

2022-11-15 16:43:00 - [MESSAGE][PASSED] - Object 'Object Repository/TC007/Page_Brivge/p_The operation was successful' is visible

2022-11-15 16:43:00 - [TEST_STEP][PASSED] - click(findTestObject("TC007/Page_Brivge/button filter")): Object: 'Object Repository/TC007/Page_Brivge/button filter' is clicked on

2022-11-15 16:43:01 - [MESSAGE][PASSED] - Object: 'Object Repository/TC007/Page_Brivge/button filter' is clicked on

2022-11-15 16:43:01 - [TEST_STEP][PASSED] - click(findTestObject("TC007/Page_Brivge/button_clear")): Object: 'Object Repository/TC007/Page_Brivge/button_clear' is clicked on

2022-11-15 16:43:02 - [MESSAGE][PASSED] - Object: 'Object Repository/TC007/Page_Brivge/button_clear' is clicked on

2022-11-15 16:43:02 - [TEST_STEP][PASSED] - click(findTestObject("TC007/Page_Brivge/button_Search")): Object: 'Object Repository/TC007/Page_Brivge/button_Search' is clicked on

2022-11-15 16:43:02 - [MESSAGE][PASSED] - Object: 'Object Repository/TC007/Page_Brivge/button_Search' is clicked on

2022-11-15 16:43:02 - [TEST_STEP][PASSED] - verifyElementText(findTestObject("TC007/Page_Brivge/div_Approved"), "Approved"): Actual text and expected text of test object 'Object Repository/TC007/Page_Brivge/div_Approved' are matched.

2022-11-15 16:43:03 - [MESSAGE][PASSED] - Actual text and expected text of test object 'Object Repository/TC007/Page_Brivge/div_Approved' are matched.

2022-11-15 16:43:03 - [TEST_STEP][PASSED] - click(findTestObject("TC007/Page_Brivge/button release")): Object: 'Object Repository/TC007/Page_Brivge/button release' is clicked on

2022-11-15 16:43:03 - [MESSAGE][PASSED] - Object: 'Object Repository/TC007/Page_Brivge/button release' is clicked on

2022-11-15 16:43:03 - [TEST_STEP][PASSED] - click(findTestObject("TC007/Page_Brivge/button_CONFIRM")): Object: 'Object Repository/TC007/Page_Brivge/button_CONFIRM' is clicked on

2022-11-15 16:43:04 - [MESSAGE][PASSED] - Object: 'Object Repository/TC007/Page_Brivge/button_CONFIRM' is clicked on

2022-11-15 16:43:04 - [TEST_STEP][PASSED] - verifyElementVisible(findTestObject("TC007/Page_Brivge/p_The operation was successful")): Object 'Object Repository/TC007/Page_Brivge/p_The operation was successful' is visible

2022-11-15 16:43:05 - [MESSAGE][PASSED] - Object 'Object Repository/TC007/Page_Brivge/p_The operation was successful' is visible

2022-11-15 16:43:05 - [TEST_STEP][PASSED] - click(findTestObject("TC007/Page_Brivge/button filter")): Object: 'Object Repository/TC007/Page_Brivge/button filter' is clicked on

2022-11-15 16:43:06 - [MESSAGE][PASSED] - Object: 'Object Repository/TC007/Page_Brivge/button filter' is clicked on

2022-11-15 16:43:06 - [TEST_STEP][PASSED] - click(findTestObject("TC007/Page_Brivge/button_clear")): Object: 'Object Repository/TC007/Page_Brivge/button_clear' is clicked on

2022-11-15 16:43:06 - [MESSAGE][PASSED] - Object: 'Object Repository/TC007/Page_Brivge/button_clear' is clicked on

2022-11-15 16:43:06 - [TEST_STEP][PASSED] - click(findTestObject("TC007/Page_Brivge/button_Search")): Object: 'Object Repository/TC007/Page_Brivge/button_Search' is clicked on

2022-11-15 16:43:07 - [MESSAGE][PASSED] - Object: 'Object Repository/TC007/Page_Brivge/button_Search' is clicked on

2022-11-15 16:43:07 - [TEST_STEP][PASSED] - verifyElementText(findTestObject("TC007/Page_Brivge/div_Released"), "Released"): Actual text and expected text of test object 'Object Repository/TC007/Page_Brivge/div_Released' are matched.

2022-11-15 16:43:08 - [MESSAGE][PASSED] - Actual text and expected text of test object 'Object Repository/TC007/Page_Brivge/div_Released' are matched.]]></system-out>
         <system-err><![CDATA[]]></system-err>
      </testcase>
      <testcase name="Test Cases/TC008 - Auto Generate Buyer GR Invoice (BU)" time="36.473" classname="Test Cases/TC008 - Auto Generate Buyer GR Invoice (BU)" status="PASSED">
         <system-out><![CDATA[2022-11-15 16:43:08 - [TEST_CASE][PASSED] - Test Cases/TC008 - Auto Generate Buyer GR Invoice (BU): Test Cases/TC008 - Auto Generate Buyer GR Invoice (BU)

2022-11-15 16:43:08 - [TEST_STEP][PASSED] - callTestCase(findTestCase("common/Login"), ["username":usernameLuqman, "password":passwordLuqman, "verification":verificationLuqman, "company":sgttap], STOP_ON_FAILURE): Call Test Case 'Test Cases/common/Login' successfully

2022-11-15 16:43:08 - [TEST_CASE][PASSED] - Test Cases/common/Login: Test Cases/common/Login

2022-11-15 16:43:08 - [TEST_STEP][PASSED] - openBrowser(""): Browser is opened with url: ''

2022-11-15 16:43:08 - [MESSAGE][WARNING] - A browser is already opened. Closing browser and opening a new one

2022-11-15 16:43:09 - [MESSAGE][INFO] - Starting 'Chrome' driver

2022-11-15 16:43:09 - [MESSAGE][INFO] - User set preference: ['prefs', '{download.default_directory=C:\Katalon_downloaded_file}']

2022-11-15 16:43:09 - [MESSAGE][INFO] - Action delay is set to 0 milliseconds

2022-11-15 16:43:11 - [MESSAGE][PASSED] - Browser is opened with url: ''

2022-11-15 16:43:11 - [TEST_STEP][PASSED] - maximizeWindow(): Current window maximized

2022-11-15 16:43:11 - [MESSAGE][PASSED] - Current window maximized

2022-11-15 16:43:11 - [TEST_STEP][PASSED] - navigateToUrl("https://test.brivge.com/home"): Navigate to 'https://test.brivge.com/home' successfully

2022-11-15 16:43:13 - [MESSAGE][PASSED] - Navigate to 'https://test.brivge.com/home' successfully

2022-11-15 16:43:13 - [TEST_STEP][PASSED] - waitForElementVisible(findTestObject("Object Repository/Login/input_Sign In_username"), 0): Object 'Object Repository/Login/input_Sign In_username' is visible

2022-11-15 16:43:13 - [MESSAGE][WARNING] - Timeout '0' is invalid. Using default page load timeout: '10'

2022-11-15 16:43:15 - [MESSAGE][PASSED] - Object 'Object Repository/Login/input_Sign In_username' is visible

2022-11-15 16:43:15 - [TEST_STEP][PASSED] - setText(findTestObject("Object Repository/Login/input_Sign In_username"), username): Text 'Luqman' is set on object 'Object Repository/Login/input_Sign In_username'

2022-11-15 16:43:16 - [MESSAGE][PASSED] - Text 'Luqman' is set on object 'Object Repository/Login/input_Sign In_username'

2022-11-15 16:43:16 - [TEST_STEP][PASSED] - setText(findTestObject("Object Repository/Login/input_Sign In_password"), password): Text 'Luqman-123' is set on object 'Object Repository/Login/input_Sign In_password'

2022-11-15 16:43:17 - [MESSAGE][PASSED] - Text 'Luqman-123' is set on object 'Object Repository/Login/input_Sign In_password'

2022-11-15 16:43:17 - [TEST_STEP][PASSED] - click(findTestObject("Object Repository/Login/span_Sign In")): Object: 'Object Repository/Login/span_Sign In' is clicked on

2022-11-15 16:43:18 - [MESSAGE][PASSED] - Object: 'Object Repository/Login/span_Sign In' is clicked on

2022-11-15 16:43:18 - [TEST_STEP][PASSED] - setText(findTestObject("Object Repository/Login/input_Verify_verificationCode"), verification): Text '575615' is set on object 'Object Repository/Login/input_Verify_verificationCode'

2022-11-15 16:43:19 - [MESSAGE][PASSED] - Text '575615' is set on object 'Object Repository/Login/input_Verify_verificationCode'

2022-11-15 16:43:19 - [TEST_STEP][PASSED] - click(findTestObject("Object Repository/Login/span_Verify")): Object: 'Object Repository/Login/span_Verify' is clicked on

2022-11-15 16:43:20 - [MESSAGE][PASSED] - Object: 'Object Repository/Login/span_Verify' is clicked on

2022-11-15 16:43:20 - [TEST_STEP][PASSED] - click(findTestObject("TC003/button_aazwanSGDC-Azwan")): Object: 'Object Repository/TC003/button_aazwanSGDC-Azwan' is clicked on

2022-11-15 16:43:33 - [MESSAGE][PASSED] - Object: 'Object Repository/TC003/button_aazwanSGDC-Azwan' is clicked on

2022-11-15 16:43:33 - [TEST_STEP][PASSED] - click(findTestObject("TC003/button_company")): Object: 'Object Repository/TC003/button_company' is clicked on

2022-11-15 16:43:34 - [MESSAGE][PASSED] - Object: 'Object Repository/TC003/button_company' is clicked on

2022-11-15 16:43:34 - [TEST_STEP][PASSED] - click(findTestObject("Login/li_Company", ["company":company])): Object: 'Object Repository/Login/li_Company' is clicked on

2022-11-15 16:43:34 - [MESSAGE][PASSED] - Object: 'Object Repository/Login/li_Company' is clicked on

2022-11-15 16:43:34 - [MESSAGE][PASSED] - Call Test Case 'Test Cases/common/Login' successfully

2022-11-15 16:43:34 - [TEST_STEP][PASSED] - click(findTestObject("TC007/Page_Brivge/h6_Accounting")): Object: 'Object Repository/TC007/Page_Brivge/h6_Accounting' is clicked on

2022-11-15 16:43:35 - [MESSAGE][PASSED] - Object: 'Object Repository/TC007/Page_Brivge/h6_Accounting' is clicked on

2022-11-15 16:43:35 - [TEST_STEP][PASSED] - click(findTestObject("TC008/Page_Brivge/li_Buyer(GR) Invoice List")): Object: 'Object Repository/TC008/Page_Brivge/li_Buyer(GR) Invoice List' is clicked on

2022-11-15 16:43:36 - [MESSAGE][PASSED] - Object: 'Object Repository/TC008/Page_Brivge/li_Buyer(GR) Invoice List' is clicked on

2022-11-15 16:43:36 - [TEST_STEP][PASSED] - setText(findTestObject("TC008/Page_Brivge/input_Buyer(GR) Invoice List"), findTestData("Toyotsu-data").getValue(7, 2)): Text 'BA2211013' is set on object 'Object Repository/TC008/Page_Brivge/input_Buyer(GR) Invoice List'

2022-11-15 16:43:38 - [MESSAGE][PASSED] - Text 'BA2211013' is set on object 'Object Repository/TC008/Page_Brivge/input_Buyer(GR) Invoice List'

2022-11-15 16:43:38 - [TEST_STEP][PASSED] - verifyElementText(findTestObject("TC008/Page_Brivge/div_Released"), "Released"): Actual text and expected text of test object 'Object Repository/TC008/Page_Brivge/div_Released' are matched.

2022-11-15 16:43:40 - [MESSAGE][PASSED] - Actual text and expected text of test object 'Object Repository/TC008/Page_Brivge/div_Released' are matched.

2022-11-15 16:43:40 - [TEST_STEP][PASSED] - takeScreenshot(): Taking screenshot successfully

2022-11-15 16:43:41 - [MESSAGE][PASSED] - Taking screenshot successfully
[[ATTACHMENT|C:\\Users\\azwan\\git\\Toyotsu\\Reports\\20221115_163709\\Flow\\20221115_163709\\1668501821482.png]]

2022-11-15 16:43:41 - [TEST_STEP][PASSED] - click(findTestObject("TC008/Page_Brivge/button view")): Object: 'Object Repository/TC008/Page_Brivge/button view' is clicked on

2022-11-15 16:43:42 - [MESSAGE][PASSED] - Object: 'Object Repository/TC008/Page_Brivge/button view' is clicked on

2022-11-15 16:43:42 - [TEST_STEP][PASSED] - verifyElementVisible(findTestObject("TC008/Page_Brivge/h3_Buyer(GR) Invoice Detail")): Object 'Object Repository/TC008/Page_Brivge/h3_Buyer(GR) Invoice Detail' is visible

2022-11-15 16:43:43 - [MESSAGE][PASSED] - Object 'Object Repository/TC008/Page_Brivge/h3_Buyer(GR) Invoice Detail' is visible

2022-11-15 16:43:43 - [TEST_STEP][PASSED] - takeFullPageScreenshot(): Taking screenshot successfully

2022-11-15 16:43:44 - [MESSAGE][INFO] - 0 hidden object(s)

2022-11-15 16:43:44 - [MESSAGE][PASSED] - Taking screenshot successfully
[[ATTACHMENT|C:\\Users\\azwan\\git\\Toyotsu\\Reports\\20221115_163709\\Flow\\20221115_163709\\1668501823563.png]]]]></system-out>
         <system-err><![CDATA[]]></system-err>
      </testcase>
      <testcase name="Test Cases/TC009 - Supplier Revise and Confirm Shipment (Supplier)" time="37.248" classname="Test Cases/TC009 - Supplier Revise and Confirm Shipment (Supplier)" status="PASSED">
         <system-out><![CDATA[2022-11-15 16:43:44 - [TEST_CASE][PASSED] - Test Cases/TC009 - Supplier Revise and Confirm Shipment (Supplier): Test Cases/TC009 - Supplier Revise and Confirm Shipment (Supplier)

2022-11-15 16:43:45 - [TEST_STEP][PASSED] - callTestCase(findTestCase("common/Login"), ["username":usernameAzwan, "password":passwordAzwan, "verification":verificationAzwan, "company":sgbafco], STOP_ON_FAILURE): Call Test Case 'Test Cases/common/Login' successfully

2022-11-15 16:43:45 - [TEST_CASE][PASSED] - Test Cases/common/Login: Test Cases/common/Login

2022-11-15 16:43:45 - [TEST_STEP][PASSED] - openBrowser(""): Browser is opened with url: ''

2022-11-15 16:43:45 - [MESSAGE][WARNING] - A browser is already opened. Closing browser and opening a new one

2022-11-15 16:43:46 - [MESSAGE][INFO] - Starting 'Chrome' driver

2022-11-15 16:43:46 - [MESSAGE][INFO] - User set preference: ['prefs', '{download.default_directory=C:\Katalon_downloaded_file}']

2022-11-15 16:43:46 - [MESSAGE][INFO] - Action delay is set to 0 milliseconds

2022-11-15 16:43:47 - [MESSAGE][PASSED] - Browser is opened with url: ''

2022-11-15 16:43:47 - [TEST_STEP][PASSED] - maximizeWindow(): Current window maximized

2022-11-15 16:43:47 - [MESSAGE][PASSED] - Current window maximized

2022-11-15 16:43:47 - [TEST_STEP][PASSED] - navigateToUrl("https://test.brivge.com/home"): Navigate to 'https://test.brivge.com/home' successfully

2022-11-15 16:43:50 - [MESSAGE][PASSED] - Navigate to 'https://test.brivge.com/home' successfully

2022-11-15 16:43:50 - [TEST_STEP][PASSED] - waitForElementVisible(findTestObject("Object Repository/Login/input_Sign In_username"), 0): Object 'Object Repository/Login/input_Sign In_username' is visible

2022-11-15 16:43:50 - [MESSAGE][WARNING] - Timeout '0' is invalid. Using default page load timeout: '10'

2022-11-15 16:43:52 - [MESSAGE][PASSED] - Object 'Object Repository/Login/input_Sign In_username' is visible

2022-11-15 16:43:52 - [TEST_STEP][PASSED] - setText(findTestObject("Object Repository/Login/input_Sign In_username"), username): Text 'Azwan' is set on object 'Object Repository/Login/input_Sign In_username'

2022-11-15 16:43:53 - [MESSAGE][PASSED] - Text 'Azwan' is set on object 'Object Repository/Login/input_Sign In_username'

2022-11-15 16:43:53 - [TEST_STEP][PASSED] - setText(findTestObject("Object Repository/Login/input_Sign In_password"), password): Text 'Azwan-123' is set on object 'Object Repository/Login/input_Sign In_password'

2022-11-15 16:43:53 - [MESSAGE][PASSED] - Text 'Azwan-123' is set on object 'Object Repository/Login/input_Sign In_password'

2022-11-15 16:43:53 - [TEST_STEP][PASSED] - click(findTestObject("Object Repository/Login/span_Sign In")): Object: 'Object Repository/Login/span_Sign In' is clicked on

2022-11-15 16:43:54 - [MESSAGE][PASSED] - Object: 'Object Repository/Login/span_Sign In' is clicked on

2022-11-15 16:43:54 - [TEST_STEP][PASSED] - setText(findTestObject("Object Repository/Login/input_Verify_verificationCode"), verification): Text '752809' is set on object 'Object Repository/Login/input_Verify_verificationCode'

2022-11-15 16:43:55 - [MESSAGE][PASSED] - Text '752809' is set on object 'Object Repository/Login/input_Verify_verificationCode'

2022-11-15 16:43:55 - [TEST_STEP][PASSED] - click(findTestObject("Object Repository/Login/span_Verify")): Object: 'Object Repository/Login/span_Verify' is clicked on

2022-11-15 16:43:56 - [MESSAGE][PASSED] - Object: 'Object Repository/Login/span_Verify' is clicked on

2022-11-15 16:43:56 - [TEST_STEP][PASSED] - click(findTestObject("TC003/button_aazwanSGDC-Azwan")): Object: 'Object Repository/TC003/button_aazwanSGDC-Azwan' is clicked on

2022-11-15 16:43:59 - [MESSAGE][PASSED] - Object: 'Object Repository/TC003/button_aazwanSGDC-Azwan' is clicked on

2022-11-15 16:43:59 - [TEST_STEP][PASSED] - click(findTestObject("TC003/button_company")): Object: 'Object Repository/TC003/button_company' is clicked on

2022-11-15 16:44:00 - [MESSAGE][PASSED] - Object: 'Object Repository/TC003/button_company' is clicked on

2022-11-15 16:44:00 - [TEST_STEP][PASSED] - click(findTestObject("Login/li_Company", ["company":company])): Object: 'Object Repository/Login/li_Company' is clicked on

2022-11-15 16:44:01 - [MESSAGE][PASSED] - Object: 'Object Repository/Login/li_Company' is clicked on

2022-11-15 16:44:01 - [MESSAGE][PASSED] - Call Test Case 'Test Cases/common/Login' successfully

2022-11-15 16:44:01 - [TEST_STEP][PASSED] - click(findTestObject("TC009/Page_Brivge/h6_Logistics")): Object: 'Object Repository/TC009/Page_Brivge/h6_Logistics' is clicked on

2022-11-15 16:44:02 - [MESSAGE][PASSED] - Object: 'Object Repository/TC009/Page_Brivge/h6_Logistics' is clicked on

2022-11-15 16:44:02 - [TEST_STEP][PASSED] - click(findTestObject("TC009/Page_Brivge/li_Shipping Detail List")): Object: 'Object Repository/TC009/Page_Brivge/li_Shipping Detail List' is clicked on

2022-11-15 16:44:05 - [MESSAGE][PASSED] - Object: 'Object Repository/TC009/Page_Brivge/li_Shipping Detail List' is clicked on

2022-11-15 16:44:05 - [TEST_STEP][PASSED] - setText(findTestObject("TC009/Page_Brivge/input_Shipping Detail List"), findTestData("Toyotsu-data").getValue(8, 2)): Text 'BN20221115164143' is set on object 'Object Repository/TC009/Page_Brivge/input_Shipping Detail List'

2022-11-15 16:44:08 - [MESSAGE][PASSED] - Text 'BN20221115164143' is set on object 'Object Repository/TC009/Page_Brivge/input_Shipping Detail List'

2022-11-15 16:44:08 - [TEST_STEP][PASSED] - click(findTestObject("TC009/Page_Brivge/button_edit")): Object: 'Object Repository/TC009/Page_Brivge/button_edit' is clicked on

2022-11-15 16:44:09 - [MESSAGE][PASSED] - Object: 'Object Repository/TC009/Page_Brivge/button_edit' is clicked on

2022-11-15 16:44:09 - [TEST_STEP][PASSED] - y = util.generateTime.dateTimeGenerator(): util.generateTime.dateTimeGenerator is PASSED

2022-11-15 16:44:09 - [MESSAGE][PASSED] - util.generateTime.dateTimeGenerator is PASSED

2022-11-15 16:44:09 - [TEST_STEP][PASSED] - click(findTestObject("TC009/Page_Brivge/input__atd")): Object: 'Object Repository/TC009/Page_Brivge/input__atd' is clicked on

2022-11-15 16:44:10 - [MESSAGE][PASSED] - Object: 'Object Repository/TC009/Page_Brivge/input__atd' is clicked on

2022-11-15 16:44:10 - [TEST_STEP][PASSED] - click(findTestObject("TC009/Page_Brivge/button next atd calendar")): Object: 'Object Repository/TC009/Page_Brivge/button next atd calendar' is clicked on

2022-11-15 16:44:11 - [MESSAGE][PASSED] - Object: 'Object Repository/TC009/Page_Brivge/button next atd calendar' is clicked on

2022-11-15 16:44:11 - [TEST_STEP][PASSED] - click(findTestObject("TC009/Page_Brivge/button_1")): Object: 'Object Repository/TC009/Page_Brivge/button_1' is clicked on

2022-11-15 16:44:12 - [MESSAGE][PASSED] - Object: 'Object Repository/TC009/Page_Brivge/button_1' is clicked on

2022-11-15 16:44:12 - [TEST_STEP][PASSED] - click(findTestObject("TC009/Page_Brivge/input__blDate")): Object: 'Object Repository/TC009/Page_Brivge/input__blDate' is clicked on

2022-11-15 16:44:13 - [MESSAGE][PASSED] - Object: 'Object Repository/TC009/Page_Brivge/input__blDate' is clicked on

2022-11-15 16:44:13 - [TEST_STEP][PASSED] - click(findTestObject("TC009/Page_Brivge/button next bl calendar")): Object: 'Object Repository/TC009/Page_Brivge/button next bl calendar' is clicked on

2022-11-15 16:44:14 - [MESSAGE][PASSED] - Object: 'Object Repository/TC009/Page_Brivge/button next bl calendar' is clicked on

2022-11-15 16:44:14 - [TEST_STEP][PASSED] - click(findTestObject("TC009/Page_Brivge/button_15")): Object: 'Object Repository/TC009/Page_Brivge/button_15' is clicked on

2022-11-15 16:44:15 - [MESSAGE][PASSED] - Object: 'Object Repository/TC009/Page_Brivge/button_15' is clicked on

2022-11-15 16:44:15 - [TEST_STEP][PASSED] - setText(findTestObject("TC009/Page_Brivge/input__blNo"), "BL No " + y): Text 'BL No 20221115164409' is set on object 'Object Repository/TC009/Page_Brivge/input__blNo'

2022-11-15 16:44:16 - [MESSAGE][PASSED] - Text 'BL No 20221115164409' is set on object 'Object Repository/TC009/Page_Brivge/input__blNo'

2022-11-15 16:44:16 - [TEST_STEP][PASSED] - setText(findTestObject("TC009/Page_Brivge/input__voyageNo"), "voyage " + y): Text 'voyage 20221115164409' is set on object 'Object Repository/TC009/Page_Brivge/input__voyageNo'

2022-11-15 16:44:17 - [MESSAGE][PASSED] - Text 'voyage 20221115164409' is set on object 'Object Repository/TC009/Page_Brivge/input__voyageNo'

2022-11-15 16:44:17 - [TEST_STEP][PASSED] - setText(findTestObject("TC009/Page_Brivge/input__vesselName"), "Vessel A"): Text 'Vessel A' is set on object 'Object Repository/TC009/Page_Brivge/input__vesselName'

2022-11-15 16:44:18 - [MESSAGE][PASSED] - Text 'Vessel A' is set on object 'Object Repository/TC009/Page_Brivge/input__vesselName'

2022-11-15 16:44:18 - [TEST_STEP][PASSED] - click(findTestObject("TC009/Page_Brivge/input__cargoStatus")): Object: 'Object Repository/TC009/Page_Brivge/input__cargoStatus' is clicked on

2022-11-15 16:44:18 - [MESSAGE][PASSED] - Object: 'Object Repository/TC009/Page_Brivge/input__cargoStatus' is clicked on

2022-11-15 16:44:18 - [TEST_STEP][PASSED] - click(findTestObject("TC009/Page_Brivge/li_Cargo Outbound")): Object: 'Object Repository/TC009/Page_Brivge/li_Cargo Outbound' is clicked on

2022-11-15 16:44:19 - [MESSAGE][PASSED] - Object: 'Object Repository/TC009/Page_Brivge/li_Cargo Outbound' is clicked on

2022-11-15 16:44:19 - [TEST_STEP][PASSED] - click(findTestObject("TC009/Page_Brivge/button_Confirm")): Object: 'Object Repository/TC009/Page_Brivge/button_Confirm' is clicked on

2022-11-15 16:44:20 - [MESSAGE][PASSED] - Object: 'Object Repository/TC009/Page_Brivge/button_Confirm' is clicked on

2022-11-15 16:44:20 - [TEST_STEP][PASSED] - verifyElementVisible(findTestObject("TC009/Page_Brivge/p_Are you sure to do Confirm(c0001)")): Object 'Object Repository/TC009/Page_Brivge/p_Are you sure to do Confirm(c0001)' is visible

2022-11-15 16:44:20 - [MESSAGE][PASSED] - Object 'Object Repository/TC009/Page_Brivge/p_Are you sure to do Confirm(c0001)' is visible

2022-11-15 16:44:20 - [TEST_STEP][PASSED] - click(findTestObject("TC009/Page_Brivge/button_CONFIRM 2")): Object: 'Object Repository/TC009/Page_Brivge/button_CONFIRM 2' is clicked on

2022-11-15 16:44:21 - [MESSAGE][PASSED] - Object: 'Object Repository/TC009/Page_Brivge/button_CONFIRM 2' is clicked on

2022-11-15 16:44:21 - [TEST_STEP][PASSED] - verifyElementVisible(findTestObject("TC007/Page_Brivge/p_The operation was successful")): Object 'Object Repository/TC007/Page_Brivge/p_The operation was successful' is visible

2022-11-15 16:44:21 - [MESSAGE][PASSED] - Object 'Object Repository/TC007/Page_Brivge/p_The operation was successful' is visible]]></system-out>
         <system-err><![CDATA[]]></system-err>
      </testcase>
      <testcase name="Test Cases/TC010 - DC Inbound Details (DC)" time="36.763" classname="Test Cases/TC010 - DC Inbound Details (DC)" status="PASSED">
         <system-out><![CDATA[2022-11-15 16:44:21 - [TEST_CASE][PASSED] - Test Cases/TC010 - DC Inbound Details (DC): Test Cases/TC010 - DC Inbound Details (DC)

2022-11-15 16:44:22 - [TEST_STEP][PASSED] - callTestCase(findTestCase("common/Login"), ["username":usernameAzwan, "password":passwordAzwan, "verification":verificationAzwan, "company":sgttapdc], STOP_ON_FAILURE): Call Test Case 'Test Cases/common/Login' successfully

2022-11-15 16:44:22 - [TEST_CASE][PASSED] - Test Cases/common/Login: Test Cases/common/Login

2022-11-15 16:44:22 - [TEST_STEP][PASSED] - openBrowser(""): Browser is opened with url: ''

2022-11-15 16:44:22 - [MESSAGE][WARNING] - A browser is already opened. Closing browser and opening a new one

2022-11-15 16:44:23 - [MESSAGE][INFO] - Starting 'Chrome' driver

2022-11-15 16:44:23 - [MESSAGE][INFO] - User set preference: ['prefs', '{download.default_directory=C:\Katalon_downloaded_file}']

2022-11-15 16:44:23 - [MESSAGE][INFO] - Action delay is set to 0 milliseconds

2022-11-15 16:44:24 - [MESSAGE][PASSED] - Browser is opened with url: ''

2022-11-15 16:44:24 - [TEST_STEP][PASSED] - maximizeWindow(): Current window maximized

2022-11-15 16:44:24 - [MESSAGE][PASSED] - Current window maximized

2022-11-15 16:44:24 - [TEST_STEP][PASSED] - navigateToUrl("https://test.brivge.com/home"): Navigate to 'https://test.brivge.com/home' successfully

2022-11-15 16:44:27 - [MESSAGE][PASSED] - Navigate to 'https://test.brivge.com/home' successfully

2022-11-15 16:44:27 - [TEST_STEP][PASSED] - waitForElementVisible(findTestObject("Object Repository/Login/input_Sign In_username"), 0): Object 'Object Repository/Login/input_Sign In_username' is visible

2022-11-15 16:44:27 - [MESSAGE][WARNING] - Timeout '0' is invalid. Using default page load timeout: '10'

2022-11-15 16:44:29 - [MESSAGE][PASSED] - Object 'Object Repository/Login/input_Sign In_username' is visible

2022-11-15 16:44:29 - [TEST_STEP][PASSED] - setText(findTestObject("Object Repository/Login/input_Sign In_username"), username): Text 'Azwan' is set on object 'Object Repository/Login/input_Sign In_username'

2022-11-15 16:44:30 - [MESSAGE][PASSED] - Text 'Azwan' is set on object 'Object Repository/Login/input_Sign In_username'

2022-11-15 16:44:30 - [TEST_STEP][PASSED] - setText(findTestObject("Object Repository/Login/input_Sign In_password"), password): Text 'Azwan-123' is set on object 'Object Repository/Login/input_Sign In_password'

2022-11-15 16:44:31 - [MESSAGE][PASSED] - Text 'Azwan-123' is set on object 'Object Repository/Login/input_Sign In_password'

2022-11-15 16:44:31 - [TEST_STEP][PASSED] - click(findTestObject("Object Repository/Login/span_Sign In")): Object: 'Object Repository/Login/span_Sign In' is clicked on

2022-11-15 16:44:32 - [MESSAGE][PASSED] - Object: 'Object Repository/Login/span_Sign In' is clicked on

2022-11-15 16:44:32 - [TEST_STEP][PASSED] - setText(findTestObject("Object Repository/Login/input_Verify_verificationCode"), verification): Text '752809' is set on object 'Object Repository/Login/input_Verify_verificationCode'

2022-11-15 16:44:33 - [MESSAGE][PASSED] - Text '752809' is set on object 'Object Repository/Login/input_Verify_verificationCode'

2022-11-15 16:44:33 - [TEST_STEP][PASSED] - click(findTestObject("Object Repository/Login/span_Verify")): Object: 'Object Repository/Login/span_Verify' is clicked on

2022-11-15 16:44:33 - [MESSAGE][PASSED] - Object: 'Object Repository/Login/span_Verify' is clicked on

2022-11-15 16:44:33 - [TEST_STEP][PASSED] - click(findTestObject("TC003/button_aazwanSGDC-Azwan")): Object: 'Object Repository/TC003/button_aazwanSGDC-Azwan' is clicked on

2022-11-15 16:44:37 - [MESSAGE][PASSED] - Object: 'Object Repository/TC003/button_aazwanSGDC-Azwan' is clicked on

2022-11-15 16:44:37 - [TEST_STEP][PASSED] - click(findTestObject("TC003/button_company")): Object: 'Object Repository/TC003/button_company' is clicked on

2022-11-15 16:44:38 - [MESSAGE][PASSED] - Object: 'Object Repository/TC003/button_company' is clicked on

2022-11-15 16:44:38 - [TEST_STEP][PASSED] - click(findTestObject("Login/li_Company", ["company":company])): Object: 'Object Repository/Login/li_Company' is clicked on

2022-11-15 16:44:38 - [MESSAGE][PASSED] - Object: 'Object Repository/Login/li_Company' is clicked on

2022-11-15 16:44:38 - [MESSAGE][PASSED] - Call Test Case 'Test Cases/common/Login' successfully

2022-11-15 16:44:38 - [TEST_STEP][PASSED] - click(findTestObject("TC010/Page_Brivge/span_Logistics")): Object: 'Object Repository/TC010/Page_Brivge/span_Logistics' is clicked on

2022-11-15 16:44:39 - [MESSAGE][PASSED] - Object: 'Object Repository/TC010/Page_Brivge/span_Logistics' is clicked on

2022-11-15 16:44:39 - [TEST_STEP][PASSED] - click(findTestObject("TC010/Page_Brivge/li_Inbound Monitoring List")): Object: 'Object Repository/TC010/Page_Brivge/li_Inbound Monitoring List' is clicked on

2022-11-15 16:44:41 - [MESSAGE][PASSED] - Object: 'Object Repository/TC010/Page_Brivge/li_Inbound Monitoring List' is clicked on

2022-11-15 16:44:41 - [TEST_STEP][PASSED] - setText(findTestObject("TC010/Page_Brivge/input_inbound list"), findTestData("Toyotsu-data").getValue(6, 2)): Text 'o-20221115164143' is set on object 'Object Repository/TC010/Page_Brivge/input_inbound list'

2022-11-15 16:44:43 - [MESSAGE][PASSED] - Text 'o-20221115164143' is set on object 'Object Repository/TC010/Page_Brivge/input_inbound list'

2022-11-15 16:44:43 - [TEST_STEP][PASSED] - click(findTestObject("TC010/Page_Brivge/checkbox")): Object: 'Object Repository/TC010/Page_Brivge/checkbox' is clicked on

2022-11-15 16:44:44 - [MESSAGE][PASSED] - Object: 'Object Repository/TC010/Page_Brivge/checkbox' is clicked on

2022-11-15 16:44:44 - [TEST_STEP][PASSED] - click(findTestObject("TC010/Page_Brivge/button download")): Object: 'Object Repository/TC010/Page_Brivge/button download' is clicked on

2022-11-15 16:44:45 - [MESSAGE][PASSED] - Object: 'Object Repository/TC010/Page_Brivge/button download' is clicked on

2022-11-15 16:44:45 - [TEST_STEP][PASSED] - click(findTestObject("TC010/Page_Brivge/li_Download Inbound Plan")): Object: 'Object Repository/TC010/Page_Brivge/li_Download Inbound Plan' is clicked on

2022-11-15 16:44:45 - [MESSAGE][PASSED] - Object: 'Object Repository/TC010/Page_Brivge/li_Download Inbound Plan' is clicked on

2022-11-15 16:44:45 - [TEST_STEP][PASSED] - verifyElementVisible(findTestObject("TC010/Page_Brivge/p_The operation was successful"), CONTINUE_ON_FAILURE): Object 'Object Repository/TC010/Page_Brivge/p_The operation was successful' is visible

2022-11-15 16:44:46 - [MESSAGE][PASSED] - Object 'Object Repository/TC010/Page_Brivge/p_The operation was successful' is visible

2022-11-15 16:44:46 - [TEST_STEP][PASSED] - delay(5): Delayed 5 second(s)

2022-11-15 16:44:51 - [MESSAGE][PASSED] - Delayed 5 second(s)

2022-11-15 16:44:51 - [TEST_STEP][PASSED] - filename = util.getDownloadedFile.getLatestFileFromDirectory(): util.getDownloadedFile.getLatestFileFromDirectory is PASSED

2022-11-15 16:44:51 - [MESSAGE][PASSED] - util.getDownloadedFile.getLatestFileFromDirectory is PASSED

2022-11-15 16:44:51 - [TEST_STEP][PASSED] - logInfo("Last file received is " + filename): Last file received is C:\Katalon_downloaded_file\Inbound Plan.20221115164446.xlsx

2022-11-15 16:44:51 - [MESSAGE][INFO] - Last file received is C:\Katalon_downloaded_file\Inbound Plan.20221115164446.xlsx

2022-11-15 16:44:51 - [TEST_STEP][PASSED] - click(findTestObject("TC010/Page_Brivge/button confirm")): Object: 'Object Repository/TC010/Page_Brivge/button confirm' is clicked on

2022-11-15 16:44:52 - [MESSAGE][PASSED] - Object: 'Object Repository/TC010/Page_Brivge/button confirm' is clicked on

2022-11-15 16:44:52 - [TEST_STEP][PASSED] - timestamp = util.generateTime.dateTimeGenerator(): util.generateTime.dateTimeGenerator is PASSED

2022-11-15 16:44:52 - [MESSAGE][PASSED] - util.generateTime.dateTimeGenerator is PASSED

2022-11-15 16:44:52 - [TEST_STEP][PASSED] - inboundRefNo = "inbound" + timestamp: null

2022-11-15 16:44:52 - [TEST_STEP][PASSED] - util.copyToExcel.exel(inboundRefNo, 1, 8): util.copyToExcel.exel is PASSED

2022-11-15 16:44:52 - [MESSAGE][PASSED] - util.copyToExcel.exel is PASSED

2022-11-15 16:44:52 - [TEST_STEP][PASSED] - setText(findTestObject("TC010/Page_Brivge/input__inboundRefNo"), inboundRefNo): Text 'inbound20221115164452' is set on object 'Object Repository/TC010/Page_Brivge/input__inboundRefNo'

2022-11-15 16:44:53 - [MESSAGE][PASSED] - Text 'inbound20221115164452' is set on object 'Object Repository/TC010/Page_Brivge/input__inboundRefNo'

2022-11-15 16:44:53 - [TEST_STEP][PASSED] - click(findTestObject("TC010/Page_Brivge/input__inboundDate")): Object: 'Object Repository/TC010/Page_Brivge/input__inboundDate' is clicked on

2022-11-15 16:44:53 - [MESSAGE][PASSED] - Object: 'Object Repository/TC010/Page_Brivge/input__inboundDate' is clicked on

2022-11-15 16:44:53 - [TEST_STEP][PASSED] - util.handlePicker.handleCalendar(findTestObject("TC010/Page_Brivge/currentmonth"), findTestObject("TC010/Page_Brivge/button next calendar"), 15, 11): util.handlePicker.handleCalendar is PASSED

2022-11-15 16:44:55 - [MESSAGE][PASSED] - util.handlePicker.handleCalendar is PASSED

2022-11-15 16:44:55 - [TEST_STEP][PASSED] - util.parseValue.parseAValueToWebObject(findTestObject("TC010/Page_Brivge/input__inboundTime"), "12:00:00"): util.parseValue.parseAValueToWebObject is PASSED

2022-11-15 16:44:56 - [MESSAGE][PASSED] - Execute JavaScript 'arguments[0].value='12:00:00'' successfully

2022-11-15 16:44:56 - [MESSAGE][PASSED] - util.parseValue.parseAValueToWebObject is PASSED

2022-11-15 16:44:56 - [TEST_STEP][PASSED] - click(findTestObject("TC010/Page_Brivge/button_Confirm 2")): Object: 'Object Repository/TC010/Page_Brivge/button_Confirm 2' is clicked on

2022-11-15 16:44:56 - [MESSAGE][PASSED] - Object: 'Object Repository/TC010/Page_Brivge/button_Confirm 2' is clicked on

2022-11-15 16:44:56 - [TEST_STEP][PASSED] - click(findTestObject("TC010/Page_Brivge/button_CONFIRM 3")): Object: 'Object Repository/TC010/Page_Brivge/button_CONFIRM 3' is clicked on

2022-11-15 16:44:57 - [MESSAGE][PASSED] - Object: 'Object Repository/TC010/Page_Brivge/button_CONFIRM 3' is clicked on

2022-11-15 16:44:57 - [TEST_STEP][PASSED] - verifyElementVisible(findTestObject("TC010/Page_Brivge/p_The operation was successful")): Object 'Object Repository/TC010/Page_Brivge/p_The operation was successful' is visible

2022-11-15 16:44:58 - [MESSAGE][PASSED] - Object 'Object Repository/TC010/Page_Brivge/p_The operation was successful' is visible]]></system-out>
         <system-err><![CDATA[]]></system-err>
      </testcase>
      <testcase name="Test Cases/TC011 - DC Outbound Details (DC)" time="104.266" classname="Test Cases/TC011 - DC Outbound Details (DC)" status="PASSED">
         <system-out><![CDATA[2022-11-15 16:44:58 - [TEST_CASE][PASSED] - Test Cases/TC011 - DC Outbound Details (DC): Test Cases/TC011 - DC Outbound Details (DC)

2022-11-15 16:44:59 - [TEST_STEP][PASSED] - callTestCase(findTestCase("common/Login"), ["username":usernameLuqman, "password":passwordLuqman, "verification":verificationLuqman, "company":sgttap], STOP_ON_FAILURE): Call Test Case 'Test Cases/common/Login' successfully

2022-11-15 16:44:59 - [TEST_CASE][PASSED] - Test Cases/common/Login: Test Cases/common/Login

2022-11-15 16:44:59 - [TEST_STEP][PASSED] - openBrowser(""): Browser is opened with url: ''

2022-11-15 16:44:59 - [MESSAGE][WARNING] - A browser is already opened. Closing browser and opening a new one

2022-11-15 16:45:00 - [MESSAGE][INFO] - Starting 'Chrome' driver

2022-11-15 16:45:00 - [MESSAGE][INFO] - User set preference: ['prefs', '{download.default_directory=C:\Katalon_downloaded_file}']

2022-11-15 16:45:00 - [MESSAGE][INFO] - Action delay is set to 0 milliseconds

2022-11-15 16:45:01 - [MESSAGE][PASSED] - Browser is opened with url: ''

2022-11-15 16:45:01 - [TEST_STEP][PASSED] - maximizeWindow(): Current window maximized

2022-11-15 16:45:01 - [MESSAGE][PASSED] - Current window maximized

2022-11-15 16:45:01 - [TEST_STEP][PASSED] - navigateToUrl("https://test.brivge.com/home"): Navigate to 'https://test.brivge.com/home' successfully

2022-11-15 16:45:04 - [MESSAGE][PASSED] - Navigate to 'https://test.brivge.com/home' successfully

2022-11-15 16:45:04 - [TEST_STEP][PASSED] - waitForElementVisible(findTestObject("Object Repository/Login/input_Sign In_username"), 0): Object 'Object Repository/Login/input_Sign In_username' is visible

2022-11-15 16:45:04 - [MESSAGE][WARNING] - Timeout '0' is invalid. Using default page load timeout: '10'

2022-11-15 16:45:06 - [MESSAGE][PASSED] - Object 'Object Repository/Login/input_Sign In_username' is visible

2022-11-15 16:45:06 - [TEST_STEP][PASSED] - setText(findTestObject("Object Repository/Login/input_Sign In_username"), username): Text 'Luqman' is set on object 'Object Repository/Login/input_Sign In_username'

2022-11-15 16:45:08 - [MESSAGE][PASSED] - Text 'Luqman' is set on object 'Object Repository/Login/input_Sign In_username'

2022-11-15 16:45:08 - [TEST_STEP][PASSED] - setText(findTestObject("Object Repository/Login/input_Sign In_password"), password): Text 'Luqman-123' is set on object 'Object Repository/Login/input_Sign In_password'

2022-11-15 16:45:09 - [MESSAGE][PASSED] - Text 'Luqman-123' is set on object 'Object Repository/Login/input_Sign In_password'

2022-11-15 16:45:09 - [TEST_STEP][PASSED] - click(findTestObject("Object Repository/Login/span_Sign In")): Object: 'Object Repository/Login/span_Sign In' is clicked on

2022-11-15 16:45:09 - [MESSAGE][PASSED] - Object: 'Object Repository/Login/span_Sign In' is clicked on

2022-11-15 16:45:09 - [TEST_STEP][PASSED] - setText(findTestObject("Object Repository/Login/input_Verify_verificationCode"), verification): Text '575615' is set on object 'Object Repository/Login/input_Verify_verificationCode'

2022-11-15 16:45:10 - [MESSAGE][PASSED] - Text '575615' is set on object 'Object Repository/Login/input_Verify_verificationCode'

2022-11-15 16:45:10 - [TEST_STEP][PASSED] - click(findTestObject("Object Repository/Login/span_Verify")): Object: 'Object Repository/Login/span_Verify' is clicked on

2022-11-15 16:45:11 - [MESSAGE][PASSED] - Object: 'Object Repository/Login/span_Verify' is clicked on

2022-11-15 16:45:11 - [TEST_STEP][PASSED] - click(findTestObject("TC003/button_aazwanSGDC-Azwan")): Object: 'Object Repository/TC003/button_aazwanSGDC-Azwan' is clicked on

2022-11-15 16:45:21 - [MESSAGE][PASSED] - Object: 'Object Repository/TC003/button_aazwanSGDC-Azwan' is clicked on

2022-11-15 16:45:21 - [TEST_STEP][PASSED] - click(findTestObject("TC003/button_company")): Object: 'Object Repository/TC003/button_company' is clicked on

2022-11-15 16:45:22 - [MESSAGE][PASSED] - Object: 'Object Repository/TC003/button_company' is clicked on

2022-11-15 16:45:22 - [TEST_STEP][PASSED] - click(findTestObject("Login/li_Company", ["company":company])): Object: 'Object Repository/Login/li_Company' is clicked on

2022-11-15 16:45:23 - [MESSAGE][PASSED] - Object: 'Object Repository/Login/li_Company' is clicked on

2022-11-15 16:45:23 - [MESSAGE][PASSED] - Call Test Case 'Test Cases/common/Login' successfully

2022-11-15 16:45:23 - [TEST_STEP][PASSED] - click(findTestObject("TC011/Page_Brivge/button_Order")): Object: 'Object Repository/TC011/Page_Brivge/button_Order' is clicked on

2022-11-15 16:45:23 - [MESSAGE][PASSED] - Object: 'Object Repository/TC011/Page_Brivge/button_Order' is clicked on

2022-11-15 16:45:23 - [TEST_STEP][PASSED] - click(findTestObject("TC011/Page_Brivge/li_SO Monitoring List")): Object: 'Object Repository/TC011/Page_Brivge/li_SO Monitoring List' is clicked on

2022-11-15 16:45:25 - [MESSAGE][PASSED] - Object: 'Object Repository/TC011/Page_Brivge/li_SO Monitoring List' is clicked on

2022-11-15 16:45:25 - [TEST_STEP][PASSED] - setText(findTestObject("TC011/Page_Brivge/input_SO Monitoring List"), custContractNo): Text 'SGTTAP TO VNTTVN 1103004' is set on object 'Object Repository/TC011/Page_Brivge/input_SO Monitoring List'

2022-11-15 16:45:29 - [MESSAGE][PASSED] - Text 'SGTTAP TO VNTTVN 1103004' is set on object 'Object Repository/TC011/Page_Brivge/input_SO Monitoring List'

2022-11-15 16:45:29 - [TEST_STEP][PASSED] - y = getText(findTestObject("TC011/Page_Brivge/div_orderNo")): Text of object 'Object Repository/TC011/Page_Brivge/div_orderNo' is: 's110304-2211001'

2022-11-15 16:45:30 - [MESSAGE][PASSED] - Text of object 'Object Repository/TC011/Page_Brivge/div_orderNo' is: 's110304-2211001'

2022-11-15 16:45:30 - [TEST_STEP][PASSED] - util.copyToExcel.exel(y, 1, 12): util.copyToExcel.exel is PASSED

2022-11-15 16:45:30 - [MESSAGE][PASSED] - util.copyToExcel.exel is PASSED

2022-11-15 16:45:30 - [TEST_STEP][PASSED] - callTestCase(findTestCase("common/Login"), ["username":usernameAzwan, "password":passwordAzwan, "verification":verificationAzwan, "company":sgttapdc], STOP_ON_FAILURE): Call Test Case 'Test Cases/common/Login' successfully

2022-11-15 16:45:30 - [TEST_CASE][PASSED] - Test Cases/common/Login: Test Cases/common/Login

2022-11-15 16:45:30 - [TEST_STEP][PASSED] - openBrowser(""): Browser is opened with url: ''

2022-11-15 16:45:30 - [MESSAGE][WARNING] - A browser is already opened. Closing browser and opening a new one

2022-11-15 16:45:31 - [MESSAGE][INFO] - Starting 'Chrome' driver

2022-11-15 16:45:31 - [MESSAGE][INFO] - User set preference: ['prefs', '{download.default_directory=C:\Katalon_downloaded_file}']

2022-11-15 16:45:31 - [MESSAGE][INFO] - Action delay is set to 0 milliseconds

2022-11-15 16:45:32 - [MESSAGE][PASSED] - Browser is opened with url: ''

2022-11-15 16:45:32 - [TEST_STEP][PASSED] - maximizeWindow(): Current window maximized

2022-11-15 16:45:32 - [MESSAGE][PASSED] - Current window maximized

2022-11-15 16:45:32 - [TEST_STEP][PASSED] - navigateToUrl("https://test.brivge.com/home"): Navigate to 'https://test.brivge.com/home' successfully

2022-11-15 16:45:35 - [MESSAGE][PASSED] - Navigate to 'https://test.brivge.com/home' successfully

2022-11-15 16:45:35 - [TEST_STEP][PASSED] - waitForElementVisible(findTestObject("Object Repository/Login/input_Sign In_username"), 0): Object 'Object Repository/Login/input_Sign In_username' is visible

2022-11-15 16:45:35 - [MESSAGE][WARNING] - Timeout '0' is invalid. Using default page load timeout: '10'

2022-11-15 16:45:37 - [MESSAGE][PASSED] - Object 'Object Repository/Login/input_Sign In_username' is visible

2022-11-15 16:45:37 - [TEST_STEP][PASSED] - setText(findTestObject("Object Repository/Login/input_Sign In_username"), username): Text 'Azwan' is set on object 'Object Repository/Login/input_Sign In_username'

2022-11-15 16:45:38 - [MESSAGE][PASSED] - Text 'Azwan' is set on object 'Object Repository/Login/input_Sign In_username'

2022-11-15 16:45:38 - [TEST_STEP][PASSED] - setText(findTestObject("Object Repository/Login/input_Sign In_password"), password): Text 'Azwan-123' is set on object 'Object Repository/Login/input_Sign In_password'

2022-11-15 16:45:39 - [MESSAGE][PASSED] - Text 'Azwan-123' is set on object 'Object Repository/Login/input_Sign In_password'

2022-11-15 16:45:39 - [TEST_STEP][PASSED] - click(findTestObject("Object Repository/Login/span_Sign In")): Object: 'Object Repository/Login/span_Sign In' is clicked on

2022-11-15 16:45:39 - [MESSAGE][PASSED] - Object: 'Object Repository/Login/span_Sign In' is clicked on

2022-11-15 16:45:39 - [TEST_STEP][PASSED] - setText(findTestObject("Object Repository/Login/input_Verify_verificationCode"), verification): Text '752809' is set on object 'Object Repository/Login/input_Verify_verificationCode'

2022-11-15 16:45:40 - [MESSAGE][PASSED] - Text '752809' is set on object 'Object Repository/Login/input_Verify_verificationCode'

2022-11-15 16:45:40 - [TEST_STEP][PASSED] - click(findTestObject("Object Repository/Login/span_Verify")): Object: 'Object Repository/Login/span_Verify' is clicked on

2022-11-15 16:45:41 - [MESSAGE][PASSED] - Object: 'Object Repository/Login/span_Verify' is clicked on

2022-11-15 16:45:41 - [TEST_STEP][PASSED] - click(findTestObject("TC003/button_aazwanSGDC-Azwan")): Object: 'Object Repository/TC003/button_aazwanSGDC-Azwan' is clicked on

2022-11-15 16:45:45 - [MESSAGE][PASSED] - Object: 'Object Repository/TC003/button_aazwanSGDC-Azwan' is clicked on

2022-11-15 16:45:45 - [TEST_STEP][PASSED] - click(findTestObject("TC003/button_company")): Object: 'Object Repository/TC003/button_company' is clicked on

2022-11-15 16:45:46 - [MESSAGE][PASSED] - Object: 'Object Repository/TC003/button_company' is clicked on

2022-11-15 16:45:46 - [TEST_STEP][PASSED] - click(findTestObject("Login/li_Company", ["company":company])): Object: 'Object Repository/Login/li_Company' is clicked on

2022-11-15 16:45:46 - [MESSAGE][PASSED] - Object: 'Object Repository/Login/li_Company' is clicked on

2022-11-15 16:45:47 - [MESSAGE][PASSED] - Call Test Case 'Test Cases/common/Login' successfully

2022-11-15 16:45:47 - [TEST_STEP][PASSED] - click(findTestObject("TC006/Page_Brivge/h6_Logistics")): Object: 'Object Repository/TC006/Page_Brivge/h6_Logistics' is clicked on

2022-11-15 16:45:47 - [MESSAGE][PASSED] - Object: 'Object Repository/TC006/Page_Brivge/h6_Logistics' is clicked on

2022-11-15 16:45:47 - [TEST_STEP][PASSED] - click(findTestObject("TC006/Page_Brivge/li_Outbound Monitoring List")): Object: 'Object Repository/TC006/Page_Brivge/li_Outbound Monitoring List' is clicked on

2022-11-15 16:45:49 - [MESSAGE][PASSED] - Object: 'Object Repository/TC006/Page_Brivge/li_Outbound Monitoring List' is clicked on

2022-11-15 16:45:49 - [TEST_STEP][PASSED] - click(findTestObject("TC006/Page_Brivge/button create")): Object: 'Object Repository/TC006/Page_Brivge/button create' is clicked on

2022-11-15 16:45:52 - [MESSAGE][PASSED] - Object: 'Object Repository/TC006/Page_Brivge/button create' is clicked on

2022-11-15 16:45:52 - [TEST_STEP][PASSED] - callTestCase(findTestCase("common/Long Form/11_1 - input basic info"), [:], STOP_ON_FAILURE): Call Test Case 'Test Cases/common/Long Form/11_1 - input basic info' successfully

2022-11-15 16:45:52 - [TEST_CASE][PASSED] - Test Cases/common/Long Form/11_1 - input basic info: Test Cases/common/Long Form/11_1 - input basic info

2022-11-15 16:45:52 - [TEST_STEP][PASSED] - click(findTestObject("TC006/Page_Brivge/input__buyer")): Object: 'Object Repository/TC006/Page_Brivge/input__buyer' is clicked on

2022-11-15 16:45:54 - [MESSAGE][PASSED] - Object: 'Object Repository/TC006/Page_Brivge/input__buyer' is clicked on

2022-11-15 16:45:54 - [TEST_STEP][PASSED] - setText(findTestObject("TC006/Page_Brivge/input__buyer"), "VN-TTVN"): Text 'VN-TTVN' is set on object 'Object Repository/TC006/Page_Brivge/input__buyer'

2022-11-15 16:45:55 - [MESSAGE][PASSED] - Text 'VN-TTVN' is set on object 'Object Repository/TC006/Page_Brivge/input__buyer'

2022-11-15 16:45:55 - [TEST_STEP][PASSED] - sendKeys(findTestObject("TC006/Page_Brivge/input__buyer"), Keys.chord(ENTER)): Keys 'ENTER + ' sent to object: 'Object Repository/TC006/Page_Brivge/input__buyer'

2022-11-15 16:45:55 - [MESSAGE][PASSED] - Keys 'ENTER + ' sent to object: 'Object Repository/TC006/Page_Brivge/input__buyer'

2022-11-15 16:45:55 - [TEST_STEP][PASSED] - click(findTestObject("TC006/Page_Brivge/input__receiver"), STOP_ON_FAILURE): Object: 'Object Repository/TC006/Page_Brivge/input__receiver' is clicked on

2022-11-15 16:45:56 - [MESSAGE][PASSED] - Object: 'Object Repository/TC006/Page_Brivge/input__receiver' is clicked on

2022-11-15 16:45:56 - [TEST_STEP][PASSED] - setText(findTestObject("TC006/Page_Brivge/input__receiver"), "VN-TTVN"): Text 'VN-TTVN' is set on object 'Object Repository/TC006/Page_Brivge/input__receiver'

2022-11-15 16:45:57 - [MESSAGE][PASSED] - Text 'VN-TTVN' is set on object 'Object Repository/TC006/Page_Brivge/input__receiver'

2022-11-15 16:45:57 - [TEST_STEP][PASSED] - sendKeys(findTestObject("TC006/Page_Brivge/input__receiver"), Keys.chord(ENTER)): Keys 'ENTER + ' sent to object: 'Object Repository/TC006/Page_Brivge/input__receiver'

2022-11-15 16:45:58 - [MESSAGE][PASSED] - Keys 'ENTER + ' sent to object: 'Object Repository/TC006/Page_Brivge/input__receiver'

2022-11-15 16:45:58 - [TEST_STEP][PASSED] - y = util.generateTime.dateTimeGenerator(): util.generateTime.dateTimeGenerator is PASSED

2022-11-15 16:45:58 - [MESSAGE][PASSED] - util.generateTime.dateTimeGenerator is PASSED

2022-11-15 16:45:58 - [TEST_STEP][PASSED] - outBoundRefNo = "o-" + y: null

2022-11-15 16:45:58 - [TEST_STEP][PASSED] - util.copyToExcel.exel(outBoundRefNo, 1, 9): util.copyToExcel.exel is PASSED

2022-11-15 16:45:58 - [MESSAGE][PASSED] - util.copyToExcel.exel is PASSED

2022-11-15 16:45:58 - [TEST_STEP][PASSED] - setText(findTestObject("TC006/Page_Brivge/input__outboundRefNo"), outBoundRefNo): Text 'o-20221115164558' is set on object 'Object Repository/TC006/Page_Brivge/input__outboundRefNo'

2022-11-15 16:45:59 - [MESSAGE][PASSED] - Text 'o-20221115164558' is set on object 'Object Repository/TC006/Page_Brivge/input__outboundRefNo'

2022-11-15 16:45:59 - [TEST_STEP][PASSED] - bookingNo = "BN" + y: null

2022-11-15 16:45:59 - [TEST_STEP][PASSED] - setText(findTestObject("TC006/Page_Brivge/input__bookingNo"), bookingNo): Text 'BN20221115164558' is set on object 'Object Repository/TC006/Page_Brivge/input__bookingNo'

2022-11-15 16:46:00 - [MESSAGE][PASSED] - Text 'BN20221115164558' is set on object 'Object Repository/TC006/Page_Brivge/input__bookingNo'

2022-11-15 16:46:00 - [TEST_STEP][PASSED] - util.copyToExcel.exel(bookingNo, 1, 10): util.copyToExcel.exel is PASSED

2022-11-15 16:46:00 - [MESSAGE][PASSED] - util.copyToExcel.exel is PASSED

2022-11-15 16:46:00 - [TEST_STEP][PASSED] - click(findTestObject("TC006/Page_Brivge/input__etd")): Object: 'Object Repository/TC006/Page_Brivge/input__etd' is clicked on

2022-11-15 16:46:01 - [MESSAGE][PASSED] - Object: 'Object Repository/TC006/Page_Brivge/input__etd' is clicked on

2022-11-15 16:46:01 - [TEST_STEP][PASSED] - util.handlePicker.handleCalendar(findTestObject("TC006/TC006_1/Page_Brivge/div_calendar header"), findTestObject("TC006/Page_Brivge/button next calendar"), 1, 2): util.handlePicker.handleCalendar is PASSED

2022-11-15 16:46:05 - [MESSAGE][PASSED] - util.handlePicker.handleCalendar is PASSED

2022-11-15 16:46:05 - [TEST_STEP][PASSED] - delay(2): Delayed 2 second(s)

2022-11-15 16:46:07 - [MESSAGE][PASSED] - Delayed 2 second(s)

2022-11-15 16:46:07 - [TEST_STEP][PASSED] - click(findTestObject("TC006/Page_Brivge/input__eta")): Object: 'Object Repository/TC006/Page_Brivge/input__eta' is clicked on

2022-11-15 16:46:08 - [MESSAGE][PASSED] - Object: 'Object Repository/TC006/Page_Brivge/input__eta' is clicked on

2022-11-15 16:46:08 - [TEST_STEP][PASSED] - util.handlePicker.handleCalendar(findTestObject("TC006/TC006_1/Page_Brivge/div_calendar header"), findTestObject("TC006/Page_Brivge/button next calendar"), 15, 2): util.handlePicker.handleCalendar is PASSED

2022-11-15 16:46:12 - [MESSAGE][PASSED] - util.handlePicker.handleCalendar is PASSED

2022-11-15 16:46:12 - [MESSAGE][PASSED] - Call Test Case 'Test Cases/common/Long Form/11_1 - input basic info' successfully

2022-11-15 16:46:12 - [TEST_STEP][PASSED] - callTestCase(findTestCase("common/Long Form/11_2 - input container info"), [:], STOP_ON_FAILURE): Call Test Case 'Test Cases/common/Long Form/11_2 - input container info' successfully

2022-11-15 16:46:12 - [TEST_CASE][PASSED] - Test Cases/common/Long Form/11_2 - input container info: Test Cases/common/Long Form/11_2 - input container info

2022-11-15 16:46:13 - [TEST_STEP][PASSED] - click(findTestObject("TC006/Page_Brivge/input_ADD CONTAINER_containerType")): Object: 'Object Repository/TC006/Page_Brivge/input_ADD CONTAINER_containerType' is clicked on

2022-11-15 16:46:14 - [MESSAGE][PASSED] - Object: 'Object Repository/TC006/Page_Brivge/input_ADD CONTAINER_containerType' is clicked on

2022-11-15 16:46:15 - [TEST_STEP][PASSED] - click(findTestObject("TC006/Page_Brivge/li_20FT")): Object: 'Object Repository/TC006/Page_Brivge/li_20FT' is clicked on

2022-11-15 16:46:15 - [MESSAGE][PASSED] - Object: 'Object Repository/TC006/Page_Brivge/li_20FT' is clicked on

2022-11-15 16:46:15 - [TEST_STEP][PASSED] - setText(findTestObject("TC006/Page_Brivge/input_ADD CONTAINER_containerNo"), "C-221028001"): Text 'C-221028001' is set on object 'Object Repository/TC006/Page_Brivge/input_ADD CONTAINER_containerNo'

2022-11-15 16:46:17 - [MESSAGE][PASSED] - Text 'C-221028001' is set on object 'Object Repository/TC006/Page_Brivge/input_ADD CONTAINER_containerNo'

2022-11-15 16:46:17 - [TEST_STEP][PASSED] - setText(findTestObject("TC006/Page_Brivge/input_ADD CONTAINER_sealNo"), "C-221028001"): Text 'C-221028001' is set on object 'Object Repository/TC006/Page_Brivge/input_ADD CONTAINER_sealNo'

2022-11-15 16:46:19 - [MESSAGE][PASSED] - Text 'C-221028001' is set on object 'Object Repository/TC006/Page_Brivge/input_ADD CONTAINER_sealNo'

2022-11-15 16:46:19 - [TEST_STEP][PASSED] - setText(findTestObject("TC006/Page_Brivge/input_ADD CONTAINER_m3"), "1000"): Text '1000' is set on object 'Object Repository/TC006/Page_Brivge/input_ADD CONTAINER_m3'

2022-11-15 16:46:20 - [MESSAGE][PASSED] - Text '1000' is set on object 'Object Repository/TC006/Page_Brivge/input_ADD CONTAINER_m3'

2022-11-15 16:46:20 - [TEST_STEP][PASSED] - setText(findTestObject("TC006/Page_Brivge/input_ADD CONTAINER_netWeight"), "1000"): Text '1000' is set on object 'Object Repository/TC006/Page_Brivge/input_ADD CONTAINER_netWeight'

2022-11-15 16:46:20 - [MESSAGE][PASSED] - Text '1000' is set on object 'Object Repository/TC006/Page_Brivge/input_ADD CONTAINER_netWeight'

2022-11-15 16:46:20 - [TEST_STEP][PASSED] - setText(findTestObject("TC006/Page_Brivge/input_ADD CONTAINER_grossWeight"), "1000"): Text '1000' is set on object 'Object Repository/TC006/Page_Brivge/input_ADD CONTAINER_grossWeight'

2022-11-15 16:46:21 - [MESSAGE][PASSED] - Text '1000' is set on object 'Object Repository/TC006/Page_Brivge/input_ADD CONTAINER_grossWeight'

2022-11-15 16:46:21 - [MESSAGE][PASSED] - Call Test Case 'Test Cases/common/Long Form/11_2 - input container info' successfully

2022-11-15 16:46:21 - [TEST_STEP][PASSED] - callTestCase(findTestCase("common/Long Form/11_3 - input outer package"), [:], STOP_ON_FAILURE): Call Test Case 'Test Cases/common/Long Form/11_3 - input outer package' successfully

2022-11-15 16:46:21 - [TEST_CASE][PASSED] - Test Cases/common/Long Form/11_3 - input outer package: Test Cases/common/Long Form/11_3 - input outer package

2022-11-15 16:46:22 - [TEST_STEP][PASSED] - click(findTestObject("TC006/Page_Brivge/button_ADD OUTER PACKAGE")): Object: 'Object Repository/TC006/Page_Brivge/button_ADD OUTER PACKAGE' is clicked on

2022-11-15 16:46:23 - [MESSAGE][PASSED] - Object: 'Object Repository/TC006/Page_Brivge/button_ADD OUTER PACKAGE' is clicked on

2022-11-15 16:46:23 - [TEST_STEP][PASSED] - setText(findTestObject("TC006/Page_Brivge/input_Outer Package 1_outerPackageNo"), "O-221028001"): Text 'O-221028001' is set on object 'Object Repository/TC006/Page_Brivge/input_Outer Package 1_outerPackageNo'

2022-11-15 16:46:24 - [MESSAGE][PASSED] - Text 'O-221028001' is set on object 'Object Repository/TC006/Page_Brivge/input_Outer Package 1_outerPackageNo'

2022-11-15 16:46:24 - [TEST_STEP][PASSED] - click(findTestObject("TC006/Page_Brivge/input_Outer Package 1_outerPackageType")): Object: 'Object Repository/TC006/Page_Brivge/input_Outer Package 1_outerPackageType' is clicked on

2022-11-15 16:46:25 - [MESSAGE][PASSED] - Object: 'Object Repository/TC006/Page_Brivge/input_Outer Package 1_outerPackageType' is clicked on

2022-11-15 16:46:25 - [TEST_STEP][PASSED] - click(findTestObject("TC006/Page_Brivge/li_CARTONBOX")): Object: 'Object Repository/TC006/Page_Brivge/li_CARTONBOX' is clicked on

2022-11-15 16:46:26 - [MESSAGE][PASSED] - Object: 'Object Repository/TC006/Page_Brivge/li_CARTONBOX' is clicked on

2022-11-15 16:46:26 - [TEST_STEP][PASSED] - setText(findTestObject("TC006/Page_Brivge/input_Outer Package 1_m3"), "10.0"): Text '10.0' is set on object 'Object Repository/TC006/Page_Brivge/input_Outer Package 1_m3'

2022-11-15 16:46:27 - [MESSAGE][PASSED] - Text '10.0' is set on object 'Object Repository/TC006/Page_Brivge/input_Outer Package 1_m3'

2022-11-15 16:46:27 - [TEST_STEP][PASSED] - setText(findTestObject("TC006/Page_Brivge/input_Outer Package 1_netWeight"), "10.0"): Text '10.0' is set on object 'Object Repository/TC006/Page_Brivge/input_Outer Package 1_netWeight'

2022-11-15 16:46:28 - [MESSAGE][PASSED] - Text '10.0' is set on object 'Object Repository/TC006/Page_Brivge/input_Outer Package 1_netWeight'

2022-11-15 16:46:28 - [TEST_STEP][PASSED] - setText(findTestObject("TC006/Page_Brivge/input_Outer Package 1_grossWeight"), "10.0"): Text '10.0' is set on object 'Object Repository/TC006/Page_Brivge/input_Outer Package 1_grossWeight'

2022-11-15 16:46:29 - [MESSAGE][PASSED] - Text '10.0' is set on object 'Object Repository/TC006/Page_Brivge/input_Outer Package 1_grossWeight'

2022-11-15 16:46:29 - [MESSAGE][PASSED] - Call Test Case 'Test Cases/common/Long Form/11_3 - input outer package' successfully

2022-11-15 16:46:29 - [TEST_STEP][PASSED] - callTestCase(findTestCase("common/Long Form/11_4 - input add parts"), [:], STOP_ON_FAILURE): Call Test Case 'Test Cases/common/Long Form/11_4 - input add parts' successfully

2022-11-15 16:46:29 - [TEST_CASE][PASSED] - Test Cases/common/Long Form/11_4 - input add parts: Test Cases/common/Long Form/11_4 - input add parts

2022-11-15 16:46:30 - [TEST_STEP][PASSED] - click(findTestObject("TC006/Page_Brivge/button_ADD PARTS")): Object: 'Object Repository/TC006/Page_Brivge/button_ADD PARTS' is clicked on

2022-11-15 16:46:30 - [MESSAGE][PASSED] - Object: 'Object Repository/TC006/Page_Brivge/button_ADD PARTS' is clicked on

2022-11-15 16:46:30 - [TEST_STEP][PASSED] - setText(findTestObject("TC006/TC006_4/input_inner_part_list_search"), findTestData("Toyotsu-data").getValue(13, 2)): Text 's110304-2211001' is set on object 'Object Repository/TC006/TC006_4/input_inner_part_list_search'

2022-11-15 16:46:32 - [MESSAGE][PASSED] - Text 's110304-2211001' is set on object 'Object Repository/TC006/TC006_4/input_inner_part_list_search'

2022-11-15 16:46:32 - [TEST_STEP][PASSED] - check(findTestObject("TC006/TC006_4/input_checkboxAll")): Object 'Object Repository/TC006/TC006_4/input_checkboxAll' is checked

2022-11-15 16:46:32 - [MESSAGE][PASSED] - Object 'Object Repository/TC006/TC006_4/input_checkboxAll' is checked

2022-11-15 16:46:32 - [TEST_STEP][PASSED] - click(findTestObject("TC006/TC006_4/button_OK")): Object: 'Object Repository/TC006/TC006_4/button_OK' is clicked on

2022-11-15 16:46:33 - [MESSAGE][PASSED] - Object: 'Object Repository/TC006/TC006_4/button_OK' is clicked on

2022-11-15 16:46:33 - [TEST_STEP][PASSED] - a = getText(findTestObject("TC006/TC006_4/not yet delivery price 1")): Text of object 'Object Repository/TC006/TC006_4/not yet delivery price 1' is: '1,500'

2022-11-15 16:46:34 - [MESSAGE][PASSED] - Text of object 'Object Repository/TC006/TC006_4/not yet delivery price 1' is: '1,500'

2022-11-15 16:46:34 - [TEST_STEP][PASSED] - b = getText(findTestObject("TC006/TC006_4/not yet delivery price 2")): Text of object 'Object Repository/TC006/TC006_4/not yet delivery price 2' is: '1,500'

2022-11-15 16:46:34 - [MESSAGE][PASSED] - Text of object 'Object Repository/TC006/TC006_4/not yet delivery price 2' is: '1,500'

2022-11-15 16:46:34 - [TEST_STEP][PASSED] - click(findTestObject("TC006/TC006_4/input_ADD PARTS_1"), STOP_ON_FAILURE): Object: 'Object Repository/TC006/TC006_4/input_ADD PARTS_1' is clicked on

2022-11-15 16:46:35 - [MESSAGE][PASSED] - Object: 'Object Repository/TC006/TC006_4/input_ADD PARTS_1' is clicked on

2022-11-15 16:46:35 - [TEST_STEP][PASSED] - setText(findTestObject("TC006/TC006_4/input_ADD PARTS_1"), a): Text '1,500' is set on object 'Object Repository/TC006/TC006_4/input_ADD PARTS_1'

2022-11-15 16:46:35 - [MESSAGE][PASSED] - Text '1,500' is set on object 'Object Repository/TC006/TC006_4/input_ADD PARTS_1'

2022-11-15 16:46:35 - [TEST_STEP][PASSED] - click(findTestObject("TC006/TC006_4/input_ADD PARTS_2"), STOP_ON_FAILURE): Object: 'Object Repository/TC006/TC006_4/input_ADD PARTS_2' is clicked on

2022-11-15 16:46:36 - [MESSAGE][PASSED] - Object: 'Object Repository/TC006/TC006_4/input_ADD PARTS_2' is clicked on

2022-11-15 16:46:36 - [TEST_STEP][PASSED] - setText(findTestObject("TC006/TC006_4/input_ADD PARTS_2"), b): Text '1,500' is set on object 'Object Repository/TC006/TC006_4/input_ADD PARTS_2'

2022-11-15 16:46:37 - [MESSAGE][PASSED] - Text '1,500' is set on object 'Object Repository/TC006/TC006_4/input_ADD PARTS_2'

2022-11-15 16:46:37 - [MESSAGE][PASSED] - Call Test Case 'Test Cases/common/Long Form/11_4 - input add parts' successfully

2022-11-15 16:46:37 - [TEST_STEP][PASSED] - click(findTestObject("TC006/TC006_4/click before scroll up")): Object: 'Object Repository/TC006/TC006_4/click before scroll up' is clicked on

2022-11-15 16:46:38 - [MESSAGE][PASSED] - Object: 'Object Repository/TC006/TC006_4/click before scroll up' is clicked on

2022-11-15 16:46:38 - [TEST_STEP][PASSED] - sendKeys(findTestObject(null), Keys.chord(HOME)): Keys 'HOME + ' sent to object: 'tempBody'

2022-11-15 16:46:38 - [MESSAGE][WARNING] - Test object id is null

2022-11-15 16:46:38 - [MESSAGE][WARNING] - Test object with id 'Object Repository/' does not exist

2022-11-15 16:46:38 - [MESSAGE][PASSED] - Keys 'HOME + ' sent to object: 'tempBody'

2022-11-15 16:46:38 - [TEST_STEP][PASSED] - click(findTestObject("TC006/TC006_4/button_Submit")): Object: 'Object Repository/TC006/TC006_4/button_Submit' is clicked on

2022-11-15 16:46:39 - [MESSAGE][PASSED] - Object: 'Object Repository/TC006/TC006_4/button_Submit' is clicked on

2022-11-15 16:46:39 - [TEST_STEP][PASSED] - click(findTestObject("TC006/Page_Brivge/button_CONFIRM")): Object: 'Object Repository/TC006/Page_Brivge/button_CONFIRM' is clicked on

2022-11-15 16:46:40 - [MESSAGE][PASSED] - Object: 'Object Repository/TC006/Page_Brivge/button_CONFIRM' is clicked on

2022-11-15 16:46:40 - [TEST_STEP][PASSED] - verifyElementVisible(findTestObject("TC006/Page_Brivge/p_The operation was successful")): Object 'Object Repository/TC006/Page_Brivge/p_The operation was successful' is visible

2022-11-15 16:46:43 - [MESSAGE][PASSED] - Object 'Object Repository/TC006/Page_Brivge/p_The operation was successful' is visible]]></system-out>
         <system-err><![CDATA[]]></system-err>
      </testcase>
      <testcase name="Test Cases/TC012 - Revise and Approve Seller Invoice (BU)" time="34.741" classname="Test Cases/TC012 - Revise and Approve Seller Invoice (BU)" status="PASSED">
         <system-out><![CDATA[2022-11-15 16:46:43 - [TEST_CASE][PASSED] - Test Cases/TC012 - Revise and Approve Seller Invoice (BU): Test Cases/TC012 - Revise and Approve Seller Invoice (BU)

2022-11-15 16:46:43 - [TEST_STEP][PASSED] - callTestCase(findTestCase("common/Login"), ["username":usernameLuqman, "password":passwordLuqman, "verification":verificationLuqman, "company":sgttap], STOP_ON_FAILURE): Call Test Case 'Test Cases/common/Login' successfully

2022-11-15 16:46:43 - [TEST_CASE][PASSED] - Test Cases/common/Login: Test Cases/common/Login

2022-11-15 16:46:43 - [TEST_STEP][PASSED] - openBrowser(""): Browser is opened with url: ''

2022-11-15 16:46:43 - [MESSAGE][WARNING] - A browser is already opened. Closing browser and opening a new one

2022-11-15 16:46:44 - [MESSAGE][INFO] - Starting 'Chrome' driver

2022-11-15 16:46:44 - [MESSAGE][INFO] - User set preference: ['prefs', '{download.default_directory=C:\Katalon_downloaded_file}']

2022-11-15 16:46:44 - [MESSAGE][INFO] - Action delay is set to 0 milliseconds

2022-11-15 16:46:45 - [MESSAGE][PASSED] - Browser is opened with url: ''

2022-11-15 16:46:45 - [TEST_STEP][PASSED] - maximizeWindow(): Current window maximized

2022-11-15 16:46:45 - [MESSAGE][PASSED] - Current window maximized

2022-11-15 16:46:45 - [TEST_STEP][PASSED] - navigateToUrl("https://test.brivge.com/home"): Navigate to 'https://test.brivge.com/home' successfully

2022-11-15 16:46:48 - [MESSAGE][PASSED] - Navigate to 'https://test.brivge.com/home' successfully

2022-11-15 16:46:48 - [TEST_STEP][PASSED] - waitForElementVisible(findTestObject("Object Repository/Login/input_Sign In_username"), 0): Object 'Object Repository/Login/input_Sign In_username' is visible

2022-11-15 16:46:49 - [MESSAGE][WARNING] - Timeout '0' is invalid. Using default page load timeout: '10'

2022-11-15 16:46:50 - [MESSAGE][PASSED] - Object 'Object Repository/Login/input_Sign In_username' is visible

2022-11-15 16:46:50 - [TEST_STEP][PASSED] - setText(findTestObject("Object Repository/Login/input_Sign In_username"), username): Text 'Luqman' is set on object 'Object Repository/Login/input_Sign In_username'

2022-11-15 16:46:51 - [MESSAGE][PASSED] - Text 'Luqman' is set on object 'Object Repository/Login/input_Sign In_username'

2022-11-15 16:46:51 - [TEST_STEP][PASSED] - setText(findTestObject("Object Repository/Login/input_Sign In_password"), password): Text 'Luqman-123' is set on object 'Object Repository/Login/input_Sign In_password'

2022-11-15 16:46:52 - [MESSAGE][PASSED] - Text 'Luqman-123' is set on object 'Object Repository/Login/input_Sign In_password'

2022-11-15 16:46:52 - [TEST_STEP][PASSED] - click(findTestObject("Object Repository/Login/span_Sign In")): Object: 'Object Repository/Login/span_Sign In' is clicked on

2022-11-15 16:46:53 - [MESSAGE][PASSED] - Object: 'Object Repository/Login/span_Sign In' is clicked on

2022-11-15 16:46:53 - [TEST_STEP][PASSED] - setText(findTestObject("Object Repository/Login/input_Verify_verificationCode"), verification): Text '575615' is set on object 'Object Repository/Login/input_Verify_verificationCode'

2022-11-15 16:46:54 - [MESSAGE][PASSED] - Text '575615' is set on object 'Object Repository/Login/input_Verify_verificationCode'

2022-11-15 16:46:54 - [TEST_STEP][PASSED] - click(findTestObject("Object Repository/Login/span_Verify")): Object: 'Object Repository/Login/span_Verify' is clicked on

2022-11-15 16:46:55 - [MESSAGE][PASSED] - Object: 'Object Repository/Login/span_Verify' is clicked on

2022-11-15 16:46:55 - [TEST_STEP][PASSED] - click(findTestObject("TC003/button_aazwanSGDC-Azwan")): Object: 'Object Repository/TC003/button_aazwanSGDC-Azwan' is clicked on

2022-11-15 16:47:05 - [MESSAGE][PASSED] - Object: 'Object Repository/TC003/button_aazwanSGDC-Azwan' is clicked on

2022-11-15 16:47:05 - [TEST_STEP][PASSED] - click(findTestObject("TC003/button_company")): Object: 'Object Repository/TC003/button_company' is clicked on

2022-11-15 16:47:06 - [MESSAGE][PASSED] - Object: 'Object Repository/TC003/button_company' is clicked on

2022-11-15 16:47:06 - [TEST_STEP][PASSED] - click(findTestObject("Login/li_Company", ["company":company])): Object: 'Object Repository/Login/li_Company' is clicked on

2022-11-15 16:47:07 - [MESSAGE][PASSED] - Object: 'Object Repository/Login/li_Company' is clicked on

2022-11-15 16:47:07 - [MESSAGE][PASSED] - Call Test Case 'Test Cases/common/Login' successfully

2022-11-15 16:47:07 - [TEST_STEP][PASSED] - click(findTestObject("TC012/button_Accounting")): Object: 'Object Repository/TC012/button_Accounting' is clicked on

2022-11-15 16:47:08 - [MESSAGE][PASSED] - Object: 'Object Repository/TC012/button_Accounting' is clicked on

2022-11-15 16:47:08 - [TEST_STEP][PASSED] - click(findTestObject("TC012/li_Seller(GI) Invoice List")): Object: 'Object Repository/TC012/li_Seller(GI) Invoice List' is clicked on

2022-11-15 16:47:09 - [MESSAGE][PASSED] - Object: 'Object Repository/TC012/li_Seller(GI) Invoice List' is clicked on

2022-11-15 16:47:09 - [TEST_STEP][PASSED] - click(findTestObject("TC012/input_Seller(GI) Invoice List")): Object: 'Object Repository/TC012/input_Seller(GI) Invoice List' is clicked on

2022-11-15 16:47:10 - [MESSAGE][PASSED] - Object: 'Object Repository/TC012/input_Seller(GI) Invoice List' is clicked on

2022-11-15 16:47:10 - [TEST_STEP][PASSED] - setText(findTestObject("TC012/input_Seller(GI) Invoice List"), custContractNo): Text 'SGTTAP TO VNTTVN 1103004' is set on object 'Object Repository/TC012/input_Seller(GI) Invoice List'

2022-11-15 16:47:14 - [MESSAGE][PASSED] - Text 'SGTTAP TO VNTTVN 1103004' is set on object 'Object Repository/TC012/input_Seller(GI) Invoice List'

2022-11-15 16:47:14 - [TEST_STEP][PASSED] - invoiceNo = getText(findTestObject("TC012/p_invoiceNo")): Text of object 'Object Repository/TC012/p_invoiceNo' is: 'TTA2211009'

2022-11-15 16:47:15 - [MESSAGE][PASSED] - Text of object 'Object Repository/TC012/p_invoiceNo' is: 'TTA2211009'

2022-11-15 16:47:15 - [TEST_STEP][PASSED] - util.copyToExcel.exel(invoiceNo, 1, 11): util.copyToExcel.exel is PASSED

2022-11-15 16:47:15 - [MESSAGE][PASSED] - util.copyToExcel.exel is PASSED

2022-11-15 16:47:15 - [TEST_STEP][PASSED] - check(findTestObject("TC012/input_SGTTAP TO VNTTVN 1103010")): Object 'Object Repository/TC012/input_SGTTAP TO VNTTVN 1103010' is checked

2022-11-15 16:47:15 - [MESSAGE][PASSED] - Object 'Object Repository/TC012/input_SGTTAP TO VNTTVN 1103010' is checked

2022-11-15 16:47:15 - [TEST_STEP][PASSED] - scrollToElement(findTestObject("TC012/div_Status"), 0): Scroll to object 'Object Repository/TC012/div_Status' successfully

2022-11-15 16:47:15 - [MESSAGE][WARNING] - Timeout '0' is invalid. Using default page load timeout: '10'

2022-11-15 16:47:16 - [MESSAGE][PASSED] - Scroll to object 'Object Repository/TC012/div_Status' successfully

2022-11-15 16:47:16 - [TEST_STEP][PASSED] - click(findTestObject("TC012/button_Approve")): Object: 'Object Repository/TC012/button_Approve' is clicked on

2022-11-15 16:47:16 - [MESSAGE][PASSED] - Object: 'Object Repository/TC012/button_Approve' is clicked on

2022-11-15 16:47:16 - [TEST_STEP][PASSED] - waitForElementPresent(findTestObject("TC012/div_ApproveAre you sure to do Approve"), 0): Object 'Object Repository/TC012/div_ApproveAre you sure to do Approve' is present

2022-11-15 16:47:16 - [MESSAGE][WARNING] - Timeout '0' is invalid. Using default page load timeout: '10'

2022-11-15 16:47:17 - [MESSAGE][PASSED] - Object 'Object Repository/TC012/div_ApproveAre you sure to do Approve' is present

2022-11-15 16:47:17 - [TEST_STEP][PASSED] - click(findTestObject("TC012/button_CONFIRM")): Object: 'Object Repository/TC012/button_CONFIRM' is clicked on

2022-11-15 16:47:17 - [MESSAGE][PASSED] - Object: 'Object Repository/TC012/button_CONFIRM' is clicked on]]></system-out>
         <system-err><![CDATA[]]></system-err>
      </testcase>
      <testcase name="Test Cases/TC013 - BU Complete Export Customs Invoice (BU)" time="44.156" classname="Test Cases/TC013 - BU Complete Export Customs Invoice (BU)" status="PASSED">
         <system-out><![CDATA[2022-11-15 16:47:17 - [TEST_CASE][PASSED] - Test Cases/TC013 - BU Complete Export Customs Invoice (BU): Test Cases/TC013 - BU Complete Export Customs Invoice (BU)

2022-11-15 16:47:18 - [TEST_STEP][PASSED] - callTestCase(findTestCase("common/Login"), ["username":usernameLuqman, "password":passwordLuqman, "verification":verificationLuqman, "company":sgttap], STOP_ON_FAILURE): Call Test Case 'Test Cases/common/Login' successfully

2022-11-15 16:47:18 - [TEST_CASE][PASSED] - Test Cases/common/Login: Test Cases/common/Login

2022-11-15 16:47:18 - [TEST_STEP][PASSED] - openBrowser(""): Browser is opened with url: ''

2022-11-15 16:47:18 - [MESSAGE][WARNING] - A browser is already opened. Closing browser and opening a new one

2022-11-15 16:47:19 - [MESSAGE][INFO] - Starting 'Chrome' driver

2022-11-15 16:47:19 - [MESSAGE][INFO] - User set preference: ['prefs', '{download.default_directory=C:\Katalon_downloaded_file}']

2022-11-15 16:47:19 - [MESSAGE][INFO] - Action delay is set to 0 milliseconds

2022-11-15 16:47:20 - [MESSAGE][PASSED] - Browser is opened with url: ''

2022-11-15 16:47:20 - [TEST_STEP][PASSED] - maximizeWindow(): Current window maximized

2022-11-15 16:47:21 - [MESSAGE][PASSED] - Current window maximized

2022-11-15 16:47:21 - [TEST_STEP][PASSED] - navigateToUrl("https://test.brivge.com/home"): Navigate to 'https://test.brivge.com/home' successfully

2022-11-15 16:47:24 - [MESSAGE][PASSED] - Navigate to 'https://test.brivge.com/home' successfully

2022-11-15 16:47:24 - [TEST_STEP][PASSED] - waitForElementVisible(findTestObject("Object Repository/Login/input_Sign In_username"), 0): Object 'Object Repository/Login/input_Sign In_username' is visible

2022-11-15 16:47:24 - [MESSAGE][WARNING] - Timeout '0' is invalid. Using default page load timeout: '10'

2022-11-15 16:47:25 - [MESSAGE][PASSED] - Object 'Object Repository/Login/input_Sign In_username' is visible

2022-11-15 16:47:25 - [TEST_STEP][PASSED] - setText(findTestObject("Object Repository/Login/input_Sign In_username"), username): Text 'Luqman' is set on object 'Object Repository/Login/input_Sign In_username'

2022-11-15 16:47:26 - [MESSAGE][PASSED] - Text 'Luqman' is set on object 'Object Repository/Login/input_Sign In_username'

2022-11-15 16:47:26 - [TEST_STEP][PASSED] - setText(findTestObject("Object Repository/Login/input_Sign In_password"), password): Text 'Luqman-123' is set on object 'Object Repository/Login/input_Sign In_password'

2022-11-15 16:47:27 - [MESSAGE][PASSED] - Text 'Luqman-123' is set on object 'Object Repository/Login/input_Sign In_password'

2022-11-15 16:47:27 - [TEST_STEP][PASSED] - click(findTestObject("Object Repository/Login/span_Sign In")): Object: 'Object Repository/Login/span_Sign In' is clicked on

2022-11-15 16:47:27 - [MESSAGE][PASSED] - Object: 'Object Repository/Login/span_Sign In' is clicked on

2022-11-15 16:47:27 - [TEST_STEP][PASSED] - setText(findTestObject("Object Repository/Login/input_Verify_verificationCode"), verification): Text '575615' is set on object 'Object Repository/Login/input_Verify_verificationCode'

2022-11-15 16:47:29 - [MESSAGE][PASSED] - Text '575615' is set on object 'Object Repository/Login/input_Verify_verificationCode'

2022-11-15 16:47:29 - [TEST_STEP][PASSED] - click(findTestObject("Object Repository/Login/span_Verify")): Object: 'Object Repository/Login/span_Verify' is clicked on

2022-11-15 16:47:29 - [MESSAGE][PASSED] - Object: 'Object Repository/Login/span_Verify' is clicked on

2022-11-15 16:47:29 - [TEST_STEP][PASSED] - click(findTestObject("TC003/button_aazwanSGDC-Azwan")): Object: 'Object Repository/TC003/button_aazwanSGDC-Azwan' is clicked on

2022-11-15 16:47:39 - [MESSAGE][PASSED] - Object: 'Object Repository/TC003/button_aazwanSGDC-Azwan' is clicked on

2022-11-15 16:47:39 - [TEST_STEP][PASSED] - click(findTestObject("TC003/button_company")): Object: 'Object Repository/TC003/button_company' is clicked on

2022-11-15 16:47:40 - [MESSAGE][PASSED] - Object: 'Object Repository/TC003/button_company' is clicked on

2022-11-15 16:47:40 - [TEST_STEP][PASSED] - click(findTestObject("Login/li_Company", ["company":company])): Object: 'Object Repository/Login/li_Company' is clicked on

2022-11-15 16:47:41 - [MESSAGE][PASSED] - Object: 'Object Repository/Login/li_Company' is clicked on

2022-11-15 16:47:41 - [MESSAGE][PASSED] - Call Test Case 'Test Cases/common/Login' successfully

2022-11-15 16:47:41 - [TEST_STEP][PASSED] - click(findTestObject("TC013/Page_Brivge/button_Logistics")): Object: 'Object Repository/TC013/Page_Brivge/button_Logistics' is clicked on

2022-11-15 16:47:41 - [MESSAGE][PASSED] - Object: 'Object Repository/TC013/Page_Brivge/button_Logistics' is clicked on

2022-11-15 16:47:41 - [TEST_STEP][PASSED] - click(findTestObject("TC013/Page_Brivge/li_Customs Invoice List(Export)")): Object: 'Object Repository/TC013/Page_Brivge/li_Customs Invoice List(Export)' is clicked on

2022-11-15 16:47:43 - [MESSAGE][PASSED] - Object: 'Object Repository/TC013/Page_Brivge/li_Customs Invoice List(Export)' is clicked on

2022-11-15 16:47:43 - [TEST_STEP][PASSED] - setText(findTestObject("TC013/Page_Brivge/input_Customs Invoice(Export)"), findTestData("Toyotsu-data").getValue(12, 2)): Text 'TTA2211009' is set on object 'Object Repository/TC013/Page_Brivge/input_Customs Invoice(Export)'

2022-11-15 16:47:45 - [MESSAGE][PASSED] - Text 'TTA2211009' is set on object 'Object Repository/TC013/Page_Brivge/input_Customs Invoice(Export)'

2022-11-15 16:47:45 - [TEST_STEP][PASSED] - click(findTestObject("TC013/Page_Brivge/checkbox")): Object: 'Object Repository/TC013/Page_Brivge/checkbox' is clicked on

2022-11-15 16:47:46 - [MESSAGE][PASSED] - Object: 'Object Repository/TC013/Page_Brivge/checkbox' is clicked on

2022-11-15 16:47:46 - [TEST_STEP][PASSED] - click(findTestObject("TC013/Page_Brivge/button_update 1")): Object: 'Object Repository/TC013/Page_Brivge/button_update 1' is clicked on

2022-11-15 16:47:46 - [MESSAGE][PASSED] - Object: 'Object Repository/TC013/Page_Brivge/button_update 1' is clicked on

2022-11-15 16:47:46 - [TEST_STEP][PASSED] - click(findTestObject("TC013/Page_Brivge/input_Input Cargo Status_cargoStatus")): Object: 'Object Repository/TC013/Page_Brivge/input_Input Cargo Status_cargoStatus' is clicked on

2022-11-15 16:47:47 - [MESSAGE][PASSED] - Object: 'Object Repository/TC013/Page_Brivge/input_Input Cargo Status_cargoStatus' is clicked on

2022-11-15 16:47:47 - [TEST_STEP][PASSED] - click(findTestObject("TC013/Page_Brivge/li_Exp clearance in progress")): Object: 'Object Repository/TC013/Page_Brivge/li_Exp clearance in progress' is clicked on

2022-11-15 16:47:48 - [MESSAGE][PASSED] - Object: 'Object Repository/TC013/Page_Brivge/li_Exp clearance in progress' is clicked on

2022-11-15 16:47:48 - [TEST_STEP][PASSED] - click(findTestObject("TC013/Page_Brivge/button_update 2")): Object: 'Object Repository/TC013/Page_Brivge/button_update 2' is clicked on

2022-11-15 16:47:48 - [MESSAGE][PASSED] - Object: 'Object Repository/TC013/Page_Brivge/button_update 2' is clicked on

2022-11-15 16:47:48 - [TEST_STEP][PASSED] - verifyElementVisible(findTestObject("TC013/Page_Brivge/p_The operation was successful")): Object 'Object Repository/TC013/Page_Brivge/p_The operation was successful' is visible

2022-11-15 16:47:49 - [MESSAGE][PASSED] - Object 'Object Repository/TC013/Page_Brivge/p_The operation was successful' is visible

2022-11-15 16:47:49 - [TEST_STEP][PASSED] - delay(5): Delayed 5 second(s)

2022-11-15 16:47:54 - [MESSAGE][PASSED] - Delayed 5 second(s)

2022-11-15 16:47:54 - [TEST_STEP][PASSED] - click(findTestObject("TC013/Page_Brivge/button_completed")): Object: 'Object Repository/TC013/Page_Brivge/button_completed' is clicked on

2022-11-15 16:47:54 - [MESSAGE][PASSED] - Object: 'Object Repository/TC013/Page_Brivge/button_completed' is clicked on

2022-11-15 16:47:54 - [TEST_STEP][PASSED] - click(findTestObject("TC013/Page_Brivge/button_CONFIRM")): Object: 'Object Repository/TC013/Page_Brivge/button_CONFIRM' is clicked on

2022-11-15 16:47:56 - [MESSAGE][PASSED] - Object: 'Object Repository/TC013/Page_Brivge/button_CONFIRM' is clicked on

2022-11-15 16:47:56 - [TEST_STEP][PASSED] - verifyElementVisible(findTestObject("TC013/Page_Brivge/p_The operation was successful")): Object 'Object Repository/TC013/Page_Brivge/p_The operation was successful' is visible

2022-11-15 16:47:56 - [MESSAGE][PASSED] - Object 'Object Repository/TC013/Page_Brivge/p_The operation was successful' is visible

2022-11-15 16:47:56 - [TEST_STEP][PASSED] - click(findTestObject("TC013/Page_Brivge/button_print 1")): Object: 'Object Repository/TC013/Page_Brivge/button_print 1' is clicked on

2022-11-15 16:47:57 - [MESSAGE][PASSED] - Object: 'Object Repository/TC013/Page_Brivge/button_print 1' is clicked on

2022-11-15 16:47:57 - [TEST_STEP][PASSED] - click(findTestObject("TC013/Page_Brivge/div_Print Invoice")): Object: 'Object Repository/TC013/Page_Brivge/div_Print Invoice' is clicked on

2022-11-15 16:47:57 - [MESSAGE][PASSED] - Object: 'Object Repository/TC013/Page_Brivge/div_Print Invoice' is clicked on

2022-11-15 16:47:57 - [TEST_STEP][PASSED] - click(findTestObject("TC013/Page_Brivge/button_Print 2")): Object: 'Object Repository/TC013/Page_Brivge/button_Print 2' is clicked on

2022-11-15 16:47:58 - [MESSAGE][PASSED] - Object: 'Object Repository/TC013/Page_Brivge/button_Print 2' is clicked on

2022-11-15 16:47:58 - [TEST_STEP][PASSED] - verifyElementVisible(findTestObject("TC013/Page_Brivge/p_The operation was successful")): Object 'Object Repository/TC013/Page_Brivge/p_The operation was successful' is visible

2022-11-15 16:47:59 - [MESSAGE][PASSED] - Object 'Object Repository/TC013/Page_Brivge/p_The operation was successful' is visible

2022-11-15 16:47:59 - [TEST_STEP][PASSED] - takeFullPageScreenshot(): Taking screenshot successfully

2022-11-15 16:48:01 - [MESSAGE][INFO] - 0 hidden object(s)

2022-11-15 16:48:01 - [MESSAGE][PASSED] - Taking screenshot successfully
[[ATTACHMENT|C:\\Users\\azwan\\git\\Toyotsu\\Reports\\20221115_163709\\Flow\\20221115_163709\\1668502079564.png]]]]></system-out>
         <system-err><![CDATA[]]></system-err>
      </testcase>
      <testcase name="Test Cases/TC014 - Customer Complete Import Customs Invoice (Customer)" time="51.898" classname="Test Cases/TC014 - Customer Complete Import Customs Invoice (Customer)" status="PASSED">
         <system-out><![CDATA[2022-11-15 16:48:01 - [TEST_CASE][PASSED] - Test Cases/TC014 - Customer Complete Import Customs Invoice (Customer): Test Cases/TC014 - Customer Complete Import Customs Invoice (Customer)

2022-11-15 16:48:02 - [TEST_STEP][PASSED] - callTestCase(findTestCase("common/Login"), ["username":usernameLuqman, "password":passwordLuqman, "verification":verificationLuqman, "company":vnttvn], STOP_ON_FAILURE): Call Test Case 'Test Cases/common/Login' successfully

2022-11-15 16:48:02 - [TEST_CASE][PASSED] - Test Cases/common/Login: Test Cases/common/Login

2022-11-15 16:48:02 - [TEST_STEP][PASSED] - openBrowser(""): Browser is opened with url: ''

2022-11-15 16:48:02 - [MESSAGE][WARNING] - A browser is already opened. Closing browser and opening a new one

2022-11-15 16:48:03 - [MESSAGE][INFO] - Starting 'Chrome' driver

2022-11-15 16:48:03 - [MESSAGE][INFO] - User set preference: ['prefs', '{download.default_directory=C:\Katalon_downloaded_file}']

2022-11-15 16:48:03 - [MESSAGE][INFO] - Action delay is set to 0 milliseconds

2022-11-15 16:48:04 - [MESSAGE][PASSED] - Browser is opened with url: ''

2022-11-15 16:48:04 - [TEST_STEP][PASSED] - maximizeWindow(): Current window maximized

2022-11-15 16:48:04 - [MESSAGE][PASSED] - Current window maximized

2022-11-15 16:48:04 - [TEST_STEP][PASSED] - navigateToUrl("https://test.brivge.com/home"): Navigate to 'https://test.brivge.com/home' successfully

2022-11-15 16:48:08 - [MESSAGE][PASSED] - Navigate to 'https://test.brivge.com/home' successfully

2022-11-15 16:48:08 - [TEST_STEP][PASSED] - waitForElementVisible(findTestObject("Object Repository/Login/input_Sign In_username"), 0): Object 'Object Repository/Login/input_Sign In_username' is visible

2022-11-15 16:48:08 - [MESSAGE][WARNING] - Timeout '0' is invalid. Using default page load timeout: '10'

2022-11-15 16:48:10 - [MESSAGE][PASSED] - Object 'Object Repository/Login/input_Sign In_username' is visible

2022-11-15 16:48:10 - [TEST_STEP][PASSED] - setText(findTestObject("Object Repository/Login/input_Sign In_username"), username): Text 'Luqman' is set on object 'Object Repository/Login/input_Sign In_username'

2022-11-15 16:48:10 - [MESSAGE][PASSED] - Text 'Luqman' is set on object 'Object Repository/Login/input_Sign In_username'

2022-11-15 16:48:10 - [TEST_STEP][PASSED] - setText(findTestObject("Object Repository/Login/input_Sign In_password"), password): Text 'Luqman-123' is set on object 'Object Repository/Login/input_Sign In_password'

2022-11-15 16:48:11 - [MESSAGE][PASSED] - Text 'Luqman-123' is set on object 'Object Repository/Login/input_Sign In_password'

2022-11-15 16:48:11 - [TEST_STEP][PASSED] - click(findTestObject("Object Repository/Login/span_Sign In")): Object: 'Object Repository/Login/span_Sign In' is clicked on

2022-11-15 16:48:12 - [MESSAGE][PASSED] - Object: 'Object Repository/Login/span_Sign In' is clicked on

2022-11-15 16:48:12 - [TEST_STEP][PASSED] - setText(findTestObject("Object Repository/Login/input_Verify_verificationCode"), verification): Text '575615' is set on object 'Object Repository/Login/input_Verify_verificationCode'

2022-11-15 16:48:13 - [MESSAGE][PASSED] - Text '575615' is set on object 'Object Repository/Login/input_Verify_verificationCode'

2022-11-15 16:48:13 - [TEST_STEP][PASSED] - click(findTestObject("Object Repository/Login/span_Verify")): Object: 'Object Repository/Login/span_Verify' is clicked on

2022-11-15 16:48:14 - [MESSAGE][PASSED] - Object: 'Object Repository/Login/span_Verify' is clicked on

2022-11-15 16:48:14 - [TEST_STEP][PASSED] - click(findTestObject("TC003/button_aazwanSGDC-Azwan")): Object: 'Object Repository/TC003/button_aazwanSGDC-Azwan' is clicked on

2022-11-15 16:48:27 - [MESSAGE][PASSED] - Object: 'Object Repository/TC003/button_aazwanSGDC-Azwan' is clicked on

2022-11-15 16:48:27 - [TEST_STEP][PASSED] - click(findTestObject("TC003/button_company")): Object: 'Object Repository/TC003/button_company' is clicked on

2022-11-15 16:48:28 - [MESSAGE][PASSED] - Object: 'Object Repository/TC003/button_company' is clicked on

2022-11-15 16:48:28 - [TEST_STEP][PASSED] - click(findTestObject("Login/li_Company", ["company":company])): Object: 'Object Repository/Login/li_Company' is clicked on

2022-11-15 16:48:29 - [MESSAGE][PASSED] - Object: 'Object Repository/Login/li_Company' is clicked on

2022-11-15 16:48:29 - [MESSAGE][PASSED] - Call Test Case 'Test Cases/common/Login' successfully

2022-11-15 16:48:29 - [TEST_STEP][PASSED] - click(findTestObject("TC014/Page_Brivge/button_Logistics")): Object: 'Object Repository/TC014/Page_Brivge/button_Logistics' is clicked on

2022-11-15 16:48:34 - [MESSAGE][PASSED] - Object: 'Object Repository/TC014/Page_Brivge/button_Logistics' is clicked on

2022-11-15 16:48:34 - [TEST_STEP][PASSED] - click(findTestObject("TC014/Page_Brivge/li_Customs Invoice List(Import)")): Object: 'Object Repository/TC014/Page_Brivge/li_Customs Invoice List(Import)' is clicked on

2022-11-15 16:48:35 - [MESSAGE][PASSED] - Object: 'Object Repository/TC014/Page_Brivge/li_Customs Invoice List(Import)' is clicked on

2022-11-15 16:48:35 - [TEST_STEP][PASSED] - setText(findTestObject("TC014/Page_Brivge/input_Customs Invoice(Import)"), findTestData("Toyotsu-data").getValue(12, 2)): Text 'TTA2211009' is set on object 'Object Repository/TC014/Page_Brivge/input_Customs Invoice(Import)'

2022-11-15 16:48:41 - [MESSAGE][PASSED] - Text 'TTA2211009' is set on object 'Object Repository/TC014/Page_Brivge/input_Customs Invoice(Import)'

2022-11-15 16:48:41 - [TEST_STEP][PASSED] - click(findTestObject("TC014/Page_Brivge/input_checkbox")): Object: 'Object Repository/TC014/Page_Brivge/input_checkbox' is clicked on

2022-11-15 16:48:41 - [MESSAGE][PASSED] - Object: 'Object Repository/TC014/Page_Brivge/input_checkbox' is clicked on

2022-11-15 16:48:41 - [TEST_STEP][PASSED] - click(findTestObject("TC014/Page_Brivge/button_input cargo status")): Object: 'Object Repository/TC014/Page_Brivge/button_input cargo status' is clicked on

2022-11-15 16:48:42 - [MESSAGE][PASSED] - Object: 'Object Repository/TC014/Page_Brivge/button_input cargo status' is clicked on

2022-11-15 16:48:42 - [TEST_STEP][PASSED] - click(findTestObject("TC014/Page_Brivge/input_Input Cargo Status_cargoStatus")): Object: 'Object Repository/TC014/Page_Brivge/input_Input Cargo Status_cargoStatus' is clicked on

2022-11-15 16:48:43 - [MESSAGE][PASSED] - Object: 'Object Repository/TC014/Page_Brivge/input_Input Cargo Status_cargoStatus' is clicked on

2022-11-15 16:48:43 - [TEST_STEP][PASSED] - click(findTestObject("TC014/Page_Brivge/li_Imp clearance in progress")): Object: 'Object Repository/TC014/Page_Brivge/li_Imp clearance in progress' is clicked on

2022-11-15 16:48:43 - [MESSAGE][PASSED] - Object: 'Object Repository/TC014/Page_Brivge/li_Imp clearance in progress' is clicked on

2022-11-15 16:48:43 - [TEST_STEP][PASSED] - click(findTestObject("TC014/Page_Brivge/button_update")): Object: 'Object Repository/TC014/Page_Brivge/button_update' is clicked on

2022-11-15 16:48:44 - [MESSAGE][PASSED] - Object: 'Object Repository/TC014/Page_Brivge/button_update' is clicked on

2022-11-15 16:48:44 - [TEST_STEP][PASSED] - verifyElementVisible(findTestObject("TC014/Page_Brivge/p_The operation was successful")): Object 'Object Repository/TC014/Page_Brivge/p_The operation was successful' is visible

2022-11-15 16:48:45 - [MESSAGE][PASSED] - Object 'Object Repository/TC014/Page_Brivge/p_The operation was successful' is visible

2022-11-15 16:48:45 - [TEST_STEP][PASSED] - delay(5): Delayed 5 second(s)

2022-11-15 16:48:50 - [MESSAGE][PASSED] - Delayed 5 second(s)

2022-11-15 16:48:50 - [TEST_STEP][PASSED] - click(findTestObject("TC014/Page_Brivge/button_complete")): Object: 'Object Repository/TC014/Page_Brivge/button_complete' is clicked on

2022-11-15 16:48:50 - [MESSAGE][PASSED] - Object: 'Object Repository/TC014/Page_Brivge/button_complete' is clicked on

2022-11-15 16:48:50 - [TEST_STEP][PASSED] - click(findTestObject("TC014/Page_Brivge/button_CONFIRM")): Object: 'Object Repository/TC014/Page_Brivge/button_CONFIRM' is clicked on

2022-11-15 16:48:52 - [MESSAGE][PASSED] - Object: 'Object Repository/TC014/Page_Brivge/button_CONFIRM' is clicked on

2022-11-15 16:48:52 - [TEST_STEP][PASSED] - verifyElementVisible(findTestObject("TC014/Page_Brivge/p_The operation was successful")): Object 'Object Repository/TC014/Page_Brivge/p_The operation was successful' is visible

2022-11-15 16:48:53 - [MESSAGE][PASSED] - Object 'Object Repository/TC014/Page_Brivge/p_The operation was successful' is visible

2022-11-15 16:48:53 - [TEST_STEP][PASSED] - verifyElementText(findTestObject("TC014/Page_Brivge/div_Imp clearance in progress"), "Imp clearance in progress"): Actual text and expected text of test object 'Object Repository/TC014/Page_Brivge/div_Imp clearance in progress' are matched.

2022-11-15 16:48:53 - [MESSAGE][PASSED] - Actual text and expected text of test object 'Object Repository/TC014/Page_Brivge/div_Imp clearance in progress' are matched.

2022-11-15 16:48:53 - [TEST_STEP][PASSED] - verifyElementText(findTestObject("TC014/Page_Brivge/div_Customs Clearance Completed"), "Customs Clearance Completed"): Actual text and expected text of test object 'Object Repository/TC014/Page_Brivge/div_Customs Clearance Completed' are matched.

2022-11-15 16:48:53 - [MESSAGE][PASSED] - Actual text and expected text of test object 'Object Repository/TC014/Page_Brivge/div_Customs Clearance Completed' are matched.]]></system-out>
         <system-err><![CDATA[]]></system-err>
      </testcase>
      <system-out><![CDATA[2022-11-15 16:37:31 - [TEST_SUITE][PASSED] - Flow: Test Cases/TC014 - Customer Complete Import Customs Invoice (Customer)]]></system-out>
      <system-err><![CDATA[]]></system-err>
   </testsuite>
</testsuites>
